#logback.classic pattern: %d{HH:mm:ss} %-5level %logger{36} - %msg%n
15:58:30 INFO  i.g.bonigarcia.wdm.WebDriverManager - Please answer the following questionnaire based on your experience with WebDriverManager. Thanks a lot!
15:58:30 INFO  i.g.bonigarcia.wdm.WebDriverManager - ====> http://tiny.cc/wdm-survey <====
15:58:30 DEBUG i.g.b.wdm.cache.ResolutionCache - Resolution chrome=83 in cache (valid until 15:55:49 23/06/2020 UTC)
15:58:30 INFO  i.g.bonigarcia.wdm.WebDriverManager - Using chromedriver 83.0.4103.39 (since Chrome 83 is installed in your machine)
15:58:30 DEBUG i.g.bonigarcia.wdm.WebDriverManager - Driver chromedriver 83.0.4103.39 found in cache
15:58:30 INFO  i.g.bonigarcia.wdm.WebDriverManager - Exporting webdriver.chrome.driver as /home/travis/.m2/repository/webdriver/chromedriver/linux64/83.0.4103.39/chromedriver
15:58:31 INFO  com.steps.Hooks - ================================================ TEST STARTED ================================================
15:58:31 INFO  com.steps.Hooks - [34mTEST NAME: [US-333]/[2] I CAN CREATE AN ACCOUNT BY FILLING UP ALL FIELDS[0m
15:58:31 INFO  com.steps.Hooks - Chosen executor: "CHROME"
15:58:43 INFO  com.steps.Hooks - Page ready: "TRUE"
15:58:59 INFO  com.steps.Hooks - [31mTEST RETRY (1/1): [US-333]/[2] I CAN CREATE AN ACCOUNT BY FILLING UP ALL FIELDS[0m
15:58:59 INFO  i.g.bonigarcia.wdm.WebDriverManager - Please answer the following questionnaire based on your experience with WebDriverManager. Thanks a lot!
15:58:59 INFO  i.g.bonigarcia.wdm.WebDriverManager - ====> http://tiny.cc/wdm-survey <====
15:58:59 DEBUG i.g.b.wdm.cache.ResolutionCache - Resolution chrome=83 in cache (valid until 15:55:49 23/06/2020 UTC)
15:58:59 INFO  i.g.bonigarcia.wdm.WebDriverManager - Using chromedriver 83.0.4103.39 (since Chrome 83 is installed in your machine)
15:58:59 DEBUG i.g.bonigarcia.wdm.WebDriverManager - Driver chromedriver 83.0.4103.39 found in cache
15:58:59 INFO  i.g.bonigarcia.wdm.WebDriverManager - Exporting webdriver.chrome.driver as /home/travis/.m2/repository/webdriver/chromedriver/linux64/83.0.4103.39/chromedriver
15:58:59 INFO  com.steps.Hooks - ================================================ TEST STARTED ================================================
15:58:59 INFO  com.steps.Hooks - [34mTEST NAME: [US-333]/[2] I CAN CREATE AN ACCOUNT BY FILLING UP ALL FIELDS[0m
15:58:59 INFO  com.steps.Hooks - Chosen executor: "CHROME"
15:59:09 INFO  com.steps.Hooks - Page ready: "TRUE"
15:59:24 INFO  com.steps.Hooks - ====================================== TEST FINISHED WITH [31mFAILED STATUS [0m======================================
15:59:24 ERROR com.steps.Hooks - org.openqa.selenium.TimeoutException: Expected condition failed: waiting for element to be clickable: Proxy element for: DefaultElementLocator 'By.xpath: //a[@class='login']' (tried for 15 second(s) with 500 milliseconds interval)
