#logback.classic pattern: %d{HH:mm:ss} %-5level %logger{36} - %msg%n
16:39:54 DEBUG i.g.b.wdm.cache.ResolutionCache - Resolution chrome=85 in cache (valid until 17:35:24 09/09/2020 UTC)
16:39:54 DEBUG i.g.b.wdm.cache.ResolutionCache - Resolution chrome85=85.0.4183.87 in cache (valid until 16:35:24 10/09/2020 UTC)
16:39:54 INFO  i.g.bonigarcia.wdm.WebDriverManager - Using chromedriver 85.0.4183.87 (resolved driver for Chrome 85)
16:39:54 DEBUG i.g.bonigarcia.wdm.WebDriverManager - Driver chromedriver 85.0.4183.87 found in cache
16:39:54 INFO  i.g.bonigarcia.wdm.WebDriverManager - Exporting webdriver.chrome.driver as /home/travis/.cache/selenium/chromedriver/linux64/85.0.4183.87/chromedriver
16:39:56 INFO  com.steps.Hooks - ================================================ TEST STARTED ================================================
16:39:56 INFO  com.steps.Hooks - [34mTEST NAME: [US-111]/[4] I CAN'T LOG INTO AUTOMATIONPRACTICE.COM USING EMAIL "NULL" & PASSWORD "12345"[0m
16:39:56 INFO  com.steps.Hooks - Chosen executor: "CHROME"
16:40:07 INFO  com.steps.Hooks - [31mTEST RETRY (1/1): [US-111]/[4] I CAN'T LOG INTO AUTOMATIONPRACTICE.COM USING EMAIL "NULL" & PASSWORD "12345"[0m
16:40:07 DEBUG i.g.b.wdm.cache.ResolutionCache - Resolution chrome=85 in cache (valid until 17:35:24 09/09/2020 UTC)
16:40:07 DEBUG i.g.b.wdm.cache.ResolutionCache - Resolution chrome85=85.0.4183.87 in cache (valid until 16:35:24 10/09/2020 UTC)
16:40:07 INFO  i.g.bonigarcia.wdm.WebDriverManager - Using chromedriver 85.0.4183.87 (resolved driver for Chrome 85)
16:40:07 DEBUG i.g.bonigarcia.wdm.WebDriverManager - Driver chromedriver 85.0.4183.87 found in cache
16:40:07 INFO  i.g.bonigarcia.wdm.WebDriverManager - Exporting webdriver.chrome.driver as /home/travis/.cache/selenium/chromedriver/linux64/85.0.4183.87/chromedriver
16:40:10 INFO  com.steps.Hooks - ================================================ TEST STARTED ================================================
16:40:10 INFO  com.steps.Hooks - [34mTEST NAME: [US-111]/[4] I CAN'T LOG INTO AUTOMATIONPRACTICE.COM USING EMAIL "NULL" & PASSWORD "12345"[0m
16:40:10 INFO  com.steps.Hooks - Chosen executor: "CHROME"
16:40:10 INFO  com.steps.Hooks - ====================================== TEST FINISHED WITH [31mFAILED STATUS [0m======================================
16:40:10 ERROR com.steps.Hooks - java.lang.AssertionError: Ups, something went really bad! Even Michael Scofield couldn't have predicted that error! :) expected [http://automationpractice.com/index.php] but found [http://automationpractice.com/]
