#logback.classic pattern: %d{HH:mm:ss} %-5level %logger{36} - %msg%n
09:11:19 DEBUG i.g.b.wdm.cache.ResolutionCache - Resolution chrome=96 in cache (valid until 10:09:48 10/12/2021 UTC)
09:11:19 DEBUG i.g.b.wdm.cache.ResolutionCache - Resolution chrome96=96.0.4664.45 in cache (valid until 09:09:48 11/12/2021 UTC)
09:11:19 INFO  i.g.bonigarcia.wdm.WebDriverManager - Using chromedriver 96.0.4664.45 (resolved driver for Chrome 96)
09:11:19 DEBUG i.g.bonigarcia.wdm.WebDriverManager - Driver chromedriver 96.0.4664.45 found in cache
09:11:19 INFO  i.g.bonigarcia.wdm.WebDriverManager - Exporting webdriver.chrome.driver as /home/travis/.cache/selenium/chromedriver/linux64/96.0.4664.45/chromedriver
09:11:20 INFO  org.slf4j.Logger - ================================================ TEST STARTED ================================================
09:11:20 INFO  org.slf4j.Logger - [34mTEST NAME: [US-666]/[2] I WOULD LIKE TO BUY NEW "BLOUSE"[0m
09:11:20 INFO  org.slf4j.Logger - Chosen executor: "CHROME"
09:11:46 INFO  org.slf4j.Logger - Page ready: "TRUE"
09:12:01 INFO  org.slf4j.Logger - User login: "THOR.ODINSON@EXAMPLE.COM"
09:12:01 INFO  org.slf4j.Logger - User password: "12345"
09:12:17 INFO  org.slf4j.Logger - User clicked on: "WOMEN" submenu category
09:12:17 INFO  org.slf4j.Logger - [31mTEST RETRY (1/1): [US-666]/[2] I WOULD LIKE TO BUY NEW "BLOUSE"[0m
09:12:18 DEBUG i.g.b.wdm.cache.ResolutionCache - Resolution chrome=96 in cache (valid until 10:09:48 10/12/2021 UTC)
09:12:18 DEBUG i.g.b.wdm.cache.ResolutionCache - Resolution chrome96=96.0.4664.45 in cache (valid until 09:09:48 11/12/2021 UTC)
09:12:18 INFO  i.g.bonigarcia.wdm.WebDriverManager - Using chromedriver 96.0.4664.45 (resolved driver for Chrome 96)
09:12:18 DEBUG i.g.bonigarcia.wdm.WebDriverManager - Driver chromedriver 96.0.4664.45 found in cache
09:12:18 INFO  i.g.bonigarcia.wdm.WebDriverManager - Exporting webdriver.chrome.driver as /home/travis/.cache/selenium/chromedriver/linux64/96.0.4664.45/chromedriver
09:12:18 INFO  org.slf4j.Logger - ================================================ TEST STARTED ================================================
09:12:18 INFO  org.slf4j.Logger - [34mTEST NAME: [US-666]/[2] I WOULD LIKE TO BUY NEW "BLOUSE"[0m
09:12:18 INFO  org.slf4j.Logger - Chosen executor: "CHROME"
09:12:48 INFO  org.slf4j.Logger - Page ready: "TRUE"
09:13:04 INFO  org.slf4j.Logger - User login: "THOR.ODINSON@EXAMPLE.COM"
09:13:04 INFO  org.slf4j.Logger - User password: "12345"
09:13:12 INFO  org.slf4j.Logger - ====================================== TEST FINISHED WITH [31mFAILED STATUS [0m======================================
09:13:12 ERROR org.slf4j.Logger - org.openqa.selenium.NoSuchElementException: no such element: Unable to locate element: {"method":"xpath","selector":"//a[@class='account']//span"}
  (Session info: chrome=96.0.4664.93)
For documentation on this error, please visit: https://www.seleniumhq.org/exceptions/no_such_element.html
Build info: version: '3.141.59', revision: 'e82be7d358', time: '2018-11-14T08:17:03'
System info: host: 'travis-job-041d688c-9c2a-4ea8-8165-efd906fee923', ip: '127.0.0.1', os.name: 'Linux', os.arch: 'amd64', os.version: '5.4.0-1058-gcp', java.version: '14.0.2'
Driver info: org.openqa.selenium.chrome.ChromeDriver
Capabilities {acceptInsecureCerts: false, browserName: chrome, browserVersion: 96.0.4664.93, chrome: {chromedriverVersion: 96.0.4664.45 (76e4c1bb2ab46..., userDataDir: /tmp/.com.google.Chrome.FhtRPn}, goog:chromeOptions: {debuggerAddress: localhost:33083}, javascriptEnabled: true, networkConnectionEnabled: false, pageLoadStrategy: normal, platform: LINUX, platformName: LINUX, proxy: Proxy(), setWindowRect: true, strictFileInteractability: false, timeouts: {implicit: 0, pageLoad: 300000, script: 30000}, unhandledPromptBehavior: dismiss and notify, webauthn:extension:credBlob: true, webauthn:extension:largeBlob: true, webauthn:virtualAuthenticators: true}
Session ID: bb18dabd4c5756d47f230fbca71c78ed
*** Element info: {Using=xpath, value=//a[@class='account']//span}
