{
  "uid" : "212b504d10df8e13",
  "name" : "[US-444]/[8] I would like to see registration error, when I don't fill postal code input",
  "fullName" : "tests.WebAPP.RegistrationValidators_Tests.test_8",
  "historyId" : "901e1c0e1449991a3a82046e24933c4",
  "time" : {
    "start" : 1652434407604,
    "stop" : 1652434407991,
    "duration" : 387
  },
  "description" : "[US-444]/[8] As a user I would like to see registration error, when I don't fill postal code input",
  "descriptionHtml" : "<p>[US-444]/[8] As a user I would like to see registration error, when I don't fill postal code input</p>\n",
  "status" : "failed",
  "statusMessage" : "Ups, something went really bad! Even Michael Scofield couldn't have predicted that error! :) expected [http://automationpractice.com/index.php] but found [http://automationpractice.com/]",
  "statusTrace" : "java.lang.AssertionError: Ups, something went really bad! Even Michael Scofield couldn't have predicted that error! :) expected [http://automationpractice.com/index.php] but found [http://automationpractice.com/]\n\tat org.testng.Assert.fail(Assert.java:99)\n\tat org.testng.Assert.failNotEquals(Assert.java:1037)\n\tat org.testng.Assert.assertEqualsImpl(Assert.java:140)\n\tat org.testng.Assert.assertEquals(Assert.java:122)\n\tat org.testng.Assert.assertEquals(Assert.java:629)\n\tat com.steps.MainPageSteps.iOpenHomePage(MainPageSteps.java:35)\n\tat tests.WebAPP.RegistrationValidators_Tests.test_8(RegistrationValidators_Tests.java:323)\n\tat java.base/jdk.internal.reflect.NativeMethodAccessorImpl.invoke0(Native Method)\n\tat java.base/jdk.internal.reflect.NativeMethodAccessorImpl.invoke(NativeMethodAccessorImpl.java:62)\n\tat java.base/jdk.internal.reflect.DelegatingMethodAccessorImpl.invoke(DelegatingMethodAccessorImpl.java:43)\n\tat java.base/java.lang.reflect.Method.invoke(Method.java:564)\n\tat org.testng.internal.MethodInvocationHelper.invokeMethod(MethodInvocationHelper.java:132)\n\tat org.testng.internal.TestInvoker.invokeMethod(TestInvoker.java:599)\n\tat org.testng.internal.TestInvoker.retryFailed(TestInvoker.java:214)\n\tat org.testng.internal.MethodRunner.runInSequence(MethodRunner.java:58)\n\tat org.testng.internal.TestInvoker$MethodInvocationAgent.invoke(TestInvoker.java:822)\n\tat org.testng.internal.TestInvoker.invokeTestMethods(TestInvoker.java:147)\n\tat org.testng.internal.TestMethodWorker.invokeTestMethods(TestMethodWorker.java:146)\n\tat org.testng.internal.TestMethodWorker.run(TestMethodWorker.java:128)\n\tat java.base/java.util.concurrent.ThreadPoolExecutor.runWorker(ThreadPoolExecutor.java:1130)\n\tat java.base/java.util.concurrent.ThreadPoolExecutor$Worker.run(ThreadPoolExecutor.java:630)\n\tat java.base/java.lang.Thread.run(Thread.java:832)\n",
  "flaky" : false,
  "newFailed" : true,
  "newBroken" : false,
  "newPassed" : false,
  "retriesCount" : 1,
  "retriesStatusChange" : true,
  "beforeStages" : [ {
    "name" : "Setting up Excel File",
    "time" : {
      "start" : 1652433654730,
      "stop" : 1652433654778,
      "duration" : 48
    },
    "description" : "Setting up Excel File",
    "status" : "passed",
    "steps" : [ ],
    "attachments" : [ ],
    "parameters" : [ ],
    "stepsCount" : 0,
    "attachmentsCount" : 0,
    "shouldDisplayMessage" : false,
    "hasContent" : false
  }, {
    "name" : "Setting up Test Class",
    "time" : {
      "start" : 1652434406983,
      "stop" : 1652434407601,
      "duration" : 618
    },
    "description" : "Setting up Test Class",
    "status" : "passed",
    "steps" : [ ],
    "attachments" : [ ],
    "parameters" : [ ],
    "stepsCount" : 0,
    "attachmentsCount" : 0,
    "shouldDisplayMessage" : false,
    "hasContent" : false
  } ],
  "testStage" : {
    "description" : "[US-444]/[8] As a user I would like to see registration error, when I don't fill postal code input",
    "status" : "failed",
    "statusMessage" : "Ups, something went really bad! Even Michael Scofield couldn't have predicted that error! :) expected [http://automationpractice.com/index.php] but found [http://automationpractice.com/]",
    "statusTrace" : "java.lang.AssertionError: Ups, something went really bad! Even Michael Scofield couldn't have predicted that error! :) expected [http://automationpractice.com/index.php] but found [http://automationpractice.com/]\n\tat org.testng.Assert.fail(Assert.java:99)\n\tat org.testng.Assert.failNotEquals(Assert.java:1037)\n\tat org.testng.Assert.assertEqualsImpl(Assert.java:140)\n\tat org.testng.Assert.assertEquals(Assert.java:122)\n\tat org.testng.Assert.assertEquals(Assert.java:629)\n\tat com.steps.MainPageSteps.iOpenHomePage(MainPageSteps.java:35)\n\tat tests.WebAPP.RegistrationValidators_Tests.test_8(RegistrationValidators_Tests.java:323)\n\tat java.base/jdk.internal.reflect.NativeMethodAccessorImpl.invoke0(Native Method)\n\tat java.base/jdk.internal.reflect.NativeMethodAccessorImpl.invoke(NativeMethodAccessorImpl.java:62)\n\tat java.base/jdk.internal.reflect.DelegatingMethodAccessorImpl.invoke(DelegatingMethodAccessorImpl.java:43)\n\tat java.base/java.lang.reflect.Method.invoke(Method.java:564)\n\tat org.testng.internal.MethodInvocationHelper.invokeMethod(MethodInvocationHelper.java:132)\n\tat org.testng.internal.TestInvoker.invokeMethod(TestInvoker.java:599)\n\tat org.testng.internal.TestInvoker.retryFailed(TestInvoker.java:214)\n\tat org.testng.internal.MethodRunner.runInSequence(MethodRunner.java:58)\n\tat org.testng.internal.TestInvoker$MethodInvocationAgent.invoke(TestInvoker.java:822)\n\tat org.testng.internal.TestInvoker.invokeTestMethods(TestInvoker.java:147)\n\tat org.testng.internal.TestMethodWorker.invokeTestMethods(TestMethodWorker.java:146)\n\tat org.testng.internal.TestMethodWorker.run(TestMethodWorker.java:128)\n\tat java.base/java.util.concurrent.ThreadPoolExecutor.runWorker(ThreadPoolExecutor.java:1130)\n\tat java.base/java.util.concurrent.ThreadPoolExecutor$Worker.run(ThreadPoolExecutor.java:630)\n\tat java.base/java.lang.Thread.run(Thread.java:832)\n",
    "steps" : [ {
      "name" : "I open home page",
      "time" : {
        "start" : 1652434407821,
        "stop" : 1652434407876,
        "duration" : 55
      },
      "status" : "failed",
      "statusMessage" : "Ups, something went really bad! Even Michael Scofield couldn't have predicted that error! :) expected [http://automationpractice.com/index.php] but found [http://automationpractice.com/]",
      "statusTrace" : "java.lang.AssertionError: Ups, something went really bad! Even Michael Scofield couldn't have predicted that error! :) expected [http://automationpractice.com/index.php] but found [http://automationpractice.com/]\n\tat org.testng.Assert.fail(Assert.java:99)\n\tat org.testng.Assert.failNotEquals(Assert.java:1037)\n\tat org.testng.Assert.assertEqualsImpl(Assert.java:140)\n\tat org.testng.Assert.assertEquals(Assert.java:122)\n\tat org.testng.Assert.assertEquals(Assert.java:629)\n\tat com.steps.MainPageSteps.iOpenHomePage(MainPageSteps.java:35)\n\tat tests.WebAPP.RegistrationValidators_Tests.test_8(RegistrationValidators_Tests.java:323)\n\tat java.base/jdk.internal.reflect.NativeMethodAccessorImpl.invoke0(Native Method)\n\tat java.base/jdk.internal.reflect.NativeMethodAccessorImpl.invoke(NativeMethodAccessorImpl.java:62)\n\tat java.base/jdk.internal.reflect.DelegatingMethodAccessorImpl.invoke(DelegatingMethodAccessorImpl.java:43)\n\tat java.base/java.lang.reflect.Method.invoke(Method.java:564)\n\tat org.testng.internal.MethodInvocationHelper.invokeMethod(MethodInvocationHelper.java:132)\n\tat org.testng.internal.TestInvoker.invokeMethod(TestInvoker.java:599)\n\tat org.testng.internal.TestInvoker.retryFailed(TestInvoker.java:214)\n\tat org.testng.internal.MethodRunner.runInSequence(MethodRunner.java:58)\n\tat org.testng.internal.TestInvoker$MethodInvocationAgent.invoke(TestInvoker.java:822)\n\tat org.testng.internal.TestInvoker.invokeTestMethods(TestInvoker.java:147)\n\tat org.testng.internal.TestMethodWorker.invokeTestMethods(TestMethodWorker.java:146)\n\tat org.testng.internal.TestMethodWorker.run(TestMethodWorker.java:128)\n\tat java.base/java.util.concurrent.ThreadPoolExecutor.runWorker(ThreadPoolExecutor.java:1130)\n\tat java.base/java.util.concurrent.ThreadPoolExecutor$Worker.run(ThreadPoolExecutor.java:630)\n\tat java.base/java.lang.Thread.run(Thread.java:832)\n",
      "steps" : [ ],
      "attachments" : [ ],
      "parameters" : [ ],
      "stepsCount" : 0,
      "attachmentsCount" : 0,
      "shouldDisplayMessage" : true,
      "hasContent" : true
    } ],
    "attachments" : [ {
      "uid" : "acec799a042b71d4",
      "name" : "Scenario FAIL screenshot",
      "source" : "acec799a042b71d4.png",
      "type" : "image/png",
      "size" : 18331
    }, {
      "uid" : "b8f0a51844d59e0e",
      "name" : "TestNG test FAIL logs",
      "source" : "b8f0a51844d59e0e.txt",
      "type" : "text/plain",
      "size" : 2590
    } ],
    "parameters" : [ ],
    "stepsCount" : 1,
    "attachmentsCount" : 2,
    "shouldDisplayMessage" : false,
    "hasContent" : true
  },
  "afterStages" : [ {
    "name" : "Teardown Test Class",
    "time" : {
      "start" : 1652434407995,
      "stop" : 1652434408068,
      "duration" : 73
    },
    "description" : "Teardown Test Class",
    "status" : "passed",
    "steps" : [ ],
    "attachments" : [ ],
    "parameters" : [ ],
    "stepsCount" : 0,
    "attachmentsCount" : 0,
    "shouldDisplayMessage" : false,
    "hasContent" : false
  }, {
    "name" : "Teardown Test Suite",
    "time" : {
      "start" : 1652434463961,
      "stop" : 1652434465086,
      "duration" : 1125
    },
    "description" : "Teardown Test Suite",
    "status" : "passed",
    "steps" : [ ],
    "attachments" : [ ],
    "parameters" : [ ],
    "stepsCount" : 0,
    "attachmentsCount" : 0,
    "shouldDisplayMessage" : false,
    "hasContent" : false
  } ],
  "labels" : [ {
    "name" : "package",
    "value" : "tests.WebAPP.RegistrationValidators_Tests"
  }, {
    "name" : "testClass",
    "value" : "tests.WebAPP.RegistrationValidators_Tests"
  }, {
    "name" : "testMethod",
    "value" : "test_8"
  }, {
    "name" : "parentSuite",
    "value" : "Automationpractice.com WEB - Kamil Nowocin"
  }, {
    "name" : "suite",
    "value" : "Automated tests for WEB client"
  }, {
    "name" : "subSuite",
    "value" : "tests.WebAPP.RegistrationValidators_Tests"
  }, {
    "name" : "host",
    "value" : "travis-job-655b7284-035c-4e75-ad05-7e6bd0f974d7"
  }, {
    "name" : "thread",
    "value" : "4437@travis-job-655b7284-035c-4e75-ad05-7e6bd0f974d7.TestNG-test=Automated tests for WEB client-1(23)"
  }, {
    "name" : "framework",
    "value" : "testng"
  }, {
    "name" : "language",
    "value" : "java"
  }, {
    "name" : "story",
    "value" : "NEGATIVE FLOW"
  }, {
    "name" : "owner",
    "value" : "Kamil Nowocin"
  }, {
    "name" : "epic",
    "value" : "Web App Tests"
  }, {
    "name" : "feature",
    "value" : "REGISTRATION VALIDATORS TESTS"
  }, {
    "name" : "severity",
    "value" : "normal"
  }, {
    "name" : "resultFormat",
    "value" : "allure2"
  } ],
  "parameters" : [ ],
  "links" : [ {
    "name" : "TAP-0027",
    "url" : "https://tracker.FAKE.com/jira/browse/AUTOMATION_PRACTICE/issue/TAP-0027",
    "type" : "issue"
  }, {
    "name" : "STORY-444",
    "url" : "https://tracker.FAKE.com/jira/browse/AUTOMATION_PRACTICE/STORY-444",
    "type" : "tms"
  } ],
  "hidden" : false,
  "retry" : false,
  "extra" : {
    "severity" : "normal",
    "owner" : "Kamil Nowocin",
    "retries" : [ {
      "uid" : "c1165d32aa384b0e",
      "status" : "skipped",
      "statusDetails" : "Ups, something went really bad! Even Michael Scofield couldn't have predicted that error! :) expected [http://automationpractice.com/index.php] but found [http://automationpractice.com/]",
      "time" : {
        "start" : 1652434400328,
        "stop" : 1652434406908,
        "duration" : 6580
      }
    } ],
    "categories" : [ {
      "name" : "Product defects",
      "matchedStatuses" : [ ],
      "flaky" : false
    } ],
    "history" : {
      "statistic" : {
        "failed" : 9,
        "broken" : 6,
        "skipped" : 14,
        "passed" : 373,
        "unknown" : 0,
        "total" : 402
      },
      "items" : [ {
        "uid" : "8d7c2eb435b9e4c",
        "reportUrl" : "https://app.travis-ci.com/kamil-nowocin/Test_Automation-automationpractice/builds/250306724/#testresult/8d7c2eb435b9e4c",
        "status" : "passed",
        "time" : {
          "start" : 1651829309950,
          "stop" : 1651829323164,
          "duration" : 13214
        }
      }, {
        "uid" : "3dd7b4ff4357d5eb",
        "reportUrl" : "https://app.travis-ci.com/kamil-nowocin/Test_Automation-automationpractice/builds/250038525/#testresult/3dd7b4ff4357d5eb",
        "status" : "passed",
        "time" : {
          "start" : 1651224539006,
          "stop" : 1651224571066,
          "duration" : 32060
        }
      }, {
        "uid" : "cbed5bc26a01ca36",
        "reportUrl" : "https://app.travis-ci.com/kamil-nowocin/Test_Automation-automationpractice/builds/249734656/#testresult/cbed5bc26a01ca36",
        "status" : "passed",
        "time" : {
          "start" : 1650619633824,
          "stop" : 1650619661051,
          "duration" : 27227
        }
      }, {
        "uid" : "45cc0db58324d8d6",
        "reportUrl" : "https://app.travis-ci.com/kamil-nowocin/Test_Automation-automationpractice/builds/249462194/#testresult/45cc0db58324d8d6",
        "status" : "passed",
        "time" : {
          "start" : 1650014705923,
          "stop" : 1650014715030,
          "duration" : 9107
        }
      }, {
        "uid" : "e6c697754c739cb",
        "reportUrl" : "https://app.travis-ci.com/kamil-nowocin/Test_Automation-automationpractice/builds/249127487/#testresult/e6c697754c739cb",
        "status" : "passed",
        "time" : {
          "start" : 1649410133045,
          "stop" : 1649410148897,
          "duration" : 15852
        }
      }, {
        "uid" : "f6404f5f01b9e57f",
        "reportUrl" : "https://app.travis-ci.com/kamil-nowocin/Test_Automation-automationpractice/builds/248784009/#testresult/f6404f5f01b9e57f",
        "status" : "passed",
        "time" : {
          "start" : 1648805049899,
          "stop" : 1648805064783,
          "duration" : 14884
        }
      }, {
        "uid" : "1e4283e78b508c3b",
        "reportUrl" : "https://app.travis-ci.com/kamil-nowocin/Test_Automation-automationpractice/builds/248427856/#testresult/1e4283e78b508c3b",
        "status" : "passed",
        "time" : {
          "start" : 1648200225793,
          "stop" : 1648200235041,
          "duration" : 9248
        }
      }, {
        "uid" : "9d835e0f277c2e98",
        "reportUrl" : "https://app.travis-ci.com/kamil-nowocin/Test_Automation-automationpractice/builds/248092754/#testresult/9d835e0f277c2e98",
        "status" : "passed",
        "time" : {
          "start" : 1647595353644,
          "stop" : 1647595385361,
          "duration" : 31717
        }
      }, {
        "uid" : "62aca2f1f0a8a5ca",
        "reportUrl" : "https://app.travis-ci.com/kamil-nowocin/Test_Automation-automationpractice/builds/247748235/#testresult/62aca2f1f0a8a5ca",
        "status" : "broken",
        "statusDetails" : "Expected condition failed: waiting for element to be clickable: Proxy element for: DefaultElementLocator 'By.xpath: //a[@class='login']' (tried for 15 second(s) with 500 milliseconds interval)",
        "time" : {
          "start" : 1646990447826,
          "stop" : 1646990466074,
          "duration" : 18248
        }
      }, {
        "uid" : "aa3b88a3e0ad2fdd",
        "reportUrl" : "https://app.travis-ci.com/kamil-nowocin/Test_Automation-automationpractice/builds/247400089/#testresult/aa3b88a3e0ad2fdd",
        "status" : "passed",
        "time" : {
          "start" : 1646385620549,
          "stop" : 1646385628121,
          "duration" : 7572
        }
      }, {
        "uid" : "196b12e79b023647",
        "reportUrl" : "https://app.travis-ci.com/kamil-nowocin/Test_Automation-automationpractice/builds/247052515/#testresult/196b12e79b023647",
        "status" : "passed",
        "time" : {
          "start" : 1645781231378,
          "stop" : 1645781251999,
          "duration" : 20621
        }
      }, {
        "uid" : "56508f68fec121f2",
        "reportUrl" : "https://app.travis-ci.com/kamil-nowocin/Test_Automation-automationpractice/builds/246687955/#testresult/56508f68fec121f2",
        "status" : "passed",
        "time" : {
          "start" : 1645176021539,
          "stop" : 1645176030219,
          "duration" : 8680
        }
      }, {
        "uid" : "1157cf8262b96595",
        "reportUrl" : "https://app.travis-ci.com/kamil-nowocin/Test_Automation-automationpractice/builds/246291444/#testresult/1157cf8262b96595",
        "status" : "passed",
        "time" : {
          "start" : 1644571113931,
          "stop" : 1644571122772,
          "duration" : 8841
        }
      }, {
        "uid" : "abe7c1cf0aad8f57",
        "reportUrl" : "https://app.travis-ci.com/kamil-nowocin/Test_Automation-automationpractice/builds/245914980/#testresult/abe7c1cf0aad8f57",
        "status" : "passed",
        "time" : {
          "start" : 1643966630944,
          "stop" : 1643966644154,
          "duration" : 13210
        }
      }, {
        "uid" : "3c007ac47794cc3",
        "reportUrl" : "https://app.travis-ci.com/kamil-nowocin/Test_Automation-automationpractice/builds/245554025/#testresult/3c007ac47794cc3",
        "status" : "failed",
        "statusDetails" : "Ups, something went really bad! Even Michael Scofield couldn't have predicted that error! :) expected [http://automationpractice.com/index.php] but found [http://automationpractice.com/]",
        "time" : {
          "start" : 1643361263615,
          "stop" : 1643361264915,
          "duration" : 1300
        }
      }, {
        "uid" : "9006ff50770cf7c7",
        "reportUrl" : "https://app.travis-ci.com/kamil-nowocin/Test_Automation-automationpractice/builds/245173334/#testresult/9006ff50770cf7c7",
        "status" : "failed",
        "statusDetails" : "Ups, something went really bad! Even Michael Scofield couldn't have predicted that error! :) expected [http://automationpractice.com/index.php] but found [http://automationpractice.com/]",
        "time" : {
          "start" : 1642756432868,
          "stop" : 1642756434406,
          "duration" : 1538
        }
      }, {
        "uid" : "bfd15b6a70bf600c",
        "reportUrl" : "https://app.travis-ci.com/kamil-nowocin/Test_Automation-automationpractice/builds/244811527/#testresult/bfd15b6a70bf600c",
        "status" : "passed",
        "time" : {
          "start" : 1642151831502,
          "stop" : 1642151844552,
          "duration" : 13050
        }
      }, {
        "uid" : "37c5694a5b96548d",
        "reportUrl" : "https://app.travis-ci.com/kamil-nowocin/Test_Automation-automationpractice/builds/244147706/#testresult/37c5694a5b96548d",
        "status" : "passed",
        "time" : {
          "start" : 1640942642732,
          "stop" : 1640942683243,
          "duration" : 40511
        }
      }, {
        "uid" : "2b2ca9fcce37a7a0",
        "reportUrl" : "https://app.travis-ci.com/kamil-nowocin/Test_Automation-automationpractice/builds/243964521/#testresult/2b2ca9fcce37a7a0",
        "status" : "passed",
        "time" : {
          "start" : 1640337829991,
          "stop" : 1640337878624,
          "duration" : 48633
        }
      }, {
        "uid" : "8b6c4fdea21c80b6",
        "reportUrl" : "https://app.travis-ci.com/kamil-nowocin/Test_Automation-automationpractice/builds/243640386/#testresult/8b6c4fdea21c80b6",
        "status" : "passed",
        "time" : {
          "start" : 1639732530105,
          "stop" : 1639732538045,
          "duration" : 7940
        }
      } ]
    },
    "tags" : [ ]
  },
  "source" : "212b504d10df8e13.json",
  "parameterValues" : [ ]
}