{
  "uid" : "272c9a15241fe3dd",
  "name" : "[US-111]/[1] I can log into automationpractice.com using registered email \"thor.odinson@example.com\" & password \"12345\"",
  "fullName" : "tests.WebAPP.Authentication_Tests.test_1",
  "historyId" : "f5964073fccecb7bcdd82f60f0557540",
  "time" : {
    "start" : 1624611615560,
    "stop" : 1624611628979,
    "duration" : 13419
  },
  "description" : "[US-111]/[1] As a user I can log into automationpractice.com using registered email \"thor.odinson@example.com\" & password \"12345\"",
  "descriptionHtml" : "<p>[US-111]/[1] As a user I can log into automationpractice.com using registered email &quot;thor.odinson@example.com&quot; &amp; password &quot;12345&quot;</p>\n",
  "status" : "failed",
  "statusMessage" : "Ups, something went really bad! Even Michael Scofield couldn't have predicted that error! :) expected [http://automationpractice.com/index.php] but found [http://automationpractice.com/]",
  "statusTrace" : "java.lang.AssertionError: Ups, something went really bad! Even Michael Scofield couldn't have predicted that error! :) expected [http://automationpractice.com/index.php] but found [http://automationpractice.com/]\n\tat org.testng.Assert.fail(Assert.java:99)\n\tat org.testng.Assert.failNotEquals(Assert.java:1037)\n\tat org.testng.Assert.assertEqualsImpl(Assert.java:140)\n\tat org.testng.Assert.assertEquals(Assert.java:122)\n\tat org.testng.Assert.assertEquals(Assert.java:629)\n\tat com.steps.MainPageSteps.iOpenHomePage(MainPageSteps.java:35)\n\tat tests.WebAPP.Authentication_Tests.test_1(Authentication_Tests.java:43)\n\tat java.base/jdk.internal.reflect.NativeMethodAccessorImpl.invoke0(Native Method)\n\tat java.base/jdk.internal.reflect.NativeMethodAccessorImpl.invoke(NativeMethodAccessorImpl.java:62)\n\tat java.base/jdk.internal.reflect.DelegatingMethodAccessorImpl.invoke(DelegatingMethodAccessorImpl.java:43)\n\tat java.base/java.lang.reflect.Method.invoke(Method.java:564)\n\tat org.testng.internal.MethodInvocationHelper.invokeMethod(MethodInvocationHelper.java:132)\n\tat org.testng.internal.TestInvoker.invokeMethod(TestInvoker.java:599)\n\tat org.testng.internal.TestInvoker.retryFailed(TestInvoker.java:214)\n\tat org.testng.internal.MethodRunner.runInSequence(MethodRunner.java:58)\n\tat org.testng.internal.TestInvoker$MethodInvocationAgent.invoke(TestInvoker.java:822)\n\tat org.testng.internal.TestInvoker.invokeTestMethods(TestInvoker.java:147)\n\tat org.testng.internal.TestMethodWorker.invokeTestMethods(TestMethodWorker.java:146)\n\tat org.testng.internal.TestMethodWorker.run(TestMethodWorker.java:128)\n\tat java.base/java.util.concurrent.ThreadPoolExecutor.runWorker(ThreadPoolExecutor.java:1130)\n\tat java.base/java.util.concurrent.ThreadPoolExecutor$Worker.run(ThreadPoolExecutor.java:630)\n\tat java.base/java.lang.Thread.run(Thread.java:832)\n",
  "flaky" : false,
  "newFailed" : false,
  "beforeStages" : [ {
    "name" : "Setting up Test Class",
    "time" : {
      "start" : 1624611613965,
      "stop" : 1624611615557,
      "duration" : 1592
    },
    "description" : "Setting up Test Class",
    "status" : "passed",
    "steps" : [ ],
    "attachments" : [ ],
    "parameters" : [ ],
    "stepsCount" : 0,
    "attachmentsCount" : 0,
    "shouldDisplayMessage" : false,
    "hasContent" : false
  }, {
    "name" : "Setting up Excel File",
    "time" : {
      "start" : 1624611504491,
      "stop" : 1624611504540,
      "duration" : 49
    },
    "description" : "Setting up Excel File",
    "status" : "passed",
    "steps" : [ ],
    "attachments" : [ ],
    "parameters" : [ ],
    "stepsCount" : 0,
    "attachmentsCount" : 0,
    "shouldDisplayMessage" : false,
    "hasContent" : false
  } ],
  "testStage" : {
    "description" : "[US-111]/[1] As a user I can log into automationpractice.com using registered email \"thor.odinson@example.com\" & password \"12345\"",
    "status" : "failed",
    "statusMessage" : "Ups, something went really bad! Even Michael Scofield couldn't have predicted that error! :) expected [http://automationpractice.com/index.php] but found [http://automationpractice.com/]",
    "statusTrace" : "java.lang.AssertionError: Ups, something went really bad! Even Michael Scofield couldn't have predicted that error! :) expected [http://automationpractice.com/index.php] but found [http://automationpractice.com/]\n\tat org.testng.Assert.fail(Assert.java:99)\n\tat org.testng.Assert.failNotEquals(Assert.java:1037)\n\tat org.testng.Assert.assertEqualsImpl(Assert.java:140)\n\tat org.testng.Assert.assertEquals(Assert.java:122)\n\tat org.testng.Assert.assertEquals(Assert.java:629)\n\tat com.steps.MainPageSteps.iOpenHomePage(MainPageSteps.java:35)\n\tat tests.WebAPP.Authentication_Tests.test_1(Authentication_Tests.java:43)\n\tat java.base/jdk.internal.reflect.NativeMethodAccessorImpl.invoke0(Native Method)\n\tat java.base/jdk.internal.reflect.NativeMethodAccessorImpl.invoke(NativeMethodAccessorImpl.java:62)\n\tat java.base/jdk.internal.reflect.DelegatingMethodAccessorImpl.invoke(DelegatingMethodAccessorImpl.java:43)\n\tat java.base/java.lang.reflect.Method.invoke(Method.java:564)\n\tat org.testng.internal.MethodInvocationHelper.invokeMethod(MethodInvocationHelper.java:132)\n\tat org.testng.internal.TestInvoker.invokeMethod(TestInvoker.java:599)\n\tat org.testng.internal.TestInvoker.retryFailed(TestInvoker.java:214)\n\tat org.testng.internal.MethodRunner.runInSequence(MethodRunner.java:58)\n\tat org.testng.internal.TestInvoker$MethodInvocationAgent.invoke(TestInvoker.java:822)\n\tat org.testng.internal.TestInvoker.invokeTestMethods(TestInvoker.java:147)\n\tat org.testng.internal.TestMethodWorker.invokeTestMethods(TestMethodWorker.java:146)\n\tat org.testng.internal.TestMethodWorker.run(TestMethodWorker.java:128)\n\tat java.base/java.util.concurrent.ThreadPoolExecutor.runWorker(ThreadPoolExecutor.java:1130)\n\tat java.base/java.util.concurrent.ThreadPoolExecutor$Worker.run(ThreadPoolExecutor.java:630)\n\tat java.base/java.lang.Thread.run(Thread.java:832)\n",
    "steps" : [ {
      "name" : "I open home page",
      "time" : {
        "start" : 1624611628622,
        "stop" : 1624611628773,
        "duration" : 151
      },
      "status" : "failed",
      "statusMessage" : "Ups, something went really bad! Even Michael Scofield couldn't have predicted that error! :) expected [http://automationpractice.com/index.php] but found [http://automationpractice.com/]",
      "statusTrace" : "java.lang.AssertionError: Ups, something went really bad! Even Michael Scofield couldn't have predicted that error! :) expected [http://automationpractice.com/index.php] but found [http://automationpractice.com/]\n\tat org.testng.Assert.fail(Assert.java:99)\n\tat org.testng.Assert.failNotEquals(Assert.java:1037)\n\tat org.testng.Assert.assertEqualsImpl(Assert.java:140)\n\tat org.testng.Assert.assertEquals(Assert.java:122)\n\tat org.testng.Assert.assertEquals(Assert.java:629)\n\tat com.steps.MainPageSteps.iOpenHomePage(MainPageSteps.java:35)\n\tat tests.WebAPP.Authentication_Tests.test_1(Authentication_Tests.java:43)\n\tat java.base/jdk.internal.reflect.NativeMethodAccessorImpl.invoke0(Native Method)\n\tat java.base/jdk.internal.reflect.NativeMethodAccessorImpl.invoke(NativeMethodAccessorImpl.java:62)\n\tat java.base/jdk.internal.reflect.DelegatingMethodAccessorImpl.invoke(DelegatingMethodAccessorImpl.java:43)\n\tat java.base/java.lang.reflect.Method.invoke(Method.java:564)\n\tat org.testng.internal.MethodInvocationHelper.invokeMethod(MethodInvocationHelper.java:132)\n\tat org.testng.internal.TestInvoker.invokeMethod(TestInvoker.java:599)\n\tat org.testng.internal.TestInvoker.retryFailed(TestInvoker.java:214)\n\tat org.testng.internal.MethodRunner.runInSequence(MethodRunner.java:58)\n\tat org.testng.internal.TestInvoker$MethodInvocationAgent.invoke(TestInvoker.java:822)\n\tat org.testng.internal.TestInvoker.invokeTestMethods(TestInvoker.java:147)\n\tat org.testng.internal.TestMethodWorker.invokeTestMethods(TestMethodWorker.java:146)\n\tat org.testng.internal.TestMethodWorker.run(TestMethodWorker.java:128)\n\tat java.base/java.util.concurrent.ThreadPoolExecutor.runWorker(ThreadPoolExecutor.java:1130)\n\tat java.base/java.util.concurrent.ThreadPoolExecutor$Worker.run(ThreadPoolExecutor.java:630)\n\tat java.base/java.lang.Thread.run(Thread.java:832)\n",
      "steps" : [ ],
      "attachments" : [ ],
      "parameters" : [ ],
      "stepsCount" : 0,
      "attachmentsCount" : 0,
      "shouldDisplayMessage" : true,
      "hasContent" : true
    } ],
    "attachments" : [ {
      "uid" : "a51215237a33bb90",
      "name" : "Scenario FAIL screenshot",
      "source" : "a51215237a33bb90.png",
      "type" : "image/png",
      "size" : 18343
    }, {
      "uid" : "4314b9f753d89c3f",
      "name" : "TestNG test FAIL logs",
      "source" : "4314b9f753d89c3f.txt",
      "type" : "text/plain",
      "size" : 2677
    } ],
    "parameters" : [ ],
    "stepsCount" : 1,
    "attachmentsCount" : 2,
    "shouldDisplayMessage" : false,
    "hasContent" : true
  },
  "afterStages" : [ {
    "name" : "Teardown Test Class",
    "time" : {
      "start" : 1624611628985,
      "stop" : 1624611629055,
      "duration" : 70
    },
    "description" : "Teardown Test Class",
    "status" : "passed",
    "steps" : [ ],
    "attachments" : [ ],
    "parameters" : [ ],
    "stepsCount" : 0,
    "attachmentsCount" : 0,
    "shouldDisplayMessage" : false,
    "hasContent" : false
  }, {
    "name" : "Teardown Test Suite",
    "time" : {
      "start" : 1624612175859,
      "stop" : 1624612177140,
      "duration" : 1281
    },
    "description" : "Teardown Test Suite",
    "status" : "passed",
    "steps" : [ ],
    "attachments" : [ ],
    "parameters" : [ ],
    "stepsCount" : 0,
    "attachmentsCount" : 0,
    "shouldDisplayMessage" : false,
    "hasContent" : false
  } ],
  "labels" : [ {
    "name" : "package",
    "value" : "tests.WebAPP.Authentication_Tests"
  }, {
    "name" : "testClass",
    "value" : "tests.WebAPP.Authentication_Tests"
  }, {
    "name" : "testMethod",
    "value" : "test_1"
  }, {
    "name" : "parentSuite",
    "value" : "Automationpractice.com WEB - Kamil Nowocin"
  }, {
    "name" : "suite",
    "value" : "Automated tests for WEB client"
  }, {
    "name" : "subSuite",
    "value" : "tests.WebAPP.Authentication_Tests"
  }, {
    "name" : "host",
    "value" : "travis-job-66885426-151e-4f99-ac23-f86f8de233e0"
  }, {
    "name" : "thread",
    "value" : "6503@travis-job-66885426-151e-4f99-ac23-f86f8de233e0.TestNG-test=Automated tests for WEB client-4(26)"
  }, {
    "name" : "framework",
    "value" : "testng"
  }, {
    "name" : "language",
    "value" : "java"
  }, {
    "name" : "owner",
    "value" : "Kamil Nowocin"
  }, {
    "name" : "story",
    "value" : "POSITIVE FLOW"
  }, {
    "name" : "epic",
    "value" : "Web App Tests"
  }, {
    "name" : "feature",
    "value" : "LOGIN TESTS"
  }, {
    "name" : "severity",
    "value" : "critical"
  }, {
    "name" : "resultFormat",
    "value" : "allure2"
  } ],
  "parameters" : [ ],
  "links" : [ {
    "name" : "TAP-0001",
    "url" : "https://tracker.FAKE.com/jira/browse/AUTOMATION_PRACTICE/issue/TAP-0001",
    "type" : "issue"
  }, {
    "name" : "STORY-111",
    "url" : "https://tracker.FAKE.com/jira/browse/AUTOMATION_PRACTICE/STORY-111",
    "type" : "tms"
  } ],
  "hidden" : false,
  "retry" : false,
  "extra" : {
    "severity" : "critical",
    "owner" : "Kamil Nowocin",
    "retries" : [ {
      "uid" : "a3cc886716e9a51f",
      "status" : "skipped",
      "statusDetails" : "Ups, something went really bad! Even Michael Scofield couldn't have predicted that error! :) expected [http://automationpractice.com/index.php] but found [http://automationpractice.com/]",
      "time" : {
        "start" : 1624611613447,
        "stop" : 1624611613842,
        "duration" : 395
      }
    } ],
    "categories" : [ {
      "name" : "Product defects",
      "matchedStatuses" : [ ],
      "flaky" : false
    } ],
    "history" : {
      "statistic" : {
        "failed" : 4,
        "broken" : 9,
        "skipped" : 14,
        "passed" : 341,
        "unknown" : 0,
        "total" : 368
      },
      "items" : [ {
        "uid" : "1034c75da10d6b77",
        "reportUrl" : "https://travis-ci.com/kamil-nowocin/Test_Automation-automationpractice/builds/229856441/#testresult/1034c75da10d6b77",
        "status" : "broken",
        "statusDetails" : "Expected condition failed: waiting for element to be clickable: Proxy element for: DefaultElementLocator 'By.xpath: //a[@class='login']' (tried for 15 second(s) with 500 milliseconds interval)",
        "time" : {
          "start" : 1624006748297,
          "stop" : 1624006781974,
          "duration" : 33677
        }
      }, {
        "uid" : "dedc107dcbb992c0",
        "reportUrl" : "https://travis-ci.com/kamil-nowocin/Test_Automation-automationpractice/builds/228691879/#testresult/dedc107dcbb992c0",
        "status" : "passed",
        "time" : {
          "start" : 1623401959481,
          "stop" : 1623401984277,
          "duration" : 24796
        }
      }, {
        "uid" : "2943802dbe06b414",
        "reportUrl" : "https://travis-ci.com/kamil-nowocin/Test_Automation-automationpractice/builds/227965352/#testresult/2943802dbe06b414",
        "status" : "passed",
        "time" : {
          "start" : 1622797184488,
          "stop" : 1622797235420,
          "duration" : 50932
        }
      }, {
        "uid" : "b0ee828abe9ce522",
        "reportUrl" : "https://travis-ci.com/kamil-nowocin/Test_Automation-automationpractice/builds/227236943/#testresult/b0ee828abe9ce522",
        "status" : "passed",
        "time" : {
          "start" : 1622192303615,
          "stop" : 1622192327375,
          "duration" : 23760
        }
      }, {
        "uid" : "ec0a2fff14ac8822",
        "reportUrl" : "https://travis-ci.com/kamil-nowocin/Test_Automation-automationpractice/builds/226503294/#testresult/ec0a2fff14ac8822",
        "status" : "passed",
        "time" : {
          "start" : 1621587458234,
          "stop" : 1621587483231,
          "duration" : 24997
        }
      }, {
        "uid" : "e14ecdaf7d627b6e",
        "reportUrl" : "https://travis-ci.com/kamil-nowocin/Test_Automation-automationpractice/builds/225915455/#testresult/e14ecdaf7d627b6e",
        "status" : "passed",
        "time" : {
          "start" : 1620982602497,
          "stop" : 1620982618029,
          "duration" : 15532
        }
      }, {
        "uid" : "488f541355a50ff",
        "reportUrl" : "https://travis-ci.com/kamil-nowocin/Test_Automation-automationpractice/builds/225175240/#testresult/488f541355a50ff",
        "status" : "passed",
        "time" : {
          "start" : 1620377798628,
          "stop" : 1620377812556,
          "duration" : 13928
        }
      }, {
        "uid" : "be559c8a132bb7c8",
        "reportUrl" : "https://travis-ci.com/kamil-nowocin/Test_Automation-automationpractice/builds/224591653/#testresult/be559c8a132bb7c8",
        "status" : "passed",
        "time" : {
          "start" : 1619772992208,
          "stop" : 1619773008890,
          "duration" : 16682
        }
      }, {
        "uid" : "70c6f4dd4878068a",
        "reportUrl" : "https://travis-ci.com/kamil-nowocin/Test_Automation-automationpractice/builds/223970297/#testresult/70c6f4dd4878068a",
        "status" : "passed",
        "time" : {
          "start" : 1619168187773,
          "stop" : 1619168220370,
          "duration" : 32597
        }
      }, {
        "uid" : "701da836e5ee8264",
        "reportUrl" : "https://travis-ci.com/kamil-nowocin/Test_Automation-automationpractice/builds/223273226/#testresult/701da836e5ee8264",
        "status" : "passed",
        "time" : {
          "start" : 1618563294875,
          "stop" : 1618563319241,
          "duration" : 24366
        }
      }, {
        "uid" : "ef9bfb1ac06bf2f",
        "reportUrl" : "https://travis-ci.com/kamil-nowocin/Test_Automation-automationpractice/builds/222606901/#testresult/ef9bfb1ac06bf2f",
        "status" : "passed",
        "time" : {
          "start" : 1617958483237,
          "stop" : 1617958517818,
          "duration" : 34581
        }
      }, {
        "uid" : "18d2a9bd7dd8b6d4",
        "reportUrl" : "https://travis-ci.com/kamil-nowocin/Test_Automation-automationpractice/builds/221996080/#testresult/18d2a9bd7dd8b6d4",
        "status" : "passed",
        "time" : {
          "start" : 1617353633640,
          "stop" : 1617353643483,
          "duration" : 9843
        }
      }, {
        "uid" : "c7f295ebb686230",
        "reportUrl" : "https://travis-ci.com/kamil-nowocin/Test_Automation-automationpractice/builds/221277945/#testresult/c7f295ebb686230",
        "status" : "passed",
        "time" : {
          "start" : 1616748785248,
          "stop" : 1616748795963,
          "duration" : 10715
        }
      }, {
        "uid" : "f59ae06805efe16a",
        "reportUrl" : "https://travis-ci.com/kamil-nowocin/Test_Automation-automationpractice/builds/220593951/#testresult/f59ae06805efe16a",
        "status" : "passed",
        "time" : {
          "start" : 1616143971722,
          "stop" : 1616143986725,
          "duration" : 15003
        }
      }, {
        "uid" : "71417456f7165e83",
        "reportUrl" : "https://travis-ci.com/kamil-nowocin/Test_Automation-automationpractice/builds/219846282/#testresult/71417456f7165e83",
        "status" : "passed",
        "time" : {
          "start" : 1615539130754,
          "stop" : 1615539152686,
          "duration" : 21932
        }
      }, {
        "uid" : "8631035402525e53",
        "reportUrl" : "https://travis-ci.com/kamil-nowocin/Test_Automation-automationpractice/builds/219072717/#testresult/8631035402525e53",
        "status" : "passed",
        "time" : {
          "start" : 1614934304239,
          "stop" : 1614934321137,
          "duration" : 16898
        }
      }, {
        "uid" : "59b7dd319ccfaff1",
        "reportUrl" : "https://travis-ci.com/kamil-nowocin/Test_Automation-automationpractice/builds/218334877/#testresult/59b7dd319ccfaff1",
        "status" : "passed",
        "time" : {
          "start" : 1614329543354,
          "stop" : 1614329578518,
          "duration" : 35164
        }
      }, {
        "uid" : "45490bf6da2b9fb9",
        "reportUrl" : "https://travis-ci.com/kamil-nowocin/Test_Automation-automationpractice/builds/217596607/#testresult/45490bf6da2b9fb9",
        "status" : "passed",
        "time" : {
          "start" : 1613724707911,
          "stop" : 1613724721347,
          "duration" : 13436
        }
      }, {
        "uid" : "793df48a5a62d55a",
        "reportUrl" : "https://travis-ci.com/kamil-nowocin/Test_Automation-automationpractice/builds/216899574/#testresult/793df48a5a62d55a",
        "status" : "broken",
        "statusDetails" : "Expected condition failed: waiting for element to be clickable: Proxy element for: DefaultElementLocator 'By.xpath: //a[@class='login']' (tried for 15 second(s) with 500 milliseconds interval)",
        "time" : {
          "start" : 1613120029825,
          "stop" : 1613120065769,
          "duration" : 35944
        }
      }, {
        "uid" : "89e9f47badd51f91",
        "reportUrl" : "https://travis-ci.com/kamil-nowocin/Test_Automation-automationpractice/builds/216168121/#testresult/89e9f47badd51f91",
        "status" : "broken",
        "statusDetails" : "Expected condition failed: waiting for visibility of Proxy element for: DefaultElementLocator 'By.xpath: //p[@class='info-account']' (tried for 15 second(s) with 500 milliseconds interval)",
        "time" : {
          "start" : 1612515100458,
          "stop" : 1612515140284,
          "duration" : 39826
        }
      } ]
    },
    "tags" : [ ]
  },
  "source" : "272c9a15241fe3dd.json",
  "parameterValues" : [ ]
}