{
  "uid" : "326f3311b27a7f74",
  "name" : "[US-555]/[8] I would like to use search box and be able to see results sorted by: \"Price: Lowest first\"",
  "fullName" : "tests.WebAPP.SearchBox_Tests.test_8",
  "historyId" : "4197e701ef12f09f24b37ff8c8b337d0",
  "time" : {
    "start" : 1593360081958,
    "stop" : 1593360096274,
    "duration" : 14316
  },
  "description" : "[US-555]/[8] As a user I would like to use search box and be able to see results sorted by: \"Price: Lowest first\"",
  "descriptionHtml" : "<p>[US-555]/[8] As a user I would like to use search box and be able to see results sorted by: &quot;Price: Lowest first&quot;</p>\n",
  "status" : "failed",
  "statusMessage" : "Results which have been found didn't match expected sorting result PRICE: LOWEST FIRST: Lists differ at element [2]: $28.98 != $30.50 expected [$28.98] but found [$30.50]",
  "statusTrace" : "java.lang.AssertionError: Results which have been found didn't match expected sorting result PRICE: LOWEST FIRST: Lists differ at element [2]: $28.98 != $30.50 expected [$28.98] but found [$30.50]\n\tat org.testng.Assert.fail(Assert.java:97)\n\tat org.testng.Assert.assertEqualsImpl(Assert.java:136)\n\tat org.testng.Assert.assertEquals(Assert.java:1031)\n\tat com.steps.SearchPageSteps.iCanSeeThatResultsAreCorrectlySortedBy(SearchPageSteps.java:128)\n\tat tests.WebAPP.SearchBox_Tests.test_8(SearchBox_Tests.java:238)\n\tat java.base/jdk.internal.reflect.NativeMethodAccessorImpl.invoke0(Native Method)\n\tat java.base/jdk.internal.reflect.NativeMethodAccessorImpl.invoke(NativeMethodAccessorImpl.java:62)\n\tat java.base/jdk.internal.reflect.DelegatingMethodAccessorImpl.invoke(DelegatingMethodAccessorImpl.java:43)\n\tat java.base/java.lang.reflect.Method.invoke(Method.java:564)\n\tat org.testng.internal.MethodInvocationHelper.invokeMethod(MethodInvocationHelper.java:134)\n\tat org.testng.internal.TestInvoker.invokeMethod(TestInvoker.java:597)\n\tat org.testng.internal.TestInvoker.retryFailed(TestInvoker.java:213)\n\tat org.testng.internal.MethodRunner.runInSequence(MethodRunner.java:58)\n\tat org.testng.internal.TestInvoker$MethodInvocationAgent.invoke(TestInvoker.java:816)\n\tat org.testng.internal.TestInvoker.invokeTestMethods(TestInvoker.java:146)\n\tat org.testng.internal.TestMethodWorker.invokeTestMethods(TestMethodWorker.java:146)\n\tat org.testng.internal.TestMethodWorker.run(TestMethodWorker.java:128)\n\tat java.base/java.util.concurrent.ThreadPoolExecutor.runWorker(ThreadPoolExecutor.java:1130)\n\tat java.base/java.util.concurrent.ThreadPoolExecutor$Worker.run(ThreadPoolExecutor.java:630)\n\tat java.base/java.lang.Thread.run(Thread.java:832)\n",
  "flaky" : false,
  "newFailed" : false,
  "beforeStages" : [ {
    "name" : "Setting up Test Class",
    "time" : {
      "start" : 1593360080191,
      "stop" : 1593360081943,
      "duration" : 1752
    },
    "description" : "Setting up Test Class",
    "status" : "passed",
    "steps" : [ ],
    "attachments" : [ ],
    "parameters" : [ ],
    "stepsCount" : 0,
    "attachmentsCount" : 0,
    "shouldDisplayMessage" : false,
    "hasContent" : false
  }, {
    "name" : "Setting up Excel File",
    "time" : {
      "start" : 1593359977796,
      "stop" : 1593359977857,
      "duration" : 61
    },
    "description" : "Setting up Excel File",
    "status" : "passed",
    "steps" : [ ],
    "attachments" : [ ],
    "parameters" : [ ],
    "stepsCount" : 0,
    "attachmentsCount" : 0,
    "shouldDisplayMessage" : false,
    "hasContent" : false
  } ],
  "testStage" : {
    "description" : "[US-555]/[8] As a user I would like to use search box and be able to see results sorted by: \"Price: Lowest first\"",
    "status" : "failed",
    "statusMessage" : "Results which have been found didn't match expected sorting result PRICE: LOWEST FIRST: Lists differ at element [2]: $28.98 != $30.50 expected [$28.98] but found [$30.50]",
    "statusTrace" : "java.lang.AssertionError: Results which have been found didn't match expected sorting result PRICE: LOWEST FIRST: Lists differ at element [2]: $28.98 != $30.50 expected [$28.98] but found [$30.50]\n\tat org.testng.Assert.fail(Assert.java:97)\n\tat org.testng.Assert.assertEqualsImpl(Assert.java:136)\n\tat org.testng.Assert.assertEquals(Assert.java:1031)\n\tat com.steps.SearchPageSteps.iCanSeeThatResultsAreCorrectlySortedBy(SearchPageSteps.java:128)\n\tat tests.WebAPP.SearchBox_Tests.test_8(SearchBox_Tests.java:238)\n\tat java.base/jdk.internal.reflect.NativeMethodAccessorImpl.invoke0(Native Method)\n\tat java.base/jdk.internal.reflect.NativeMethodAccessorImpl.invoke(NativeMethodAccessorImpl.java:62)\n\tat java.base/jdk.internal.reflect.DelegatingMethodAccessorImpl.invoke(DelegatingMethodAccessorImpl.java:43)\n\tat java.base/java.lang.reflect.Method.invoke(Method.java:564)\n\tat org.testng.internal.MethodInvocationHelper.invokeMethod(MethodInvocationHelper.java:134)\n\tat org.testng.internal.TestInvoker.invokeMethod(TestInvoker.java:597)\n\tat org.testng.internal.TestInvoker.retryFailed(TestInvoker.java:213)\n\tat org.testng.internal.MethodRunner.runInSequence(MethodRunner.java:58)\n\tat org.testng.internal.TestInvoker$MethodInvocationAgent.invoke(TestInvoker.java:816)\n\tat org.testng.internal.TestInvoker.invokeTestMethods(TestInvoker.java:146)\n\tat org.testng.internal.TestMethodWorker.invokeTestMethods(TestMethodWorker.java:146)\n\tat org.testng.internal.TestMethodWorker.run(TestMethodWorker.java:128)\n\tat java.base/java.util.concurrent.ThreadPoolExecutor.runWorker(ThreadPoolExecutor.java:1130)\n\tat java.base/java.util.concurrent.ThreadPoolExecutor$Worker.run(ThreadPoolExecutor.java:630)\n\tat java.base/java.lang.Thread.run(Thread.java:832)\n",
    "steps" : [ {
      "name" : "I open home page",
      "time" : {
        "start" : 1593360081970,
        "stop" : 1593360088310,
        "duration" : 6340
      },
      "status" : "passed",
      "steps" : [ ],
      "attachments" : [ ],
      "parameters" : [ ],
      "stepsCount" : 0,
      "attachmentsCount" : 0,
      "shouldDisplayMessage" : false,
      "hasContent" : false
    }, {
      "name" : "I can see automationpractice.com website",
      "time" : {
        "start" : 1593360088310,
        "stop" : 1593360088333,
        "duration" : 23
      },
      "status" : "passed",
      "steps" : [ ],
      "attachments" : [ ],
      "parameters" : [ ],
      "stepsCount" : 0,
      "attachmentsCount" : 0,
      "shouldDisplayMessage" : false,
      "hasContent" : false
    }, {
      "name" : "I search for phrase *Printed Dress*",
      "time" : {
        "start" : 1593360088333,
        "stop" : 1593360088992,
        "duration" : 659
      },
      "status" : "passed",
      "steps" : [ ],
      "attachments" : [ ],
      "parameters" : [ {
        "name" : "searchPhrase",
        "value" : "Printed Dress"
      } ],
      "stepsCount" : 0,
      "attachmentsCount" : 0,
      "shouldDisplayMessage" : false,
      "hasContent" : true
    }, {
      "name" : "I click on search icon",
      "time" : {
        "start" : 1593360088992,
        "stop" : 1593360091924,
        "duration" : 2932
      },
      "status" : "passed",
      "steps" : [ ],
      "attachments" : [ ],
      "parameters" : [ ],
      "stepsCount" : 0,
      "attachmentsCount" : 0,
      "shouldDisplayMessage" : false,
      "hasContent" : false
    }, {
      "name" : "I can see numbers of results equals to *5*",
      "time" : {
        "start" : 1593360091924,
        "stop" : 1593360091986,
        "duration" : 62
      },
      "status" : "passed",
      "steps" : [ ],
      "attachments" : [ ],
      "parameters" : [ {
        "name" : "expectedCountOfResults",
        "value" : "5"
      } ],
      "stepsCount" : 0,
      "attachmentsCount" : 0,
      "shouldDisplayMessage" : false,
      "hasContent" : true
    }, {
      "name" : "I can see that every results which have been found contains phrase *Printed Dress*",
      "time" : {
        "start" : 1593360091986,
        "stop" : 1593360092370,
        "duration" : 384
      },
      "status" : "passed",
      "steps" : [ ],
      "attachments" : [ ],
      "parameters" : [ {
        "name" : "searchPhrase",
        "value" : "Printed Dress"
      } ],
      "stepsCount" : 0,
      "attachmentsCount" : 0,
      "shouldDisplayMessage" : false,
      "hasContent" : true
    }, {
      "name" : "I select from Dropdown Sort by *Price: Lowest first*",
      "time" : {
        "start" : 1593360092370,
        "stop" : 1593360095637,
        "duration" : 3267
      },
      "status" : "passed",
      "steps" : [ ],
      "attachments" : [ ],
      "parameters" : [ {
        "name" : "sortBy",
        "value" : "Price: Lowest first"
      } ],
      "stepsCount" : 0,
      "attachmentsCount" : 0,
      "shouldDisplayMessage" : false,
      "hasContent" : true
    }, {
      "name" : "I can see that results are correctly sorted by *Price: Lowest first*",
      "time" : {
        "start" : 1593360095638,
        "stop" : 1593360095872,
        "duration" : 234
      },
      "status" : "failed",
      "statusMessage" : "Results which have been found didn't match expected sorting result PRICE: LOWEST FIRST: Lists differ at element [2]: $28.98 != $30.50 expected [$28.98] but found [$30.50]",
      "statusTrace" : "java.lang.AssertionError: Results which have been found didn't match expected sorting result PRICE: LOWEST FIRST: Lists differ at element [2]: $28.98 != $30.50 expected [$28.98] but found [$30.50]\n\tat org.testng.Assert.fail(Assert.java:97)\n\tat org.testng.Assert.assertEqualsImpl(Assert.java:136)\n\tat org.testng.Assert.assertEquals(Assert.java:1031)\n\tat com.steps.SearchPageSteps.iCanSeeThatResultsAreCorrectlySortedBy(SearchPageSteps.java:128)\n\tat tests.WebAPP.SearchBox_Tests.test_8(SearchBox_Tests.java:238)\n\tat java.base/jdk.internal.reflect.NativeMethodAccessorImpl.invoke0(Native Method)\n\tat java.base/jdk.internal.reflect.NativeMethodAccessorImpl.invoke(NativeMethodAccessorImpl.java:62)\n\tat java.base/jdk.internal.reflect.DelegatingMethodAccessorImpl.invoke(DelegatingMethodAccessorImpl.java:43)\n\tat java.base/java.lang.reflect.Method.invoke(Method.java:564)\n\tat org.testng.internal.MethodInvocationHelper.invokeMethod(MethodInvocationHelper.java:134)\n\tat org.testng.internal.TestInvoker.invokeMethod(TestInvoker.java:597)\n\tat org.testng.internal.TestInvoker.retryFailed(TestInvoker.java:213)\n\tat org.testng.internal.MethodRunner.runInSequence(MethodRunner.java:58)\n\tat org.testng.internal.TestInvoker$MethodInvocationAgent.invoke(TestInvoker.java:816)\n\tat org.testng.internal.TestInvoker.invokeTestMethods(TestInvoker.java:146)\n\tat org.testng.internal.TestMethodWorker.invokeTestMethods(TestMethodWorker.java:146)\n\tat org.testng.internal.TestMethodWorker.run(TestMethodWorker.java:128)\n\tat java.base/java.util.concurrent.ThreadPoolExecutor.runWorker(ThreadPoolExecutor.java:1130)\n\tat java.base/java.util.concurrent.ThreadPoolExecutor$Worker.run(ThreadPoolExecutor.java:630)\n\tat java.base/java.lang.Thread.run(Thread.java:832)\n",
      "steps" : [ ],
      "attachments" : [ ],
      "parameters" : [ {
        "name" : "sortedBy",
        "value" : "Price: Lowest first"
      } ],
      "stepsCount" : 0,
      "attachmentsCount" : 0,
      "shouldDisplayMessage" : true,
      "hasContent" : true
    } ],
    "attachments" : [ {
      "uid" : "f1fe7558c54b2d40",
      "name" : "Scenario FAIL screenshot",
      "source" : "f1fe7558c54b2d40.png",
      "type" : "image/png",
      "size" : 160570
    }, {
      "uid" : "7f61271868064262",
      "name" : "TestNG test FAIL logs",
      "source" : "7f61271868064262.txt",
      "type" : "text/plain",
      "size" : 3552
    } ],
    "parameters" : [ ],
    "stepsCount" : 8,
    "attachmentsCount" : 2,
    "shouldDisplayMessage" : false,
    "hasContent" : true
  },
  "afterStages" : [ {
    "name" : "Teardown Test Class",
    "time" : {
      "start" : 1593360096281,
      "stop" : 1593360096460,
      "duration" : 179
    },
    "description" : "Teardown Test Class",
    "status" : "passed",
    "steps" : [ ],
    "attachments" : [ ],
    "parameters" : [ ],
    "stepsCount" : 0,
    "attachmentsCount" : 0,
    "shouldDisplayMessage" : false,
    "hasContent" : false
  }, {
    "name" : "Teardown Test Suite",
    "time" : {
      "start" : 1593360186846,
      "stop" : 1593360187755,
      "duration" : 909
    },
    "description" : "Teardown Test Suite",
    "status" : "passed",
    "steps" : [ ],
    "attachments" : [ ],
    "parameters" : [ ],
    "stepsCount" : 0,
    "attachmentsCount" : 0,
    "shouldDisplayMessage" : false,
    "hasContent" : false
  } ],
  "labels" : [ {
    "name" : "package",
    "value" : "tests.WebAPP.SearchBox_Tests"
  }, {
    "name" : "testClass",
    "value" : "tests.WebAPP.SearchBox_Tests"
  }, {
    "name" : "testMethod",
    "value" : "test_8"
  }, {
    "name" : "parentSuite",
    "value" : "Automationpractice.com WEB - Kamil Nowocin"
  }, {
    "name" : "suite",
    "value" : "Automated tests for WEB client"
  }, {
    "name" : "subSuite",
    "value" : "tests.WebAPP.SearchBox_Tests"
  }, {
    "name" : "host",
    "value" : "travis-job-5a34b5bc-48f2-4008-b80b-8a848f070556"
  }, {
    "name" : "thread",
    "value" : "6395@travis-job-5a34b5bc-48f2-4008-b80b-8a848f070556.TestNG-test=Automated tests for WEB client-3(39)"
  }, {
    "name" : "framework",
    "value" : "testng"
  }, {
    "name" : "language",
    "value" : "java"
  }, {
    "name" : "owner",
    "value" : "Kamil Nowocin"
  }, {
    "name" : "story",
    "value" : "POSITIVE FLOW"
  }, {
    "name" : "feature",
    "value" : "SEARCHBOX TESTS"
  }, {
    "name" : "epic",
    "value" : "Web App Tests"
  }, {
    "name" : "severity",
    "value" : "critical"
  }, {
    "name" : "resultFormat",
    "value" : "allure2"
  } ],
  "parameters" : [ ],
  "links" : [ {
    "name" : "STORY-555",
    "url" : "https://tracker.FAKE.com/jira/browse/AUTOMATION_PRACTICE/STORY-555",
    "type" : "tms"
  }, {
    "name" : "TAP-0038",
    "url" : "https://tracker.FAKE.com/jira/browse/AUTOMATION_PRACTICE/issue/TAP-0038",
    "type" : "issue"
  } ],
  "hidden" : false,
  "retry" : false,
  "extra" : {
    "severity" : "critical",
    "owner" : "Kamil Nowocin",
    "retries" : [ {
      "uid" : "8372501d2b5c8fcf",
      "status" : "skipped",
      "statusDetails" : "Results which have been found didn't match expected sorting result PRICE: LOWEST FIRST: Lists differ at element [2]: $28.98 != $30.50 expected [$28.98] but found [$30.50]",
      "time" : {
        "start" : 1593360066854,
        "stop" : 1593360080066,
        "duration" : 13212
      }
    } ],
    "categories" : [ {
      "name" : "Product defects",
      "matchedStatuses" : [ ],
      "flaky" : false
    } ],
    "history" : {
      "statistic" : {
        "failed" : 138,
        "broken" : 7,
        "skipped" : 15,
        "passed" : 0,
        "unknown" : 0,
        "total" : 160
      },
      "items" : [ {
        "uid" : "de7018ad20eefb5c",
        "reportUrl" : "https://travis-ci.com/kamil-nowocin/Test_Automation-automationpractice/builds/173182993/#testresult/de7018ad20eefb5c",
        "status" : "failed",
        "statusDetails" : "Results which have been found didn't match expected sorting result PRICE: LOWEST FIRST: Lists differ at element [2]: $28.98 != $30.50 expected [$28.98] but found [$30.50]",
        "time" : {
          "start" : 1593187210587,
          "stop" : 1593187221184,
          "duration" : 10597
        }
      }, {
        "uid" : "283738eed0c146d2",
        "reportUrl" : "https://travis-ci.com/kamil-nowocin/Test_Automation-automationpractice/builds/173035534/#testresult/283738eed0c146d2",
        "status" : "failed",
        "statusDetails" : "Results which have been found didn't match expected sorting result PRICE: LOWEST FIRST: Lists differ at element [2]: $28.98 != $30.50 expected [$28.98] but found [$30.50]",
        "time" : {
          "start" : 1593100776420,
          "stop" : 1593100787380,
          "duration" : 10960
        }
      }, {
        "uid" : "fd6bf7d63de001d2",
        "reportUrl" : "https://travis-ci.com/kamil-nowocin/Test_Automation-automationpractice/builds/172870588/#testresult/fd6bf7d63de001d2",
        "status" : "failed",
        "statusDetails" : "Results which have been found didn't match expected sorting result PRICE: LOWEST FIRST: Lists differ at element [2]: $28.98 != $30.50 expected [$28.98] but found [$30.50]",
        "time" : {
          "start" : 1593014349591,
          "stop" : 1593014366813,
          "duration" : 17222
        }
      }, {
        "uid" : "6d72f5659d3977f0",
        "reportUrl" : "https://travis-ci.com/kamil-nowocin/Test_Automation-automationpractice/builds/172699798/#testresult/6d72f5659d3977f0",
        "status" : "failed",
        "statusDetails" : "Results which have been found didn't match expected sorting result PRICE: LOWEST FIRST: Lists differ at element [2]: $28.98 != $30.50 expected [$28.98] but found [$30.50]",
        "time" : {
          "start" : 1592927902594,
          "stop" : 1592927913409,
          "duration" : 10815
        }
      }, {
        "uid" : "aa108a7a290d8aff",
        "reportUrl" : "https://travis-ci.com/kamil-nowocin/Test_Automation-automationpractice/builds/172522096/#testresult/aa108a7a290d8aff",
        "status" : "broken",
        "statusDetails" : "timeout: Timed out receiving message from renderer: 1.735\n  (Session info: chrome=83.0.4103.106)\nBuild info: version: '3.141.59', revision: 'e82be7d358', time: '2018-11-14T08:17:03'\nSystem info: host: 'travis-job-89063f09-7069-46dc-9628-18228b6cbca2', ip: '127.0.0.1', os.name: 'Linux', os.arch: 'amd64', os.version: '5.0.0-1031-gcp', java.version: '14.0.1'\nDriver info: org.openqa.selenium.chrome.ChromeDriver\nCapabilities {acceptInsecureCerts: false, browserName: chrome, browserVersion: 83.0.4103.106, chrome: {chromedriverVersion: 83.0.4103.39 (ccbf011cb2d2b..., userDataDir: /tmp/.com.google.Chrome.NN1HqI}, goog:chromeOptions: {debuggerAddress: localhost:41985}, javascriptEnabled: true, networkConnectionEnabled: false, pageLoadStrategy: normal, platform: LINUX, platformName: LINUX, proxy: Proxy(), setWindowRect: true, strictFileInteractability: false, timeouts: {implicit: 0, pageLoad: 300000, script: 30000}, unhandledPromptBehavior: dismiss and notify, webauthn:virtualAuthenticators: true}\nSession ID: 9da3999fe75273df367cd4607b397624",
        "time" : {
          "start" : 1592841480300,
          "stop" : 1592841510739,
          "duration" : 30439
        }
      } ]
    },
    "tags" : [ ]
  },
  "source" : "326f3311b27a7f74.json",
  "parameterValues" : [ ]
}