{"uid":"33aa5367e08cbf61","name":"[US-333]/[5] I can't create an account, when one of required fields is missing","fullName":"tests.WebAPP.Registration_Tests.test_5","historyId":"fd2c3e9daa5d973f4588b999665c6b31","time":{"start":1659692227764,"stop":1659692277323,"duration":49559},"description":"[US-333]/[5] As a user I can't create an account, when one of required fields is missing","descriptionHtml":"<p>[US-333]/[5] As a user I can't create an account, when one of required fields is missing</p>\n","status":"failed","statusMessage":"Value which have been found didn't match expected value! expected [alaska] but found []","statusTrace":"java.lang.AssertionError: Value which have been found didn't match expected value! expected [alaska] but found []\n\tat org.testng.Assert.fail(Assert.java:99)\n\tat org.testng.Assert.failNotEquals(Assert.java:1037)\n\tat org.testng.Assert.assertEqualsImpl(Assert.java:140)\n\tat org.testng.Assert.assertEquals(Assert.java:122)\n\tat org.testng.Assert.assertEquals(Assert.java:629)\n\tat com.steps.RegistrationPageSteps.iWriteFollowingDataToRegistrationForm(RegistrationPageSteps.java:160)\n\tat tests.WebAPP.Registration_Tests.test_5(Registration_Tests.java:204)\n\tat java.base/jdk.internal.reflect.NativeMethodAccessorImpl.invoke0(Native Method)\n\tat java.base/jdk.internal.reflect.NativeMethodAccessorImpl.invoke(NativeMethodAccessorImpl.java:62)\n\tat java.base/jdk.internal.reflect.DelegatingMethodAccessorImpl.invoke(DelegatingMethodAccessorImpl.java:43)\n\tat java.base/java.lang.reflect.Method.invoke(Method.java:564)\n\tat org.testng.internal.MethodInvocationHelper.invokeMethod(MethodInvocationHelper.java:132)\n\tat org.testng.internal.TestInvoker.invokeMethod(TestInvoker.java:599)\n\tat org.testng.internal.TestInvoker.retryFailed(TestInvoker.java:214)\n\tat org.testng.internal.MethodRunner.runInSequence(MethodRunner.java:58)\n\tat org.testng.internal.TestInvoker$MethodInvocationAgent.invoke(TestInvoker.java:822)\n\tat org.testng.internal.TestInvoker.invokeTestMethods(TestInvoker.java:147)\n\tat org.testng.internal.TestMethodWorker.invokeTestMethods(TestMethodWorker.java:146)\n\tat org.testng.internal.TestMethodWorker.run(TestMethodWorker.java:128)\n\tat java.base/java.util.concurrent.ThreadPoolExecutor.runWorker(ThreadPoolExecutor.java:1130)\n\tat java.base/java.util.concurrent.ThreadPoolExecutor$Worker.run(ThreadPoolExecutor.java:630)\n\tat java.base/java.lang.Thread.run(Thread.java:832)\n","flaky":false,"newFailed":false,"newBroken":false,"newPassed":false,"retriesCount":1,"retriesStatusChange":true,"beforeStages":[{"name":"Setting up Excel File","time":{"start":1659691519014,"stop":1659691519083,"duration":69},"description":"Setting up Excel File","status":"passed","steps":[],"attachments":[],"parameters":[],"stepsCount":0,"attachmentsCount":0,"shouldDisplayMessage":false,"hasContent":false},{"name":"Setting up Test Class","time":{"start":1659692227128,"stop":1659692227762,"duration":634},"description":"Setting up Test Class","status":"passed","steps":[],"attachments":[],"parameters":[],"stepsCount":0,"attachmentsCount":0,"shouldDisplayMessage":false,"hasContent":false}],"testStage":{"description":"[US-333]/[5] As a user I can't create an account, when one of required fields is missing","status":"failed","statusMessage":"Value which have been found didn't match expected value! expected [alaska] but found []","statusTrace":"java.lang.AssertionError: Value which have been found didn't match expected value! expected [alaska] but found []\n\tat org.testng.Assert.fail(Assert.java:99)\n\tat org.testng.Assert.failNotEquals(Assert.java:1037)\n\tat org.testng.Assert.assertEqualsImpl(Assert.java:140)\n\tat org.testng.Assert.assertEquals(Assert.java:122)\n\tat org.testng.Assert.assertEquals(Assert.java:629)\n\tat com.steps.RegistrationPageSteps.iWriteFollowingDataToRegistrationForm(RegistrationPageSteps.java:160)\n\tat tests.WebAPP.Registration_Tests.test_5(Registration_Tests.java:204)\n\tat java.base/jdk.internal.reflect.NativeMethodAccessorImpl.invoke0(Native Method)\n\tat java.base/jdk.internal.reflect.NativeMethodAccessorImpl.invoke(NativeMethodAccessorImpl.java:62)\n\tat java.base/jdk.internal.reflect.DelegatingMethodAccessorImpl.invoke(DelegatingMethodAccessorImpl.java:43)\n\tat java.base/java.lang.reflect.Method.invoke(Method.java:564)\n\tat org.testng.internal.MethodInvocationHelper.invokeMethod(MethodInvocationHelper.java:132)\n\tat org.testng.internal.TestInvoker.invokeMethod(TestInvoker.java:599)\n\tat org.testng.internal.TestInvoker.retryFailed(TestInvoker.java:214)\n\tat org.testng.internal.MethodRunner.runInSequence(MethodRunner.java:58)\n\tat org.testng.internal.TestInvoker$MethodInvocationAgent.invoke(TestInvoker.java:822)\n\tat org.testng.internal.TestInvoker.invokeTestMethods(TestInvoker.java:147)\n\tat org.testng.internal.TestMethodWorker.invokeTestMethods(TestMethodWorker.java:146)\n\tat org.testng.internal.TestMethodWorker.run(TestMethodWorker.java:128)\n\tat java.base/java.util.concurrent.ThreadPoolExecutor.runWorker(ThreadPoolExecutor.java:1130)\n\tat java.base/java.util.concurrent.ThreadPoolExecutor$Worker.run(ThreadPoolExecutor.java:630)\n\tat java.base/java.lang.Thread.run(Thread.java:832)\n","steps":[{"name":"I open home page","time":{"start":1659692242634,"stop":1659692253159,"duration":10525},"status":"passed","steps":[],"attachments":[],"parameters":[],"stepsCount":0,"attachmentsCount":0,"shouldDisplayMessage":false,"hasContent":false},{"name":"I can see automationpractice.com website","time":{"start":1659692253160,"stop":1659692253164,"duration":4},"status":"passed","steps":[],"attachments":[],"parameters":[],"stepsCount":0,"attachmentsCount":0,"shouldDisplayMessage":false,"hasContent":false},{"name":"I click on Sign in button","time":{"start":1659692253164,"stop":1659692265083,"duration":11919},"status":"passed","steps":[],"attachments":[],"parameters":[],"stepsCount":0,"attachmentsCount":0,"shouldDisplayMessage":false,"hasContent":false},{"name":"I can see registration page form","time":{"start":1659692265083,"stop":1659692265151,"duration":68},"status":"passed","steps":[],"attachments":[],"parameters":[],"stepsCount":0,"attachmentsCount":0,"shouldDisplayMessage":false,"hasContent":false},{"name":"I write an email address","time":{"start":1659692265151,"stop":1659692265278,"duration":127},"status":"passed","steps":[],"attachments":[],"parameters":[],"stepsCount":0,"attachmentsCount":0,"shouldDisplayMessage":false,"hasContent":false},{"name":"I click on Create An Account button","time":{"start":1659692265278,"stop":1659692265366,"duration":88},"status":"passed","steps":[],"attachments":[],"parameters":[],"stepsCount":0,"attachmentsCount":0,"shouldDisplayMessage":false,"hasContent":false},{"name":"I write following data to registration form","time":{"start":1659692265366,"stop":1659692277141,"duration":11775},"status":"failed","statusMessage":"Value which have been found didn't match expected value! expected [alaska] but found []","statusTrace":"java.lang.AssertionError: Value which have been found didn't match expected value! expected [alaska] but found []\n\tat org.testng.Assert.fail(Assert.java:99)\n\tat org.testng.Assert.failNotEquals(Assert.java:1037)\n\tat org.testng.Assert.assertEqualsImpl(Assert.java:140)\n\tat org.testng.Assert.assertEquals(Assert.java:122)\n\tat org.testng.Assert.assertEquals(Assert.java:629)\n\tat com.steps.RegistrationPageSteps.iWriteFollowingDataToRegistrationForm(RegistrationPageSteps.java:160)\n\tat tests.WebAPP.Registration_Tests.test_5(Registration_Tests.java:204)\n\tat java.base/jdk.internal.reflect.NativeMethodAccessorImpl.invoke0(Native Method)\n\tat java.base/jdk.internal.reflect.NativeMethodAccessorImpl.invoke(NativeMethodAccessorImpl.java:62)\n\tat java.base/jdk.internal.reflect.DelegatingMethodAccessorImpl.invoke(DelegatingMethodAccessorImpl.java:43)\n\tat java.base/java.lang.reflect.Method.invoke(Method.java:564)\n\tat org.testng.internal.MethodInvocationHelper.invokeMethod(MethodInvocationHelper.java:132)\n\tat org.testng.internal.TestInvoker.invokeMethod(TestInvoker.java:599)\n\tat org.testng.internal.TestInvoker.retryFailed(TestInvoker.java:214)\n\tat org.testng.internal.MethodRunner.runInSequence(MethodRunner.java:58)\n\tat org.testng.internal.TestInvoker$MethodInvocationAgent.invoke(TestInvoker.java:822)\n\tat org.testng.internal.TestInvoker.invokeTestMethods(TestInvoker.java:147)\n\tat org.testng.internal.TestMethodWorker.invokeTestMethods(TestMethodWorker.java:146)\n\tat org.testng.internal.TestMethodWorker.run(TestMethodWorker.java:128)\n\tat java.base/java.util.concurrent.ThreadPoolExecutor.runWorker(ThreadPoolExecutor.java:1130)\n\tat java.base/java.util.concurrent.ThreadPoolExecutor$Worker.run(ThreadPoolExecutor.java:630)\n\tat java.base/java.lang.Thread.run(Thread.java:832)\n","steps":[],"attachments":[],"parameters":[{"name":"dataTable","value":"      | First Name | Last Name | Password   | Address | City | State  | Postal Code | Country       | Mobile Phone |\n      | Thor       | Odinson   | #Passwd123 | [empty] | City | Alaska | 99503       | United States | 700-800-900  |\n"}],"stepsCount":0,"attachmentsCount":0,"shouldDisplayMessage":true,"hasContent":true}],"attachments":[{"uid":"9e1a3298c36481b","name":"Scenario FAIL screenshot","source":"9e1a3298c36481b.png","type":"image/png","size":36524},{"uid":"3a17827032427c38","name":"TestNG test FAIL logs","source":"3a17827032427c38.txt","type":"text/plain","size":3416}],"parameters":[],"stepsCount":7,"attachmentsCount":2,"shouldDisplayMessage":false,"hasContent":true},"afterStages":[{"name":"Teardown Test Class","time":{"start":1659692277328,"stop":1659692277404,"duration":76},"description":"Teardown Test Class","status":"passed","steps":[],"attachments":[],"parameters":[],"stepsCount":0,"attachmentsCount":0,"shouldDisplayMessage":false,"hasContent":false},{"name":"Teardown Test Suite","time":{"start":1659692635103,"stop":1659692636221,"duration":1118},"description":"Teardown Test Suite","status":"passed","steps":[],"attachments":[],"parameters":[],"stepsCount":0,"attachmentsCount":0,"shouldDisplayMessage":false,"hasContent":false}],"labels":[{"name":"package","value":"tests.WebAPP.Registration_Tests"},{"name":"testClass","value":"tests.WebAPP.Registration_Tests"},{"name":"testMethod","value":"test_5"},{"name":"parentSuite","value":"Automationpractice.com WEB - Kamil Nowocin"},{"name":"suite","value":"Automated tests for WEB client"},{"name":"subSuite","value":"tests.WebAPP.Registration_Tests"},{"name":"host","value":"travis-job-12e4fc89-6dff-443d-b80b-88decf99b40d"},{"name":"thread","value":"6691@travis-job-12e4fc89-6dff-443d-b80b-88decf99b40d.TestNG-test=Automated tests for WEB client-2(24)"},{"name":"framework","value":"testng"},{"name":"language","value":"java"},{"name":"story","value":"NEGATIVE FLOW"},{"name":"owner","value":"Kamil Nowocin"},{"name":"epic","value":"Web App Tests"},{"name":"feature","value":"REGISTRATION TESTS"},{"name":"severity","value":"normal"},{"name":"resultFormat","value":"allure2"}],"parameters":[],"links":[{"name":"TAP-0017","url":"https://tracker.FAKE.com/jira/browse/AUTOMATION_PRACTICE/issue/TAP-0017","type":"issue"},{"name":"STORY-333","url":"https://tracker.FAKE.com/jira/browse/AUTOMATION_PRACTICE/STORY-333","type":"tms"}],"hidden":false,"retry":false,"extra":{"severity":"normal","owner":"Kamil Nowocin","retries":[{"uid":"cd7ae15610461fdb","status":"skipped","statusDetails":"Value which have been found didn't match expected value! expected [alaska] but found []","time":{"start":1659692168538,"stop":1659692227045,"duration":58507}}],"categories":[{"name":"Product defects","matchedStatuses":[],"flaky":false}],"history":{"statistic":{"failed":5,"broken":10,"skipped":37,"passed":364,"unknown":0,"total":416},"items":[{"uid":"1f95a6a989ee0f99","reportUrl":"https://app.travis-ci.com/kamil-nowocin/Test_Automation-automationpractice/builds/253785536/#testresult/1f95a6a989ee0f99","status":"failed","statusDetails":"Value which have been found didn't match expected value! expected [alaska] but found []","time":{"start":1659087339270,"stop":1659087378682,"duration":39412}},{"uid":"ca0159efd4a3746a","reportUrl":"https://app.travis-ci.com/kamil-nowocin/Test_Automation-automationpractice/builds/253517164/#testresult/ca0159efd4a3746a","status":"skipped","statusDetails":"Method Registration_Tests.test_5()[pri:1, instance:tests.WebAPP.Registration_Tests@18c52ced] depends on not successfully finished methods","time":{"start":1658482143310,"stop":1658482143310,"duration":0}},{"uid":"25bfaa9294d15053","reportUrl":"https://app.travis-ci.com/kamil-nowocin/Test_Automation-automationpractice/builds/253242574/#testresult/25bfaa9294d15053","status":"broken","statusDetails":"unknown error: cannot determine loading status\nfrom unknown error: unexpected command response\n  (Session info: chrome=103.0.5060.114)\nBuild info: version: '3.141.59', revision: 'e82be7d358', time: '2018-11-14T08:17:03'\nSystem info: host: 'travis-job-15cdc169-8e30-4cb8-91b4-a9263fb7f21d', ip: '127.0.0.1', os.name: 'Linux', os.arch: 'amd64', os.version: '5.4.0-1080-gcp', java.version: '14.0.2'\nDriver info: org.openqa.selenium.chrome.ChromeDriver\nCapabilities {acceptInsecureCerts: false, browserName: chrome, browserVersion: 103.0.5060.114, chrome: {chromedriverVersion: 103.0.5060.53 (a1711811edd7..., userDataDir: /tmp/.com.google.Chrome.h8bSGG}, goog:chromeOptions: {debuggerAddress: localhost:42749}, javascriptEnabled: true, networkConnectionEnabled: false, pageLoadStrategy: normal, platform: LINUX, platformName: LINUX, proxy: Proxy(), setWindowRect: true, strictFileInteractability: false, timeouts: {implicit: 0, pageLoad: 300000, script: 30000}, unhandledPromptBehavior: dismiss and notify, webauthn:extension:credBlob: true, webauthn:extension:largeBlob: true, webauthn:virtualAuthenticators: true}\nSession ID: 35e8c772aad3867b2ebcb5641225542e","time":{"start":1657877353861,"stop":1657877362122,"duration":8261}},{"uid":"dd61fa3dc67681d1","reportUrl":"https://app.travis-ci.com/kamil-nowocin/Test_Automation-automationpractice/builds/252975619/#testresult/dd61fa3dc67681d1","status":"skipped","statusDetails":"Method Registration_Tests.test_5()[pri:1, instance:tests.WebAPP.Registration_Tests@2f5af60d] depends on not successfully finished methods","time":{"start":1657272269824,"stop":1657272269824,"duration":0}},{"uid":"303960c148cc4dac","reportUrl":"https://app.travis-ci.com/kamil-nowocin/Test_Automation-automationpractice/builds/252661091/#testresult/303960c148cc4dac","status":"broken","statusDetails":"unknown error: cannot determine loading status\nfrom unknown error: unexpected command response\n  (Session info: chrome=103.0.5060.53)\nBuild info: version: '3.141.59', revision: 'e82be7d358', time: '2018-11-14T08:17:03'\nSystem info: host: 'travis-job-cb9eab59-5ed5-4fab-81b7-ec633d891b06', ip: '127.0.0.1', os.name: 'Linux', os.arch: 'amd64', os.version: '5.4.0-1080-gcp', java.version: '14.0.2'\nDriver info: org.openqa.selenium.chrome.ChromeDriver\nCapabilities {acceptInsecureCerts: false, browserName: chrome, browserVersion: 103.0.5060.53, chrome: {chromedriverVersion: 103.0.5060.53 (a1711811edd7..., userDataDir: /tmp/.com.google.Chrome.uO0rFr}, goog:chromeOptions: {debuggerAddress: localhost:41749}, javascriptEnabled: true, networkConnectionEnabled: false, pageLoadStrategy: normal, platform: LINUX, platformName: LINUX, proxy: Proxy(), setWindowRect: true, strictFileInteractability: false, timeouts: {implicit: 0, pageLoad: 300000, script: 30000}, unhandledPromptBehavior: dismiss and notify, webauthn:extension:credBlob: true, webauthn:extension:largeBlob: true, webauthn:virtualAuthenticators: true}\nSession ID: 9d948f3e883d52a9a599196f03b1ac47","time":{"start":1656667651883,"stop":1656667663002,"duration":11119}},{"uid":"bb586fff74f0cb44","reportUrl":"https://app.travis-ci.com/kamil-nowocin/Test_Automation-automationpractice/builds/252375408/#testresult/bb586fff74f0cb44","status":"skipped","statusDetails":"Method Registration_Tests.test_5()[pri:1, instance:tests.WebAPP.Registration_Tests@3d8723cd] depends on not successfully finished methods","time":{"start":1656062786048,"stop":1656062786050,"duration":2}},{"uid":"abfbfd696030fc77","reportUrl":"https://app.travis-ci.com/kamil-nowocin/Test_Automation-automationpractice/builds/252087816/#testresult/abfbfd696030fc77","status":"passed","time":{"start":1655458260488,"stop":1655458281529,"duration":21041}},{"uid":"36264a41a3c91b4c","reportUrl":"https://app.travis-ci.com/kamil-nowocin/Test_Automation-automationpractice/builds/251799801/#testresult/36264a41a3c91b4c","status":"skipped","statusDetails":"Method Registration_Tests.test_5()[pri:1, instance:tests.WebAPP.Registration_Tests@2ea13e23] depends on not successfully finished methods","time":{"start":1654853189055,"stop":1654853189056,"duration":1}},{"uid":"5020ea3d1c2c95c4","reportUrl":"https://app.travis-ci.com/kamil-nowocin/Test_Automation-automationpractice/builds/251202991/#testresult/5020ea3d1c2c95c4","status":"skipped","statusDetails":"Method Registration_Tests.test_5()[pri:1, instance:tests.WebAPP.Registration_Tests@3021eeca] depends on not successfully finished methods","time":{"start":1653643580455,"stop":1653643580455,"duration":0}},{"uid":"869a8d252b7e21cf","reportUrl":"https://app.travis-ci.com/kamil-nowocin/Test_Automation-automationpractice/builds/250914721/#testresult/869a8d252b7e21cf","status":"skipped","statusDetails":"Method Registration_Tests.test_5()[pri:1, instance:tests.WebAPP.Registration_Tests@77c0faa6] depends on not successfully finished methods","time":{"start":1653038656106,"stop":1653038656106,"duration":0}},{"uid":"df8eb3fe574f5598","reportUrl":"https://app.travis-ci.com/kamil-nowocin/Test_Automation-automationpractice/builds/250614814/#testresult/df8eb3fe574f5598","status":"passed","time":{"start":1652434229768,"stop":1652434299252,"duration":69484}},{"uid":"97ba089b43362c3","reportUrl":"https://app.travis-ci.com/kamil-nowocin/Test_Automation-automationpractice/builds/250306724/#testresult/97ba089b43362c3","status":"passed","time":{"start":1651829175571,"stop":1651829203882,"duration":28311}},{"uid":"d4b84bf469cf8279","reportUrl":"https://app.travis-ci.com/kamil-nowocin/Test_Automation-automationpractice/builds/250038525/#testresult/d4b84bf469cf8279","status":"failed","statusDetails":"Value which have been found didn't match expected value! expected [alaska] but found []","time":{"start":1651224423371,"stop":1651224437851,"duration":14480}},{"uid":"88560a37ab696d11","reportUrl":"https://app.travis-ci.com/kamil-nowocin/Test_Automation-automationpractice/builds/249734656/#testresult/88560a37ab696d11","status":"passed","time":{"start":1650619486323,"stop":1650619512582,"duration":26259}},{"uid":"108f4548dc8ffc9","reportUrl":"https://app.travis-ci.com/kamil-nowocin/Test_Automation-automationpractice/builds/249462194/#testresult/108f4548dc8ffc9","status":"failed","statusDetails":"Value which have been found didn't match expected value! expected [alaska] but found []","time":{"start":1650014594306,"stop":1650014614036,"duration":19730}},{"uid":"939ca572917b0eb","reportUrl":"https://app.travis-ci.com/kamil-nowocin/Test_Automation-automationpractice/builds/249127487/#testresult/939ca572917b0eb","status":"passed","time":{"start":1649410026708,"stop":1649410056144,"duration":29436}},{"uid":"4108ee863c3301e7","reportUrl":"https://app.travis-ci.com/kamil-nowocin/Test_Automation-automationpractice/builds/248784009/#testresult/4108ee863c3301e7","status":"passed","time":{"start":1648804979504,"stop":1648804993369,"duration":13865}},{"uid":"c6a9bfdf553e31c","reportUrl":"https://app.travis-ci.com/kamil-nowocin/Test_Automation-automationpractice/builds/248427856/#testresult/c6a9bfdf553e31c","status":"passed","time":{"start":1648200176614,"stop":1648200189684,"duration":13070}},{"uid":"119acf4facd8aca1","reportUrl":"https://app.travis-ci.com/kamil-nowocin/Test_Automation-automationpractice/builds/248092754/#testresult/119acf4facd8aca1","status":"skipped","statusDetails":"Method Registration_Tests.test_5()[pri:1, instance:tests.WebAPP.Registration_Tests@2f5af60d] depends on not successfully finished methods","time":{"start":1647595290652,"stop":1647595290653,"duration":1}},{"uid":"bf2a0647c53ac232","reportUrl":"https://app.travis-ci.com/kamil-nowocin/Test_Automation-automationpractice/builds/247748235/#testresult/bf2a0647c53ac232","status":"skipped","statusDetails":"Method Registration_Tests.test_5()[pri:1, instance:tests.WebAPP.Registration_Tests@73dd36d8] depends on not successfully finished methods","time":{"start":1646990373402,"stop":1646990373402,"duration":0}}]},"tags":[]},"source":"33aa5367e08cbf61.json","parameterValues":[]}