{
  "uid" : "36362dfa370e701b",
  "name" : "[US-555]/[7] I would like to use search box and be able to see results sorted by: \"Price: Highest first\"",
  "fullName" : "tests.WebAPP.SearchBox_Tests.test_7",
  "historyId" : "4a7f8c57b8740ff479e116a1155c68a5",
  "time" : {
    "start" : 1635498666383,
    "stop" : 1635498698826,
    "duration" : 32443
  },
  "description" : "[US-555]/[7] As a user I would like to use search box and be able to see results sorted by: \"Price: Highest first\"",
  "descriptionHtml" : "<p>[US-555]/[7] As a user I would like to use search box and be able to see results sorted by: &quot;Price: Highest first&quot;</p>\n",
  "status" : "broken",
  "statusMessage" : "Expected condition failed: waiting for visibility of Proxy element for: DefaultElementLocator 'By.xpath: //input[@class='search_query form-control ac_input']' (tried for 15 second(s) with 500 milliseconds interval)",
  "statusTrace" : "org.openqa.selenium.TimeoutException: Expected condition failed: waiting for visibility of Proxy element for: DefaultElementLocator 'By.xpath: //input[@class='search_query form-control ac_input']' (tried for 15 second(s) with 500 milliseconds interval)\n\tat org.openqa.selenium.support.ui.WebDriverWait.timeoutException(WebDriverWait.java:95)\n\tat org.openqa.selenium.support.ui.FluentWait.until(FluentWait.java:272)\n\tat com.buildSettings.TestCommons.waitForElementToBeVisible(TestCommons.java:50)\n\tat com.buildSettings.TestCommons.customSendKeys(TestCommons.java:145)\n\tat com.steps.SearchPageSteps.iSearchForPhrase(SearchPageSteps.java:35)\n\tat tests.WebAPP.SearchBox_Tests.test_7(SearchBox_Tests.java:209)\n\tat java.base/jdk.internal.reflect.NativeMethodAccessorImpl.invoke0(Native Method)\n\tat java.base/jdk.internal.reflect.NativeMethodAccessorImpl.invoke(NativeMethodAccessorImpl.java:62)\n\tat java.base/jdk.internal.reflect.DelegatingMethodAccessorImpl.invoke(DelegatingMethodAccessorImpl.java:43)\n\tat java.base/java.lang.reflect.Method.invoke(Method.java:564)\n\tat org.testng.internal.MethodInvocationHelper.invokeMethod(MethodInvocationHelper.java:132)\n\tat org.testng.internal.TestInvoker.invokeMethod(TestInvoker.java:599)\n\tat org.testng.internal.TestInvoker.retryFailed(TestInvoker.java:214)\n\tat org.testng.internal.MethodRunner.runInSequence(MethodRunner.java:58)\n\tat org.testng.internal.TestInvoker$MethodInvocationAgent.invoke(TestInvoker.java:822)\n\tat org.testng.internal.TestInvoker.invokeTestMethods(TestInvoker.java:147)\n\tat org.testng.internal.TestMethodWorker.invokeTestMethods(TestMethodWorker.java:146)\n\tat org.testng.internal.TestMethodWorker.run(TestMethodWorker.java:128)\n\tat java.base/java.util.concurrent.ThreadPoolExecutor.runWorker(ThreadPoolExecutor.java:1130)\n\tat java.base/java.util.concurrent.ThreadPoolExecutor$Worker.run(ThreadPoolExecutor.java:630)\n\tat java.base/java.lang.Thread.run(Thread.java:832)\nCaused by: org.openqa.selenium.NoSuchElementException: no such element: Unable to locate element: {\"method\":\"xpath\",\"selector\":\"//input[@class='search_query form-control ac_input']\"}\n  (Session info: chrome=95.0.4638.69)\nFor documentation on this error, please visit: https://www.seleniumhq.org/exceptions/no_such_element.html\nBuild info: version: '3.141.59', revision: 'e82be7d358', time: '2018-11-14T08:17:03'\nSystem info: host: 'travis-job-1d0b1720-871e-40c7-bcef-8010340ba1db', ip: '127.0.0.1', os.name: 'Linux', os.arch: 'amd64', os.version: '5.4.0-1049-gcp', java.version: '14.0.2'\nDriver info: org.openqa.selenium.chrome.ChromeDriver\nCapabilities {acceptInsecureCerts: false, browserName: chrome, browserVersion: 95.0.4638.69, chrome: {chromedriverVersion: 95.0.4638.54 (d31a821ec901f..., userDataDir: /tmp/.com.google.Chrome.LNw1tz}, goog:chromeOptions: {debuggerAddress: localhost:36519}, javascriptEnabled: true, networkConnectionEnabled: false, pageLoadStrategy: normal, platform: LINUX, platformName: LINUX, proxy: Proxy(), setWindowRect: true, strictFileInteractability: false, timeouts: {implicit: 0, pageLoad: 300000, script: 30000}, unhandledPromptBehavior: dismiss and notify, webauthn:extension:credBlob: true, webauthn:extension:largeBlob: true, webauthn:virtualAuthenticators: true}\nSession ID: 5abb166b0c5a10ab0872f7a3796d19ba\n*** Element info: {Using=xpath, value=//input[@class='search_query form-control ac_input']}\n\tat jdk.internal.reflect.GeneratedConstructorAccessor44.newInstance(Unknown Source)\n\tat java.base/jdk.internal.reflect.DelegatingConstructorAccessorImpl.newInstance(DelegatingConstructorAccessorImpl.java:45)\n\tat java.base/java.lang.reflect.Constructor.newInstanceWithCaller(Constructor.java:500)\n\tat java.base/java.lang.reflect.Constructor.newInstance(Constructor.java:481)\n\tat org.openqa.selenium.remote.http.W3CHttpResponseCodec.createException(W3CHttpResponseCodec.java:187)\n\tat org.openqa.selenium.remote.http.W3CHttpResponseCodec.decode(W3CHttpResponseCodec.java:122)\n\tat org.openqa.selenium.remote.http.W3CHttpResponseCodec.decode(W3CHttpResponseCodec.java:49)\n\tat org.openqa.selenium.remote.HttpCommandExecutor.execute(HttpCommandExecutor.java:158)\n\tat org.openqa.selenium.remote.service.DriverCommandExecutor.execute(DriverCommandExecutor.java:83)\n\tat org.openqa.selenium.remote.RemoteWebDriver.execute(RemoteWebDriver.java:552)\n\tat org.openqa.selenium.remote.RemoteWebDriver.findElement(RemoteWebDriver.java:323)\n\tat org.openqa.selenium.remote.RemoteWebDriver.findElementByXPath(RemoteWebDriver.java:428)\n\tat org.openqa.selenium.By$ByXPath.findElement(By.java:353)\n\tat org.openqa.selenium.remote.RemoteWebDriver.findElement(RemoteWebDriver.java:315)\n\tat org.openqa.selenium.support.pagefactory.DefaultElementLocator.findElement(DefaultElementLocator.java:69)\n\tat org.openqa.selenium.support.pagefactory.internal.LocatingElementHandler.invoke(LocatingElementHandler.java:38)\n\tat com.sun.proxy.$Proxy48.isDisplayed(Unknown Source)\n\tat org.openqa.selenium.support.ui.ExpectedConditions.elementIfVisible(ExpectedConditions.java:314)\n\tat org.openqa.selenium.support.ui.ExpectedConditions.access$000(ExpectedConditions.java:43)\n\tat org.openqa.selenium.support.ui.ExpectedConditions$10.apply(ExpectedConditions.java:300)\n\tat org.openqa.selenium.support.ui.ExpectedConditions$10.apply(ExpectedConditions.java:297)\n\tat org.openqa.selenium.support.ui.FluentWait.until(FluentWait.java:249)\n\t... 19 more\n",
  "flaky" : false,
  "newFailed" : false,
  "beforeStages" : [ {
    "name" : "Setting up Excel File",
    "time" : {
      "start" : 1635498410948,
      "stop" : 1635498411005,
      "duration" : 57
    },
    "description" : "Setting up Excel File",
    "status" : "passed",
    "steps" : [ ],
    "attachments" : [ ],
    "parameters" : [ ],
    "stepsCount" : 0,
    "attachmentsCount" : 0,
    "shouldDisplayMessage" : false,
    "hasContent" : false
  }, {
    "name" : "Setting up Test Class",
    "time" : {
      "start" : 1635498665851,
      "stop" : 1635498666378,
      "duration" : 527
    },
    "description" : "Setting up Test Class",
    "status" : "passed",
    "steps" : [ ],
    "attachments" : [ ],
    "parameters" : [ ],
    "stepsCount" : 0,
    "attachmentsCount" : 0,
    "shouldDisplayMessage" : false,
    "hasContent" : false
  } ],
  "testStage" : {
    "description" : "[US-555]/[7] As a user I would like to use search box and be able to see results sorted by: \"Price: Highest first\"",
    "status" : "broken",
    "statusMessage" : "Expected condition failed: waiting for visibility of Proxy element for: DefaultElementLocator 'By.xpath: //input[@class='search_query form-control ac_input']' (tried for 15 second(s) with 500 milliseconds interval)",
    "statusTrace" : "org.openqa.selenium.TimeoutException: Expected condition failed: waiting for visibility of Proxy element for: DefaultElementLocator 'By.xpath: //input[@class='search_query form-control ac_input']' (tried for 15 second(s) with 500 milliseconds interval)\n\tat org.openqa.selenium.support.ui.WebDriverWait.timeoutException(WebDriverWait.java:95)\n\tat org.openqa.selenium.support.ui.FluentWait.until(FluentWait.java:272)\n\tat com.buildSettings.TestCommons.waitForElementToBeVisible(TestCommons.java:50)\n\tat com.buildSettings.TestCommons.customSendKeys(TestCommons.java:145)\n\tat com.steps.SearchPageSteps.iSearchForPhrase(SearchPageSteps.java:35)\n\tat tests.WebAPP.SearchBox_Tests.test_7(SearchBox_Tests.java:209)\n\tat java.base/jdk.internal.reflect.NativeMethodAccessorImpl.invoke0(Native Method)\n\tat java.base/jdk.internal.reflect.NativeMethodAccessorImpl.invoke(NativeMethodAccessorImpl.java:62)\n\tat java.base/jdk.internal.reflect.DelegatingMethodAccessorImpl.invoke(DelegatingMethodAccessorImpl.java:43)\n\tat java.base/java.lang.reflect.Method.invoke(Method.java:564)\n\tat org.testng.internal.MethodInvocationHelper.invokeMethod(MethodInvocationHelper.java:132)\n\tat org.testng.internal.TestInvoker.invokeMethod(TestInvoker.java:599)\n\tat org.testng.internal.TestInvoker.retryFailed(TestInvoker.java:214)\n\tat org.testng.internal.MethodRunner.runInSequence(MethodRunner.java:58)\n\tat org.testng.internal.TestInvoker$MethodInvocationAgent.invoke(TestInvoker.java:822)\n\tat org.testng.internal.TestInvoker.invokeTestMethods(TestInvoker.java:147)\n\tat org.testng.internal.TestMethodWorker.invokeTestMethods(TestMethodWorker.java:146)\n\tat org.testng.internal.TestMethodWorker.run(TestMethodWorker.java:128)\n\tat java.base/java.util.concurrent.ThreadPoolExecutor.runWorker(ThreadPoolExecutor.java:1130)\n\tat java.base/java.util.concurrent.ThreadPoolExecutor$Worker.run(ThreadPoolExecutor.java:630)\n\tat java.base/java.lang.Thread.run(Thread.java:832)\nCaused by: org.openqa.selenium.NoSuchElementException: no such element: Unable to locate element: {\"method\":\"xpath\",\"selector\":\"//input[@class='search_query form-control ac_input']\"}\n  (Session info: chrome=95.0.4638.69)\nFor documentation on this error, please visit: https://www.seleniumhq.org/exceptions/no_such_element.html\nBuild info: version: '3.141.59', revision: 'e82be7d358', time: '2018-11-14T08:17:03'\nSystem info: host: 'travis-job-1d0b1720-871e-40c7-bcef-8010340ba1db', ip: '127.0.0.1', os.name: 'Linux', os.arch: 'amd64', os.version: '5.4.0-1049-gcp', java.version: '14.0.2'\nDriver info: org.openqa.selenium.chrome.ChromeDriver\nCapabilities {acceptInsecureCerts: false, browserName: chrome, browserVersion: 95.0.4638.69, chrome: {chromedriverVersion: 95.0.4638.54 (d31a821ec901f..., userDataDir: /tmp/.com.google.Chrome.LNw1tz}, goog:chromeOptions: {debuggerAddress: localhost:36519}, javascriptEnabled: true, networkConnectionEnabled: false, pageLoadStrategy: normal, platform: LINUX, platformName: LINUX, proxy: Proxy(), setWindowRect: true, strictFileInteractability: false, timeouts: {implicit: 0, pageLoad: 300000, script: 30000}, unhandledPromptBehavior: dismiss and notify, webauthn:extension:credBlob: true, webauthn:extension:largeBlob: true, webauthn:virtualAuthenticators: true}\nSession ID: 5abb166b0c5a10ab0872f7a3796d19ba\n*** Element info: {Using=xpath, value=//input[@class='search_query form-control ac_input']}\n\tat jdk.internal.reflect.GeneratedConstructorAccessor44.newInstance(Unknown Source)\n\tat java.base/jdk.internal.reflect.DelegatingConstructorAccessorImpl.newInstance(DelegatingConstructorAccessorImpl.java:45)\n\tat java.base/java.lang.reflect.Constructor.newInstanceWithCaller(Constructor.java:500)\n\tat java.base/java.lang.reflect.Constructor.newInstance(Constructor.java:481)\n\tat org.openqa.selenium.remote.http.W3CHttpResponseCodec.createException(W3CHttpResponseCodec.java:187)\n\tat org.openqa.selenium.remote.http.W3CHttpResponseCodec.decode(W3CHttpResponseCodec.java:122)\n\tat org.openqa.selenium.remote.http.W3CHttpResponseCodec.decode(W3CHttpResponseCodec.java:49)\n\tat org.openqa.selenium.remote.HttpCommandExecutor.execute(HttpCommandExecutor.java:158)\n\tat org.openqa.selenium.remote.service.DriverCommandExecutor.execute(DriverCommandExecutor.java:83)\n\tat org.openqa.selenium.remote.RemoteWebDriver.execute(RemoteWebDriver.java:552)\n\tat org.openqa.selenium.remote.RemoteWebDriver.findElement(RemoteWebDriver.java:323)\n\tat org.openqa.selenium.remote.RemoteWebDriver.findElementByXPath(RemoteWebDriver.java:428)\n\tat org.openqa.selenium.By$ByXPath.findElement(By.java:353)\n\tat org.openqa.selenium.remote.RemoteWebDriver.findElement(RemoteWebDriver.java:315)\n\tat org.openqa.selenium.support.pagefactory.DefaultElementLocator.findElement(DefaultElementLocator.java:69)\n\tat org.openqa.selenium.support.pagefactory.internal.LocatingElementHandler.invoke(LocatingElementHandler.java:38)\n\tat com.sun.proxy.$Proxy48.isDisplayed(Unknown Source)\n\tat org.openqa.selenium.support.ui.ExpectedConditions.elementIfVisible(ExpectedConditions.java:314)\n\tat org.openqa.selenium.support.ui.ExpectedConditions.access$000(ExpectedConditions.java:43)\n\tat org.openqa.selenium.support.ui.ExpectedConditions$10.apply(ExpectedConditions.java:300)\n\tat org.openqa.selenium.support.ui.ExpectedConditions$10.apply(ExpectedConditions.java:297)\n\tat org.openqa.selenium.support.ui.FluentWait.until(FluentWait.java:249)\n\t... 19 more\n",
    "steps" : [ {
      "name" : "I open home page",
      "time" : {
        "start" : 1635498677811,
        "stop" : 1635498683346,
        "duration" : 5535
      },
      "status" : "passed",
      "steps" : [ ],
      "attachments" : [ ],
      "parameters" : [ ],
      "stepsCount" : 0,
      "attachmentsCount" : 0,
      "shouldDisplayMessage" : false,
      "hasContent" : false
    }, {
      "name" : "I can see automationpractice.com website",
      "time" : {
        "start" : 1635498683346,
        "stop" : 1635498683350,
        "duration" : 4
      },
      "status" : "passed",
      "steps" : [ ],
      "attachments" : [ ],
      "parameters" : [ ],
      "stepsCount" : 0,
      "attachmentsCount" : 0,
      "shouldDisplayMessage" : false,
      "hasContent" : false
    }, {
      "name" : "I search for phrase *Printed Dress*",
      "time" : {
        "start" : 1635498683350,
        "stop" : 1635498698664,
        "duration" : 15314
      },
      "status" : "broken",
      "statusMessage" : "Expected condition failed: waiting for visibility of Proxy element for: DefaultElementLocator 'By.xpath: //input[@class='search_query form-control ac_input']' (tried for 15 second(s) with 500 milliseconds interval)",
      "statusTrace" : "org.openqa.selenium.TimeoutException: Expected condition failed: waiting for visibility of Proxy element for: DefaultElementLocator 'By.xpath: //input[@class='search_query form-control ac_input']' (tried for 15 second(s) with 500 milliseconds interval)\n\tat org.openqa.selenium.support.ui.WebDriverWait.timeoutException(WebDriverWait.java:95)\n\tat org.openqa.selenium.support.ui.FluentWait.until(FluentWait.java:272)\n\tat com.buildSettings.TestCommons.waitForElementToBeVisible(TestCommons.java:50)\n\tat com.buildSettings.TestCommons.customSendKeys(TestCommons.java:145)\n\tat com.steps.SearchPageSteps.iSearchForPhrase(SearchPageSteps.java:35)\n\tat tests.WebAPP.SearchBox_Tests.test_7(SearchBox_Tests.java:209)\n\tat java.base/jdk.internal.reflect.NativeMethodAccessorImpl.invoke0(Native Method)\n\tat java.base/jdk.internal.reflect.NativeMethodAccessorImpl.invoke(NativeMethodAccessorImpl.java:62)\n\tat java.base/jdk.internal.reflect.DelegatingMethodAccessorImpl.invoke(DelegatingMethodAccessorImpl.java:43)\n\tat java.base/java.lang.reflect.Method.invoke(Method.java:564)\n\tat org.testng.internal.MethodInvocationHelper.invokeMethod(MethodInvocationHelper.java:132)\n\tat org.testng.internal.TestInvoker.invokeMethod(TestInvoker.java:599)\n\tat org.testng.internal.TestInvoker.retryFailed(TestInvoker.java:214)\n\tat org.testng.internal.MethodRunner.runInSequence(MethodRunner.java:58)\n\tat org.testng.internal.TestInvoker$MethodInvocationAgent.invoke(TestInvoker.java:822)\n\tat org.testng.internal.TestInvoker.invokeTestMethods(TestInvoker.java:147)\n\tat org.testng.internal.TestMethodWorker.invokeTestMethods(TestMethodWorker.java:146)\n\tat org.testng.internal.TestMethodWorker.run(TestMethodWorker.java:128)\n\tat java.base/java.util.concurrent.ThreadPoolExecutor.runWorker(ThreadPoolExecutor.java:1130)\n\tat java.base/java.util.concurrent.ThreadPoolExecutor$Worker.run(ThreadPoolExecutor.java:630)\n\tat java.base/java.lang.Thread.run(Thread.java:832)\nCaused by: org.openqa.selenium.NoSuchElementException: no such element: Unable to locate element: {\"method\":\"xpath\",\"selector\":\"//input[@class='search_query form-control ac_input']\"}\n  (Session info: chrome=95.0.4638.69)\nFor documentation on this error, please visit: https://www.seleniumhq.org/exceptions/no_such_element.html\nBuild info: version: '3.141.59', revision: 'e82be7d358', time: '2018-11-14T08:17:03'\nSystem info: host: 'travis-job-1d0b1720-871e-40c7-bcef-8010340ba1db', ip: '127.0.0.1', os.name: 'Linux', os.arch: 'amd64', os.version: '5.4.0-1049-gcp', java.version: '14.0.2'\nDriver info: org.openqa.selenium.chrome.ChromeDriver\nCapabilities {acceptInsecureCerts: false, browserName: chrome, browserVersion: 95.0.4638.69, chrome: {chromedriverVersion: 95.0.4638.54 (d31a821ec901f..., userDataDir: /tmp/.com.google.Chrome.LNw1tz}, goog:chromeOptions: {debuggerAddress: localhost:36519}, javascriptEnabled: true, networkConnectionEnabled: false, pageLoadStrategy: normal, platform: LINUX, platformName: LINUX, proxy: Proxy(), setWindowRect: true, strictFileInteractability: false, timeouts: {implicit: 0, pageLoad: 300000, script: 30000}, unhandledPromptBehavior: dismiss and notify, webauthn:extension:credBlob: true, webauthn:extension:largeBlob: true, webauthn:virtualAuthenticators: true}\nSession ID: 5abb166b0c5a10ab0872f7a3796d19ba\n*** Element info: {Using=xpath, value=//input[@class='search_query form-control ac_input']}\n\tat jdk.internal.reflect.GeneratedConstructorAccessor44.newInstance(Unknown Source)\n\tat java.base/jdk.internal.reflect.DelegatingConstructorAccessorImpl.newInstance(DelegatingConstructorAccessorImpl.java:45)\n\tat java.base/java.lang.reflect.Constructor.newInstanceWithCaller(Constructor.java:500)\n\tat java.base/java.lang.reflect.Constructor.newInstance(Constructor.java:481)\n\tat org.openqa.selenium.remote.http.W3CHttpResponseCodec.createException(W3CHttpResponseCodec.java:187)\n\tat org.openqa.selenium.remote.http.W3CHttpResponseCodec.decode(W3CHttpResponseCodec.java:122)\n\tat org.openqa.selenium.remote.http.W3CHttpResponseCodec.decode(W3CHttpResponseCodec.java:49)\n\tat org.openqa.selenium.remote.HttpCommandExecutor.execute(HttpCommandExecutor.java:158)\n\tat org.openqa.selenium.remote.service.DriverCommandExecutor.execute(DriverCommandExecutor.java:83)\n\tat org.openqa.selenium.remote.RemoteWebDriver.execute(RemoteWebDriver.java:552)\n\tat org.openqa.selenium.remote.RemoteWebDriver.findElement(RemoteWebDriver.java:323)\n\tat org.openqa.selenium.remote.RemoteWebDriver.findElementByXPath(RemoteWebDriver.java:428)\n\tat org.openqa.selenium.By$ByXPath.findElement(By.java:353)\n\tat org.openqa.selenium.remote.RemoteWebDriver.findElement(RemoteWebDriver.java:315)\n\tat org.openqa.selenium.support.pagefactory.DefaultElementLocator.findElement(DefaultElementLocator.java:69)\n\tat org.openqa.selenium.support.pagefactory.internal.LocatingElementHandler.invoke(LocatingElementHandler.java:38)\n\tat com.sun.proxy.$Proxy48.isDisplayed(Unknown Source)\n\tat org.openqa.selenium.support.ui.ExpectedConditions.elementIfVisible(ExpectedConditions.java:314)\n\tat org.openqa.selenium.support.ui.ExpectedConditions.access$000(ExpectedConditions.java:43)\n\tat org.openqa.selenium.support.ui.ExpectedConditions$10.apply(ExpectedConditions.java:300)\n\tat org.openqa.selenium.support.ui.ExpectedConditions$10.apply(ExpectedConditions.java:297)\n\tat org.openqa.selenium.support.ui.FluentWait.until(FluentWait.java:249)\n\t... 19 more\n",
      "steps" : [ ],
      "attachments" : [ ],
      "parameters" : [ {
        "name" : "searchPhrase",
        "value" : "Printed Dress"
      } ],
      "stepsCount" : 0,
      "attachmentsCount" : 0,
      "shouldDisplayMessage" : true,
      "hasContent" : true
    } ],
    "attachments" : [ {
      "uid" : "e573efe24e3742a3",
      "name" : "Scenario FAIL screenshot",
      "source" : "e573efe24e3742a3.png",
      "type" : "image/png",
      "size" : 18331
    }, {
      "uid" : "856f2d2d3885bdd2",
      "name" : "TestNG test FAIL logs",
      "source" : "856f2d2d3885bdd2.txt",
      "type" : "text/plain",
      "size" : 3059
    } ],
    "parameters" : [ ],
    "stepsCount" : 3,
    "attachmentsCount" : 2,
    "shouldDisplayMessage" : false,
    "hasContent" : true
  },
  "afterStages" : [ {
    "name" : "Teardown Test Class",
    "time" : {
      "start" : 1635498698837,
      "stop" : 1635498698929,
      "duration" : 92
    },
    "description" : "Teardown Test Class",
    "status" : "passed",
    "steps" : [ ],
    "attachments" : [ ],
    "parameters" : [ ],
    "stepsCount" : 0,
    "attachmentsCount" : 0,
    "shouldDisplayMessage" : false,
    "hasContent" : false
  }, {
    "name" : "Teardown Test Suite",
    "time" : {
      "start" : 1635499302709,
      "stop" : 1635499303784,
      "duration" : 1075
    },
    "description" : "Teardown Test Suite",
    "status" : "passed",
    "steps" : [ ],
    "attachments" : [ ],
    "parameters" : [ ],
    "stepsCount" : 0,
    "attachmentsCount" : 0,
    "shouldDisplayMessage" : false,
    "hasContent" : false
  } ],
  "labels" : [ {
    "name" : "package",
    "value" : "tests.WebAPP.SearchBox_Tests"
  }, {
    "name" : "testClass",
    "value" : "tests.WebAPP.SearchBox_Tests"
  }, {
    "name" : "testMethod",
    "value" : "test_7"
  }, {
    "name" : "parentSuite",
    "value" : "Automationpractice.com WEB - Kamil Nowocin"
  }, {
    "name" : "suite",
    "value" : "Automated tests for WEB client"
  }, {
    "name" : "subSuite",
    "value" : "tests.WebAPP.SearchBox_Tests"
  }, {
    "name" : "host",
    "value" : "travis-job-1d0b1720-871e-40c7-bcef-8010340ba1db"
  }, {
    "name" : "thread",
    "value" : "4938@travis-job-1d0b1720-871e-40c7-bcef-8010340ba1db.TestNG-test=Automated tests for WEB client-3(25)"
  }, {
    "name" : "framework",
    "value" : "testng"
  }, {
    "name" : "language",
    "value" : "java"
  }, {
    "name" : "story",
    "value" : "POSITIVE FLOW"
  }, {
    "name" : "owner",
    "value" : "Kamil Nowocin"
  }, {
    "name" : "feature",
    "value" : "SEARCH BOX TESTS"
  }, {
    "name" : "epic",
    "value" : "Web App Tests"
  }, {
    "name" : "severity",
    "value" : "critical"
  }, {
    "name" : "resultFormat",
    "value" : "allure2"
  } ],
  "parameters" : [ ],
  "links" : [ {
    "name" : "STORY-555",
    "url" : "https://tracker.FAKE.com/jira/browse/AUTOMATION_PRACTICE/STORY-555",
    "type" : "tms"
  }, {
    "name" : "TAP-0037",
    "url" : "https://tracker.FAKE.com/jira/browse/AUTOMATION_PRACTICE/issue/TAP-0037",
    "type" : "issue"
  } ],
  "hidden" : false,
  "retry" : false,
  "extra" : {
    "severity" : "critical",
    "owner" : "Kamil Nowocin",
    "retries" : [ {
      "uid" : "14a8c8a88aca5ca",
      "status" : "skipped",
      "statusDetails" : "Results which have been found didn't match expected sorting result PRICE: HIGHEST FIRST: Lists differ at element [1]: $30.50 != $28.98 expected [$30.50] but found [$28.98]",
      "time" : {
        "start" : 1635498625041,
        "stop" : 1635498665782,
        "duration" : 40741
      }
    } ],
    "categories" : [ {
      "name" : "Test defects",
      "matchedStatuses" : [ ],
      "flaky" : false
    } ],
    "history" : {
      "statistic" : {
        "failed" : 341,
        "broken" : 20,
        "skipped" : 16,
        "passed" : 0,
        "unknown" : 0,
        "total" : 377
      },
      "items" : [ {
        "uid" : "88048bc3fb7cb03",
        "reportUrl" : "https://app.travis-ci.com/kamil-nowocin/Test_Automation-automationpractice/builds/240377387/#testresult/88048bc3fb7cb03",
        "status" : "failed",
        "statusDetails" : "Results which have been found didn't match expected sorting result PRICE: HIGHEST FIRST: Lists differ at element [1]: $30.50 != $28.98 expected [$30.50] but found [$28.98]",
        "time" : {
          "start" : 1634893704668,
          "stop" : 1634893720632,
          "duration" : 15964
        }
      }, {
        "uid" : "d66f78f463e92423",
        "reportUrl" : "https://app.travis-ci.com/kamil-nowocin/Test_Automation-automationpractice/builds/239895805/#testresult/d66f78f463e92423",
        "status" : "failed",
        "statusDetails" : "Results which have been found didn't match expected sorting result PRICE: HIGHEST FIRST: Lists differ at element [1]: $30.50 != $28.98 expected [$30.50] but found [$28.98]",
        "time" : {
          "start" : 1634288908490,
          "stop" : 1634288926372,
          "duration" : 17882
        }
      }, {
        "uid" : "4f783df0d6d4163",
        "reportUrl" : "https://app.travis-ci.com/kamil-nowocin/Test_Automation-automationpractice/builds/239408969/#testresult/4f783df0d6d4163",
        "status" : "failed",
        "statusDetails" : "Results which have been found didn't match expected sorting result PRICE: HIGHEST FIRST: Lists differ at element [1]: $30.50 != $28.98 expected [$30.50] but found [$28.98]",
        "time" : {
          "start" : 1633684003794,
          "stop" : 1633684018316,
          "duration" : 14522
        }
      }, {
        "uid" : "6fad2de0a8cc8252",
        "reportUrl" : "https://app.travis-ci.com/kamil-nowocin/Test_Automation-automationpractice/builds/238906135/#testresult/6fad2de0a8cc8252",
        "status" : "failed",
        "statusDetails" : "Results which have been found didn't match expected sorting result PRICE: HIGHEST FIRST: Lists differ at element [1]: $30.50 != $28.98 expected [$30.50] but found [$28.98]",
        "time" : {
          "start" : 1633079347313,
          "stop" : 1633079358037,
          "duration" : 10724
        }
      }, {
        "uid" : "fd5eadafd00c7e4b",
        "reportUrl" : "https://app.travis-ci.com/kamil-nowocin/Test_Automation-automationpractice/builds/238410707/#testresult/fd5eadafd00c7e4b",
        "status" : "failed",
        "statusDetails" : "Results which have been found didn't match expected sorting result PRICE: HIGHEST FIRST: Lists differ at element [1]: $30.50 != $28.98 expected [$30.50] but found [$28.98]",
        "time" : {
          "start" : 1632474550819,
          "stop" : 1632474594084,
          "duration" : 43265
        }
      }, {
        "uid" : "b3cee6fe8c92589d",
        "reportUrl" : "https://app.travis-ci.com/kamil-nowocin/Test_Automation-automationpractice/builds/237891579/#testresult/b3cee6fe8c92589d",
        "status" : "failed",
        "statusDetails" : "Results which have been found didn't match expected sorting result PRICE: HIGHEST FIRST: Lists differ at element [1]: $30.50 != $28.98 expected [$30.50] but found [$28.98]",
        "time" : {
          "start" : 1631869562642,
          "stop" : 1631869576990,
          "duration" : 14348
        }
      }, {
        "uid" : "206f83feb6d88e59",
        "reportUrl" : "https://app.travis-ci.com/kamil-nowocin/Test_Automation-automationpractice/builds/237361813/#testresult/206f83feb6d88e59",
        "status" : "failed",
        "statusDetails" : "Results which have been found didn't match expected sorting result PRICE: HIGHEST FIRST: Lists differ at element [1]: $30.50 != $28.98 expected [$30.50] but found [$28.98]",
        "time" : {
          "start" : 1631264747987,
          "stop" : 1631264760013,
          "duration" : 12026
        }
      }, {
        "uid" : "a8736baba3bd8c34",
        "reportUrl" : "https://app.travis-ci.com/kamil-nowocin/Test_Automation-automationpractice/builds/236877523/#testresult/a8736baba3bd8c34",
        "status" : "failed",
        "statusDetails" : "Results which have been found didn't match expected sorting result PRICE: HIGHEST FIRST: Lists differ at element [1]: $30.50 != $28.98 expected [$30.50] but found [$28.98]",
        "time" : {
          "start" : 1630659928062,
          "stop" : 1630659944794,
          "duration" : 16732
        }
      }, {
        "uid" : "5f75a8806c2ced7c",
        "reportUrl" : "https://app.travis-ci.com/kamil-nowocin/Test_Automation-automationpractice/builds/235844149/#testresult/5f75a8806c2ced7c",
        "status" : "failed",
        "statusDetails" : "Results which have been found didn't match expected sorting result PRICE: HIGHEST FIRST: Lists differ at element [1]: $30.50 != $28.98 expected [$30.50] but found [$28.98]",
        "time" : {
          "start" : 1629450220463,
          "stop" : 1629450233384,
          "duration" : 12921
        }
      }, {
        "uid" : "fd932720963c352e",
        "reportUrl" : "https://app.travis-ci.com/kamil-nowocin/Test_Automation-automationpractice/builds/235264230/#testresult/fd932720963c352e",
        "status" : "broken",
        "statusDetails" : "Expected condition failed: waiting for visibility of Proxy element for: DefaultElementLocator 'By.xpath: //input[@class='search_query form-control ac_input']' (tried for 15 second(s) with 500 milliseconds interval)",
        "time" : {
          "start" : 1628845493244,
          "stop" : 1628845527715,
          "duration" : 34471
        }
      }, {
        "uid" : "6c53011c1d19bfa4",
        "reportUrl" : "https://app.travis-ci.com/kamil-nowocin/Test_Automation-automationpractice/builds/234678055/#testresult/6c53011c1d19bfa4",
        "status" : "failed",
        "statusDetails" : "Results which have been found didn't match expected sorting result PRICE: HIGHEST FIRST: Lists differ at element [1]: $30.50 != $28.98 expected [$30.50] but found [$28.98]",
        "time" : {
          "start" : 1628240737667,
          "stop" : 1628240778327,
          "duration" : 40660
        }
      }, {
        "uid" : "4ef6f0c630355b6b",
        "reportUrl" : "https://app.travis-ci.com/kamil-nowocin/Test_Automation-automationpractice/builds/234076887/#testresult/4ef6f0c630355b6b",
        "status" : "failed",
        "statusDetails" : "Results which have been found didn't match expected sorting result PRICE: HIGHEST FIRST: Lists differ at element [1]: $30.50 != $28.98 expected [$30.50] but found [$28.98]",
        "time" : {
          "start" : 1627635734592,
          "stop" : 1627635752522,
          "duration" : 17930
        }
      }, {
        "uid" : "cddb66a1574beb26",
        "reportUrl" : "https://app.travis-ci.com/kamil-nowocin/Test_Automation-automationpractice/builds/233498285/#testresult/cddb66a1574beb26",
        "status" : "failed",
        "statusDetails" : "Results which have been found didn't match expected sorting result PRICE: HIGHEST FIRST: Lists differ at element [1]: $30.50 != $28.98 expected [$30.50] but found [$28.98]",
        "time" : {
          "start" : 1627030924301,
          "stop" : 1627030936999,
          "duration" : 12698
        }
      }, {
        "uid" : "b07bd7502954dd97",
        "reportUrl" : "https://app.travis-ci.com/kamil-nowocin/Test_Automation-automationpractice/builds/232925473/#testresult/b07bd7502954dd97",
        "status" : "failed",
        "statusDetails" : "Results which have been found didn't match expected sorting result PRICE: HIGHEST FIRST: Lists differ at element [1]: $30.50 != $28.98 expected [$30.50] but found [$28.98]",
        "time" : {
          "start" : 1626426223482,
          "stop" : 1626426267496,
          "duration" : 44014
        }
      }, {
        "uid" : "2d049b29ed5c21cf",
        "reportUrl" : "https://app.travis-ci.com/kamil-nowocin/Test_Automation-automationpractice/builds/232263792/#testresult/2d049b29ed5c21cf",
        "status" : "broken",
        "statusDetails" : "Expected condition failed: waiting for visibility of Proxy element for: DefaultElementLocator 'By.xpath: //input[@class='search_query form-control ac_input']' (tried for 15 second(s) with 500 milliseconds interval)",
        "time" : {
          "start" : 1625821415252,
          "stop" : 1625821447168,
          "duration" : 31916
        }
      }, {
        "uid" : "8f317b51ec7fecb6",
        "reportUrl" : "https://app.travis-ci.com/kamil-nowocin/Test_Automation-automationpractice/builds/231604571/#testresult/8f317b51ec7fecb6",
        "status" : "failed",
        "statusDetails" : "Results which have been found didn't match expected sorting result PRICE: HIGHEST FIRST: Lists differ at element [1]: $30.50 != $28.98 expected [$30.50] but found [$28.98]",
        "time" : {
          "start" : 1625216474874,
          "stop" : 1625216492700,
          "duration" : 17826
        }
      }, {
        "uid" : "2b4a921a6592c9bb",
        "reportUrl" : "https://travis-ci.com/kamil-nowocin/Test_Automation-automationpractice/builds/230838061/#testresult/2b4a921a6592c9bb",
        "status" : "broken",
        "statusDetails" : "Expected condition failed: waiting for visibility of Proxy element for: DefaultElementLocator 'By.xpath: //input[@class='search_query form-control ac_input']' (tried for 15 second(s) with 500 milliseconds interval)",
        "time" : {
          "start" : 1624611734369,
          "stop" : 1624611768486,
          "duration" : 34117
        }
      }, {
        "uid" : "d0739d980d41bce7",
        "reportUrl" : "https://travis-ci.com/kamil-nowocin/Test_Automation-automationpractice/builds/229856441/#testresult/d0739d980d41bce7",
        "status" : "failed",
        "statusDetails" : "Results which have been found didn't match expected sorting result PRICE: HIGHEST FIRST: Lists differ at element [1]: $30.50 != $28.98 expected [$30.50] but found [$28.98]",
        "time" : {
          "start" : 1624006936540,
          "stop" : 1624006980525,
          "duration" : 43985
        }
      }, {
        "uid" : "15bf7c7090b29aa6",
        "reportUrl" : "https://travis-ci.com/kamil-nowocin/Test_Automation-automationpractice/builds/228691879/#testresult/15bf7c7090b29aa6",
        "status" : "broken",
        "statusDetails" : "stale element reference: element is not attached to the page document\n  (Session info: chrome=91.0.4472.101)\nFor documentation on this error, please visit: https://www.seleniumhq.org/exceptions/stale_element_reference.html\nBuild info: version: '3.141.59', revision: 'e82be7d358', time: '2018-11-14T08:17:03'\nSystem info: host: 'travis-job-c9a0beeb-6617-4a8a-951c-9db167b597a0', ip: '127.0.0.1', os.name: 'Linux', os.arch: 'amd64', os.version: '5.4.0-1032-gcp', java.version: '14.0.2'\nDriver info: org.openqa.selenium.chrome.ChromeDriver\nCapabilities {acceptInsecureCerts: false, browserName: chrome, browserVersion: 91.0.4472.101, chrome: {chromedriverVersion: 91.0.4472.19 (1bf021f248676..., userDataDir: /tmp/.com.google.Chrome.3PJfh0}, goog:chromeOptions: {debuggerAddress: localhost:44945}, javascriptEnabled: true, networkConnectionEnabled: false, pageLoadStrategy: normal, platform: LINUX, platformName: LINUX, proxy: Proxy(), setWindowRect: true, strictFileInteractability: false, timeouts: {implicit: 0, pageLoad: 300000, script: 30000}, unhandledPromptBehavior: dismiss and notify, webauthn:extension:largeBlob: true, webauthn:virtualAuthenticators: true}\nSession ID: 0c814e6a1870b94b579692cfa65845b2",
        "time" : {
          "start" : 1623402012052,
          "stop" : 1623402028322,
          "duration" : 16270
        }
      }, {
        "uid" : "50b43a5e56ffeea7",
        "reportUrl" : "https://travis-ci.com/kamil-nowocin/Test_Automation-automationpractice/builds/227965352/#testresult/50b43a5e56ffeea7",
        "status" : "failed",
        "statusDetails" : "Ups, something went really bad! Even Michael Scofield couldn't have predicted that error! :) expected [http://automationpractice.com/index.php] but found [http://automationpractice.com/]",
        "time" : {
          "start" : 1622797353686,
          "stop" : 1622797354546,
          "duration" : 860
        }
      } ]
    },
    "tags" : [ ]
  },
  "source" : "36362dfa370e701b.json",
  "parameterValues" : [ ]
}