{
  "uid" : "47b32f4c27ce60aa",
  "name" : "[US-444]/[6] I would like to see registration error, when I don't fill city input",
  "fullName" : "tests.WebAPP.RegistrationValidators_Tests.test_6",
  "historyId" : "70ecbcb5dae45f24699f318bba470d76",
  "time" : {
    "start" : 1635499018809,
    "stop" : 1635499066315,
    "duration" : 47506
  },
  "description" : "[US-444]/[6] As a user I would like to see registration error, when I don't fill city input",
  "descriptionHtml" : "<p>[US-444]/[6] As a user I would like to see registration error, when I don't fill city input</p>\n",
  "status" : "broken",
  "statusMessage" : "Expected condition failed: waiting for element to be clickable: [[ChromeDriver: chrome on LINUX (32b26b4fd64e9892028390925befed21)] -> xpath: //input[@id='id_gender1']] (tried for 15 second(s) with 500 milliseconds interval)\nBuild info: version: '3.141.59', revision: 'e82be7d358', time: '2018-11-14T08:17:03'\nSystem info: host: 'travis-job-1d0b1720-871e-40c7-bcef-8010340ba1db', ip: '127.0.0.1', os.name: 'Linux', os.arch: 'amd64', os.version: '5.4.0-1049-gcp', java.version: '14.0.2'\nDriver info: org.openqa.selenium.chrome.ChromeDriver\nCapabilities {acceptInsecureCerts: false, browserName: chrome, browserVersion: 95.0.4638.69, chrome: {chromedriverVersion: 95.0.4638.54 (d31a821ec901f..., userDataDir: /tmp/.com.google.Chrome.WaVhnb}, goog:chromeOptions: {debuggerAddress: localhost:44467}, javascriptEnabled: true, networkConnectionEnabled: false, pageLoadStrategy: normal, platform: LINUX, platformName: LINUX, proxy: Proxy(), setWindowRect: true, strictFileInteractability: false, timeouts: {implicit: 0, pageLoad: 300000, script: 30000}, unhandledPromptBehavior: dismiss and notify, webauthn:extension:credBlob: true, webauthn:extension:largeBlob: true, webauthn:virtualAuthenticators: true}\nSession ID: 32b26b4fd64e9892028390925befed21",
  "statusTrace" : "org.openqa.selenium.TimeoutException: Expected condition failed: waiting for element to be clickable: [[ChromeDriver: chrome on LINUX (32b26b4fd64e9892028390925befed21)] -> xpath: //input[@id='id_gender1']] (tried for 15 second(s) with 500 milliseconds interval)\nBuild info: version: '3.141.59', revision: 'e82be7d358', time: '2018-11-14T08:17:03'\nSystem info: host: 'travis-job-1d0b1720-871e-40c7-bcef-8010340ba1db', ip: '127.0.0.1', os.name: 'Linux', os.arch: 'amd64', os.version: '5.4.0-1049-gcp', java.version: '14.0.2'\nDriver info: org.openqa.selenium.chrome.ChromeDriver\nCapabilities {acceptInsecureCerts: false, browserName: chrome, browserVersion: 95.0.4638.69, chrome: {chromedriverVersion: 95.0.4638.54 (d31a821ec901f..., userDataDir: /tmp/.com.google.Chrome.WaVhnb}, goog:chromeOptions: {debuggerAddress: localhost:44467}, javascriptEnabled: true, networkConnectionEnabled: false, pageLoadStrategy: normal, platform: LINUX, platformName: LINUX, proxy: Proxy(), setWindowRect: true, strictFileInteractability: false, timeouts: {implicit: 0, pageLoad: 300000, script: 30000}, unhandledPromptBehavior: dismiss and notify, webauthn:extension:credBlob: true, webauthn:extension:largeBlob: true, webauthn:virtualAuthenticators: true}\nSession ID: 32b26b4fd64e9892028390925befed21\n\tat org.openqa.selenium.support.ui.WebDriverWait.timeoutException(WebDriverWait.java:95)\n\tat org.openqa.selenium.support.ui.FluentWait.until(FluentWait.java:272)\n\tat com.buildSettings.TestCommons.waitForElementToBeClickable(TestCommons.java:32)\n\tat com.buildSettings.TestCommons.customClick(TestCommons.java:136)\n\tat com.steps.RegistrationPageSteps.iChooseGender(RegistrationPageSteps.java:187)\n\tat tests.WebAPP.RegistrationValidators_Tests.test_6(RegistrationValidators_Tests.java:249)\n\tat java.base/jdk.internal.reflect.NativeMethodAccessorImpl.invoke0(Native Method)\n\tat java.base/jdk.internal.reflect.NativeMethodAccessorImpl.invoke(NativeMethodAccessorImpl.java:62)\n\tat java.base/jdk.internal.reflect.DelegatingMethodAccessorImpl.invoke(DelegatingMethodAccessorImpl.java:43)\n\tat java.base/java.lang.reflect.Method.invoke(Method.java:564)\n\tat org.testng.internal.MethodInvocationHelper.invokeMethod(MethodInvocationHelper.java:132)\n\tat org.testng.internal.TestInvoker.invokeMethod(TestInvoker.java:599)\n\tat org.testng.internal.TestInvoker.retryFailed(TestInvoker.java:214)\n\tat org.testng.internal.MethodRunner.runInSequence(MethodRunner.java:58)\n\tat org.testng.internal.TestInvoker$MethodInvocationAgent.invoke(TestInvoker.java:822)\n\tat org.testng.internal.TestInvoker.invokeTestMethods(TestInvoker.java:147)\n\tat org.testng.internal.TestMethodWorker.invokeTestMethods(TestMethodWorker.java:146)\n\tat org.testng.internal.TestMethodWorker.run(TestMethodWorker.java:128)\n\tat java.base/java.util.concurrent.ThreadPoolExecutor.runWorker(ThreadPoolExecutor.java:1130)\n\tat java.base/java.util.concurrent.ThreadPoolExecutor$Worker.run(ThreadPoolExecutor.java:630)\n\tat java.base/java.lang.Thread.run(Thread.java:832)\n",
  "flaky" : false,
  "newFailed" : false,
  "beforeStages" : [ {
    "name" : "Setting up Test Class",
    "time" : {
      "start" : 1635499018179,
      "stop" : 1635499018807,
      "duration" : 628
    },
    "description" : "Setting up Test Class",
    "status" : "passed",
    "steps" : [ ],
    "attachments" : [ ],
    "parameters" : [ ],
    "stepsCount" : 0,
    "attachmentsCount" : 0,
    "shouldDisplayMessage" : false,
    "hasContent" : false
  }, {
    "name" : "Setting up Excel File",
    "time" : {
      "start" : 1635498410948,
      "stop" : 1635498411005,
      "duration" : 57
    },
    "description" : "Setting up Excel File",
    "status" : "passed",
    "steps" : [ ],
    "attachments" : [ ],
    "parameters" : [ ],
    "stepsCount" : 0,
    "attachmentsCount" : 0,
    "shouldDisplayMessage" : false,
    "hasContent" : false
  } ],
  "testStage" : {
    "description" : "[US-444]/[6] As a user I would like to see registration error, when I don't fill city input",
    "status" : "broken",
    "statusMessage" : "Expected condition failed: waiting for element to be clickable: [[ChromeDriver: chrome on LINUX (32b26b4fd64e9892028390925befed21)] -> xpath: //input[@id='id_gender1']] (tried for 15 second(s) with 500 milliseconds interval)\nBuild info: version: '3.141.59', revision: 'e82be7d358', time: '2018-11-14T08:17:03'\nSystem info: host: 'travis-job-1d0b1720-871e-40c7-bcef-8010340ba1db', ip: '127.0.0.1', os.name: 'Linux', os.arch: 'amd64', os.version: '5.4.0-1049-gcp', java.version: '14.0.2'\nDriver info: org.openqa.selenium.chrome.ChromeDriver\nCapabilities {acceptInsecureCerts: false, browserName: chrome, browserVersion: 95.0.4638.69, chrome: {chromedriverVersion: 95.0.4638.54 (d31a821ec901f..., userDataDir: /tmp/.com.google.Chrome.WaVhnb}, goog:chromeOptions: {debuggerAddress: localhost:44467}, javascriptEnabled: true, networkConnectionEnabled: false, pageLoadStrategy: normal, platform: LINUX, platformName: LINUX, proxy: Proxy(), setWindowRect: true, strictFileInteractability: false, timeouts: {implicit: 0, pageLoad: 300000, script: 30000}, unhandledPromptBehavior: dismiss and notify, webauthn:extension:credBlob: true, webauthn:extension:largeBlob: true, webauthn:virtualAuthenticators: true}\nSession ID: 32b26b4fd64e9892028390925befed21",
    "statusTrace" : "org.openqa.selenium.TimeoutException: Expected condition failed: waiting for element to be clickable: [[ChromeDriver: chrome on LINUX (32b26b4fd64e9892028390925befed21)] -> xpath: //input[@id='id_gender1']] (tried for 15 second(s) with 500 milliseconds interval)\nBuild info: version: '3.141.59', revision: 'e82be7d358', time: '2018-11-14T08:17:03'\nSystem info: host: 'travis-job-1d0b1720-871e-40c7-bcef-8010340ba1db', ip: '127.0.0.1', os.name: 'Linux', os.arch: 'amd64', os.version: '5.4.0-1049-gcp', java.version: '14.0.2'\nDriver info: org.openqa.selenium.chrome.ChromeDriver\nCapabilities {acceptInsecureCerts: false, browserName: chrome, browserVersion: 95.0.4638.69, chrome: {chromedriverVersion: 95.0.4638.54 (d31a821ec901f..., userDataDir: /tmp/.com.google.Chrome.WaVhnb}, goog:chromeOptions: {debuggerAddress: localhost:44467}, javascriptEnabled: true, networkConnectionEnabled: false, pageLoadStrategy: normal, platform: LINUX, platformName: LINUX, proxy: Proxy(), setWindowRect: true, strictFileInteractability: false, timeouts: {implicit: 0, pageLoad: 300000, script: 30000}, unhandledPromptBehavior: dismiss and notify, webauthn:extension:credBlob: true, webauthn:extension:largeBlob: true, webauthn:virtualAuthenticators: true}\nSession ID: 32b26b4fd64e9892028390925befed21\n\tat org.openqa.selenium.support.ui.WebDriverWait.timeoutException(WebDriverWait.java:95)\n\tat org.openqa.selenium.support.ui.FluentWait.until(FluentWait.java:272)\n\tat com.buildSettings.TestCommons.waitForElementToBeClickable(TestCommons.java:32)\n\tat com.buildSettings.TestCommons.customClick(TestCommons.java:136)\n\tat com.steps.RegistrationPageSteps.iChooseGender(RegistrationPageSteps.java:187)\n\tat tests.WebAPP.RegistrationValidators_Tests.test_6(RegistrationValidators_Tests.java:249)\n\tat java.base/jdk.internal.reflect.NativeMethodAccessorImpl.invoke0(Native Method)\n\tat java.base/jdk.internal.reflect.NativeMethodAccessorImpl.invoke(NativeMethodAccessorImpl.java:62)\n\tat java.base/jdk.internal.reflect.DelegatingMethodAccessorImpl.invoke(DelegatingMethodAccessorImpl.java:43)\n\tat java.base/java.lang.reflect.Method.invoke(Method.java:564)\n\tat org.testng.internal.MethodInvocationHelper.invokeMethod(MethodInvocationHelper.java:132)\n\tat org.testng.internal.TestInvoker.invokeMethod(TestInvoker.java:599)\n\tat org.testng.internal.TestInvoker.retryFailed(TestInvoker.java:214)\n\tat org.testng.internal.MethodRunner.runInSequence(MethodRunner.java:58)\n\tat org.testng.internal.TestInvoker$MethodInvocationAgent.invoke(TestInvoker.java:822)\n\tat org.testng.internal.TestInvoker.invokeTestMethods(TestInvoker.java:147)\n\tat org.testng.internal.TestMethodWorker.invokeTestMethods(TestMethodWorker.java:146)\n\tat org.testng.internal.TestMethodWorker.run(TestMethodWorker.java:128)\n\tat java.base/java.util.concurrent.ThreadPoolExecutor.runWorker(ThreadPoolExecutor.java:1130)\n\tat java.base/java.util.concurrent.ThreadPoolExecutor$Worker.run(ThreadPoolExecutor.java:630)\n\tat java.base/java.lang.Thread.run(Thread.java:832)\n",
    "steps" : [ {
      "name" : "I open home page",
      "time" : {
        "start" : 1635499031223,
        "stop" : 1635499041277,
        "duration" : 10054
      },
      "status" : "passed",
      "steps" : [ ],
      "attachments" : [ ],
      "parameters" : [ ],
      "stepsCount" : 0,
      "attachmentsCount" : 0,
      "shouldDisplayMessage" : false,
      "hasContent" : false
    }, {
      "name" : "I can see automationpractice.com website",
      "time" : {
        "start" : 1635499041277,
        "stop" : 1635499041291,
        "duration" : 14
      },
      "status" : "passed",
      "steps" : [ ],
      "attachments" : [ ],
      "parameters" : [ ],
      "stepsCount" : 0,
      "attachmentsCount" : 0,
      "shouldDisplayMessage" : false,
      "hasContent" : false
    }, {
      "name" : "I click on Sign in button",
      "time" : {
        "start" : 1635499041291,
        "stop" : 1635499050611,
        "duration" : 9320
      },
      "status" : "passed",
      "steps" : [ ],
      "attachments" : [ ],
      "parameters" : [ ],
      "stepsCount" : 0,
      "attachmentsCount" : 0,
      "shouldDisplayMessage" : false,
      "hasContent" : false
    }, {
      "name" : "I write an email address",
      "time" : {
        "start" : 1635499050611,
        "stop" : 1635499050740,
        "duration" : 129
      },
      "status" : "passed",
      "steps" : [ ],
      "attachments" : [ ],
      "parameters" : [ ],
      "stepsCount" : 0,
      "attachmentsCount" : 0,
      "shouldDisplayMessage" : false,
      "hasContent" : false
    }, {
      "name" : "I click on Create An Account button",
      "time" : {
        "start" : 1635499050740,
        "stop" : 1635499050827,
        "duration" : 87
      },
      "status" : "passed",
      "steps" : [ ],
      "attachments" : [ ],
      "parameters" : [ ],
      "stepsCount" : 0,
      "attachmentsCount" : 0,
      "shouldDisplayMessage" : false,
      "hasContent" : false
    }, {
      "name" : "I can see registration page form",
      "time" : {
        "start" : 1635499050827,
        "stop" : 1635499050857,
        "duration" : 30
      },
      "status" : "passed",
      "steps" : [ ],
      "attachments" : [ ],
      "parameters" : [ ],
      "stepsCount" : 0,
      "attachmentsCount" : 0,
      "shouldDisplayMessage" : false,
      "hasContent" : false
    }, {
      "name" : "I choose gender",
      "time" : {
        "start" : 1635499050857,
        "stop" : 1635499065999,
        "duration" : 15142
      },
      "status" : "broken",
      "statusMessage" : "Expected condition failed: waiting for element to be clickable: [[ChromeDriver: chrome on LINUX (32b26b4fd64e9892028390925befed21)] -> xpath: //input[@id='id_gender1']] (tried for 15 second(s) with 500 milliseconds interval)\nBuild info: version: '3.141.59', revision: 'e82be7d358', time: '2018-11-14T08:17:03'\nSystem info: host: 'travis-job-1d0b1720-871e-40c7-bcef-8010340ba1db', ip: '127.0.0.1', os.name: 'Linux', os.arch: 'amd64', os.version: '5.4.0-1049-gcp', java.version: '14.0.2'\nDriver info: org.openqa.selenium.chrome.ChromeDriver\nCapabilities {acceptInsecureCerts: false, browserName: chrome, browserVersion: 95.0.4638.69, chrome: {chromedriverVersion: 95.0.4638.54 (d31a821ec901f..., userDataDir: /tmp/.com.google.Chrome.WaVhnb}, goog:chromeOptions: {debuggerAddress: localhost:44467}, javascriptEnabled: true, networkConnectionEnabled: false, pageLoadStrategy: normal, platform: LINUX, platformName: LINUX, proxy: Proxy(), setWindowRect: true, strictFileInteractability: false, timeouts: {implicit: 0, pageLoad: 300000, script: 30000}, unhandledPromptBehavior: dismiss and notify, webauthn:extension:credBlob: true, webauthn:extension:largeBlob: true, webauthn:virtualAuthenticators: true}\nSession ID: 32b26b4fd64e9892028390925befed21",
      "statusTrace" : "org.openqa.selenium.TimeoutException: Expected condition failed: waiting for element to be clickable: [[ChromeDriver: chrome on LINUX (32b26b4fd64e9892028390925befed21)] -> xpath: //input[@id='id_gender1']] (tried for 15 second(s) with 500 milliseconds interval)\nBuild info: version: '3.141.59', revision: 'e82be7d358', time: '2018-11-14T08:17:03'\nSystem info: host: 'travis-job-1d0b1720-871e-40c7-bcef-8010340ba1db', ip: '127.0.0.1', os.name: 'Linux', os.arch: 'amd64', os.version: '5.4.0-1049-gcp', java.version: '14.0.2'\nDriver info: org.openqa.selenium.chrome.ChromeDriver\nCapabilities {acceptInsecureCerts: false, browserName: chrome, browserVersion: 95.0.4638.69, chrome: {chromedriverVersion: 95.0.4638.54 (d31a821ec901f..., userDataDir: /tmp/.com.google.Chrome.WaVhnb}, goog:chromeOptions: {debuggerAddress: localhost:44467}, javascriptEnabled: true, networkConnectionEnabled: false, pageLoadStrategy: normal, platform: LINUX, platformName: LINUX, proxy: Proxy(), setWindowRect: true, strictFileInteractability: false, timeouts: {implicit: 0, pageLoad: 300000, script: 30000}, unhandledPromptBehavior: dismiss and notify, webauthn:extension:credBlob: true, webauthn:extension:largeBlob: true, webauthn:virtualAuthenticators: true}\nSession ID: 32b26b4fd64e9892028390925befed21\n\tat org.openqa.selenium.support.ui.WebDriverWait.timeoutException(WebDriverWait.java:95)\n\tat org.openqa.selenium.support.ui.FluentWait.until(FluentWait.java:272)\n\tat com.buildSettings.TestCommons.waitForElementToBeClickable(TestCommons.java:32)\n\tat com.buildSettings.TestCommons.customClick(TestCommons.java:136)\n\tat com.steps.RegistrationPageSteps.iChooseGender(RegistrationPageSteps.java:187)\n\tat tests.WebAPP.RegistrationValidators_Tests.test_6(RegistrationValidators_Tests.java:249)\n\tat java.base/jdk.internal.reflect.NativeMethodAccessorImpl.invoke0(Native Method)\n\tat java.base/jdk.internal.reflect.NativeMethodAccessorImpl.invoke(NativeMethodAccessorImpl.java:62)\n\tat java.base/jdk.internal.reflect.DelegatingMethodAccessorImpl.invoke(DelegatingMethodAccessorImpl.java:43)\n\tat java.base/java.lang.reflect.Method.invoke(Method.java:564)\n\tat org.testng.internal.MethodInvocationHelper.invokeMethod(MethodInvocationHelper.java:132)\n\tat org.testng.internal.TestInvoker.invokeMethod(TestInvoker.java:599)\n\tat org.testng.internal.TestInvoker.retryFailed(TestInvoker.java:214)\n\tat org.testng.internal.MethodRunner.runInSequence(MethodRunner.java:58)\n\tat org.testng.internal.TestInvoker$MethodInvocationAgent.invoke(TestInvoker.java:822)\n\tat org.testng.internal.TestInvoker.invokeTestMethods(TestInvoker.java:147)\n\tat org.testng.internal.TestMethodWorker.invokeTestMethods(TestMethodWorker.java:146)\n\tat org.testng.internal.TestMethodWorker.run(TestMethodWorker.java:128)\n\tat java.base/java.util.concurrent.ThreadPoolExecutor.runWorker(ThreadPoolExecutor.java:1130)\n\tat java.base/java.util.concurrent.ThreadPoolExecutor$Worker.run(ThreadPoolExecutor.java:630)\n\tat java.base/java.lang.Thread.run(Thread.java:832)\n",
      "steps" : [ ],
      "attachments" : [ ],
      "parameters" : [ ],
      "stepsCount" : 0,
      "attachmentsCount" : 0,
      "shouldDisplayMessage" : true,
      "hasContent" : true
    } ],
    "attachments" : [ {
      "uid" : "814eab2ae931352c",
      "name" : "Scenario FAIL screenshot",
      "source" : "814eab2ae931352c.png",
      "type" : "image/png",
      "size" : 84648
    }, {
      "uid" : "b3fff58a24ba9733",
      "name" : "TestNG test FAIL logs",
      "source" : "b3fff58a24ba9733.txt",
      "type" : "text/plain",
      "size" : 3896
    } ],
    "parameters" : [ ],
    "stepsCount" : 7,
    "attachmentsCount" : 2,
    "shouldDisplayMessage" : false,
    "hasContent" : true
  },
  "afterStages" : [ {
    "name" : "Teardown Test Class",
    "time" : {
      "start" : 1635499066316,
      "stop" : 1635499066387,
      "duration" : 71
    },
    "description" : "Teardown Test Class",
    "status" : "passed",
    "steps" : [ ],
    "attachments" : [ ],
    "parameters" : [ ],
    "stepsCount" : 0,
    "attachmentsCount" : 0,
    "shouldDisplayMessage" : false,
    "hasContent" : false
  }, {
    "name" : "Teardown Test Suite",
    "time" : {
      "start" : 1635499302709,
      "stop" : 1635499303784,
      "duration" : 1075
    },
    "description" : "Teardown Test Suite",
    "status" : "passed",
    "steps" : [ ],
    "attachments" : [ ],
    "parameters" : [ ],
    "stepsCount" : 0,
    "attachmentsCount" : 0,
    "shouldDisplayMessage" : false,
    "hasContent" : false
  } ],
  "labels" : [ {
    "name" : "package",
    "value" : "tests.WebAPP.RegistrationValidators_Tests"
  }, {
    "name" : "testClass",
    "value" : "tests.WebAPP.RegistrationValidators_Tests"
  }, {
    "name" : "testMethod",
    "value" : "test_6"
  }, {
    "name" : "parentSuite",
    "value" : "Automationpractice.com WEB - Kamil Nowocin"
  }, {
    "name" : "suite",
    "value" : "Automated tests for WEB client"
  }, {
    "name" : "subSuite",
    "value" : "tests.WebAPP.RegistrationValidators_Tests"
  }, {
    "name" : "host",
    "value" : "travis-job-1d0b1720-871e-40c7-bcef-8010340ba1db"
  }, {
    "name" : "thread",
    "value" : "4938@travis-job-1d0b1720-871e-40c7-bcef-8010340ba1db.TestNG-test=Automated tests for WEB client-1(23)"
  }, {
    "name" : "framework",
    "value" : "testng"
  }, {
    "name" : "language",
    "value" : "java"
  }, {
    "name" : "owner",
    "value" : "Kamil Nowocin"
  }, {
    "name" : "story",
    "value" : "NEGATIVE FLOW"
  }, {
    "name" : "epic",
    "value" : "Web App Tests"
  }, {
    "name" : "feature",
    "value" : "REGISTRATION VALIDATORS TESTS"
  }, {
    "name" : "severity",
    "value" : "normal"
  }, {
    "name" : "resultFormat",
    "value" : "allure2"
  } ],
  "parameters" : [ ],
  "links" : [ {
    "name" : "STORY-444",
    "url" : "https://tracker.FAKE.com/jira/browse/AUTOMATION_PRACTICE/STORY-444",
    "type" : "tms"
  }, {
    "name" : "TAP-0025",
    "url" : "https://tracker.FAKE.com/jira/browse/AUTOMATION_PRACTICE/issue/TAP-0025",
    "type" : "issue"
  } ],
  "hidden" : false,
  "retry" : false,
  "extra" : {
    "severity" : "normal",
    "owner" : "Kamil Nowocin",
    "retries" : [ {
      "uid" : "1d34cf9290d90532",
      "status" : "skipped",
      "statusDetails" : "Expected condition failed: waiting for element to be clickable: [[ChromeDriver: chrome on LINUX (7911ce901a993d2f27e7fec1409d2bc8)] -> xpath: //input[@id='id_gender1']] (tried for 15 second(s) with 500 milliseconds interval)\nBuild info: version: '3.141.59', revision: 'e82be7d358', time: '2018-11-14T08:17:03'\nSystem info: host: 'travis-job-1d0b1720-871e-40c7-bcef-8010340ba1db', ip: '127.0.0.1', os.name: 'Linux', os.arch: 'amd64', os.version: '5.4.0-1049-gcp', java.version: '14.0.2'\nDriver info: org.openqa.selenium.chrome.ChromeDriver\nCapabilities {acceptInsecureCerts: false, browserName: chrome, browserVersion: 95.0.4638.69, chrome: {chromedriverVersion: 95.0.4638.54 (d31a821ec901f..., userDataDir: /tmp/.com.google.Chrome.2IRGYJ}, goog:chromeOptions: {debuggerAddress: localhost:35679}, javascriptEnabled: true, networkConnectionEnabled: false, pageLoadStrategy: normal, platform: LINUX, platformName: LINUX, proxy: Proxy(), setWindowRect: true, strictFileInteractability: false, timeouts: {implicit: 0, pageLoad: 300000, script: 30000}, unhandledPromptBehavior: dismiss and notify, webauthn:extension:credBlob: true, webauthn:extension:largeBlob: true, webauthn:virtualAuthenticators: true}\nSession ID: 7911ce901a993d2f27e7fec1409d2bc8",
      "time" : {
        "start" : 1635498966814,
        "stop" : 1635499018110,
        "duration" : 51296
      }
    } ],
    "categories" : [ {
      "name" : "Test defects",
      "matchedStatuses" : [ ],
      "flaky" : false
    } ],
    "history" : {
      "statistic" : {
        "failed" : 5,
        "broken" : 10,
        "skipped" : 14,
        "passed" : 346,
        "unknown" : 0,
        "total" : 375
      },
      "items" : [ {
        "uid" : "142647940eb120a8",
        "reportUrl" : "https://app.travis-ci.com/kamil-nowocin/Test_Automation-automationpractice/builds/240377387/#testresult/142647940eb120a8",
        "status" : "passed",
        "time" : {
          "start" : 1634893842357,
          "stop" : 1634893852349,
          "duration" : 9992
        }
      }, {
        "uid" : "881fe199f3c5c756",
        "reportUrl" : "https://app.travis-ci.com/kamil-nowocin/Test_Automation-automationpractice/builds/239895805/#testresult/881fe199f3c5c756",
        "status" : "passed",
        "time" : {
          "start" : 1634288996923,
          "stop" : 1634289014742,
          "duration" : 17819
        }
      }, {
        "uid" : "18121dcb65bb1207",
        "reportUrl" : "https://app.travis-ci.com/kamil-nowocin/Test_Automation-automationpractice/builds/239408969/#testresult/18121dcb65bb1207",
        "status" : "passed",
        "time" : {
          "start" : 1633684076389,
          "stop" : 1633684094641,
          "duration" : 18252
        }
      }, {
        "uid" : "363e80baf503d111",
        "reportUrl" : "https://app.travis-ci.com/kamil-nowocin/Test_Automation-automationpractice/builds/238906135/#testresult/363e80baf503d111",
        "status" : "passed",
        "time" : {
          "start" : 1633079397653,
          "stop" : 1633079414010,
          "duration" : 16357
        }
      }, {
        "uid" : "728977819c2f6b63",
        "reportUrl" : "https://app.travis-ci.com/kamil-nowocin/Test_Automation-automationpractice/builds/238410707/#testresult/728977819c2f6b63",
        "status" : "passed",
        "time" : {
          "start" : 1632474688387,
          "stop" : 1632474735958,
          "duration" : 47571
        }
      }, {
        "uid" : "535e112854e73ffb",
        "reportUrl" : "https://app.travis-ci.com/kamil-nowocin/Test_Automation-automationpractice/builds/237891579/#testresult/535e112854e73ffb",
        "status" : "passed",
        "time" : {
          "start" : 1631869643655,
          "stop" : 1631869661512,
          "duration" : 17857
        }
      }, {
        "uid" : "6427e9b9caa53c46",
        "reportUrl" : "https://app.travis-ci.com/kamil-nowocin/Test_Automation-automationpractice/builds/237361813/#testresult/6427e9b9caa53c46",
        "status" : "passed",
        "time" : {
          "start" : 1631264815944,
          "stop" : 1631264832895,
          "duration" : 16951
        }
      }, {
        "uid" : "ba42feb2dda9973a",
        "reportUrl" : "https://app.travis-ci.com/kamil-nowocin/Test_Automation-automationpractice/builds/236877523/#testresult/ba42feb2dda9973a",
        "status" : "passed",
        "time" : {
          "start" : 1630660006059,
          "stop" : 1630660023807,
          "duration" : 17748
        }
      }, {
        "uid" : "d2ff9d0e39bc965f",
        "reportUrl" : "https://app.travis-ci.com/kamil-nowocin/Test_Automation-automationpractice/builds/235844149/#testresult/d2ff9d0e39bc965f",
        "status" : "passed",
        "time" : {
          "start" : 1629450277577,
          "stop" : 1629450302512,
          "duration" : 24935
        }
      }, {
        "uid" : "f8f3866302c7668f",
        "reportUrl" : "https://app.travis-ci.com/kamil-nowocin/Test_Automation-automationpractice/builds/235264230/#testresult/f8f3866302c7668f",
        "status" : "passed",
        "time" : {
          "start" : 1628845735088,
          "stop" : 1628845763785,
          "duration" : 28697
        }
      }, {
        "uid" : "a5e96903dc339166",
        "reportUrl" : "https://app.travis-ci.com/kamil-nowocin/Test_Automation-automationpractice/builds/234678055/#testresult/a5e96903dc339166",
        "status" : "failed",
        "statusDetails" : "Ups, something went really bad! Even Michael Scofield couldn't have predicted that error! :) expected [http://automationpractice.com/index.php] but found [http://automationpractice.com/]",
        "time" : {
          "start" : 1628240906428,
          "stop" : 1628240920023,
          "duration" : 13595
        }
      }, {
        "uid" : "256a784adf656981",
        "reportUrl" : "https://app.travis-ci.com/kamil-nowocin/Test_Automation-automationpractice/builds/234076887/#testresult/256a784adf656981",
        "status" : "passed",
        "time" : {
          "start" : 1627635817036,
          "stop" : 1627635834420,
          "duration" : 17384
        }
      }, {
        "uid" : "857968ed9f2e15a6",
        "reportUrl" : "https://app.travis-ci.com/kamil-nowocin/Test_Automation-automationpractice/builds/233498285/#testresult/857968ed9f2e15a6",
        "status" : "passed",
        "time" : {
          "start" : 1627031003208,
          "stop" : 1627031021866,
          "duration" : 18658
        }
      }, {
        "uid" : "223dc9a77db9b199",
        "reportUrl" : "https://app.travis-ci.com/kamil-nowocin/Test_Automation-automationpractice/builds/232925473/#testresult/223dc9a77db9b199",
        "status" : "failed",
        "statusDetails" : "Ups, something went really bad! Even Michael Scofield couldn't have predicted that error! :) expected [http://automationpractice.com/index.php] but found [http://automationpractice.com/]",
        "time" : {
          "start" : 1626426207144,
          "stop" : 1626426213055,
          "duration" : 5911
        }
      }, {
        "uid" : "57294770d40328c3",
        "reportUrl" : "https://app.travis-ci.com/kamil-nowocin/Test_Automation-automationpractice/builds/232263792/#testresult/57294770d40328c3",
        "status" : "failed",
        "statusDetails" : "Ups, something went really bad! Even Michael Scofield couldn't have predicted that error! :) expected [http://automationpractice.com/index.php] but found [http://automationpractice.com/]",
        "time" : {
          "start" : 1625821297987,
          "stop" : 1625821307280,
          "duration" : 9293
        }
      }, {
        "uid" : "f10de309df738cae",
        "reportUrl" : "https://app.travis-ci.com/kamil-nowocin/Test_Automation-automationpractice/builds/231604571/#testresult/f10de309df738cae",
        "status" : "passed",
        "time" : {
          "start" : 1625216544739,
          "stop" : 1625216568829,
          "duration" : 24090
        }
      }, {
        "uid" : "3860dc7b19d448ce",
        "reportUrl" : "https://travis-ci.com/kamil-nowocin/Test_Automation-automationpractice/builds/230838061/#testresult/3860dc7b19d448ce",
        "status" : "broken",
        "statusDetails" : "Expected condition failed: waiting for visibility of Proxy element for: DefaultElementLocator 'By.xpath: //input[@id='email_create']' (tried for 15 second(s) with 500 milliseconds interval)",
        "time" : {
          "start" : 1624611893994,
          "stop" : 1624611933650,
          "duration" : 39656
        }
      }, {
        "uid" : "a4d4d56d713805b3",
        "reportUrl" : "https://travis-ci.com/kamil-nowocin/Test_Automation-automationpractice/builds/229856441/#testresult/a4d4d56d713805b3",
        "status" : "passed",
        "time" : {
          "start" : 1624006951471,
          "stop" : 1624007006313,
          "duration" : 54842
        }
      }, {
        "uid" : "c5145aa609ea2669",
        "reportUrl" : "https://travis-ci.com/kamil-nowocin/Test_Automation-automationpractice/builds/228691879/#testresult/c5145aa609ea2669",
        "status" : "passed",
        "time" : {
          "start" : 1623402127835,
          "stop" : 1623402162170,
          "duration" : 34335
        }
      }, {
        "uid" : "c528c42c3a8ef6c3",
        "reportUrl" : "https://travis-ci.com/kamil-nowocin/Test_Automation-automationpractice/builds/227965352/#testresult/c528c42c3a8ef6c3",
        "status" : "passed",
        "time" : {
          "start" : 1622797566386,
          "stop" : 1622797625204,
          "duration" : 58818
        }
      } ]
    },
    "tags" : [ ]
  },
  "source" : "47b32f4c27ce60aa.json",
  "parameterValues" : [ ]
}