{
  "uid" : "4cb785ce9e55fb9f",
  "name" : "[US-555]/[3] I would like to use search box and be able to see results of: \"Printed Dress\"",
  "fullName" : "tests.WebAPP.SearchBox_Tests.test_3",
  "historyId" : "7f2f82628f6f401978aa8e78593df985",
  "time" : {
    "start" : 1653643344801,
    "stop" : 1653643352149,
    "duration" : 7348
  },
  "description" : "[US-555]/[3] As a user I would like to use search box and be able to see results of: \"Printed Dress\"",
  "descriptionHtml" : "<p>[US-555]/[3] As a user I would like to use search box and be able to see results of: &quot;Printed Dress&quot;</p>\n",
  "status" : "skipped",
  "statusMessage" : "Ups, something went really bad! Even Michael Scofield couldn't have predicted that error! :) expected [http://automationpractice.com/index.php] but found [http://automationpractice.com/]",
  "statusTrace" : "java.lang.AssertionError: Ups, something went really bad! Even Michael Scofield couldn't have predicted that error! :) expected [http://automationpractice.com/index.php] but found [http://automationpractice.com/]\n\tat org.testng.Assert.fail(Assert.java:99)\n\tat org.testng.Assert.failNotEquals(Assert.java:1037)\n\tat org.testng.Assert.assertEqualsImpl(Assert.java:140)\n\tat org.testng.Assert.assertEquals(Assert.java:122)\n\tat org.testng.Assert.assertEquals(Assert.java:629)\n\tat com.steps.MainPageSteps.iOpenHomePage(MainPageSteps.java:35)\n\tat tests.WebAPP.SearchBox_Tests.test_3(SearchBox_Tests.java:94)\n\tat java.base/jdk.internal.reflect.NativeMethodAccessorImpl.invoke0(Native Method)\n\tat java.base/jdk.internal.reflect.NativeMethodAccessorImpl.invoke(NativeMethodAccessorImpl.java:62)\n\tat java.base/jdk.internal.reflect.DelegatingMethodAccessorImpl.invoke(DelegatingMethodAccessorImpl.java:43)\n\tat java.base/java.lang.reflect.Method.invoke(Method.java:564)\n\tat org.testng.internal.MethodInvocationHelper.invokeMethod(MethodInvocationHelper.java:132)\n\tat org.testng.internal.TestInvoker.invokeMethod(TestInvoker.java:599)\n\tat org.testng.internal.TestInvoker.invokeTestMethod(TestInvoker.java:174)\n\tat org.testng.internal.MethodRunner.runInSequence(MethodRunner.java:46)\n\tat org.testng.internal.TestInvoker$MethodInvocationAgent.invoke(TestInvoker.java:822)\n\tat org.testng.internal.TestInvoker.invokeTestMethods(TestInvoker.java:147)\n\tat org.testng.internal.TestMethodWorker.invokeTestMethods(TestMethodWorker.java:146)\n\tat org.testng.internal.TestMethodWorker.run(TestMethodWorker.java:128)\n\tat java.base/java.util.concurrent.ThreadPoolExecutor.runWorker(ThreadPoolExecutor.java:1130)\n\tat java.base/java.util.concurrent.ThreadPoolExecutor$Worker.run(ThreadPoolExecutor.java:630)\n\tat java.base/java.lang.Thread.run(Thread.java:832)\n",
  "flaky" : false,
  "newFailed" : false,
  "newBroken" : false,
  "newPassed" : false,
  "retriesCount" : 0,
  "retriesStatusChange" : false,
  "beforeStages" : [ {
    "name" : "Setting up Excel File",
    "time" : {
      "start" : 1653643270952,
      "stop" : 1653643271016,
      "duration" : 64
    },
    "description" : "Setting up Excel File",
    "status" : "passed",
    "steps" : [ ],
    "attachments" : [ ],
    "parameters" : [ ],
    "stepsCount" : 0,
    "attachmentsCount" : 0,
    "shouldDisplayMessage" : false,
    "hasContent" : false
  }, {
    "name" : "Setting up Test Class",
    "time" : {
      "start" : 1653643344198,
      "stop" : 1653643344792,
      "duration" : 594
    },
    "description" : "Setting up Test Class",
    "status" : "passed",
    "steps" : [ ],
    "attachments" : [ ],
    "parameters" : [ ],
    "stepsCount" : 0,
    "attachmentsCount" : 0,
    "shouldDisplayMessage" : false,
    "hasContent" : false
  } ],
  "testStage" : {
    "description" : "[US-555]/[3] As a user I would like to use search box and be able to see results of: \"Printed Dress\"",
    "status" : "skipped",
    "statusMessage" : "Ups, something went really bad! Even Michael Scofield couldn't have predicted that error! :) expected [http://automationpractice.com/index.php] but found [http://automationpractice.com/]",
    "statusTrace" : "java.lang.AssertionError: Ups, something went really bad! Even Michael Scofield couldn't have predicted that error! :) expected [http://automationpractice.com/index.php] but found [http://automationpractice.com/]\n\tat org.testng.Assert.fail(Assert.java:99)\n\tat org.testng.Assert.failNotEquals(Assert.java:1037)\n\tat org.testng.Assert.assertEqualsImpl(Assert.java:140)\n\tat org.testng.Assert.assertEquals(Assert.java:122)\n\tat org.testng.Assert.assertEquals(Assert.java:629)\n\tat com.steps.MainPageSteps.iOpenHomePage(MainPageSteps.java:35)\n\tat tests.WebAPP.SearchBox_Tests.test_3(SearchBox_Tests.java:94)\n\tat java.base/jdk.internal.reflect.NativeMethodAccessorImpl.invoke0(Native Method)\n\tat java.base/jdk.internal.reflect.NativeMethodAccessorImpl.invoke(NativeMethodAccessorImpl.java:62)\n\tat java.base/jdk.internal.reflect.DelegatingMethodAccessorImpl.invoke(DelegatingMethodAccessorImpl.java:43)\n\tat java.base/java.lang.reflect.Method.invoke(Method.java:564)\n\tat org.testng.internal.MethodInvocationHelper.invokeMethod(MethodInvocationHelper.java:132)\n\tat org.testng.internal.TestInvoker.invokeMethod(TestInvoker.java:599)\n\tat org.testng.internal.TestInvoker.invokeTestMethod(TestInvoker.java:174)\n\tat org.testng.internal.MethodRunner.runInSequence(MethodRunner.java:46)\n\tat org.testng.internal.TestInvoker$MethodInvocationAgent.invoke(TestInvoker.java:822)\n\tat org.testng.internal.TestInvoker.invokeTestMethods(TestInvoker.java:147)\n\tat org.testng.internal.TestMethodWorker.invokeTestMethods(TestMethodWorker.java:146)\n\tat org.testng.internal.TestMethodWorker.run(TestMethodWorker.java:128)\n\tat java.base/java.util.concurrent.ThreadPoolExecutor.runWorker(ThreadPoolExecutor.java:1130)\n\tat java.base/java.util.concurrent.ThreadPoolExecutor$Worker.run(ThreadPoolExecutor.java:630)\n\tat java.base/java.lang.Thread.run(Thread.java:832)\n",
    "steps" : [ {
      "name" : "I open home page",
      "time" : {
        "start" : 1653643352070,
        "stop" : 1653643352149,
        "duration" : 79
      },
      "status" : "failed",
      "statusMessage" : "Ups, something went really bad! Even Michael Scofield couldn't have predicted that error! :) expected [http://automationpractice.com/index.php] but found [http://automationpractice.com/]",
      "statusTrace" : "java.lang.AssertionError: Ups, something went really bad! Even Michael Scofield couldn't have predicted that error! :) expected [http://automationpractice.com/index.php] but found [http://automationpractice.com/]\n\tat org.testng.Assert.fail(Assert.java:99)\n\tat org.testng.Assert.failNotEquals(Assert.java:1037)\n\tat org.testng.Assert.assertEqualsImpl(Assert.java:140)\n\tat org.testng.Assert.assertEquals(Assert.java:122)\n\tat org.testng.Assert.assertEquals(Assert.java:629)\n\tat com.steps.MainPageSteps.iOpenHomePage(MainPageSteps.java:35)\n\tat tests.WebAPP.SearchBox_Tests.test_3(SearchBox_Tests.java:94)\n\tat java.base/jdk.internal.reflect.NativeMethodAccessorImpl.invoke0(Native Method)\n\tat java.base/jdk.internal.reflect.NativeMethodAccessorImpl.invoke(NativeMethodAccessorImpl.java:62)\n\tat java.base/jdk.internal.reflect.DelegatingMethodAccessorImpl.invoke(DelegatingMethodAccessorImpl.java:43)\n\tat java.base/java.lang.reflect.Method.invoke(Method.java:564)\n\tat org.testng.internal.MethodInvocationHelper.invokeMethod(MethodInvocationHelper.java:132)\n\tat org.testng.internal.TestInvoker.invokeMethod(TestInvoker.java:599)\n\tat org.testng.internal.TestInvoker.invokeTestMethod(TestInvoker.java:174)\n\tat org.testng.internal.MethodRunner.runInSequence(MethodRunner.java:46)\n\tat org.testng.internal.TestInvoker$MethodInvocationAgent.invoke(TestInvoker.java:822)\n\tat org.testng.internal.TestInvoker.invokeTestMethods(TestInvoker.java:147)\n\tat org.testng.internal.TestMethodWorker.invokeTestMethods(TestMethodWorker.java:146)\n\tat org.testng.internal.TestMethodWorker.run(TestMethodWorker.java:128)\n\tat java.base/java.util.concurrent.ThreadPoolExecutor.runWorker(ThreadPoolExecutor.java:1130)\n\tat java.base/java.util.concurrent.ThreadPoolExecutor$Worker.run(ThreadPoolExecutor.java:630)\n\tat java.base/java.lang.Thread.run(Thread.java:832)\n",
      "steps" : [ ],
      "attachments" : [ ],
      "parameters" : [ ],
      "stepsCount" : 0,
      "attachmentsCount" : 0,
      "shouldDisplayMessage" : true,
      "hasContent" : true
    } ],
    "attachments" : [ ],
    "parameters" : [ ],
    "stepsCount" : 1,
    "attachmentsCount" : 0,
    "shouldDisplayMessage" : false,
    "hasContent" : true
  },
  "afterStages" : [ {
    "name" : "Teardown Test Class",
    "time" : {
      "start" : 1653643352151,
      "stop" : 1653643352219,
      "duration" : 68
    },
    "description" : "Teardown Test Class",
    "status" : "passed",
    "steps" : [ ],
    "attachments" : [ ],
    "parameters" : [ ],
    "stepsCount" : 0,
    "attachmentsCount" : 0,
    "shouldDisplayMessage" : false,
    "hasContent" : false
  }, {
    "name" : "Teardown Test Suite",
    "time" : {
      "start" : 1653643946457,
      "stop" : 1653643947647,
      "duration" : 1190
    },
    "description" : "Teardown Test Suite",
    "status" : "passed",
    "steps" : [ ],
    "attachments" : [ ],
    "parameters" : [ ],
    "stepsCount" : 0,
    "attachmentsCount" : 0,
    "shouldDisplayMessage" : false,
    "hasContent" : false
  } ],
  "labels" : [ {
    "name" : "package",
    "value" : "tests.WebAPP.SearchBox_Tests"
  }, {
    "name" : "testClass",
    "value" : "tests.WebAPP.SearchBox_Tests"
  }, {
    "name" : "testMethod",
    "value" : "test_3"
  }, {
    "name" : "parentSuite",
    "value" : "Automationpractice.com WEB - Kamil Nowocin"
  }, {
    "name" : "suite",
    "value" : "Automated tests for WEB client"
  }, {
    "name" : "subSuite",
    "value" : "tests.WebAPP.SearchBox_Tests"
  }, {
    "name" : "host",
    "value" : "travis-job-35211d32-70ed-48bf-a03e-b131654554ea"
  }, {
    "name" : "thread",
    "value" : "4386@travis-job-35211d32-70ed-48bf-a03e-b131654554ea.TestNG-test=Automated tests for WEB client-3(25)"
  }, {
    "name" : "framework",
    "value" : "testng"
  }, {
    "name" : "language",
    "value" : "java"
  }, {
    "name" : "owner",
    "value" : "Kamil Nowocin"
  }, {
    "name" : "story",
    "value" : "POSITIVE FLOW"
  }, {
    "name" : "feature",
    "value" : "SEARCH BOX TESTS"
  }, {
    "name" : "epic",
    "value" : "Web App Tests"
  }, {
    "name" : "severity",
    "value" : "critical"
  }, {
    "name" : "resultFormat",
    "value" : "allure2"
  } ],
  "parameters" : [ ],
  "links" : [ {
    "name" : "TAP-0033",
    "url" : "https://tracker.FAKE.com/jira/browse/AUTOMATION_PRACTICE/issue/TAP-0033",
    "type" : "issue"
  }, {
    "name" : "STORY-555",
    "url" : "https://tracker.FAKE.com/jira/browse/AUTOMATION_PRACTICE/STORY-555",
    "type" : "tms"
  } ],
  "hidden" : true,
  "retry" : true,
  "extra" : {
    "categories" : [ ],
    "tags" : [ ]
  },
  "source" : "4cb785ce9e55fb9f.json",
  "parameterValues" : [ ]
}