{
  "uid" : "4ed1bb5f2d346c55",
  "name" : "[US-333]/[2] I can create an account by filling up all fields",
  "fullName" : "tests.WebAPP.Registration_Tests.test_2",
  "historyId" : "632ea042518ad9b655b2d9ef4017fd20",
  "time" : {
    "start" : 1648200074538,
    "stop" : 1648200074934,
    "duration" : 396
  },
  "description" : "[US-333]/[2] As a user I can create an account by filling up all fields",
  "descriptionHtml" : "<p>[US-333]/[2] As a user I can create an account by filling up all fields</p>\n",
  "status" : "failed",
  "statusMessage" : "Ups, something went really bad! Even Michael Scofield couldn't have predicted that error! :) expected [http://automationpractice.com/index.php] but found [http://automationpractice.com/]",
  "statusTrace" : "java.lang.AssertionError: Ups, something went really bad! Even Michael Scofield couldn't have predicted that error! :) expected [http://automationpractice.com/index.php] but found [http://automationpractice.com/]\n\tat org.testng.Assert.fail(Assert.java:99)\n\tat org.testng.Assert.failNotEquals(Assert.java:1037)\n\tat org.testng.Assert.assertEqualsImpl(Assert.java:140)\n\tat org.testng.Assert.assertEquals(Assert.java:122)\n\tat org.testng.Assert.assertEquals(Assert.java:629)\n\tat com.steps.MainPageSteps.iOpenHomePage(MainPageSteps.java:35)\n\tat tests.WebAPP.Registration_Tests.test_2(Registration_Tests.java:73)\n\tat java.base/jdk.internal.reflect.NativeMethodAccessorImpl.invoke0(Native Method)\n\tat java.base/jdk.internal.reflect.NativeMethodAccessorImpl.invoke(NativeMethodAccessorImpl.java:62)\n\tat java.base/jdk.internal.reflect.DelegatingMethodAccessorImpl.invoke(DelegatingMethodAccessorImpl.java:43)\n\tat java.base/java.lang.reflect.Method.invoke(Method.java:564)\n\tat org.testng.internal.MethodInvocationHelper.invokeMethod(MethodInvocationHelper.java:132)\n\tat org.testng.internal.TestInvoker.invokeMethod(TestInvoker.java:599)\n\tat org.testng.internal.TestInvoker.retryFailed(TestInvoker.java:214)\n\tat org.testng.internal.MethodRunner.runInSequence(MethodRunner.java:58)\n\tat org.testng.internal.TestInvoker$MethodInvocationAgent.invoke(TestInvoker.java:822)\n\tat org.testng.internal.TestInvoker.invokeTestMethods(TestInvoker.java:147)\n\tat org.testng.internal.TestMethodWorker.invokeTestMethods(TestMethodWorker.java:146)\n\tat org.testng.internal.TestMethodWorker.run(TestMethodWorker.java:128)\n\tat java.base/java.util.concurrent.ThreadPoolExecutor.runWorker(ThreadPoolExecutor.java:1130)\n\tat java.base/java.util.concurrent.ThreadPoolExecutor$Worker.run(ThreadPoolExecutor.java:630)\n\tat java.base/java.lang.Thread.run(Thread.java:832)\n",
  "flaky" : false,
  "newFailed" : true,
  "newBroken" : false,
  "newPassed" : false,
  "retriesCount" : 1,
  "retriesStatusChange" : true,
  "beforeStages" : [ {
    "name" : "Setting up Excel File",
    "time" : {
      "start" : 1648199813761,
      "stop" : 1648199813845,
      "duration" : 84
    },
    "description" : "Setting up Excel File",
    "status" : "passed",
    "steps" : [ ],
    "attachments" : [ ],
    "parameters" : [ ],
    "stepsCount" : 0,
    "attachmentsCount" : 0,
    "shouldDisplayMessage" : false,
    "hasContent" : false
  }, {
    "name" : "Setting up Test Class",
    "time" : {
      "start" : 1648200073947,
      "stop" : 1648200074531,
      "duration" : 584
    },
    "description" : "Setting up Test Class",
    "status" : "passed",
    "steps" : [ ],
    "attachments" : [ ],
    "parameters" : [ ],
    "stepsCount" : 0,
    "attachmentsCount" : 0,
    "shouldDisplayMessage" : false,
    "hasContent" : false
  } ],
  "testStage" : {
    "description" : "[US-333]/[2] As a user I can create an account by filling up all fields",
    "status" : "failed",
    "statusMessage" : "Ups, something went really bad! Even Michael Scofield couldn't have predicted that error! :) expected [http://automationpractice.com/index.php] but found [http://automationpractice.com/]",
    "statusTrace" : "java.lang.AssertionError: Ups, something went really bad! Even Michael Scofield couldn't have predicted that error! :) expected [http://automationpractice.com/index.php] but found [http://automationpractice.com/]\n\tat org.testng.Assert.fail(Assert.java:99)\n\tat org.testng.Assert.failNotEquals(Assert.java:1037)\n\tat org.testng.Assert.assertEqualsImpl(Assert.java:140)\n\tat org.testng.Assert.assertEquals(Assert.java:122)\n\tat org.testng.Assert.assertEquals(Assert.java:629)\n\tat com.steps.MainPageSteps.iOpenHomePage(MainPageSteps.java:35)\n\tat tests.WebAPP.Registration_Tests.test_2(Registration_Tests.java:73)\n\tat java.base/jdk.internal.reflect.NativeMethodAccessorImpl.invoke0(Native Method)\n\tat java.base/jdk.internal.reflect.NativeMethodAccessorImpl.invoke(NativeMethodAccessorImpl.java:62)\n\tat java.base/jdk.internal.reflect.DelegatingMethodAccessorImpl.invoke(DelegatingMethodAccessorImpl.java:43)\n\tat java.base/java.lang.reflect.Method.invoke(Method.java:564)\n\tat org.testng.internal.MethodInvocationHelper.invokeMethod(MethodInvocationHelper.java:132)\n\tat org.testng.internal.TestInvoker.invokeMethod(TestInvoker.java:599)\n\tat org.testng.internal.TestInvoker.retryFailed(TestInvoker.java:214)\n\tat org.testng.internal.MethodRunner.runInSequence(MethodRunner.java:58)\n\tat org.testng.internal.TestInvoker$MethodInvocationAgent.invoke(TestInvoker.java:822)\n\tat org.testng.internal.TestInvoker.invokeTestMethods(TestInvoker.java:147)\n\tat org.testng.internal.TestMethodWorker.invokeTestMethods(TestMethodWorker.java:146)\n\tat org.testng.internal.TestMethodWorker.run(TestMethodWorker.java:128)\n\tat java.base/java.util.concurrent.ThreadPoolExecutor.runWorker(ThreadPoolExecutor.java:1130)\n\tat java.base/java.util.concurrent.ThreadPoolExecutor$Worker.run(ThreadPoolExecutor.java:630)\n\tat java.base/java.lang.Thread.run(Thread.java:832)\n",
    "steps" : [ {
      "name" : "I open home page",
      "time" : {
        "start" : 1648200074766,
        "stop" : 1648200074823,
        "duration" : 57
      },
      "status" : "failed",
      "statusMessage" : "Ups, something went really bad! Even Michael Scofield couldn't have predicted that error! :) expected [http://automationpractice.com/index.php] but found [http://automationpractice.com/]",
      "statusTrace" : "java.lang.AssertionError: Ups, something went really bad! Even Michael Scofield couldn't have predicted that error! :) expected [http://automationpractice.com/index.php] but found [http://automationpractice.com/]\n\tat org.testng.Assert.fail(Assert.java:99)\n\tat org.testng.Assert.failNotEquals(Assert.java:1037)\n\tat org.testng.Assert.assertEqualsImpl(Assert.java:140)\n\tat org.testng.Assert.assertEquals(Assert.java:122)\n\tat org.testng.Assert.assertEquals(Assert.java:629)\n\tat com.steps.MainPageSteps.iOpenHomePage(MainPageSteps.java:35)\n\tat tests.WebAPP.Registration_Tests.test_2(Registration_Tests.java:73)\n\tat java.base/jdk.internal.reflect.NativeMethodAccessorImpl.invoke0(Native Method)\n\tat java.base/jdk.internal.reflect.NativeMethodAccessorImpl.invoke(NativeMethodAccessorImpl.java:62)\n\tat java.base/jdk.internal.reflect.DelegatingMethodAccessorImpl.invoke(DelegatingMethodAccessorImpl.java:43)\n\tat java.base/java.lang.reflect.Method.invoke(Method.java:564)\n\tat org.testng.internal.MethodInvocationHelper.invokeMethod(MethodInvocationHelper.java:132)\n\tat org.testng.internal.TestInvoker.invokeMethod(TestInvoker.java:599)\n\tat org.testng.internal.TestInvoker.retryFailed(TestInvoker.java:214)\n\tat org.testng.internal.MethodRunner.runInSequence(MethodRunner.java:58)\n\tat org.testng.internal.TestInvoker$MethodInvocationAgent.invoke(TestInvoker.java:822)\n\tat org.testng.internal.TestInvoker.invokeTestMethods(TestInvoker.java:147)\n\tat org.testng.internal.TestMethodWorker.invokeTestMethods(TestMethodWorker.java:146)\n\tat org.testng.internal.TestMethodWorker.run(TestMethodWorker.java:128)\n\tat java.base/java.util.concurrent.ThreadPoolExecutor.runWorker(ThreadPoolExecutor.java:1130)\n\tat java.base/java.util.concurrent.ThreadPoolExecutor$Worker.run(ThreadPoolExecutor.java:630)\n\tat java.base/java.lang.Thread.run(Thread.java:832)\n",
      "steps" : [ ],
      "attachments" : [ ],
      "parameters" : [ ],
      "stepsCount" : 0,
      "attachmentsCount" : 0,
      "shouldDisplayMessage" : true,
      "hasContent" : true
    } ],
    "attachments" : [ {
      "uid" : "86b35051cdc0e153",
      "name" : "Scenario FAIL screenshot",
      "source" : "86b35051cdc0e153.png",
      "type" : "image/png",
      "size" : 18331
    }, {
      "uid" : "c049805b3d6e6e38",
      "name" : "TestNG test FAIL logs",
      "source" : "c049805b3d6e6e38.txt",
      "type" : "text/plain",
      "size" : 2495
    } ],
    "parameters" : [ ],
    "stepsCount" : 1,
    "attachmentsCount" : 2,
    "shouldDisplayMessage" : false,
    "hasContent" : true
  },
  "afterStages" : [ {
    "name" : "Teardown Test Class",
    "time" : {
      "start" : 1648200074950,
      "stop" : 1648200075020,
      "duration" : 70
    },
    "description" : "Teardown Test Class",
    "status" : "passed",
    "steps" : [ ],
    "attachments" : [ ],
    "parameters" : [ ],
    "stepsCount" : 0,
    "attachmentsCount" : 0,
    "shouldDisplayMessage" : false,
    "hasContent" : false
  }, {
    "name" : "Teardown Test Suite",
    "time" : {
      "start" : 1648200249192,
      "stop" : 1648200250347,
      "duration" : 1155
    },
    "description" : "Teardown Test Suite",
    "status" : "passed",
    "steps" : [ ],
    "attachments" : [ ],
    "parameters" : [ ],
    "stepsCount" : 0,
    "attachmentsCount" : 0,
    "shouldDisplayMessage" : false,
    "hasContent" : false
  } ],
  "labels" : [ {
    "name" : "package",
    "value" : "tests.WebAPP.Registration_Tests"
  }, {
    "name" : "testClass",
    "value" : "tests.WebAPP.Registration_Tests"
  }, {
    "name" : "testMethod",
    "value" : "test_2"
  }, {
    "name" : "parentSuite",
    "value" : "Automationpractice.com WEB - Kamil Nowocin"
  }, {
    "name" : "suite",
    "value" : "Automated tests for WEB client"
  }, {
    "name" : "subSuite",
    "value" : "tests.WebAPP.Registration_Tests"
  }, {
    "name" : "host",
    "value" : "travis-job-65cdeae4-555e-41d5-8853-164f42add71b"
  }, {
    "name" : "thread",
    "value" : "4579@travis-job-65cdeae4-555e-41d5-8853-164f42add71b.TestNG-test=Automated tests for WEB client-2(24)"
  }, {
    "name" : "framework",
    "value" : "testng"
  }, {
    "name" : "language",
    "value" : "java"
  }, {
    "name" : "owner",
    "value" : "Kamil Nowocin"
  }, {
    "name" : "story",
    "value" : "POSITIVE FLOW"
  }, {
    "name" : "feature",
    "value" : "REGISTRATION TESTS"
  }, {
    "name" : "epic",
    "value" : "Web App Tests"
  }, {
    "name" : "severity",
    "value" : "critical"
  }, {
    "name" : "resultFormat",
    "value" : "allure2"
  } ],
  "parameters" : [ ],
  "links" : [ {
    "name" : "STORY-333",
    "url" : "https://tracker.FAKE.com/jira/browse/AUTOMATION_PRACTICE/STORY-333",
    "type" : "tms"
  }, {
    "name" : "TAP-0014",
    "url" : "https://tracker.FAKE.com/jira/browse/AUTOMATION_PRACTICE/issue/TAP-0014",
    "type" : "issue"
  } ],
  "hidden" : false,
  "retry" : false,
  "extra" : {
    "severity" : "critical",
    "owner" : "Kamil Nowocin",
    "retries" : [ {
      "uid" : "dad47550dc196c08",
      "status" : "skipped",
      "statusDetails" : "Ups, something went really bad! Even Michael Scofield couldn't have predicted that error! :) expected [http://automationpractice.com/index.php] but found [http://automationpractice.com/]",
      "time" : {
        "start" : 1648200063534,
        "stop" : 1648200073882,
        "duration" : 10348
      }
    } ],
    "categories" : [ {
      "name" : "Product defects",
      "matchedStatuses" : [ ],
      "flaky" : false
    } ],
    "history" : {
      "statistic" : {
        "failed" : 3,
        "broken" : 22,
        "skipped" : 31,
        "passed" : 342,
        "unknown" : 0,
        "total" : 398
      },
      "items" : [ {
        "uid" : "a02d0e82c99171ef",
        "reportUrl" : "https://app.travis-ci.com/kamil-nowocin/Test_Automation-automationpractice/builds/248092754/#testresult/a02d0e82c99171ef",
        "status" : "skipped",
        "statusDetails" : "Method Registration_Tests.test_2()[pri:1, instance:tests.WebAPP.Registration_Tests@2f5af60d] depends on not successfully finished methods",
        "time" : {
          "start" : 1647595290639,
          "stop" : 1647595290640,
          "duration" : 1
        }
      }, {
        "uid" : "cb8fa40c278b887d",
        "reportUrl" : "https://app.travis-ci.com/kamil-nowocin/Test_Automation-automationpractice/builds/247748235/#testresult/cb8fa40c278b887d",
        "status" : "skipped",
        "statusDetails" : "Method Registration_Tests.test_2()[pri:1, instance:tests.WebAPP.Registration_Tests@73dd36d8] depends on not successfully finished methods",
        "time" : {
          "start" : 1646990373392,
          "stop" : 1646990373394,
          "duration" : 2
        }
      }, {
        "uid" : "a1678cf38c63f97e",
        "reportUrl" : "https://app.travis-ci.com/kamil-nowocin/Test_Automation-automationpractice/builds/247400089/#testresult/a1678cf38c63f97e",
        "status" : "passed",
        "time" : {
          "start" : 1646385457938,
          "stop" : 1646385488605,
          "duration" : 30667
        }
      }, {
        "uid" : "8cdc67ff6ee25107",
        "reportUrl" : "https://app.travis-ci.com/kamil-nowocin/Test_Automation-automationpractice/builds/247052515/#testresult/8cdc67ff6ee25107",
        "status" : "skipped",
        "statusDetails" : "Method Registration_Tests.test_2()[pri:1, instance:tests.WebAPP.Registration_Tests@120a0862] depends on not successfully finished methods",
        "time" : {
          "start" : 1645780926768,
          "stop" : 1645780926769,
          "duration" : 1
        }
      }, {
        "uid" : "37353145ffb17918",
        "reportUrl" : "https://app.travis-ci.com/kamil-nowocin/Test_Automation-automationpractice/builds/246687955/#testresult/37353145ffb17918",
        "status" : "passed",
        "time" : {
          "start" : 1645175866471,
          "stop" : 1645175881249,
          "duration" : 14778
        }
      }, {
        "uid" : "1b000fd6d46ce6e8",
        "reportUrl" : "https://app.travis-ci.com/kamil-nowocin/Test_Automation-automationpractice/builds/246291444/#testresult/1b000fd6d46ce6e8",
        "status" : "passed",
        "time" : {
          "start" : 1644570974758,
          "stop" : 1644570995674,
          "duration" : 20916
        }
      }, {
        "uid" : "5cc3dd521415e963",
        "reportUrl" : "https://app.travis-ci.com/kamil-nowocin/Test_Automation-automationpractice/builds/245914980/#testresult/5cc3dd521415e963",
        "status" : "broken",
        "statusDetails" : "Expected condition failed: waiting for element to be clickable: [[ChromeDriver: chrome on LINUX (54e436d5b16decbef4dcb5fc035dff99)] -> xpath: //input[@id='id_gender1']] (tried for 15 second(s) with 500 milliseconds interval)\nBuild info: version: '3.141.59', revision: 'e82be7d358', time: '2018-11-14T08:17:03'\nSystem info: host: 'travis-job-9235a1e1-e04f-49d9-83bc-ac9cfab29b36', ip: '127.0.0.1', os.name: 'Linux', os.arch: 'amd64', os.version: '5.4.0-1062-gcp', java.version: '14.0.2'\nDriver info: org.openqa.selenium.chrome.ChromeDriver\nCapabilities {acceptInsecureCerts: false, browserName: chrome, browserVersion: 98.0.4758.80, chrome: {chromedriverVersion: 98.0.4758.80 (7f0488e8ba0d8..., userDataDir: /tmp/.com.google.Chrome.jeHvOQ}, goog:chromeOptions: {debuggerAddress: localhost:33053}, javascriptEnabled: true, networkConnectionEnabled: false, pageLoadStrategy: normal, platform: LINUX, platformName: LINUX, proxy: Proxy(), setWindowRect: true, strictFileInteractability: false, timeouts: {implicit: 0, pageLoad: 300000, script: 30000}, unhandledPromptBehavior: dismiss and notify, webauthn:extension:credBlob: true, webauthn:extension:largeBlob: true, webauthn:virtualAuthenticators: true}\nSession ID: 54e436d5b16decbef4dcb5fc035dff99",
        "time" : {
          "start" : 1643966332845,
          "stop" : 1643966367253,
          "duration" : 34408
        }
      }, {
        "uid" : "ecec25e0d2dfbe19",
        "reportUrl" : "https://app.travis-ci.com/kamil-nowocin/Test_Automation-automationpractice/builds/245554025/#testresult/ecec25e0d2dfbe19",
        "status" : "skipped",
        "statusDetails" : "Method Registration_Tests.test_2()[pri:1, instance:tests.WebAPP.Registration_Tests@2ea13e23] depends on not successfully finished methods",
        "time" : {
          "start" : 1643361247808,
          "stop" : 1643361247808,
          "duration" : 0
        }
      }, {
        "uid" : "18e6153ba19e1635",
        "reportUrl" : "https://app.travis-ci.com/kamil-nowocin/Test_Automation-automationpractice/builds/245173334/#testresult/18e6153ba19e1635",
        "status" : "skipped",
        "statusDetails" : "Method Registration_Tests.test_2()[pri:1, instance:tests.WebAPP.Registration_Tests@73dd36d8] depends on not successfully finished methods",
        "time" : {
          "start" : 1642756411195,
          "stop" : 1642756411195,
          "duration" : 0
        }
      }, {
        "uid" : "f7fe3c990590a0ab",
        "reportUrl" : "https://app.travis-ci.com/kamil-nowocin/Test_Automation-automationpractice/builds/244811527/#testresult/f7fe3c990590a0ab",
        "status" : "broken",
        "statusDetails" : "Expected condition failed: waiting for element to be clickable: [[ChromeDriver: chrome on LINUX (5357beb5755896fae17e0072506fc092)] -> xpath: //input[@id='id_gender1']] (tried for 15 second(s) with 500 milliseconds interval)\nBuild info: version: '3.141.59', revision: 'e82be7d358', time: '2018-11-14T08:17:03'\nSystem info: host: 'travis-job-0f2a2af2-c261-4654-b0a2-e077ac609b96', ip: '127.0.0.1', os.name: 'Linux', os.arch: 'amd64', os.version: '5.4.0-1058-gcp', java.version: '14.0.2'\nDriver info: org.openqa.selenium.chrome.ChromeDriver\nCapabilities {acceptInsecureCerts: false, browserName: chrome, browserVersion: 97.0.4692.71, chrome: {chromedriverVersion: 97.0.4692.71 (adefa7837d02a..., userDataDir: /tmp/.com.google.Chrome.qPyalM}, goog:chromeOptions: {debuggerAddress: localhost:40549}, javascriptEnabled: true, networkConnectionEnabled: false, pageLoadStrategy: normal, platform: LINUX, platformName: LINUX, proxy: Proxy(), setWindowRect: true, strictFileInteractability: false, timeouts: {implicit: 0, pageLoad: 300000, script: 30000}, unhandledPromptBehavior: dismiss and notify, webauthn:extension:credBlob: true, webauthn:extension:largeBlob: true, webauthn:virtualAuthenticators: true}\nSession ID: 5357beb5755896fae17e0072506fc092",
        "time" : {
          "start" : 1642151690086,
          "stop" : 1642151710080,
          "duration" : 19994
        }
      }, {
        "uid" : "114477d91586d5e3",
        "reportUrl" : "https://app.travis-ci.com/kamil-nowocin/Test_Automation-automationpractice/builds/244440957/#testresult/114477d91586d5e3",
        "status" : "broken",
        "statusDetails" : "Expected condition failed: waiting for element to be clickable: [[ChromeDriver: chrome on LINUX (729231c3d56ec560c5aa4ec55fc93124)] -> xpath: //input[@id='id_gender2']] (tried for 15 second(s) with 500 milliseconds interval)\nBuild info: version: '3.141.59', revision: 'e82be7d358', time: '2018-11-14T08:17:03'\nSystem info: host: 'travis-job-943996e6-8068-438f-a946-f470dc5db98d', ip: '127.0.0.1', os.name: 'Linux', os.arch: 'amd64', os.version: '5.4.0-1058-gcp', java.version: '14.0.2'\nDriver info: org.openqa.selenium.chrome.ChromeDriver\nCapabilities {acceptInsecureCerts: false, browserName: chrome, browserVersion: 97.0.4692.71, chrome: {chromedriverVersion: 97.0.4692.71 (adefa7837d02a..., userDataDir: /tmp/.com.google.Chrome.DGIvOI}, goog:chromeOptions: {debuggerAddress: localhost:41665}, javascriptEnabled: true, networkConnectionEnabled: false, pageLoadStrategy: normal, platform: LINUX, platformName: LINUX, proxy: Proxy(), setWindowRect: true, strictFileInteractability: false, timeouts: {implicit: 0, pageLoad: 300000, script: 30000}, unhandledPromptBehavior: dismiss and notify, webauthn:extension:credBlob: true, webauthn:extension:largeBlob: true, webauthn:virtualAuthenticators: true}\nSession ID: 729231c3d56ec560c5aa4ec55fc93124",
        "time" : {
          "start" : 1641547152922,
          "stop" : 1641547197497,
          "duration" : 44575
        }
      }, {
        "uid" : "d812bee7cd80786c",
        "reportUrl" : "https://app.travis-ci.com/kamil-nowocin/Test_Automation-automationpractice/builds/244147706/#testresult/d812bee7cd80786c",
        "status" : "broken",
        "statusDetails" : "Expected condition failed: waiting for visibility of Proxy element for: DefaultElementLocator 'By.xpath: //form[@id='create-account_form']' (tried for 15 second(s) with 500 milliseconds interval)",
        "time" : {
          "start" : 1640942359956,
          "stop" : 1640942404149,
          "duration" : 44193
        }
      }, {
        "uid" : "eaba50bf4421e086",
        "reportUrl" : "https://app.travis-ci.com/kamil-nowocin/Test_Automation-automationpractice/builds/243964521/#testresult/eaba50bf4421e086",
        "status" : "broken",
        "statusDetails" : "Expected condition failed: waiting for element to be clickable: [[ChromeDriver: chrome on LINUX (72087cddea9af5df4727245323f6c036)] -> xpath: //input[@id='id_gender1']] (tried for 15 second(s) with 500 milliseconds interval)\nBuild info: version: '3.141.59', revision: 'e82be7d358', time: '2018-11-14T08:17:03'\nSystem info: host: 'travis-job-f8976b12-3f28-45e0-bfa4-3405196d1293', ip: '127.0.0.1', os.name: 'Linux', os.arch: 'amd64', os.version: '5.4.0-1058-gcp', java.version: '14.0.2'\nDriver info: org.openqa.selenium.chrome.ChromeDriver\nCapabilities {acceptInsecureCerts: false, browserName: chrome, browserVersion: 96.0.4664.110, chrome: {chromedriverVersion: 96.0.4664.45 (76e4c1bb2ab46..., userDataDir: /tmp/.com.google.Chrome.HUQFsb}, goog:chromeOptions: {debuggerAddress: localhost:40981}, javascriptEnabled: true, networkConnectionEnabled: false, pageLoadStrategy: normal, platform: LINUX, platformName: LINUX, proxy: Proxy(), setWindowRect: true, strictFileInteractability: false, timeouts: {implicit: 0, pageLoad: 300000, script: 30000}, unhandledPromptBehavior: dismiss and notify, webauthn:extension:credBlob: true, webauthn:extension:largeBlob: true, webauthn:virtualAuthenticators: true}\nSession ID: 72087cddea9af5df4727245323f6c036",
        "time" : {
          "start" : 1640337437039,
          "stop" : 1640337483594,
          "duration" : 46555
        }
      }, {
        "uid" : "30a974959eb6ff2d",
        "reportUrl" : "https://app.travis-ci.com/kamil-nowocin/Test_Automation-automationpractice/builds/243640386/#testresult/30a974959eb6ff2d",
        "status" : "passed",
        "time" : {
          "start" : 1639732379763,
          "stop" : 1639732398467,
          "duration" : 18704
        }
      }, {
        "uid" : "4216209e14ef67dd",
        "reportUrl" : "https://app.travis-ci.com/kamil-nowocin/Test_Automation-automationpractice/builds/243245152/#testresult/4216209e14ef67dd",
        "status" : "broken",
        "statusDetails" : "Expected condition failed: waiting for element to be clickable: Proxy element for: DefaultElementLocator 'By.xpath: //a[@class='login']' (tried for 15 second(s) with 500 milliseconds interval)",
        "time" : {
          "start" : 1639127773092,
          "stop" : 1639127794041,
          "duration" : 20949
        }
      }, {
        "uid" : "4cd4302860a96cf1",
        "reportUrl" : "https://app.travis-ci.com/kamil-nowocin/Test_Automation-automationpractice/builds/242857562/#testresult/4cd4302860a96cf1",
        "status" : "broken",
        "statusDetails" : "Expected condition failed: waiting for element to be clickable: Proxy element for: DefaultElementLocator 'By.xpath: //a[@class='login']' (tried for 15 second(s) with 500 milliseconds interval)",
        "time" : {
          "start" : 1638522887422,
          "stop" : 1638522921347,
          "duration" : 33925
        }
      }, {
        "uid" : "cd13c5e8c5beeacd",
        "reportUrl" : "https://app.travis-ci.com/kamil-nowocin/Test_Automation-automationpractice/builds/242450597/#testresult/cd13c5e8c5beeacd",
        "status" : "broken",
        "statusDetails" : "Expected condition failed: waiting for element to be clickable: [[ChromeDriver: chrome on LINUX (19e4ec89a3f7e1db9982fd65a3579e0f)] -> xpath: //input[@id='id_gender1']] (tried for 15 second(s) with 500 milliseconds interval)\nBuild info: version: '3.141.59', revision: 'e82be7d358', time: '2018-11-14T08:17:03'\nSystem info: host: 'travis-job-ec759d13-e437-46ab-a8d2-bc8038679c43', ip: '127.0.0.1', os.name: 'Linux', os.arch: 'amd64', os.version: '5.4.0-1057-gcp', java.version: '14.0.2'\nDriver info: org.openqa.selenium.chrome.ChromeDriver\nCapabilities {acceptInsecureCerts: false, browserName: chrome, browserVersion: 96.0.4664.45, chrome: {chromedriverVersion: 96.0.4664.45 (76e4c1bb2ab46..., userDataDir: /tmp/.com.google.Chrome.psP24T}, goog:chromeOptions: {debuggerAddress: localhost:32823}, javascriptEnabled: true, networkConnectionEnabled: false, pageLoadStrategy: normal, platform: LINUX, platformName: LINUX, proxy: Proxy(), setWindowRect: true, strictFileInteractability: false, timeouts: {implicit: 0, pageLoad: 300000, script: 30000}, unhandledPromptBehavior: dismiss and notify, webauthn:extension:credBlob: true, webauthn:extension:largeBlob: true, webauthn:virtualAuthenticators: true}\nSession ID: 19e4ec89a3f7e1db9982fd65a3579e0f",
        "time" : {
          "start" : 1637918169960,
          "stop" : 1637918223371,
          "duration" : 53411
        }
      }, {
        "uid" : "f641051f89f270e5",
        "reportUrl" : "https://app.travis-ci.com/kamil-nowocin/Test_Automation-automationpractice/builds/242075764/#testresult/f641051f89f270e5",
        "status" : "skipped",
        "statusDetails" : "Method Registration_Tests.test_2()[pri:1, instance:tests.WebAPP.Registration_Tests@73dd36d8] depends on not successfully finished methods",
        "time" : {
          "start" : 1637313222213,
          "stop" : 1637313222216,
          "duration" : 3
        }
      }, {
        "uid" : "4ace567b70f4d186",
        "reportUrl" : "https://app.travis-ci.com/kamil-nowocin/Test_Automation-automationpractice/builds/241663207/#testresult/4ace567b70f4d186",
        "status" : "passed",
        "time" : {
          "start" : 1636708168397,
          "stop" : 1636708199067,
          "duration" : 30670
        }
      }, {
        "uid" : "b5f2029b2b19228d",
        "reportUrl" : "https://app.travis-ci.com/kamil-nowocin/Test_Automation-automationpractice/builds/241241489/#testresult/b5f2029b2b19228d",
        "status" : "passed",
        "time" : {
          "start" : 1636103353755,
          "stop" : 1636103372897,
          "duration" : 19142
        }
      } ]
    },
    "tags" : [ ]
  },
  "source" : "4ed1bb5f2d346c55.json",
  "parameterValues" : [ ]
}