{
  "uid" : "64db18316ef26058",
  "name" : "US-333]/[4] I can't create an account without filling up fields",
  "fullName" : "tests.WebAPP.Registration_Tests.test_4",
  "historyId" : "bc0684f0e6fec9f269d8b417749e4beb",
  "time" : {
    "start" : 1603559127117,
    "stop" : 1603559158258,
    "duration" : 31141
  },
  "description" : "US-333]/[4] As a user I can't create an account without filling up fields",
  "descriptionHtml" : "<p>US-333]/[4] As a user I can't create an account without filling up fields</p>\n",
  "status" : "skipped",
  "statusMessage" : "Expected condition failed: waiting for visibility of Proxy element for: DefaultElementLocator 'By.xpath: //div[@class='alert alert-danger']' (tried for 15 second(s) with 500 milliseconds interval)",
  "statusTrace" : "org.openqa.selenium.TimeoutException: Expected condition failed: waiting for visibility of Proxy element for: DefaultElementLocator 'By.xpath: //div[@class='alert alert-danger']' (tried for 15 second(s) with 500 milliseconds interval)\n\tat org.openqa.selenium.support.ui.WebDriverWait.timeoutException(WebDriverWait.java:95)\n\tat org.openqa.selenium.support.ui.FluentWait.until(FluentWait.java:272)\n\tat com.buildSettings.TestCommons.isElementVisible(TestCommons.java:59)\n\tat com.steps.RegistrationPageSteps.iCanSeeRegistrationError(RegistrationPageSteps.java:527)\n\tat tests.WebAPP.Registration_Tests.test_4(Registration_Tests.java:171)\n\tat java.base/jdk.internal.reflect.NativeMethodAccessorImpl.invoke0(Native Method)\n\tat java.base/jdk.internal.reflect.NativeMethodAccessorImpl.invoke(NativeMethodAccessorImpl.java:62)\n\tat java.base/jdk.internal.reflect.DelegatingMethodAccessorImpl.invoke(DelegatingMethodAccessorImpl.java:43)\n\tat java.base/java.lang.reflect.Method.invoke(Method.java:564)\n\tat org.testng.internal.MethodInvocationHelper.invokeMethod(MethodInvocationHelper.java:132)\n\tat org.testng.internal.TestInvoker.invokeMethod(TestInvoker.java:599)\n\tat org.testng.internal.TestInvoker.invokeTestMethod(TestInvoker.java:174)\n\tat org.testng.internal.MethodRunner.runInSequence(MethodRunner.java:46)\n\tat org.testng.internal.TestInvoker$MethodInvocationAgent.invoke(TestInvoker.java:822)\n\tat org.testng.internal.TestInvoker.invokeTestMethods(TestInvoker.java:147)\n\tat org.testng.internal.TestMethodWorker.invokeTestMethods(TestMethodWorker.java:146)\n\tat org.testng.internal.TestMethodWorker.run(TestMethodWorker.java:128)\n\tat java.base/java.util.concurrent.ThreadPoolExecutor.runWorker(ThreadPoolExecutor.java:1130)\n\tat java.base/java.util.concurrent.ThreadPoolExecutor$Worker.run(ThreadPoolExecutor.java:630)\n\tat java.base/java.lang.Thread.run(Thread.java:832)\nCaused by: org.openqa.selenium.NoSuchElementException: no such element: Unable to locate element: {\"method\":\"xpath\",\"selector\":\"//div[@class='alert alert-danger']\"}\n  (Session info: chrome=86.0.4240.111)\nFor documentation on this error, please visit: https://www.seleniumhq.org/exceptions/no_such_element.html\nBuild info: version: '3.141.59', revision: 'e82be7d358', time: '2018-11-14T08:17:03'\nSystem info: host: 'travis-job-ab886434-633d-4515-91a0-266b1fb3b0e2', ip: '127.0.0.1', os.name: 'Linux', os.arch: 'amd64', os.version: '5.3.0-1029-gcp', java.version: '14.0.2'\nDriver info: org.openqa.selenium.chrome.ChromeDriver\nCapabilities {acceptInsecureCerts: false, browserName: chrome, browserVersion: 86.0.4240.111, chrome: {chromedriverVersion: 86.0.4240.22 (398b0743353ff..., userDataDir: /tmp/.com.google.Chrome.1TDt87}, goog:chromeOptions: {debuggerAddress: localhost:36859}, javascriptEnabled: true, networkConnectionEnabled: false, pageLoadStrategy: normal, platform: LINUX, platformName: LINUX, proxy: Proxy(), setWindowRect: true, strictFileInteractability: false, timeouts: {implicit: 0, pageLoad: 300000, script: 30000}, unhandledPromptBehavior: dismiss and notify, webauthn:virtualAuthenticators: true}\nSession ID: e18feee65839dc82aa9314c3f7be1dfb\n*** Element info: {Using=xpath, value=//div[@class='alert alert-danger']}\n\tat jdk.internal.reflect.GeneratedConstructorAccessor62.newInstance(Unknown Source)\n\tat java.base/jdk.internal.reflect.DelegatingConstructorAccessorImpl.newInstance(DelegatingConstructorAccessorImpl.java:45)\n\tat java.base/java.lang.reflect.Constructor.newInstanceWithCaller(Constructor.java:500)\n\tat java.base/java.lang.reflect.Constructor.newInstance(Constructor.java:481)\n\tat org.openqa.selenium.remote.http.W3CHttpResponseCodec.createException(W3CHttpResponseCodec.java:187)\n\tat org.openqa.selenium.remote.http.W3CHttpResponseCodec.decode(W3CHttpResponseCodec.java:122)\n\tat org.openqa.selenium.remote.http.W3CHttpResponseCodec.decode(W3CHttpResponseCodec.java:49)\n\tat org.openqa.selenium.remote.HttpCommandExecutor.execute(HttpCommandExecutor.java:158)\n\tat org.openqa.selenium.remote.service.DriverCommandExecutor.execute(DriverCommandExecutor.java:83)\n\tat org.openqa.selenium.remote.RemoteWebDriver.execute(RemoteWebDriver.java:552)\n\tat org.openqa.selenium.remote.RemoteWebDriver.findElement(RemoteWebDriver.java:323)\n\tat org.openqa.selenium.remote.RemoteWebDriver.findElementByXPath(RemoteWebDriver.java:428)\n\tat org.openqa.selenium.By$ByXPath.findElement(By.java:353)\n\tat org.openqa.selenium.remote.RemoteWebDriver.findElement(RemoteWebDriver.java:315)\n\tat org.openqa.selenium.support.pagefactory.DefaultElementLocator.findElement(DefaultElementLocator.java:69)\n\tat org.openqa.selenium.support.pagefactory.internal.LocatingElementHandler.invoke(LocatingElementHandler.java:38)\n\tat com.sun.proxy.$Proxy48.isDisplayed(Unknown Source)\n\tat org.openqa.selenium.support.ui.ExpectedConditions.elementIfVisible(ExpectedConditions.java:314)\n\tat org.openqa.selenium.support.ui.ExpectedConditions.access$000(ExpectedConditions.java:43)\n\tat org.openqa.selenium.support.ui.ExpectedConditions$10.apply(ExpectedConditions.java:300)\n\tat org.openqa.selenium.support.ui.ExpectedConditions$10.apply(ExpectedConditions.java:297)\n\tat org.openqa.selenium.support.ui.FluentWait.until(FluentWait.java:249)\n\t... 18 more\n",
  "flaky" : false,
  "newFailed" : false,
  "beforeStages" : [ {
    "name" : "Setting up Test Class",
    "time" : {
      "start" : 1603559125625,
      "stop" : 1603559127113,
      "duration" : 1488
    },
    "description" : "Setting up Test Class",
    "status" : "passed",
    "steps" : [ ],
    "attachments" : [ ],
    "parameters" : [ ],
    "stepsCount" : 0,
    "attachmentsCount" : 0,
    "shouldDisplayMessage" : false,
    "hasContent" : false
  }, {
    "name" : "Setting up Excel File",
    "time" : {
      "start" : 1603558831838,
      "stop" : 1603558831941,
      "duration" : 103
    },
    "description" : "Setting up Excel File",
    "status" : "passed",
    "steps" : [ ],
    "attachments" : [ ],
    "parameters" : [ ],
    "stepsCount" : 0,
    "attachmentsCount" : 0,
    "shouldDisplayMessage" : false,
    "hasContent" : false
  } ],
  "testStage" : {
    "description" : "US-333]/[4] As a user I can't create an account without filling up fields",
    "status" : "skipped",
    "statusMessage" : "Expected condition failed: waiting for visibility of Proxy element for: DefaultElementLocator 'By.xpath: //div[@class='alert alert-danger']' (tried for 15 second(s) with 500 milliseconds interval)",
    "statusTrace" : "org.openqa.selenium.TimeoutException: Expected condition failed: waiting for visibility of Proxy element for: DefaultElementLocator 'By.xpath: //div[@class='alert alert-danger']' (tried for 15 second(s) with 500 milliseconds interval)\n\tat org.openqa.selenium.support.ui.WebDriverWait.timeoutException(WebDriverWait.java:95)\n\tat org.openqa.selenium.support.ui.FluentWait.until(FluentWait.java:272)\n\tat com.buildSettings.TestCommons.isElementVisible(TestCommons.java:59)\n\tat com.steps.RegistrationPageSteps.iCanSeeRegistrationError(RegistrationPageSteps.java:527)\n\tat tests.WebAPP.Registration_Tests.test_4(Registration_Tests.java:171)\n\tat java.base/jdk.internal.reflect.NativeMethodAccessorImpl.invoke0(Native Method)\n\tat java.base/jdk.internal.reflect.NativeMethodAccessorImpl.invoke(NativeMethodAccessorImpl.java:62)\n\tat java.base/jdk.internal.reflect.DelegatingMethodAccessorImpl.invoke(DelegatingMethodAccessorImpl.java:43)\n\tat java.base/java.lang.reflect.Method.invoke(Method.java:564)\n\tat org.testng.internal.MethodInvocationHelper.invokeMethod(MethodInvocationHelper.java:132)\n\tat org.testng.internal.TestInvoker.invokeMethod(TestInvoker.java:599)\n\tat org.testng.internal.TestInvoker.invokeTestMethod(TestInvoker.java:174)\n\tat org.testng.internal.MethodRunner.runInSequence(MethodRunner.java:46)\n\tat org.testng.internal.TestInvoker$MethodInvocationAgent.invoke(TestInvoker.java:822)\n\tat org.testng.internal.TestInvoker.invokeTestMethods(TestInvoker.java:147)\n\tat org.testng.internal.TestMethodWorker.invokeTestMethods(TestMethodWorker.java:146)\n\tat org.testng.internal.TestMethodWorker.run(TestMethodWorker.java:128)\n\tat java.base/java.util.concurrent.ThreadPoolExecutor.runWorker(ThreadPoolExecutor.java:1130)\n\tat java.base/java.util.concurrent.ThreadPoolExecutor$Worker.run(ThreadPoolExecutor.java:630)\n\tat java.base/java.lang.Thread.run(Thread.java:832)\nCaused by: org.openqa.selenium.NoSuchElementException: no such element: Unable to locate element: {\"method\":\"xpath\",\"selector\":\"//div[@class='alert alert-danger']\"}\n  (Session info: chrome=86.0.4240.111)\nFor documentation on this error, please visit: https://www.seleniumhq.org/exceptions/no_such_element.html\nBuild info: version: '3.141.59', revision: 'e82be7d358', time: '2018-11-14T08:17:03'\nSystem info: host: 'travis-job-ab886434-633d-4515-91a0-266b1fb3b0e2', ip: '127.0.0.1', os.name: 'Linux', os.arch: 'amd64', os.version: '5.3.0-1029-gcp', java.version: '14.0.2'\nDriver info: org.openqa.selenium.chrome.ChromeDriver\nCapabilities {acceptInsecureCerts: false, browserName: chrome, browserVersion: 86.0.4240.111, chrome: {chromedriverVersion: 86.0.4240.22 (398b0743353ff..., userDataDir: /tmp/.com.google.Chrome.1TDt87}, goog:chromeOptions: {debuggerAddress: localhost:36859}, javascriptEnabled: true, networkConnectionEnabled: false, pageLoadStrategy: normal, platform: LINUX, platformName: LINUX, proxy: Proxy(), setWindowRect: true, strictFileInteractability: false, timeouts: {implicit: 0, pageLoad: 300000, script: 30000}, unhandledPromptBehavior: dismiss and notify, webauthn:virtualAuthenticators: true}\nSession ID: e18feee65839dc82aa9314c3f7be1dfb\n*** Element info: {Using=xpath, value=//div[@class='alert alert-danger']}\n\tat jdk.internal.reflect.GeneratedConstructorAccessor62.newInstance(Unknown Source)\n\tat java.base/jdk.internal.reflect.DelegatingConstructorAccessorImpl.newInstance(DelegatingConstructorAccessorImpl.java:45)\n\tat java.base/java.lang.reflect.Constructor.newInstanceWithCaller(Constructor.java:500)\n\tat java.base/java.lang.reflect.Constructor.newInstance(Constructor.java:481)\n\tat org.openqa.selenium.remote.http.W3CHttpResponseCodec.createException(W3CHttpResponseCodec.java:187)\n\tat org.openqa.selenium.remote.http.W3CHttpResponseCodec.decode(W3CHttpResponseCodec.java:122)\n\tat org.openqa.selenium.remote.http.W3CHttpResponseCodec.decode(W3CHttpResponseCodec.java:49)\n\tat org.openqa.selenium.remote.HttpCommandExecutor.execute(HttpCommandExecutor.java:158)\n\tat org.openqa.selenium.remote.service.DriverCommandExecutor.execute(DriverCommandExecutor.java:83)\n\tat org.openqa.selenium.remote.RemoteWebDriver.execute(RemoteWebDriver.java:552)\n\tat org.openqa.selenium.remote.RemoteWebDriver.findElement(RemoteWebDriver.java:323)\n\tat org.openqa.selenium.remote.RemoteWebDriver.findElementByXPath(RemoteWebDriver.java:428)\n\tat org.openqa.selenium.By$ByXPath.findElement(By.java:353)\n\tat org.openqa.selenium.remote.RemoteWebDriver.findElement(RemoteWebDriver.java:315)\n\tat org.openqa.selenium.support.pagefactory.DefaultElementLocator.findElement(DefaultElementLocator.java:69)\n\tat org.openqa.selenium.support.pagefactory.internal.LocatingElementHandler.invoke(LocatingElementHandler.java:38)\n\tat com.sun.proxy.$Proxy48.isDisplayed(Unknown Source)\n\tat org.openqa.selenium.support.ui.ExpectedConditions.elementIfVisible(ExpectedConditions.java:314)\n\tat org.openqa.selenium.support.ui.ExpectedConditions.access$000(ExpectedConditions.java:43)\n\tat org.openqa.selenium.support.ui.ExpectedConditions$10.apply(ExpectedConditions.java:300)\n\tat org.openqa.selenium.support.ui.ExpectedConditions$10.apply(ExpectedConditions.java:297)\n\tat org.openqa.selenium.support.ui.FluentWait.until(FluentWait.java:249)\n\t... 18 more\n",
    "steps" : [ {
      "name" : "I open home page",
      "time" : {
        "start" : 1603559131709,
        "stop" : 1603559134716,
        "duration" : 3007
      },
      "status" : "passed",
      "steps" : [ ],
      "attachments" : [ ],
      "parameters" : [ ],
      "stepsCount" : 0,
      "attachmentsCount" : 0,
      "shouldDisplayMessage" : false,
      "hasContent" : false
    }, {
      "name" : "I can see automationpractice.com website",
      "time" : {
        "start" : 1603559134716,
        "stop" : 1603559134805,
        "duration" : 89
      },
      "status" : "passed",
      "steps" : [ ],
      "attachments" : [ ],
      "parameters" : [ ],
      "stepsCount" : 0,
      "attachmentsCount" : 0,
      "shouldDisplayMessage" : false,
      "hasContent" : false
    }, {
      "name" : "I click on Sign in button",
      "time" : {
        "start" : 1603559134805,
        "stop" : 1603559136563,
        "duration" : 1758
      },
      "status" : "passed",
      "steps" : [ ],
      "attachments" : [ ],
      "parameters" : [ ],
      "stepsCount" : 0,
      "attachmentsCount" : 0,
      "shouldDisplayMessage" : false,
      "hasContent" : false
    }, {
      "name" : "I can see registration page form",
      "time" : {
        "start" : 1603559136563,
        "stop" : 1603559136720,
        "duration" : 157
      },
      "status" : "passed",
      "steps" : [ ],
      "attachments" : [ ],
      "parameters" : [ ],
      "stepsCount" : 0,
      "attachmentsCount" : 0,
      "shouldDisplayMessage" : false,
      "hasContent" : false
    }, {
      "name" : "I write an email address",
      "time" : {
        "start" : 1603559136720,
        "stop" : 1603559137375,
        "duration" : 655
      },
      "status" : "passed",
      "steps" : [ ],
      "attachments" : [ ],
      "parameters" : [ ],
      "stepsCount" : 0,
      "attachmentsCount" : 0,
      "shouldDisplayMessage" : false,
      "hasContent" : false
    }, {
      "name" : "I click on Create An Account button",
      "time" : {
        "start" : 1603559137375,
        "stop" : 1603559137726,
        "duration" : 351
      },
      "status" : "passed",
      "steps" : [ ],
      "attachments" : [ ],
      "parameters" : [ ],
      "stepsCount" : 0,
      "attachmentsCount" : 0,
      "shouldDisplayMessage" : false,
      "hasContent" : false
    }, {
      "name" : "I click on Register button",
      "time" : {
        "start" : 1603559137726,
        "stop" : 1603559143225,
        "duration" : 5499
      },
      "status" : "passed",
      "steps" : [ ],
      "attachments" : [ ],
      "parameters" : [ ],
      "stepsCount" : 0,
      "attachmentsCount" : 0,
      "shouldDisplayMessage" : false,
      "hasContent" : false
    }, {
      "name" : "I can see registration error",
      "time" : {
        "start" : 1603559143225,
        "stop" : 1603559158252,
        "duration" : 15027
      },
      "status" : "broken",
      "statusMessage" : "Expected condition failed: waiting for visibility of Proxy element for: DefaultElementLocator 'By.xpath: //div[@class='alert alert-danger']' (tried for 15 second(s) with 500 milliseconds interval)",
      "statusTrace" : "org.openqa.selenium.TimeoutException: Expected condition failed: waiting for visibility of Proxy element for: DefaultElementLocator 'By.xpath: //div[@class='alert alert-danger']' (tried for 15 second(s) with 500 milliseconds interval)\n\tat org.openqa.selenium.support.ui.WebDriverWait.timeoutException(WebDriverWait.java:95)\n\tat org.openqa.selenium.support.ui.FluentWait.until(FluentWait.java:272)\n\tat com.buildSettings.TestCommons.isElementVisible(TestCommons.java:59)\n\tat com.steps.RegistrationPageSteps.iCanSeeRegistrationError(RegistrationPageSteps.java:527)\n\tat tests.WebAPP.Registration_Tests.test_4(Registration_Tests.java:171)\n\tat java.base/jdk.internal.reflect.NativeMethodAccessorImpl.invoke0(Native Method)\n\tat java.base/jdk.internal.reflect.NativeMethodAccessorImpl.invoke(NativeMethodAccessorImpl.java:62)\n\tat java.base/jdk.internal.reflect.DelegatingMethodAccessorImpl.invoke(DelegatingMethodAccessorImpl.java:43)\n\tat java.base/java.lang.reflect.Method.invoke(Method.java:564)\n\tat org.testng.internal.MethodInvocationHelper.invokeMethod(MethodInvocationHelper.java:132)\n\tat org.testng.internal.TestInvoker.invokeMethod(TestInvoker.java:599)\n\tat org.testng.internal.TestInvoker.invokeTestMethod(TestInvoker.java:174)\n\tat org.testng.internal.MethodRunner.runInSequence(MethodRunner.java:46)\n\tat org.testng.internal.TestInvoker$MethodInvocationAgent.invoke(TestInvoker.java:822)\n\tat org.testng.internal.TestInvoker.invokeTestMethods(TestInvoker.java:147)\n\tat org.testng.internal.TestMethodWorker.invokeTestMethods(TestMethodWorker.java:146)\n\tat org.testng.internal.TestMethodWorker.run(TestMethodWorker.java:128)\n\tat java.base/java.util.concurrent.ThreadPoolExecutor.runWorker(ThreadPoolExecutor.java:1130)\n\tat java.base/java.util.concurrent.ThreadPoolExecutor$Worker.run(ThreadPoolExecutor.java:630)\n\tat java.base/java.lang.Thread.run(Thread.java:832)\nCaused by: org.openqa.selenium.NoSuchElementException: no such element: Unable to locate element: {\"method\":\"xpath\",\"selector\":\"//div[@class='alert alert-danger']\"}\n  (Session info: chrome=86.0.4240.111)\nFor documentation on this error, please visit: https://www.seleniumhq.org/exceptions/no_such_element.html\nBuild info: version: '3.141.59', revision: 'e82be7d358', time: '2018-11-14T08:17:03'\nSystem info: host: 'travis-job-ab886434-633d-4515-91a0-266b1fb3b0e2', ip: '127.0.0.1', os.name: 'Linux', os.arch: 'amd64', os.version: '5.3.0-1029-gcp', java.version: '14.0.2'\nDriver info: org.openqa.selenium.chrome.ChromeDriver\nCapabilities {acceptInsecureCerts: false, browserName: chrome, browserVersion: 86.0.4240.111, chrome: {chromedriverVersion: 86.0.4240.22 (398b0743353ff..., userDataDir: /tmp/.com.google.Chrome.1TDt87}, goog:chromeOptions: {debuggerAddress: localhost:36859}, javascriptEnabled: true, networkConnectionEnabled: false, pageLoadStrategy: normal, platform: LINUX, platformName: LINUX, proxy: Proxy(), setWindowRect: true, strictFileInteractability: false, timeouts: {implicit: 0, pageLoad: 300000, script: 30000}, unhandledPromptBehavior: dismiss and notify, webauthn:virtualAuthenticators: true}\nSession ID: e18feee65839dc82aa9314c3f7be1dfb\n*** Element info: {Using=xpath, value=//div[@class='alert alert-danger']}\n\tat jdk.internal.reflect.GeneratedConstructorAccessor62.newInstance(Unknown Source)\n\tat java.base/jdk.internal.reflect.DelegatingConstructorAccessorImpl.newInstance(DelegatingConstructorAccessorImpl.java:45)\n\tat java.base/java.lang.reflect.Constructor.newInstanceWithCaller(Constructor.java:500)\n\tat java.base/java.lang.reflect.Constructor.newInstance(Constructor.java:481)\n\tat org.openqa.selenium.remote.http.W3CHttpResponseCodec.createException(W3CHttpResponseCodec.java:187)\n\tat org.openqa.selenium.remote.http.W3CHttpResponseCodec.decode(W3CHttpResponseCodec.java:122)\n\tat org.openqa.selenium.remote.http.W3CHttpResponseCodec.decode(W3CHttpResponseCodec.java:49)\n\tat org.openqa.selenium.remote.HttpCommandExecutor.execute(HttpCommandExecutor.java:158)\n\tat org.openqa.selenium.remote.service.DriverCommandExecutor.execute(DriverCommandExecutor.java:83)\n\tat org.openqa.selenium.remote.RemoteWebDriver.execute(RemoteWebDriver.java:552)\n\tat org.openqa.selenium.remote.RemoteWebDriver.findElement(RemoteWebDriver.java:323)\n\tat org.openqa.selenium.remote.RemoteWebDriver.findElementByXPath(RemoteWebDriver.java:428)\n\tat org.openqa.selenium.By$ByXPath.findElement(By.java:353)\n\tat org.openqa.selenium.remote.RemoteWebDriver.findElement(RemoteWebDriver.java:315)\n\tat org.openqa.selenium.support.pagefactory.DefaultElementLocator.findElement(DefaultElementLocator.java:69)\n\tat org.openqa.selenium.support.pagefactory.internal.LocatingElementHandler.invoke(LocatingElementHandler.java:38)\n\tat com.sun.proxy.$Proxy48.isDisplayed(Unknown Source)\n\tat org.openqa.selenium.support.ui.ExpectedConditions.elementIfVisible(ExpectedConditions.java:314)\n\tat org.openqa.selenium.support.ui.ExpectedConditions.access$000(ExpectedConditions.java:43)\n\tat org.openqa.selenium.support.ui.ExpectedConditions$10.apply(ExpectedConditions.java:300)\n\tat org.openqa.selenium.support.ui.ExpectedConditions$10.apply(ExpectedConditions.java:297)\n\tat org.openqa.selenium.support.ui.FluentWait.until(FluentWait.java:249)\n\t... 18 more\n",
      "steps" : [ ],
      "attachments" : [ ],
      "parameters" : [ ],
      "stepsCount" : 0,
      "attachmentsCount" : 0,
      "shouldDisplayMessage" : true,
      "hasContent" : true
    } ],
    "attachments" : [ ],
    "parameters" : [ ],
    "stepsCount" : 8,
    "attachmentsCount" : 0,
    "shouldDisplayMessage" : false,
    "hasContent" : true
  },
  "afterStages" : [ {
    "name" : "Teardown Test Class",
    "time" : {
      "start" : 1603559158263,
      "stop" : 1603559158321,
      "duration" : 58
    },
    "description" : "Teardown Test Class",
    "status" : "passed",
    "steps" : [ ],
    "attachments" : [ ],
    "parameters" : [ ],
    "stepsCount" : 0,
    "attachmentsCount" : 0,
    "shouldDisplayMessage" : false,
    "hasContent" : false
  }, {
    "name" : "Teardown Test Suite",
    "time" : {
      "start" : 1603559232962,
      "stop" : 1603559233991,
      "duration" : 1029
    },
    "description" : "Teardown Test Suite",
    "status" : "passed",
    "steps" : [ ],
    "attachments" : [ ],
    "parameters" : [ ],
    "stepsCount" : 0,
    "attachmentsCount" : 0,
    "shouldDisplayMessage" : false,
    "hasContent" : false
  } ],
  "labels" : [ {
    "name" : "package",
    "value" : "tests.WebAPP.Registration_Tests"
  }, {
    "name" : "testClass",
    "value" : "tests.WebAPP.Registration_Tests"
  }, {
    "name" : "testMethod",
    "value" : "test_4"
  }, {
    "name" : "parentSuite",
    "value" : "Automationpractice.com WEB - Kamil Nowocin"
  }, {
    "name" : "suite",
    "value" : "Automated tests for WEB client"
  }, {
    "name" : "subSuite",
    "value" : "tests.WebAPP.Registration_Tests"
  }, {
    "name" : "host",
    "value" : "travis-job-ab886434-633d-4515-91a0-266b1fb3b0e2"
  }, {
    "name" : "thread",
    "value" : "6415@travis-job-ab886434-633d-4515-91a0-266b1fb3b0e2.TestNG-test=Automated tests for WEB client-3(25)"
  }, {
    "name" : "framework",
    "value" : "testng"
  }, {
    "name" : "language",
    "value" : "java"
  }, {
    "name" : "story",
    "value" : "NEGATIVE FLOW"
  }, {
    "name" : "owner",
    "value" : "Kamil Nowocin"
  }, {
    "name" : "epic",
    "value" : "Web App Tests"
  }, {
    "name" : "feature",
    "value" : "REGISTRATION TESTS"
  }, {
    "name" : "severity",
    "value" : "normal"
  }, {
    "name" : "resultFormat",
    "value" : "allure2"
  } ],
  "parameters" : [ ],
  "links" : [ {
    "name" : "STORY-333",
    "url" : "https://tracker.FAKE.com/jira/browse/AUTOMATION_PRACTICE/STORY-333",
    "type" : "tms"
  }, {
    "name" : "TAP-0016",
    "url" : "https://tracker.FAKE.com/jira/browse/AUTOMATION_PRACTICE/issue/TAP-0016",
    "type" : "issue"
  } ],
  "hidden" : true,
  "retry" : true,
  "extra" : {
    "categories" : [ ],
    "tags" : [ ]
  },
  "source" : "64db18316ef26058.json",
  "parameterValues" : [ ]
}