{
  "uid" : "68bda7a3f7e38724",
  "name" : "[US-222]/[2] I am able to send request via contact us form, all required inputs are filled up",
  "fullName" : "tests.WebAPP.CustomerService_Tests.test_2",
  "historyId" : "d182b5cf58bbff8db7375a15519aa5c6",
  "time" : {
    "start" : 1656062722078,
    "stop" : 1656062751034,
    "duration" : 28956
  },
  "description" : "[US-222]/[2] As a user I am able to send request via contact us form, all required inputs are filled up",
  "descriptionHtml" : "<p>[US-222]/[2] As a user I am able to send request via contact us form, all required inputs are filled up</p>\n",
  "status" : "broken",
  "statusMessage" : "unknown error: cannot determine loading status\nfrom unknown error: unexpected command response\n  (Session info: chrome=103.0.5060.53)\nBuild info: version: '3.141.59', revision: 'e82be7d358', time: '2018-11-14T08:17:03'\nSystem info: host: 'travis-job-25887fd1-bd1f-44bc-9887-be193e8470fc', ip: '127.0.0.1', os.name: 'Linux', os.arch: 'amd64', os.version: '5.4.0-1080-gcp', java.version: '14.0.2'\nDriver info: org.openqa.selenium.chrome.ChromeDriver\nCapabilities {acceptInsecureCerts: false, browserName: chrome, browserVersion: 103.0.5060.53, chrome: {chromedriverVersion: 103.0.5060.53 (a1711811edd7..., userDataDir: /tmp/.com.google.Chrome.LnDZjx}, goog:chromeOptions: {debuggerAddress: localhost:41743}, javascriptEnabled: true, networkConnectionEnabled: false, pageLoadStrategy: normal, platform: LINUX, platformName: LINUX, proxy: Proxy(), setWindowRect: true, strictFileInteractability: false, timeouts: {implicit: 0, pageLoad: 300000, script: 30000}, unhandledPromptBehavior: dismiss and notify, webauthn:extension:credBlob: true, webauthn:extension:largeBlob: true, webauthn:virtualAuthenticators: true}\nSession ID: ad5c010be4714eaab96255a300590257",
  "statusTrace" : "org.openqa.selenium.WebDriverException: unknown error: cannot determine loading status\nfrom unknown error: unexpected command response\n  (Session info: chrome=103.0.5060.53)\nBuild info: version: '3.141.59', revision: 'e82be7d358', time: '2018-11-14T08:17:03'\nSystem info: host: 'travis-job-25887fd1-bd1f-44bc-9887-be193e8470fc', ip: '127.0.0.1', os.name: 'Linux', os.arch: 'amd64', os.version: '5.4.0-1080-gcp', java.version: '14.0.2'\nDriver info: org.openqa.selenium.chrome.ChromeDriver\nCapabilities {acceptInsecureCerts: false, browserName: chrome, browserVersion: 103.0.5060.53, chrome: {chromedriverVersion: 103.0.5060.53 (a1711811edd7..., userDataDir: /tmp/.com.google.Chrome.LnDZjx}, goog:chromeOptions: {debuggerAddress: localhost:41743}, javascriptEnabled: true, networkConnectionEnabled: false, pageLoadStrategy: normal, platform: LINUX, platformName: LINUX, proxy: Proxy(), setWindowRect: true, strictFileInteractability: false, timeouts: {implicit: 0, pageLoad: 300000, script: 30000}, unhandledPromptBehavior: dismiss and notify, webauthn:extension:credBlob: true, webauthn:extension:largeBlob: true, webauthn:virtualAuthenticators: true}\nSession ID: ad5c010be4714eaab96255a300590257\n\tat jdk.internal.reflect.GeneratedConstructorAccessor60.newInstance(Unknown Source)\n\tat java.base/jdk.internal.reflect.DelegatingConstructorAccessorImpl.newInstance(DelegatingConstructorAccessorImpl.java:45)\n\tat java.base/java.lang.reflect.Constructor.newInstanceWithCaller(Constructor.java:500)\n\tat java.base/java.lang.reflect.Constructor.newInstance(Constructor.java:481)\n\tat org.openqa.selenium.remote.http.W3CHttpResponseCodec.createException(W3CHttpResponseCodec.java:187)\n\tat org.openqa.selenium.remote.http.W3CHttpResponseCodec.decode(W3CHttpResponseCodec.java:122)\n\tat org.openqa.selenium.remote.http.W3CHttpResponseCodec.decode(W3CHttpResponseCodec.java:49)\n\tat org.openqa.selenium.remote.HttpCommandExecutor.execute(HttpCommandExecutor.java:158)\n\tat org.openqa.selenium.remote.service.DriverCommandExecutor.execute(DriverCommandExecutor.java:83)\n\tat org.openqa.selenium.remote.RemoteWebDriver.execute(RemoteWebDriver.java:552)\n\tat org.openqa.selenium.remote.RemoteWebDriver.get(RemoteWebDriver.java:277)\n\tat com.steps.MainPageSteps.iOpenHomePage(MainPageSteps.java:32)\n\tat tests.WebAPP.CustomerService_Tests.test_2(CustomerService_Tests.java:72)\n\tat java.base/jdk.internal.reflect.NativeMethodAccessorImpl.invoke0(Native Method)\n\tat java.base/jdk.internal.reflect.NativeMethodAccessorImpl.invoke(NativeMethodAccessorImpl.java:62)\n\tat java.base/jdk.internal.reflect.DelegatingMethodAccessorImpl.invoke(DelegatingMethodAccessorImpl.java:43)\n\tat java.base/java.lang.reflect.Method.invoke(Method.java:564)\n\tat org.testng.internal.MethodInvocationHelper.invokeMethod(MethodInvocationHelper.java:132)\n\tat org.testng.internal.TestInvoker.invokeMethod(TestInvoker.java:599)\n\tat org.testng.internal.TestInvoker.retryFailed(TestInvoker.java:214)\n\tat org.testng.internal.MethodRunner.runInSequence(MethodRunner.java:58)\n\tat org.testng.internal.TestInvoker$MethodInvocationAgent.invoke(TestInvoker.java:822)\n\tat org.testng.internal.TestInvoker.invokeTestMethods(TestInvoker.java:147)\n\tat org.testng.internal.TestMethodWorker.invokeTestMethods(TestMethodWorker.java:146)\n\tat org.testng.internal.TestMethodWorker.run(TestMethodWorker.java:128)\n\tat java.base/java.util.concurrent.ThreadPoolExecutor.runWorker(ThreadPoolExecutor.java:1130)\n\tat java.base/java.util.concurrent.ThreadPoolExecutor$Worker.run(ThreadPoolExecutor.java:630)\n\tat java.base/java.lang.Thread.run(Thread.java:832)\n",
  "flaky" : true,
  "newFailed" : false,
  "newBroken" : true,
  "newPassed" : false,
  "retriesCount" : 1,
  "retriesStatusChange" : true,
  "beforeStages" : [ {
    "name" : "Setting up Excel File",
    "time" : {
      "start" : 1656062517691,
      "stop" : 1656062517731,
      "duration" : 40
    },
    "description" : "Setting up Excel File",
    "status" : "passed",
    "steps" : [ ],
    "attachments" : [ ],
    "parameters" : [ ],
    "stepsCount" : 0,
    "attachmentsCount" : 0,
    "shouldDisplayMessage" : false,
    "hasContent" : false
  }, {
    "name" : "Setting up Test Class",
    "time" : {
      "start" : 1656062720491,
      "stop" : 1656062722070,
      "duration" : 1579
    },
    "description" : "Setting up Test Class",
    "status" : "passed",
    "steps" : [ ],
    "attachments" : [ ],
    "parameters" : [ ],
    "stepsCount" : 0,
    "attachmentsCount" : 0,
    "shouldDisplayMessage" : false,
    "hasContent" : false
  } ],
  "testStage" : {
    "description" : "[US-222]/[2] As a user I am able to send request via contact us form, all required inputs are filled up",
    "status" : "broken",
    "statusMessage" : "unknown error: cannot determine loading status\nfrom unknown error: unexpected command response\n  (Session info: chrome=103.0.5060.53)\nBuild info: version: '3.141.59', revision: 'e82be7d358', time: '2018-11-14T08:17:03'\nSystem info: host: 'travis-job-25887fd1-bd1f-44bc-9887-be193e8470fc', ip: '127.0.0.1', os.name: 'Linux', os.arch: 'amd64', os.version: '5.4.0-1080-gcp', java.version: '14.0.2'\nDriver info: org.openqa.selenium.chrome.ChromeDriver\nCapabilities {acceptInsecureCerts: false, browserName: chrome, browserVersion: 103.0.5060.53, chrome: {chromedriverVersion: 103.0.5060.53 (a1711811edd7..., userDataDir: /tmp/.com.google.Chrome.LnDZjx}, goog:chromeOptions: {debuggerAddress: localhost:41743}, javascriptEnabled: true, networkConnectionEnabled: false, pageLoadStrategy: normal, platform: LINUX, platformName: LINUX, proxy: Proxy(), setWindowRect: true, strictFileInteractability: false, timeouts: {implicit: 0, pageLoad: 300000, script: 30000}, unhandledPromptBehavior: dismiss and notify, webauthn:extension:credBlob: true, webauthn:extension:largeBlob: true, webauthn:virtualAuthenticators: true}\nSession ID: ad5c010be4714eaab96255a300590257",
    "statusTrace" : "org.openqa.selenium.WebDriverException: unknown error: cannot determine loading status\nfrom unknown error: unexpected command response\n  (Session info: chrome=103.0.5060.53)\nBuild info: version: '3.141.59', revision: 'e82be7d358', time: '2018-11-14T08:17:03'\nSystem info: host: 'travis-job-25887fd1-bd1f-44bc-9887-be193e8470fc', ip: '127.0.0.1', os.name: 'Linux', os.arch: 'amd64', os.version: '5.4.0-1080-gcp', java.version: '14.0.2'\nDriver info: org.openqa.selenium.chrome.ChromeDriver\nCapabilities {acceptInsecureCerts: false, browserName: chrome, browserVersion: 103.0.5060.53, chrome: {chromedriverVersion: 103.0.5060.53 (a1711811edd7..., userDataDir: /tmp/.com.google.Chrome.LnDZjx}, goog:chromeOptions: {debuggerAddress: localhost:41743}, javascriptEnabled: true, networkConnectionEnabled: false, pageLoadStrategy: normal, platform: LINUX, platformName: LINUX, proxy: Proxy(), setWindowRect: true, strictFileInteractability: false, timeouts: {implicit: 0, pageLoad: 300000, script: 30000}, unhandledPromptBehavior: dismiss and notify, webauthn:extension:credBlob: true, webauthn:extension:largeBlob: true, webauthn:virtualAuthenticators: true}\nSession ID: ad5c010be4714eaab96255a300590257\n\tat jdk.internal.reflect.GeneratedConstructorAccessor60.newInstance(Unknown Source)\n\tat java.base/jdk.internal.reflect.DelegatingConstructorAccessorImpl.newInstance(DelegatingConstructorAccessorImpl.java:45)\n\tat java.base/java.lang.reflect.Constructor.newInstanceWithCaller(Constructor.java:500)\n\tat java.base/java.lang.reflect.Constructor.newInstance(Constructor.java:481)\n\tat org.openqa.selenium.remote.http.W3CHttpResponseCodec.createException(W3CHttpResponseCodec.java:187)\n\tat org.openqa.selenium.remote.http.W3CHttpResponseCodec.decode(W3CHttpResponseCodec.java:122)\n\tat org.openqa.selenium.remote.http.W3CHttpResponseCodec.decode(W3CHttpResponseCodec.java:49)\n\tat org.openqa.selenium.remote.HttpCommandExecutor.execute(HttpCommandExecutor.java:158)\n\tat org.openqa.selenium.remote.service.DriverCommandExecutor.execute(DriverCommandExecutor.java:83)\n\tat org.openqa.selenium.remote.RemoteWebDriver.execute(RemoteWebDriver.java:552)\n\tat org.openqa.selenium.remote.RemoteWebDriver.get(RemoteWebDriver.java:277)\n\tat com.steps.MainPageSteps.iOpenHomePage(MainPageSteps.java:32)\n\tat tests.WebAPP.CustomerService_Tests.test_2(CustomerService_Tests.java:72)\n\tat java.base/jdk.internal.reflect.NativeMethodAccessorImpl.invoke0(Native Method)\n\tat java.base/jdk.internal.reflect.NativeMethodAccessorImpl.invoke(NativeMethodAccessorImpl.java:62)\n\tat java.base/jdk.internal.reflect.DelegatingMethodAccessorImpl.invoke(DelegatingMethodAccessorImpl.java:43)\n\tat java.base/java.lang.reflect.Method.invoke(Method.java:564)\n\tat org.testng.internal.MethodInvocationHelper.invokeMethod(MethodInvocationHelper.java:132)\n\tat org.testng.internal.TestInvoker.invokeMethod(TestInvoker.java:599)\n\tat org.testng.internal.TestInvoker.retryFailed(TestInvoker.java:214)\n\tat org.testng.internal.MethodRunner.runInSequence(MethodRunner.java:58)\n\tat org.testng.internal.TestInvoker$MethodInvocationAgent.invoke(TestInvoker.java:822)\n\tat org.testng.internal.TestInvoker.invokeTestMethods(TestInvoker.java:147)\n\tat org.testng.internal.TestMethodWorker.invokeTestMethods(TestMethodWorker.java:146)\n\tat org.testng.internal.TestMethodWorker.run(TestMethodWorker.java:128)\n\tat java.base/java.util.concurrent.ThreadPoolExecutor.runWorker(ThreadPoolExecutor.java:1130)\n\tat java.base/java.util.concurrent.ThreadPoolExecutor$Worker.run(ThreadPoolExecutor.java:630)\n\tat java.base/java.lang.Thread.run(Thread.java:832)\n",
    "steps" : [ {
      "name" : "I open home page",
      "time" : {
        "start" : 1656062736217,
        "stop" : 1656062749985,
        "duration" : 13768
      },
      "status" : "broken",
      "statusMessage" : "unknown error: cannot determine loading status\nfrom unknown error: unexpected command response\n  (Session info: chrome=103.0.5060.53)\nBuild info: version: '3.141.59', revision: 'e82be7d358', time: '2018-11-14T08:17:03'\nSystem info: host: 'travis-job-25887fd1-bd1f-44bc-9887-be193e8470fc', ip: '127.0.0.1', os.name: 'Linux', os.arch: 'amd64', os.version: '5.4.0-1080-gcp', java.version: '14.0.2'\nDriver info: org.openqa.selenium.chrome.ChromeDriver\nCapabilities {acceptInsecureCerts: false, browserName: chrome, browserVersion: 103.0.5060.53, chrome: {chromedriverVersion: 103.0.5060.53 (a1711811edd7..., userDataDir: /tmp/.com.google.Chrome.LnDZjx}, goog:chromeOptions: {debuggerAddress: localhost:41743}, javascriptEnabled: true, networkConnectionEnabled: false, pageLoadStrategy: normal, platform: LINUX, platformName: LINUX, proxy: Proxy(), setWindowRect: true, strictFileInteractability: false, timeouts: {implicit: 0, pageLoad: 300000, script: 30000}, unhandledPromptBehavior: dismiss and notify, webauthn:extension:credBlob: true, webauthn:extension:largeBlob: true, webauthn:virtualAuthenticators: true}\nSession ID: ad5c010be4714eaab96255a300590257",
      "statusTrace" : "org.openqa.selenium.WebDriverException: unknown error: cannot determine loading status\nfrom unknown error: unexpected command response\n  (Session info: chrome=103.0.5060.53)\nBuild info: version: '3.141.59', revision: 'e82be7d358', time: '2018-11-14T08:17:03'\nSystem info: host: 'travis-job-25887fd1-bd1f-44bc-9887-be193e8470fc', ip: '127.0.0.1', os.name: 'Linux', os.arch: 'amd64', os.version: '5.4.0-1080-gcp', java.version: '14.0.2'\nDriver info: org.openqa.selenium.chrome.ChromeDriver\nCapabilities {acceptInsecureCerts: false, browserName: chrome, browserVersion: 103.0.5060.53, chrome: {chromedriverVersion: 103.0.5060.53 (a1711811edd7..., userDataDir: /tmp/.com.google.Chrome.LnDZjx}, goog:chromeOptions: {debuggerAddress: localhost:41743}, javascriptEnabled: true, networkConnectionEnabled: false, pageLoadStrategy: normal, platform: LINUX, platformName: LINUX, proxy: Proxy(), setWindowRect: true, strictFileInteractability: false, timeouts: {implicit: 0, pageLoad: 300000, script: 30000}, unhandledPromptBehavior: dismiss and notify, webauthn:extension:credBlob: true, webauthn:extension:largeBlob: true, webauthn:virtualAuthenticators: true}\nSession ID: ad5c010be4714eaab96255a300590257\n\tat jdk.internal.reflect.GeneratedConstructorAccessor60.newInstance(Unknown Source)\n\tat java.base/jdk.internal.reflect.DelegatingConstructorAccessorImpl.newInstance(DelegatingConstructorAccessorImpl.java:45)\n\tat java.base/java.lang.reflect.Constructor.newInstanceWithCaller(Constructor.java:500)\n\tat java.base/java.lang.reflect.Constructor.newInstance(Constructor.java:481)\n\tat org.openqa.selenium.remote.http.W3CHttpResponseCodec.createException(W3CHttpResponseCodec.java:187)\n\tat org.openqa.selenium.remote.http.W3CHttpResponseCodec.decode(W3CHttpResponseCodec.java:122)\n\tat org.openqa.selenium.remote.http.W3CHttpResponseCodec.decode(W3CHttpResponseCodec.java:49)\n\tat org.openqa.selenium.remote.HttpCommandExecutor.execute(HttpCommandExecutor.java:158)\n\tat org.openqa.selenium.remote.service.DriverCommandExecutor.execute(DriverCommandExecutor.java:83)\n\tat org.openqa.selenium.remote.RemoteWebDriver.execute(RemoteWebDriver.java:552)\n\tat org.openqa.selenium.remote.RemoteWebDriver.get(RemoteWebDriver.java:277)\n\tat com.steps.MainPageSteps.iOpenHomePage(MainPageSteps.java:32)\n\tat tests.WebAPP.CustomerService_Tests.test_2(CustomerService_Tests.java:72)\n\tat java.base/jdk.internal.reflect.NativeMethodAccessorImpl.invoke0(Native Method)\n\tat java.base/jdk.internal.reflect.NativeMethodAccessorImpl.invoke(NativeMethodAccessorImpl.java:62)\n\tat java.base/jdk.internal.reflect.DelegatingMethodAccessorImpl.invoke(DelegatingMethodAccessorImpl.java:43)\n\tat java.base/java.lang.reflect.Method.invoke(Method.java:564)\n\tat org.testng.internal.MethodInvocationHelper.invokeMethod(MethodInvocationHelper.java:132)\n\tat org.testng.internal.TestInvoker.invokeMethod(TestInvoker.java:599)\n\tat org.testng.internal.TestInvoker.retryFailed(TestInvoker.java:214)\n\tat org.testng.internal.MethodRunner.runInSequence(MethodRunner.java:58)\n\tat org.testng.internal.TestInvoker$MethodInvocationAgent.invoke(TestInvoker.java:822)\n\tat org.testng.internal.TestInvoker.invokeTestMethods(TestInvoker.java:147)\n\tat org.testng.internal.TestMethodWorker.invokeTestMethods(TestMethodWorker.java:146)\n\tat org.testng.internal.TestMethodWorker.run(TestMethodWorker.java:128)\n\tat java.base/java.util.concurrent.ThreadPoolExecutor.runWorker(ThreadPoolExecutor.java:1130)\n\tat java.base/java.util.concurrent.ThreadPoolExecutor$Worker.run(ThreadPoolExecutor.java:630)\n\tat java.base/java.lang.Thread.run(Thread.java:832)\n",
      "steps" : [ ],
      "attachments" : [ ],
      "parameters" : [ ],
      "stepsCount" : 0,
      "attachmentsCount" : 0,
      "shouldDisplayMessage" : true,
      "hasContent" : true
    } ],
    "attachments" : [ {
      "uid" : "9f0d16b435e4036",
      "name" : "Scenario FAIL screenshot",
      "source" : "9f0d16b435e4036.png",
      "type" : "image/png",
      "size" : 603052
    }, {
      "uid" : "4765202c1ca9c22",
      "name" : "TestNG test FAIL logs",
      "source" : "4765202c1ca9c22.txt",
      "type" : "text/plain",
      "size" : 3588
    } ],
    "parameters" : [ ],
    "stepsCount" : 1,
    "attachmentsCount" : 2,
    "shouldDisplayMessage" : false,
    "hasContent" : true
  },
  "afterStages" : [ {
    "name" : "Teardown Test Class",
    "time" : {
      "start" : 1656062751040,
      "stop" : 1656062751127,
      "duration" : 87
    },
    "description" : "Teardown Test Class",
    "status" : "passed",
    "steps" : [ ],
    "attachments" : [ ],
    "parameters" : [ ],
    "stepsCount" : 0,
    "attachmentsCount" : 0,
    "shouldDisplayMessage" : false,
    "hasContent" : false
  }, {
    "name" : "Teardown Test Suite",
    "time" : {
      "start" : 1656062917255,
      "stop" : 1656062918307,
      "duration" : 1052
    },
    "description" : "Teardown Test Suite",
    "status" : "passed",
    "steps" : [ ],
    "attachments" : [ ],
    "parameters" : [ ],
    "stepsCount" : 0,
    "attachmentsCount" : 0,
    "shouldDisplayMessage" : false,
    "hasContent" : false
  } ],
  "labels" : [ {
    "name" : "package",
    "value" : "tests.WebAPP.CustomerService_Tests"
  }, {
    "name" : "testClass",
    "value" : "tests.WebAPP.CustomerService_Tests"
  }, {
    "name" : "testMethod",
    "value" : "test_2"
  }, {
    "name" : "parentSuite",
    "value" : "Automationpractice.com WEB - Kamil Nowocin"
  }, {
    "name" : "suite",
    "value" : "Automated tests for WEB client"
  }, {
    "name" : "subSuite",
    "value" : "tests.WebAPP.CustomerService_Tests"
  }, {
    "name" : "host",
    "value" : "travis-job-25887fd1-bd1f-44bc-9887-be193e8470fc"
  }, {
    "name" : "thread",
    "value" : "4364@travis-job-25887fd1-bd1f-44bc-9887-be193e8470fc.TestNG-test=Automated tests for WEB client-2(24)"
  }, {
    "name" : "framework",
    "value" : "testng"
  }, {
    "name" : "language",
    "value" : "java"
  }, {
    "name" : "owner",
    "value" : "Kamil Nowocin"
  }, {
    "name" : "story",
    "value" : "POSITIVE FLOW"
  }, {
    "name" : "feature",
    "value" : "CUSTOMER SERVICE TESTS"
  }, {
    "name" : "epic",
    "value" : "Web App Tests"
  }, {
    "name" : "severity",
    "value" : "normal"
  }, {
    "name" : "resultFormat",
    "value" : "allure2"
  } ],
  "parameters" : [ ],
  "links" : [ {
    "name" : "TAP-0006",
    "url" : "https://tracker.FAKE.com/jira/browse/AUTOMATION_PRACTICE/issue/TAP-0006",
    "type" : "issue"
  }, {
    "name" : "STORY-222",
    "url" : "https://tracker.FAKE.com/jira/browse/AUTOMATION_PRACTICE/STORY-222",
    "type" : "tms"
  } ],
  "hidden" : false,
  "retry" : false,
  "extra" : {
    "severity" : "normal",
    "owner" : "Kamil Nowocin",
    "retries" : [ {
      "uid" : "2e78b50607eebaaf",
      "status" : "skipped",
      "statusDetails" : "unknown error: cannot determine loading status\nfrom unknown error: unexpected command response\n  (Session info: chrome=103.0.5060.53)\nBuild info: version: '3.141.59', revision: 'e82be7d358', time: '2018-11-14T08:17:03'\nSystem info: host: 'travis-job-25887fd1-bd1f-44bc-9887-be193e8470fc', ip: '127.0.0.1', os.name: 'Linux', os.arch: 'amd64', os.version: '5.4.0-1080-gcp', java.version: '14.0.2'\nDriver info: org.openqa.selenium.chrome.ChromeDriver\nCapabilities {acceptInsecureCerts: false, browserName: chrome, browserVersion: 103.0.5060.53, chrome: {chromedriverVersion: 103.0.5060.53 (a1711811edd7..., userDataDir: /tmp/.com.google.Chrome.4r6A1c}, goog:chromeOptions: {debuggerAddress: localhost:33311}, javascriptEnabled: true, networkConnectionEnabled: false, pageLoadStrategy: normal, platform: LINUX, platformName: LINUX, proxy: Proxy(), setWindowRect: true, strictFileInteractability: false, timeouts: {implicit: 0, pageLoad: 300000, script: 30000}, unhandledPromptBehavior: dismiss and notify, webauthn:extension:credBlob: true, webauthn:extension:largeBlob: true, webauthn:virtualAuthenticators: true}\nSession ID: 3e9ff9f00d53a4546aad05e371945475",
      "time" : {
        "start" : 1656062697982,
        "stop" : 1656062720278,
        "duration" : 22296
      }
    } ],
    "categories" : [ {
      "name" : "Test defects",
      "matchedStatuses" : [ ],
      "flaky" : false
    } ],
    "history" : {
      "statistic" : {
        "failed" : 6,
        "broken" : 10,
        "skipped" : 14,
        "passed" : 380,
        "unknown" : 0,
        "total" : 410
      },
      "items" : [ {
        "uid" : "60256c8791a7f32b",
        "reportUrl" : "https://app.travis-ci.com/kamil-nowocin/Test_Automation-automationpractice/builds/252087816/#testresult/60256c8791a7f32b",
        "status" : "passed",
        "time" : {
          "start" : 1655457985113,
          "stop" : 1655458024031,
          "duration" : 38918
        }
      }, {
        "uid" : "b3b14c559cbcba8f",
        "reportUrl" : "https://app.travis-ci.com/kamil-nowocin/Test_Automation-automationpractice/builds/251799801/#testresult/b3b14c559cbcba8f",
        "status" : "failed",
        "statusDetails" : "Ups, something went really bad! Even Michael Scofield couldn't have predicted that error! :) expected [http://automationpractice.com/index.php] but found [http://automationpractice.com/]",
        "time" : {
          "start" : 1654853087432,
          "stop" : 1654853093098,
          "duration" : 5666
        }
      }, {
        "uid" : "cbd1411ecee10de1",
        "reportUrl" : "https://app.travis-ci.com/kamil-nowocin/Test_Automation-automationpractice/builds/251202991/#testresult/cbd1411ecee10de1",
        "status" : "failed",
        "statusDetails" : "Ups, something went really bad! Even Michael Scofield couldn't have predicted that error! :) expected [http://automationpractice.com/index.php] but found [http://automationpractice.com/]",
        "time" : {
          "start" : 1653643603740,
          "stop" : 1653643610321,
          "duration" : 6581
        }
      }, {
        "uid" : "baa026b6d98e5c87",
        "reportUrl" : "https://app.travis-ci.com/kamil-nowocin/Test_Automation-automationpractice/builds/250914721/#testresult/baa026b6d98e5c87",
        "status" : "passed",
        "time" : {
          "start" : 1653038599068,
          "stop" : 1653038642244,
          "duration" : 43176
        }
      }, {
        "uid" : "a3bf0cbd47cb7ec6",
        "reportUrl" : "https://app.travis-ci.com/kamil-nowocin/Test_Automation-automationpractice/builds/250614814/#testresult/a3bf0cbd47cb7ec6",
        "status" : "passed",
        "time" : {
          "start" : 1652433944648,
          "stop" : 1652433998417,
          "duration" : 53769
        }
      }, {
        "uid" : "34364fdbfd78951f",
        "reportUrl" : "https://app.travis-ci.com/kamil-nowocin/Test_Automation-automationpractice/builds/250306724/#testresult/34364fdbfd78951f",
        "status" : "passed",
        "time" : {
          "start" : 1651829050726,
          "stop" : 1651829069325,
          "duration" : 18599
        }
      }, {
        "uid" : "43925a1c7cdc7a58",
        "reportUrl" : "https://app.travis-ci.com/kamil-nowocin/Test_Automation-automationpractice/builds/250038525/#testresult/43925a1c7cdc7a58",
        "status" : "passed",
        "time" : {
          "start" : 1651224205374,
          "stop" : 1651224224495,
          "duration" : 19121
        }
      }, {
        "uid" : "139754728cad853a",
        "reportUrl" : "https://app.travis-ci.com/kamil-nowocin/Test_Automation-automationpractice/builds/249734656/#testresult/139754728cad853a",
        "status" : "passed",
        "time" : {
          "start" : 1650619269253,
          "stop" : 1650619299154,
          "duration" : 29901
        }
      }, {
        "uid" : "eec49c237c6f80c6",
        "reportUrl" : "https://app.travis-ci.com/kamil-nowocin/Test_Automation-automationpractice/builds/249462194/#testresult/eec49c237c6f80c6",
        "status" : "passed",
        "time" : {
          "start" : 1650014474230,
          "stop" : 1650014495936,
          "duration" : 21706
        }
      }, {
        "uid" : "b0b430f8338d2fc1",
        "reportUrl" : "https://app.travis-ci.com/kamil-nowocin/Test_Automation-automationpractice/builds/249127487/#testresult/b0b430f8338d2fc1",
        "status" : "passed",
        "time" : {
          "start" : 1649409768676,
          "stop" : 1649409813192,
          "duration" : 44516
        }
      }, {
        "uid" : "649f8356d368a65a",
        "reportUrl" : "https://app.travis-ci.com/kamil-nowocin/Test_Automation-automationpractice/builds/248784009/#testresult/649f8356d368a65a",
        "status" : "passed",
        "time" : {
          "start" : 1648804806910,
          "stop" : 1648804838948,
          "duration" : 32038
        }
      }, {
        "uid" : "2912e13516a329eb",
        "reportUrl" : "https://app.travis-ci.com/kamil-nowocin/Test_Automation-automationpractice/builds/248427856/#testresult/2912e13516a329eb",
        "status" : "passed",
        "time" : {
          "start" : 1648200025854,
          "stop" : 1648200055085,
          "duration" : 29231
        }
      }, {
        "uid" : "6b9a79a56b30f689",
        "reportUrl" : "https://app.travis-ci.com/kamil-nowocin/Test_Automation-automationpractice/builds/248092754/#testresult/6b9a79a56b30f689",
        "status" : "passed",
        "time" : {
          "start" : 1647595050248,
          "stop" : 1647595098393,
          "duration" : 48145
        }
      }, {
        "uid" : "592cfacb0689a4c9",
        "reportUrl" : "https://app.travis-ci.com/kamil-nowocin/Test_Automation-automationpractice/builds/247748235/#testresult/592cfacb0689a4c9",
        "status" : "passed",
        "time" : {
          "start" : 1646990344677,
          "stop" : 1646990372520,
          "duration" : 27843
        }
      }, {
        "uid" : "6e4156788df3e26d",
        "reportUrl" : "https://app.travis-ci.com/kamil-nowocin/Test_Automation-automationpractice/builds/247400089/#testresult/6e4156788df3e26d",
        "status" : "passed",
        "time" : {
          "start" : 1646385446465,
          "stop" : 1646385459033,
          "duration" : 12568
        }
      }, {
        "uid" : "d29fb4269b752d2b",
        "reportUrl" : "https://app.travis-ci.com/kamil-nowocin/Test_Automation-automationpractice/builds/247052515/#testresult/d29fb4269b752d2b",
        "status" : "passed",
        "time" : {
          "start" : 1645780857688,
          "stop" : 1645780905536,
          "duration" : 47848
        }
      }, {
        "uid" : "dc92d4d5d845b3ff",
        "reportUrl" : "https://app.travis-ci.com/kamil-nowocin/Test_Automation-automationpractice/builds/246687955/#testresult/dc92d4d5d845b3ff",
        "status" : "passed",
        "time" : {
          "start" : 1645175826600,
          "stop" : 1645175843093,
          "duration" : 16493
        }
      }, {
        "uid" : "49361815546be46f",
        "reportUrl" : "https://app.travis-ci.com/kamil-nowocin/Test_Automation-automationpractice/builds/246291444/#testresult/49361815546be46f",
        "status" : "passed",
        "time" : {
          "start" : 1644570973184,
          "stop" : 1644570984264,
          "duration" : 11080
        }
      }, {
        "uid" : "da5f6345d73964fb",
        "reportUrl" : "https://app.travis-ci.com/kamil-nowocin/Test_Automation-automationpractice/builds/245914980/#testresult/da5f6345d73964fb",
        "status" : "passed",
        "time" : {
          "start" : 1643966250977,
          "stop" : 1643966290412,
          "duration" : 39435
        }
      }, {
        "uid" : "b07eb8dcbcd7cff7",
        "reportUrl" : "https://app.travis-ci.com/kamil-nowocin/Test_Automation-automationpractice/builds/245554025/#testresult/b07eb8dcbcd7cff7",
        "status" : "failed",
        "statusDetails" : "Ups, something went really bad! Even Michael Scofield couldn't have predicted that error! :) expected [http://automationpractice.com/index.php] but found [http://automationpractice.com/]",
        "time" : {
          "start" : 1643361250858,
          "stop" : 1643361252659,
          "duration" : 1801
        }
      } ]
    },
    "tags" : [ ]
  },
  "source" : "68bda7a3f7e38724.json",
  "parameterValues" : [ ]
}