{
  "uid" : "72abb36081f4357a",
  "name" : "[US-333]/[5] I can't create an account, when one of required fields is missing",
  "fullName" : "tests.WebAPP.Registration_Tests.test_5",
  "historyId" : "fd2c3e9daa5d973f4588b999665c6b31",
  "time" : {
    "start" : 1640942536264,
    "stop" : 1640942566963,
    "duration" : 30699
  },
  "description" : "[US-333]/[5] As a user I can't create an account, when one of required fields is missing",
  "descriptionHtml" : "<p>[US-333]/[5] As a user I can't create an account, when one of required fields is missing</p>\n",
  "status" : "failed",
  "statusMessage" : "Value which have been found didn't match expected value! expected [alaska] but found []",
  "statusTrace" : "java.lang.AssertionError: Value which have been found didn't match expected value! expected [alaska] but found []\n\tat org.testng.Assert.fail(Assert.java:99)\n\tat org.testng.Assert.failNotEquals(Assert.java:1037)\n\tat org.testng.Assert.assertEqualsImpl(Assert.java:140)\n\tat org.testng.Assert.assertEquals(Assert.java:122)\n\tat org.testng.Assert.assertEquals(Assert.java:629)\n\tat com.steps.RegistrationPageSteps.iWriteFollowingDataToRegistrationForm(RegistrationPageSteps.java:160)\n\tat tests.WebAPP.Registration_Tests.test_5(Registration_Tests.java:204)\n\tat java.base/jdk.internal.reflect.NativeMethodAccessorImpl.invoke0(Native Method)\n\tat java.base/jdk.internal.reflect.NativeMethodAccessorImpl.invoke(NativeMethodAccessorImpl.java:62)\n\tat java.base/jdk.internal.reflect.DelegatingMethodAccessorImpl.invoke(DelegatingMethodAccessorImpl.java:43)\n\tat java.base/java.lang.reflect.Method.invoke(Method.java:564)\n\tat org.testng.internal.MethodInvocationHelper.invokeMethod(MethodInvocationHelper.java:132)\n\tat org.testng.internal.TestInvoker.invokeMethod(TestInvoker.java:599)\n\tat org.testng.internal.TestInvoker.retryFailed(TestInvoker.java:214)\n\tat org.testng.internal.MethodRunner.runInSequence(MethodRunner.java:58)\n\tat org.testng.internal.TestInvoker$MethodInvocationAgent.invoke(TestInvoker.java:822)\n\tat org.testng.internal.TestInvoker.invokeTestMethods(TestInvoker.java:147)\n\tat org.testng.internal.TestMethodWorker.invokeTestMethods(TestMethodWorker.java:146)\n\tat org.testng.internal.TestMethodWorker.run(TestMethodWorker.java:128)\n\tat java.base/java.util.concurrent.ThreadPoolExecutor.runWorker(ThreadPoolExecutor.java:1130)\n\tat java.base/java.util.concurrent.ThreadPoolExecutor$Worker.run(ThreadPoolExecutor.java:630)\n\tat java.base/java.lang.Thread.run(Thread.java:832)\n",
  "flaky" : false,
  "newFailed" : true,
  "newBroken" : false,
  "newPassed" : false,
  "retriesCount" : 1,
  "retriesStatusChange" : true,
  "beforeStages" : [ {
    "name" : "Setting up Excel File",
    "time" : {
      "start" : 1640941885721,
      "stop" : 1640941885769,
      "duration" : 48
    },
    "description" : "Setting up Excel File",
    "status" : "passed",
    "steps" : [ ],
    "attachments" : [ ],
    "parameters" : [ ],
    "stepsCount" : 0,
    "attachmentsCount" : 0,
    "shouldDisplayMessage" : false,
    "hasContent" : false
  }, {
    "name" : "Setting up Test Class",
    "time" : {
      "start" : 1640942535722,
      "stop" : 1640942536261,
      "duration" : 539
    },
    "description" : "Setting up Test Class",
    "status" : "passed",
    "steps" : [ ],
    "attachments" : [ ],
    "parameters" : [ ],
    "stepsCount" : 0,
    "attachmentsCount" : 0,
    "shouldDisplayMessage" : false,
    "hasContent" : false
  } ],
  "testStage" : {
    "description" : "[US-333]/[5] As a user I can't create an account, when one of required fields is missing",
    "status" : "failed",
    "statusMessage" : "Value which have been found didn't match expected value! expected [alaska] but found []",
    "statusTrace" : "java.lang.AssertionError: Value which have been found didn't match expected value! expected [alaska] but found []\n\tat org.testng.Assert.fail(Assert.java:99)\n\tat org.testng.Assert.failNotEquals(Assert.java:1037)\n\tat org.testng.Assert.assertEqualsImpl(Assert.java:140)\n\tat org.testng.Assert.assertEquals(Assert.java:122)\n\tat org.testng.Assert.assertEquals(Assert.java:629)\n\tat com.steps.RegistrationPageSteps.iWriteFollowingDataToRegistrationForm(RegistrationPageSteps.java:160)\n\tat tests.WebAPP.Registration_Tests.test_5(Registration_Tests.java:204)\n\tat java.base/jdk.internal.reflect.NativeMethodAccessorImpl.invoke0(Native Method)\n\tat java.base/jdk.internal.reflect.NativeMethodAccessorImpl.invoke(NativeMethodAccessorImpl.java:62)\n\tat java.base/jdk.internal.reflect.DelegatingMethodAccessorImpl.invoke(DelegatingMethodAccessorImpl.java:43)\n\tat java.base/java.lang.reflect.Method.invoke(Method.java:564)\n\tat org.testng.internal.MethodInvocationHelper.invokeMethod(MethodInvocationHelper.java:132)\n\tat org.testng.internal.TestInvoker.invokeMethod(TestInvoker.java:599)\n\tat org.testng.internal.TestInvoker.retryFailed(TestInvoker.java:214)\n\tat org.testng.internal.MethodRunner.runInSequence(MethodRunner.java:58)\n\tat org.testng.internal.TestInvoker$MethodInvocationAgent.invoke(TestInvoker.java:822)\n\tat org.testng.internal.TestInvoker.invokeTestMethods(TestInvoker.java:147)\n\tat org.testng.internal.TestMethodWorker.invokeTestMethods(TestMethodWorker.java:146)\n\tat org.testng.internal.TestMethodWorker.run(TestMethodWorker.java:128)\n\tat java.base/java.util.concurrent.ThreadPoolExecutor.runWorker(ThreadPoolExecutor.java:1130)\n\tat java.base/java.util.concurrent.ThreadPoolExecutor$Worker.run(ThreadPoolExecutor.java:630)\n\tat java.base/java.lang.Thread.run(Thread.java:832)\n",
    "steps" : [ {
      "name" : "I open home page",
      "time" : {
        "start" : 1640942545794,
        "stop" : 1640942552968,
        "duration" : 7174
      },
      "status" : "passed",
      "steps" : [ ],
      "attachments" : [ ],
      "parameters" : [ ],
      "stepsCount" : 0,
      "attachmentsCount" : 0,
      "shouldDisplayMessage" : false,
      "hasContent" : false
    }, {
      "name" : "I can see automationpractice.com website",
      "time" : {
        "start" : 1640942552968,
        "stop" : 1640942552972,
        "duration" : 4
      },
      "status" : "passed",
      "steps" : [ ],
      "attachments" : [ ],
      "parameters" : [ ],
      "stepsCount" : 0,
      "attachmentsCount" : 0,
      "shouldDisplayMessage" : false,
      "hasContent" : false
    }, {
      "name" : "I click on Sign in button",
      "time" : {
        "start" : 1640942552972,
        "stop" : 1640942557718,
        "duration" : 4746
      },
      "status" : "passed",
      "steps" : [ ],
      "attachments" : [ ],
      "parameters" : [ ],
      "stepsCount" : 0,
      "attachmentsCount" : 0,
      "shouldDisplayMessage" : false,
      "hasContent" : false
    }, {
      "name" : "I can see registration page form",
      "time" : {
        "start" : 1640942557718,
        "stop" : 1640942557785,
        "duration" : 67
      },
      "status" : "passed",
      "steps" : [ ],
      "attachments" : [ ],
      "parameters" : [ ],
      "stepsCount" : 0,
      "attachmentsCount" : 0,
      "shouldDisplayMessage" : false,
      "hasContent" : false
    }, {
      "name" : "I write an email address",
      "time" : {
        "start" : 1640942557786,
        "stop" : 1640942557944,
        "duration" : 158
      },
      "status" : "passed",
      "steps" : [ ],
      "attachments" : [ ],
      "parameters" : [ ],
      "stepsCount" : 0,
      "attachmentsCount" : 0,
      "shouldDisplayMessage" : false,
      "hasContent" : false
    }, {
      "name" : "I click on Create An Account button",
      "time" : {
        "start" : 1640942557944,
        "stop" : 1640942558032,
        "duration" : 88
      },
      "status" : "passed",
      "steps" : [ ],
      "attachments" : [ ],
      "parameters" : [ ],
      "stepsCount" : 0,
      "attachmentsCount" : 0,
      "shouldDisplayMessage" : false,
      "hasContent" : false
    }, {
      "name" : "I write following data to registration form",
      "time" : {
        "start" : 1640942558033,
        "stop" : 1640942566821,
        "duration" : 8788
      },
      "status" : "failed",
      "statusMessage" : "Value which have been found didn't match expected value! expected [alaska] but found []",
      "statusTrace" : "java.lang.AssertionError: Value which have been found didn't match expected value! expected [alaska] but found []\n\tat org.testng.Assert.fail(Assert.java:99)\n\tat org.testng.Assert.failNotEquals(Assert.java:1037)\n\tat org.testng.Assert.assertEqualsImpl(Assert.java:140)\n\tat org.testng.Assert.assertEquals(Assert.java:122)\n\tat org.testng.Assert.assertEquals(Assert.java:629)\n\tat com.steps.RegistrationPageSteps.iWriteFollowingDataToRegistrationForm(RegistrationPageSteps.java:160)\n\tat tests.WebAPP.Registration_Tests.test_5(Registration_Tests.java:204)\n\tat java.base/jdk.internal.reflect.NativeMethodAccessorImpl.invoke0(Native Method)\n\tat java.base/jdk.internal.reflect.NativeMethodAccessorImpl.invoke(NativeMethodAccessorImpl.java:62)\n\tat java.base/jdk.internal.reflect.DelegatingMethodAccessorImpl.invoke(DelegatingMethodAccessorImpl.java:43)\n\tat java.base/java.lang.reflect.Method.invoke(Method.java:564)\n\tat org.testng.internal.MethodInvocationHelper.invokeMethod(MethodInvocationHelper.java:132)\n\tat org.testng.internal.TestInvoker.invokeMethod(TestInvoker.java:599)\n\tat org.testng.internal.TestInvoker.retryFailed(TestInvoker.java:214)\n\tat org.testng.internal.MethodRunner.runInSequence(MethodRunner.java:58)\n\tat org.testng.internal.TestInvoker$MethodInvocationAgent.invoke(TestInvoker.java:822)\n\tat org.testng.internal.TestInvoker.invokeTestMethods(TestInvoker.java:147)\n\tat org.testng.internal.TestMethodWorker.invokeTestMethods(TestMethodWorker.java:146)\n\tat org.testng.internal.TestMethodWorker.run(TestMethodWorker.java:128)\n\tat java.base/java.util.concurrent.ThreadPoolExecutor.runWorker(ThreadPoolExecutor.java:1130)\n\tat java.base/java.util.concurrent.ThreadPoolExecutor$Worker.run(ThreadPoolExecutor.java:630)\n\tat java.base/java.lang.Thread.run(Thread.java:832)\n",
      "steps" : [ ],
      "attachments" : [ ],
      "parameters" : [ {
        "name" : "dataTable",
        "value" : "      | First Name | Last Name | Password   | Address | City | State  | Postal Code | Country       | Mobile Phone |\n      | Thor       | Odinson   | #Passwd123 | [empty] | City | Alaska | 99503       | United States | 700-800-900  |\n"
      } ],
      "stepsCount" : 0,
      "attachmentsCount" : 0,
      "shouldDisplayMessage" : true,
      "hasContent" : true
    } ],
    "attachments" : [ {
      "uid" : "bd0664ed7d1d0a8",
      "name" : "Scenario FAIL screenshot",
      "source" : "bd0664ed7d1d0a8.png",
      "type" : "image/png",
      "size" : 34221
    }, {
      "uid" : "a089c67e1a818834",
      "name" : "TestNG test FAIL logs",
      "source" : "a089c67e1a818834.txt",
      "type" : "text/plain",
      "size" : 3333
    } ],
    "parameters" : [ ],
    "stepsCount" : 7,
    "attachmentsCount" : 2,
    "shouldDisplayMessage" : false,
    "hasContent" : true
  },
  "afterStages" : [ {
    "name" : "Teardown Test Class",
    "time" : {
      "start" : 1640942566964,
      "stop" : 1640942567040,
      "duration" : 76
    },
    "description" : "Teardown Test Class",
    "status" : "passed",
    "steps" : [ ],
    "attachments" : [ ],
    "parameters" : [ ],
    "stepsCount" : 0,
    "attachmentsCount" : 0,
    "shouldDisplayMessage" : false,
    "hasContent" : false
  }, {
    "name" : "Teardown Test Suite",
    "time" : {
      "start" : 1640942709081,
      "stop" : 1640942710147,
      "duration" : 1066
    },
    "description" : "Teardown Test Suite",
    "status" : "passed",
    "steps" : [ ],
    "attachments" : [ ],
    "parameters" : [ ],
    "stepsCount" : 0,
    "attachmentsCount" : 0,
    "shouldDisplayMessage" : false,
    "hasContent" : false
  } ],
  "labels" : [ {
    "name" : "package",
    "value" : "tests.WebAPP.Registration_Tests"
  }, {
    "name" : "testClass",
    "value" : "tests.WebAPP.Registration_Tests"
  }, {
    "name" : "testMethod",
    "value" : "test_5"
  }, {
    "name" : "parentSuite",
    "value" : "Automationpractice.com WEB - Kamil Nowocin"
  }, {
    "name" : "suite",
    "value" : "Automated tests for WEB client"
  }, {
    "name" : "subSuite",
    "value" : "tests.WebAPP.Registration_Tests"
  }, {
    "name" : "host",
    "value" : "travis-job-cf07328e-32aa-4ebf-a1cc-167cade0a04a"
  }, {
    "name" : "thread",
    "value" : "5054@travis-job-cf07328e-32aa-4ebf-a1cc-167cade0a04a.TestNG-test=Automated tests for WEB client-2(24)"
  }, {
    "name" : "framework",
    "value" : "testng"
  }, {
    "name" : "language",
    "value" : "java"
  }, {
    "name" : "owner",
    "value" : "Kamil Nowocin"
  }, {
    "name" : "story",
    "value" : "NEGATIVE FLOW"
  }, {
    "name" : "feature",
    "value" : "REGISTRATION TESTS"
  }, {
    "name" : "epic",
    "value" : "Web App Tests"
  }, {
    "name" : "severity",
    "value" : "normal"
  }, {
    "name" : "resultFormat",
    "value" : "allure2"
  } ],
  "parameters" : [ ],
  "links" : [ {
    "name" : "TAP-0017",
    "url" : "https://tracker.FAKE.com/jira/browse/AUTOMATION_PRACTICE/issue/TAP-0017",
    "type" : "issue"
  }, {
    "name" : "STORY-333",
    "url" : "https://tracker.FAKE.com/jira/browse/AUTOMATION_PRACTICE/STORY-333",
    "type" : "tms"
  } ],
  "hidden" : false,
  "retry" : false,
  "extra" : {
    "severity" : "normal",
    "owner" : "Kamil Nowocin",
    "retries" : [ {
      "uid" : "41b5e0e4bbb19d6f",
      "status" : "skipped",
      "statusDetails" : "Cannot locate element with text: Alaska\nFor documentation on this error, please visit: https://www.seleniumhq.org/exceptions/no_such_element.html\nBuild info: version: '3.141.59', revision: 'e82be7d358', time: '2018-11-14T08:17:03'\nSystem info: host: 'travis-job-cf07328e-32aa-4ebf-a1cc-167cade0a04a', ip: '127.0.0.1', os.name: 'Linux', os.arch: 'amd64', os.version: '5.4.0-1058-gcp', java.version: '14.0.2'\nDriver info: driver.version: unknown",
      "time" : {
        "start" : 1640942497425,
        "stop" : 1640942535662,
        "duration" : 38237
      }
    } ],
    "categories" : [ {
      "name" : "Product defects",
      "matchedStatuses" : [ ],
      "flaky" : false
    } ],
    "history" : {
      "statistic" : {
        "failed" : 1,
        "broken" : 8,
        "skipped" : 26,
        "passed" : 351,
        "unknown" : 0,
        "total" : 386
      },
      "items" : [ {
        "uid" : "1d64992a14baa379",
        "reportUrl" : "https://app.travis-ci.com/kamil-nowocin/Test_Automation-automationpractice/builds/243964521/#testresult/1d64992a14baa379",
        "status" : "passed",
        "time" : {
          "start" : 1640337589670,
          "stop" : 1640337646921,
          "duration" : 57251
        }
      }, {
        "uid" : "fdb05858a5c78461",
        "reportUrl" : "https://app.travis-ci.com/kamil-nowocin/Test_Automation-automationpractice/builds/243640386/#testresult/fdb05858a5c78461",
        "status" : "passed",
        "time" : {
          "start" : 1639732431597,
          "stop" : 1639732444621,
          "duration" : 13024
        }
      }, {
        "uid" : "6b3cf2770873b352",
        "reportUrl" : "https://app.travis-ci.com/kamil-nowocin/Test_Automation-automationpractice/builds/243245152/#testresult/6b3cf2770873b352",
        "status" : "passed",
        "time" : {
          "start" : 1639127962868,
          "stop" : 1639128015293,
          "duration" : 52425
        }
      }, {
        "uid" : "721721a11c3a34af",
        "reportUrl" : "https://app.travis-ci.com/kamil-nowocin/Test_Automation-automationpractice/builds/242857562/#testresult/721721a11c3a34af",
        "status" : "passed",
        "time" : {
          "start" : 1638523078944,
          "stop" : 1638523129939,
          "duration" : 50995
        }
      }, {
        "uid" : "d1f4bfc0b8926923",
        "reportUrl" : "https://app.travis-ci.com/kamil-nowocin/Test_Automation-automationpractice/builds/242450597/#testresult/d1f4bfc0b8926923",
        "status" : "passed",
        "time" : {
          "start" : 1637918387279,
          "stop" : 1637918441168,
          "duration" : 53889
        }
      }, {
        "uid" : "dab26b80836d9f37",
        "reportUrl" : "https://app.travis-ci.com/kamil-nowocin/Test_Automation-automationpractice/builds/242075764/#testresult/dab26b80836d9f37",
        "status" : "skipped",
        "statusDetails" : "Method Registration_Tests.test_5()[pri:1, instance:tests.WebAPP.Registration_Tests@73dd36d8] depends on not successfully finished methods",
        "time" : {
          "start" : 1637313222241,
          "stop" : 1637313222241,
          "duration" : 0
        }
      }, {
        "uid" : "6f8fe61062bf5d38",
        "reportUrl" : "https://app.travis-ci.com/kamil-nowocin/Test_Automation-automationpractice/builds/241663207/#testresult/6f8fe61062bf5d38",
        "status" : "passed",
        "time" : {
          "start" : 1636708230520,
          "stop" : 1636708248007,
          "duration" : 17487
        }
      }, {
        "uid" : "85da1d1aba997bd3",
        "reportUrl" : "https://app.travis-ci.com/kamil-nowocin/Test_Automation-automationpractice/builds/241241489/#testresult/85da1d1aba997bd3",
        "status" : "passed",
        "time" : {
          "start" : 1636103402278,
          "stop" : 1636103416900,
          "duration" : 14622
        }
      }, {
        "uid" : "b56aa2fad5e1a65",
        "reportUrl" : "https://app.travis-ci.com/kamil-nowocin/Test_Automation-automationpractice/builds/240824907/#testresult/b56aa2fad5e1a65",
        "status" : "passed",
        "time" : {
          "start" : 1635499028241,
          "stop" : 1635499073358,
          "duration" : 45117
        }
      }, {
        "uid" : "127d16473423ea53",
        "reportUrl" : "https://app.travis-ci.com/kamil-nowocin/Test_Automation-automationpractice/builds/240377387/#testresult/127d16473423ea53",
        "status" : "passed",
        "time" : {
          "start" : 1634893802632,
          "stop" : 1634893818250,
          "duration" : 15618
        }
      }, {
        "uid" : "18438d87bcaf73e0",
        "reportUrl" : "https://app.travis-ci.com/kamil-nowocin/Test_Automation-automationpractice/builds/239895805/#testresult/18438d87bcaf73e0",
        "status" : "passed",
        "time" : {
          "start" : 1634289016047,
          "stop" : 1634289036699,
          "duration" : 20652
        }
      }, {
        "uid" : "b96f90390a0198d1",
        "reportUrl" : "https://app.travis-ci.com/kamil-nowocin/Test_Automation-automationpractice/builds/239408969/#testresult/b96f90390a0198d1",
        "status" : "passed",
        "time" : {
          "start" : 1633684093871,
          "stop" : 1633684109715,
          "duration" : 15844
        }
      }, {
        "uid" : "9dba36317540bbc8",
        "reportUrl" : "https://app.travis-ci.com/kamil-nowocin/Test_Automation-automationpractice/builds/238906135/#testresult/9dba36317540bbc8",
        "status" : "passed",
        "time" : {
          "start" : 1633079461881,
          "stop" : 1633079470141,
          "duration" : 8260
        }
      }, {
        "uid" : "7f30d3579ab5d150",
        "reportUrl" : "https://app.travis-ci.com/kamil-nowocin/Test_Automation-automationpractice/builds/238410707/#testresult/7f30d3579ab5d150",
        "status" : "passed",
        "time" : {
          "start" : 1632474818868,
          "stop" : 1632474879034,
          "duration" : 60166
        }
      }, {
        "uid" : "4bddff03034f9490",
        "reportUrl" : "https://app.travis-ci.com/kamil-nowocin/Test_Automation-automationpractice/builds/237891579/#testresult/4bddff03034f9490",
        "status" : "passed",
        "time" : {
          "start" : 1631869671422,
          "stop" : 1631869689763,
          "duration" : 18341
        }
      }, {
        "uid" : "34226fb7b58eced5",
        "reportUrl" : "https://app.travis-ci.com/kamil-nowocin/Test_Automation-automationpractice/builds/237361813/#testresult/34226fb7b58eced5",
        "status" : "passed",
        "time" : {
          "start" : 1631264839549,
          "stop" : 1631264859129,
          "duration" : 19580
        }
      }, {
        "uid" : "bd827737bad85bf1",
        "reportUrl" : "https://app.travis-ci.com/kamil-nowocin/Test_Automation-automationpractice/builds/236877523/#testresult/bd827737bad85bf1",
        "status" : "passed",
        "time" : {
          "start" : 1630660017086,
          "stop" : 1630660031065,
          "duration" : 13979
        }
      }, {
        "uid" : "c79b7b3a9d795ab4",
        "reportUrl" : "https://app.travis-ci.com/kamil-nowocin/Test_Automation-automationpractice/builds/235844149/#testresult/c79b7b3a9d795ab4",
        "status" : "passed",
        "time" : {
          "start" : 1629450309450,
          "stop" : 1629450322800,
          "duration" : 13350
        }
      }, {
        "uid" : "b41f524a5403093c",
        "reportUrl" : "https://app.travis-ci.com/kamil-nowocin/Test_Automation-automationpractice/builds/235264230/#testresult/b41f524a5403093c",
        "status" : "passed",
        "time" : {
          "start" : 1628845749731,
          "stop" : 1628845774666,
          "duration" : 24935
        }
      }, {
        "uid" : "f878e3c9aa23bad1",
        "reportUrl" : "https://app.travis-ci.com/kamil-nowocin/Test_Automation-automationpractice/builds/234678055/#testresult/f878e3c9aa23bad1",
        "status" : "passed",
        "time" : {
          "start" : 1628241105838,
          "stop" : 1628241146913,
          "duration" : 41075
        }
      } ]
    },
    "tags" : [ ]
  },
  "source" : "72abb36081f4357a.json",
  "parameterValues" : [ ]
}