{
  "uid" : "7df7d0afc3930744",
  "name" : "[US-444]/[1] I would like to see registration error, when I don't fill first name input",
  "fullName" : "tests.WebAPP.RegistrationValidators_Tests.test_1",
  "historyId" : "e41d56218bc11770134d14d70eb2d573",
  "time" : {
    "start" : 1636103260731,
    "stop" : 1636103292898,
    "duration" : 32167
  },
  "description" : "[US-444]/[1] As a user I would like to see registration error, when I don't fill first name input",
  "descriptionHtml" : "<p>[US-444]/[1] As a user I would like to see registration error, when I don't fill first name input</p>\n",
  "status" : "broken",
  "statusMessage" : "Expected condition failed: waiting for element to be clickable: [[ChromeDriver: chrome on LINUX (0cf8defa2061386b4464d7ff7174e0f8)] -> xpath: //input[@id='id_gender2']] (tried for 15 second(s) with 500 milliseconds interval)\nBuild info: version: '3.141.59', revision: 'e82be7d358', time: '2018-11-14T08:17:03'\nSystem info: host: 'travis-job-26bc89b3-8d0a-42ab-baca-6f923aa52bad', ip: '127.0.0.1', os.name: 'Linux', os.arch: 'amd64', os.version: '5.4.0-1049-gcp', java.version: '14.0.2'\nDriver info: org.openqa.selenium.chrome.ChromeDriver\nCapabilities {acceptInsecureCerts: false, browserName: chrome, browserVersion: 95.0.4638.69, chrome: {chromedriverVersion: 95.0.4638.54 (d31a821ec901f..., userDataDir: /tmp/.com.google.Chrome.cFUbwa}, goog:chromeOptions: {debuggerAddress: localhost:36717}, javascriptEnabled: true, networkConnectionEnabled: false, pageLoadStrategy: normal, platform: LINUX, platformName: LINUX, proxy: Proxy(), setWindowRect: true, strictFileInteractability: false, timeouts: {implicit: 0, pageLoad: 300000, script: 30000}, unhandledPromptBehavior: dismiss and notify, webauthn:extension:credBlob: true, webauthn:extension:largeBlob: true, webauthn:virtualAuthenticators: true}\nSession ID: 0cf8defa2061386b4464d7ff7174e0f8",
  "statusTrace" : "org.openqa.selenium.TimeoutException: Expected condition failed: waiting for element to be clickable: [[ChromeDriver: chrome on LINUX (0cf8defa2061386b4464d7ff7174e0f8)] -> xpath: //input[@id='id_gender2']] (tried for 15 second(s) with 500 milliseconds interval)\nBuild info: version: '3.141.59', revision: 'e82be7d358', time: '2018-11-14T08:17:03'\nSystem info: host: 'travis-job-26bc89b3-8d0a-42ab-baca-6f923aa52bad', ip: '127.0.0.1', os.name: 'Linux', os.arch: 'amd64', os.version: '5.4.0-1049-gcp', java.version: '14.0.2'\nDriver info: org.openqa.selenium.chrome.ChromeDriver\nCapabilities {acceptInsecureCerts: false, browserName: chrome, browserVersion: 95.0.4638.69, chrome: {chromedriverVersion: 95.0.4638.54 (d31a821ec901f..., userDataDir: /tmp/.com.google.Chrome.cFUbwa}, goog:chromeOptions: {debuggerAddress: localhost:36717}, javascriptEnabled: true, networkConnectionEnabled: false, pageLoadStrategy: normal, platform: LINUX, platformName: LINUX, proxy: Proxy(), setWindowRect: true, strictFileInteractability: false, timeouts: {implicit: 0, pageLoad: 300000, script: 30000}, unhandledPromptBehavior: dismiss and notify, webauthn:extension:credBlob: true, webauthn:extension:largeBlob: true, webauthn:virtualAuthenticators: true}\nSession ID: 0cf8defa2061386b4464d7ff7174e0f8\n\tat org.openqa.selenium.support.ui.WebDriverWait.timeoutException(WebDriverWait.java:95)\n\tat org.openqa.selenium.support.ui.FluentWait.until(FluentWait.java:272)\n\tat com.buildSettings.TestCommons.waitForElementToBeClickable(TestCommons.java:32)\n\tat com.buildSettings.TestCommons.customClick(TestCommons.java:136)\n\tat com.steps.RegistrationPageSteps.iChooseGender(RegistrationPageSteps.java:192)\n\tat tests.WebAPP.RegistrationValidators_Tests.test_1(RegistrationValidators_Tests.java:47)\n\tat java.base/jdk.internal.reflect.NativeMethodAccessorImpl.invoke0(Native Method)\n\tat java.base/jdk.internal.reflect.NativeMethodAccessorImpl.invoke(NativeMethodAccessorImpl.java:62)\n\tat java.base/jdk.internal.reflect.DelegatingMethodAccessorImpl.invoke(DelegatingMethodAccessorImpl.java:43)\n\tat java.base/java.lang.reflect.Method.invoke(Method.java:564)\n\tat org.testng.internal.MethodInvocationHelper.invokeMethod(MethodInvocationHelper.java:132)\n\tat org.testng.internal.TestInvoker.invokeMethod(TestInvoker.java:599)\n\tat org.testng.internal.TestInvoker.retryFailed(TestInvoker.java:214)\n\tat org.testng.internal.MethodRunner.runInSequence(MethodRunner.java:58)\n\tat org.testng.internal.TestInvoker$MethodInvocationAgent.invoke(TestInvoker.java:822)\n\tat org.testng.internal.TestInvoker.invokeTestMethods(TestInvoker.java:147)\n\tat org.testng.internal.TestMethodWorker.invokeTestMethods(TestMethodWorker.java:146)\n\tat org.testng.internal.TestMethodWorker.run(TestMethodWorker.java:128)\n\tat java.base/java.util.concurrent.ThreadPoolExecutor.runWorker(ThreadPoolExecutor.java:1130)\n\tat java.base/java.util.concurrent.ThreadPoolExecutor$Worker.run(ThreadPoolExecutor.java:630)\n\tat java.base/java.lang.Thread.run(Thread.java:832)\n",
  "flaky" : false,
  "newFailed" : false,
  "beforeStages" : [ {
    "name" : "Setting up Test Class",
    "time" : {
      "start" : 1636103259805,
      "stop" : 1636103260723,
      "duration" : 918
    },
    "description" : "Setting up Test Class",
    "status" : "passed",
    "steps" : [ ],
    "attachments" : [ ],
    "parameters" : [ ],
    "stepsCount" : 0,
    "attachmentsCount" : 0,
    "shouldDisplayMessage" : false,
    "hasContent" : false
  }, {
    "name" : "Setting up Excel File",
    "time" : {
      "start" : 1636103226660,
      "stop" : 1636103226721,
      "duration" : 61
    },
    "description" : "Setting up Excel File",
    "status" : "passed",
    "steps" : [ ],
    "attachments" : [ ],
    "parameters" : [ ],
    "stepsCount" : 0,
    "attachmentsCount" : 0,
    "shouldDisplayMessage" : false,
    "hasContent" : false
  } ],
  "testStage" : {
    "description" : "[US-444]/[1] As a user I would like to see registration error, when I don't fill first name input",
    "status" : "broken",
    "statusMessage" : "Expected condition failed: waiting for element to be clickable: [[ChromeDriver: chrome on LINUX (0cf8defa2061386b4464d7ff7174e0f8)] -> xpath: //input[@id='id_gender2']] (tried for 15 second(s) with 500 milliseconds interval)\nBuild info: version: '3.141.59', revision: 'e82be7d358', time: '2018-11-14T08:17:03'\nSystem info: host: 'travis-job-26bc89b3-8d0a-42ab-baca-6f923aa52bad', ip: '127.0.0.1', os.name: 'Linux', os.arch: 'amd64', os.version: '5.4.0-1049-gcp', java.version: '14.0.2'\nDriver info: org.openqa.selenium.chrome.ChromeDriver\nCapabilities {acceptInsecureCerts: false, browserName: chrome, browserVersion: 95.0.4638.69, chrome: {chromedriverVersion: 95.0.4638.54 (d31a821ec901f..., userDataDir: /tmp/.com.google.Chrome.cFUbwa}, goog:chromeOptions: {debuggerAddress: localhost:36717}, javascriptEnabled: true, networkConnectionEnabled: false, pageLoadStrategy: normal, platform: LINUX, platformName: LINUX, proxy: Proxy(), setWindowRect: true, strictFileInteractability: false, timeouts: {implicit: 0, pageLoad: 300000, script: 30000}, unhandledPromptBehavior: dismiss and notify, webauthn:extension:credBlob: true, webauthn:extension:largeBlob: true, webauthn:virtualAuthenticators: true}\nSession ID: 0cf8defa2061386b4464d7ff7174e0f8",
    "statusTrace" : "org.openqa.selenium.TimeoutException: Expected condition failed: waiting for element to be clickable: [[ChromeDriver: chrome on LINUX (0cf8defa2061386b4464d7ff7174e0f8)] -> xpath: //input[@id='id_gender2']] (tried for 15 second(s) with 500 milliseconds interval)\nBuild info: version: '3.141.59', revision: 'e82be7d358', time: '2018-11-14T08:17:03'\nSystem info: host: 'travis-job-26bc89b3-8d0a-42ab-baca-6f923aa52bad', ip: '127.0.0.1', os.name: 'Linux', os.arch: 'amd64', os.version: '5.4.0-1049-gcp', java.version: '14.0.2'\nDriver info: org.openqa.selenium.chrome.ChromeDriver\nCapabilities {acceptInsecureCerts: false, browserName: chrome, browserVersion: 95.0.4638.69, chrome: {chromedriverVersion: 95.0.4638.54 (d31a821ec901f..., userDataDir: /tmp/.com.google.Chrome.cFUbwa}, goog:chromeOptions: {debuggerAddress: localhost:36717}, javascriptEnabled: true, networkConnectionEnabled: false, pageLoadStrategy: normal, platform: LINUX, platformName: LINUX, proxy: Proxy(), setWindowRect: true, strictFileInteractability: false, timeouts: {implicit: 0, pageLoad: 300000, script: 30000}, unhandledPromptBehavior: dismiss and notify, webauthn:extension:credBlob: true, webauthn:extension:largeBlob: true, webauthn:virtualAuthenticators: true}\nSession ID: 0cf8defa2061386b4464d7ff7174e0f8\n\tat org.openqa.selenium.support.ui.WebDriverWait.timeoutException(WebDriverWait.java:95)\n\tat org.openqa.selenium.support.ui.FluentWait.until(FluentWait.java:272)\n\tat com.buildSettings.TestCommons.waitForElementToBeClickable(TestCommons.java:32)\n\tat com.buildSettings.TestCommons.customClick(TestCommons.java:136)\n\tat com.steps.RegistrationPageSteps.iChooseGender(RegistrationPageSteps.java:192)\n\tat tests.WebAPP.RegistrationValidators_Tests.test_1(RegistrationValidators_Tests.java:47)\n\tat java.base/jdk.internal.reflect.NativeMethodAccessorImpl.invoke0(Native Method)\n\tat java.base/jdk.internal.reflect.NativeMethodAccessorImpl.invoke(NativeMethodAccessorImpl.java:62)\n\tat java.base/jdk.internal.reflect.DelegatingMethodAccessorImpl.invoke(DelegatingMethodAccessorImpl.java:43)\n\tat java.base/java.lang.reflect.Method.invoke(Method.java:564)\n\tat org.testng.internal.MethodInvocationHelper.invokeMethod(MethodInvocationHelper.java:132)\n\tat org.testng.internal.TestInvoker.invokeMethod(TestInvoker.java:599)\n\tat org.testng.internal.TestInvoker.retryFailed(TestInvoker.java:214)\n\tat org.testng.internal.MethodRunner.runInSequence(MethodRunner.java:58)\n\tat org.testng.internal.TestInvoker$MethodInvocationAgent.invoke(TestInvoker.java:822)\n\tat org.testng.internal.TestInvoker.invokeTestMethods(TestInvoker.java:147)\n\tat org.testng.internal.TestMethodWorker.invokeTestMethods(TestMethodWorker.java:146)\n\tat org.testng.internal.TestMethodWorker.run(TestMethodWorker.java:128)\n\tat java.base/java.util.concurrent.ThreadPoolExecutor.runWorker(ThreadPoolExecutor.java:1130)\n\tat java.base/java.util.concurrent.ThreadPoolExecutor$Worker.run(ThreadPoolExecutor.java:630)\n\tat java.base/java.lang.Thread.run(Thread.java:832)\n",
    "steps" : [ {
      "name" : "I open home page",
      "time" : {
        "start" : 1636103266658,
        "stop" : 1636103271699,
        "duration" : 5041
      },
      "status" : "passed",
      "steps" : [ ],
      "attachments" : [ ],
      "parameters" : [ ],
      "stepsCount" : 0,
      "attachmentsCount" : 0,
      "shouldDisplayMessage" : false,
      "hasContent" : false
    }, {
      "name" : "I can see automationpractice.com website",
      "time" : {
        "start" : 1636103271699,
        "stop" : 1636103271709,
        "duration" : 10
      },
      "status" : "passed",
      "steps" : [ ],
      "attachments" : [ ],
      "parameters" : [ ],
      "stepsCount" : 0,
      "attachmentsCount" : 0,
      "shouldDisplayMessage" : false,
      "hasContent" : false
    }, {
      "name" : "I click on Sign in button",
      "time" : {
        "start" : 1636103271709,
        "stop" : 1636103276810,
        "duration" : 5101
      },
      "status" : "passed",
      "steps" : [ ],
      "attachments" : [ ],
      "parameters" : [ ],
      "stepsCount" : 0,
      "attachmentsCount" : 0,
      "shouldDisplayMessage" : false,
      "hasContent" : false
    }, {
      "name" : "I write an email address",
      "time" : {
        "start" : 1636103276810,
        "stop" : 1636103276987,
        "duration" : 177
      },
      "status" : "passed",
      "steps" : [ ],
      "attachments" : [ ],
      "parameters" : [ ],
      "stepsCount" : 0,
      "attachmentsCount" : 0,
      "shouldDisplayMessage" : false,
      "hasContent" : false
    }, {
      "name" : "I click on Create An Account button",
      "time" : {
        "start" : 1636103276987,
        "stop" : 1636103277080,
        "duration" : 93
      },
      "status" : "passed",
      "steps" : [ ],
      "attachments" : [ ],
      "parameters" : [ ],
      "stepsCount" : 0,
      "attachmentsCount" : 0,
      "shouldDisplayMessage" : false,
      "hasContent" : false
    }, {
      "name" : "I can see registration page form",
      "time" : {
        "start" : 1636103277080,
        "stop" : 1636103277104,
        "duration" : 24
      },
      "status" : "passed",
      "steps" : [ ],
      "attachments" : [ ],
      "parameters" : [ ],
      "stepsCount" : 0,
      "attachmentsCount" : 0,
      "shouldDisplayMessage" : false,
      "hasContent" : false
    }, {
      "name" : "I choose gender",
      "time" : {
        "start" : 1636103277104,
        "stop" : 1636103292500,
        "duration" : 15396
      },
      "status" : "broken",
      "statusMessage" : "Expected condition failed: waiting for element to be clickable: [[ChromeDriver: chrome on LINUX (0cf8defa2061386b4464d7ff7174e0f8)] -> xpath: //input[@id='id_gender2']] (tried for 15 second(s) with 500 milliseconds interval)\nBuild info: version: '3.141.59', revision: 'e82be7d358', time: '2018-11-14T08:17:03'\nSystem info: host: 'travis-job-26bc89b3-8d0a-42ab-baca-6f923aa52bad', ip: '127.0.0.1', os.name: 'Linux', os.arch: 'amd64', os.version: '5.4.0-1049-gcp', java.version: '14.0.2'\nDriver info: org.openqa.selenium.chrome.ChromeDriver\nCapabilities {acceptInsecureCerts: false, browserName: chrome, browserVersion: 95.0.4638.69, chrome: {chromedriverVersion: 95.0.4638.54 (d31a821ec901f..., userDataDir: /tmp/.com.google.Chrome.cFUbwa}, goog:chromeOptions: {debuggerAddress: localhost:36717}, javascriptEnabled: true, networkConnectionEnabled: false, pageLoadStrategy: normal, platform: LINUX, platformName: LINUX, proxy: Proxy(), setWindowRect: true, strictFileInteractability: false, timeouts: {implicit: 0, pageLoad: 300000, script: 30000}, unhandledPromptBehavior: dismiss and notify, webauthn:extension:credBlob: true, webauthn:extension:largeBlob: true, webauthn:virtualAuthenticators: true}\nSession ID: 0cf8defa2061386b4464d7ff7174e0f8",
      "statusTrace" : "org.openqa.selenium.TimeoutException: Expected condition failed: waiting for element to be clickable: [[ChromeDriver: chrome on LINUX (0cf8defa2061386b4464d7ff7174e0f8)] -> xpath: //input[@id='id_gender2']] (tried for 15 second(s) with 500 milliseconds interval)\nBuild info: version: '3.141.59', revision: 'e82be7d358', time: '2018-11-14T08:17:03'\nSystem info: host: 'travis-job-26bc89b3-8d0a-42ab-baca-6f923aa52bad', ip: '127.0.0.1', os.name: 'Linux', os.arch: 'amd64', os.version: '5.4.0-1049-gcp', java.version: '14.0.2'\nDriver info: org.openqa.selenium.chrome.ChromeDriver\nCapabilities {acceptInsecureCerts: false, browserName: chrome, browserVersion: 95.0.4638.69, chrome: {chromedriverVersion: 95.0.4638.54 (d31a821ec901f..., userDataDir: /tmp/.com.google.Chrome.cFUbwa}, goog:chromeOptions: {debuggerAddress: localhost:36717}, javascriptEnabled: true, networkConnectionEnabled: false, pageLoadStrategy: normal, platform: LINUX, platformName: LINUX, proxy: Proxy(), setWindowRect: true, strictFileInteractability: false, timeouts: {implicit: 0, pageLoad: 300000, script: 30000}, unhandledPromptBehavior: dismiss and notify, webauthn:extension:credBlob: true, webauthn:extension:largeBlob: true, webauthn:virtualAuthenticators: true}\nSession ID: 0cf8defa2061386b4464d7ff7174e0f8\n\tat org.openqa.selenium.support.ui.WebDriverWait.timeoutException(WebDriverWait.java:95)\n\tat org.openqa.selenium.support.ui.FluentWait.until(FluentWait.java:272)\n\tat com.buildSettings.TestCommons.waitForElementToBeClickable(TestCommons.java:32)\n\tat com.buildSettings.TestCommons.customClick(TestCommons.java:136)\n\tat com.steps.RegistrationPageSteps.iChooseGender(RegistrationPageSteps.java:192)\n\tat tests.WebAPP.RegistrationValidators_Tests.test_1(RegistrationValidators_Tests.java:47)\n\tat java.base/jdk.internal.reflect.NativeMethodAccessorImpl.invoke0(Native Method)\n\tat java.base/jdk.internal.reflect.NativeMethodAccessorImpl.invoke(NativeMethodAccessorImpl.java:62)\n\tat java.base/jdk.internal.reflect.DelegatingMethodAccessorImpl.invoke(DelegatingMethodAccessorImpl.java:43)\n\tat java.base/java.lang.reflect.Method.invoke(Method.java:564)\n\tat org.testng.internal.MethodInvocationHelper.invokeMethod(MethodInvocationHelper.java:132)\n\tat org.testng.internal.TestInvoker.invokeMethod(TestInvoker.java:599)\n\tat org.testng.internal.TestInvoker.retryFailed(TestInvoker.java:214)\n\tat org.testng.internal.MethodRunner.runInSequence(MethodRunner.java:58)\n\tat org.testng.internal.TestInvoker$MethodInvocationAgent.invoke(TestInvoker.java:822)\n\tat org.testng.internal.TestInvoker.invokeTestMethods(TestInvoker.java:147)\n\tat org.testng.internal.TestMethodWorker.invokeTestMethods(TestMethodWorker.java:146)\n\tat org.testng.internal.TestMethodWorker.run(TestMethodWorker.java:128)\n\tat java.base/java.util.concurrent.ThreadPoolExecutor.runWorker(ThreadPoolExecutor.java:1130)\n\tat java.base/java.util.concurrent.ThreadPoolExecutor$Worker.run(ThreadPoolExecutor.java:630)\n\tat java.base/java.lang.Thread.run(Thread.java:832)\n",
      "steps" : [ ],
      "attachments" : [ ],
      "parameters" : [ ],
      "stepsCount" : 0,
      "attachmentsCount" : 0,
      "shouldDisplayMessage" : true,
      "hasContent" : true
    } ],
    "attachments" : [ {
      "uid" : "26681f311bba022e",
      "name" : "Scenario FAIL screenshot",
      "source" : "26681f311bba022e.png",
      "type" : "image/png",
      "size" : 84648
    }, {
      "uid" : "bea656f36f63066b",
      "name" : "TestNG test FAIL logs",
      "source" : "bea656f36f63066b.txt",
      "type" : "text/plain",
      "size" : 4826
    } ],
    "parameters" : [ ],
    "stepsCount" : 7,
    "attachmentsCount" : 2,
    "shouldDisplayMessage" : false,
    "hasContent" : true
  },
  "afterStages" : [ {
    "name" : "Teardown Test Class",
    "time" : {
      "start" : 1636103292921,
      "stop" : 1636103293001,
      "duration" : 80
    },
    "description" : "Teardown Test Class",
    "status" : "passed",
    "steps" : [ ],
    "attachments" : [ ],
    "parameters" : [ ],
    "stepsCount" : 0,
    "attachmentsCount" : 0,
    "shouldDisplayMessage" : false,
    "hasContent" : false
  }, {
    "name" : "Teardown Test Suite",
    "time" : {
      "start" : 1636103523089,
      "stop" : 1636103524027,
      "duration" : 938
    },
    "description" : "Teardown Test Suite",
    "status" : "passed",
    "steps" : [ ],
    "attachments" : [ ],
    "parameters" : [ ],
    "stepsCount" : 0,
    "attachmentsCount" : 0,
    "shouldDisplayMessage" : false,
    "hasContent" : false
  } ],
  "labels" : [ {
    "name" : "package",
    "value" : "tests.WebAPP.RegistrationValidators_Tests"
  }, {
    "name" : "testClass",
    "value" : "tests.WebAPP.RegistrationValidators_Tests"
  }, {
    "name" : "testMethod",
    "value" : "test_1"
  }, {
    "name" : "parentSuite",
    "value" : "Automationpractice.com WEB - Kamil Nowocin"
  }, {
    "name" : "suite",
    "value" : "Automated tests for WEB client"
  }, {
    "name" : "subSuite",
    "value" : "tests.WebAPP.RegistrationValidators_Tests"
  }, {
    "name" : "host",
    "value" : "travis-job-26bc89b3-8d0a-42ab-baca-6f923aa52bad"
  }, {
    "name" : "thread",
    "value" : "5021@travis-job-26bc89b3-8d0a-42ab-baca-6f923aa52bad.TestNG-test=Automated tests for WEB client-1(23)"
  }, {
    "name" : "framework",
    "value" : "testng"
  }, {
    "name" : "language",
    "value" : "java"
  }, {
    "name" : "owner",
    "value" : "Kamil Nowocin"
  }, {
    "name" : "story",
    "value" : "NEGATIVE FLOW"
  }, {
    "name" : "epic",
    "value" : "Web App Tests"
  }, {
    "name" : "feature",
    "value" : "REGISTRATION VALIDATORS TESTS"
  }, {
    "name" : "severity",
    "value" : "normal"
  }, {
    "name" : "resultFormat",
    "value" : "allure2"
  } ],
  "parameters" : [ ],
  "links" : [ {
    "name" : "TAP-0020",
    "url" : "https://tracker.FAKE.com/jira/browse/AUTOMATION_PRACTICE/issue/TAP-0020",
    "type" : "issue"
  }, {
    "name" : "STORY-444",
    "url" : "https://tracker.FAKE.com/jira/browse/AUTOMATION_PRACTICE/STORY-444",
    "type" : "tms"
  } ],
  "hidden" : false,
  "retry" : false,
  "extra" : {
    "severity" : "normal",
    "owner" : "Kamil Nowocin",
    "retries" : [ {
      "uid" : "f904654069ceec22",
      "status" : "skipped",
      "statusDetails" : "Expected condition failed: waiting for element to be clickable: [[ChromeDriver: chrome on LINUX (cde4e7d89b21e0af9c6b6665a8c8b84e)] -> xpath: //input[@id='id_gender2']] (tried for 15 second(s) with 500 milliseconds interval)\nBuild info: version: '3.141.59', revision: 'e82be7d358', time: '2018-11-14T08:17:03'\nSystem info: host: 'travis-job-26bc89b3-8d0a-42ab-baca-6f923aa52bad', ip: '127.0.0.1', os.name: 'Linux', os.arch: 'amd64', os.version: '5.4.0-1049-gcp', java.version: '14.0.2'\nDriver info: org.openqa.selenium.chrome.ChromeDriver\nCapabilities {acceptInsecureCerts: false, browserName: chrome, browserVersion: 95.0.4638.69, chrome: {chromedriverVersion: 95.0.4638.54 (d31a821ec901f..., userDataDir: /tmp/.com.google.Chrome.R6xLBD}, goog:chromeOptions: {debuggerAddress: localhost:44077}, javascriptEnabled: true, networkConnectionEnabled: false, pageLoadStrategy: normal, platform: LINUX, platformName: LINUX, proxy: Proxy(), setWindowRect: true, strictFileInteractability: false, timeouts: {implicit: 0, pageLoad: 300000, script: 30000}, unhandledPromptBehavior: dismiss and notify, webauthn:extension:credBlob: true, webauthn:extension:largeBlob: true, webauthn:virtualAuthenticators: true}\nSession ID: cde4e7d89b21e0af9c6b6665a8c8b84e",
      "time" : {
        "start" : 1636103231211,
        "stop" : 1636103259707,
        "duration" : 28496
      }
    } ],
    "categories" : [ {
      "name" : "Test defects",
      "matchedStatuses" : [ ],
      "flaky" : false
    } ],
    "history" : {
      "statistic" : {
        "failed" : 7,
        "broken" : 10,
        "skipped" : 15,
        "passed" : 346,
        "unknown" : 0,
        "total" : 378
      },
      "items" : [ {
        "uid" : "5615823a57f72aa0",
        "reportUrl" : "https://app.travis-ci.com/kamil-nowocin/Test_Automation-automationpractice/builds/240824907/#testresult/5615823a57f72aa0",
        "status" : "broken",
        "statusDetails" : "Expected condition failed: waiting for element to be clickable: [[ChromeDriver: chrome on LINUX (f9e7a02ce46fb0f37de696c9828cea62)] -> xpath: //input[@id='id_gender1']] (tried for 15 second(s) with 500 milliseconds interval)\nBuild info: version: '3.141.59', revision: 'e82be7d358', time: '2018-11-14T08:17:03'\nSystem info: host: 'travis-job-1d0b1720-871e-40c7-bcef-8010340ba1db', ip: '127.0.0.1', os.name: 'Linux', os.arch: 'amd64', os.version: '5.4.0-1049-gcp', java.version: '14.0.2'\nDriver info: org.openqa.selenium.chrome.ChromeDriver\nCapabilities {acceptInsecureCerts: false, browserName: chrome, browserVersion: 95.0.4638.69, chrome: {chromedriverVersion: 95.0.4638.54 (d31a821ec901f..., userDataDir: /tmp/.com.google.Chrome.EE2W6R}, goog:chromeOptions: {debuggerAddress: localhost:35029}, javascriptEnabled: true, networkConnectionEnabled: false, pageLoadStrategy: normal, platform: LINUX, platformName: LINUX, proxy: Proxy(), setWindowRect: true, strictFileInteractability: false, timeouts: {implicit: 0, pageLoad: 300000, script: 30000}, unhandledPromptBehavior: dismiss and notify, webauthn:extension:credBlob: true, webauthn:extension:largeBlob: true, webauthn:virtualAuthenticators: true}\nSession ID: f9e7a02ce46fb0f37de696c9828cea62",
        "time" : {
          "start" : 1635498442886,
          "stop" : 1635498494396,
          "duration" : 51510
        }
      }, {
        "uid" : "c2638653e4aadb81",
        "reportUrl" : "https://app.travis-ci.com/kamil-nowocin/Test_Automation-automationpractice/builds/240377387/#testresult/c2638653e4aadb81",
        "status" : "broken",
        "statusDetails" : "Expected condition failed: waiting for element to be clickable: [[ChromeDriver: chrome on LINUX (89aa10d29767bc353c1858ba3b0d9fd1)] -> xpath: //input[@id='id_gender1']] (tried for 15 second(s) with 500 milliseconds interval)\nBuild info: version: '3.141.59', revision: 'e82be7d358', time: '2018-11-14T08:17:03'\nSystem info: host: 'travis-job-fc218f3e-5d23-42e7-822a-f964ad9a1d45', ip: '127.0.0.1', os.name: 'Linux', os.arch: 'amd64', os.version: '5.4.0-1049-gcp', java.version: '14.0.2'\nDriver info: org.openqa.selenium.chrome.ChromeDriver\nCapabilities {acceptInsecureCerts: false, browserName: chrome, browserVersion: 95.0.4638.54, chrome: {chromedriverVersion: 95.0.4638.17 (a9d0719444d4b..., userDataDir: /tmp/.com.google.Chrome.NhKLu7}, goog:chromeOptions: {debuggerAddress: localhost:40449}, javascriptEnabled: true, networkConnectionEnabled: false, pageLoadStrategy: normal, platform: LINUX, platformName: LINUX, proxy: Proxy(), setWindowRect: true, strictFileInteractability: false, timeouts: {implicit: 0, pageLoad: 300000, script: 30000}, unhandledPromptBehavior: dismiss and notify, webauthn:extension:credBlob: true, webauthn:extension:largeBlob: true, webauthn:virtualAuthenticators: true}\nSession ID: 89aa10d29767bc353c1858ba3b0d9fd1",
        "time" : {
          "start" : 1634893635680,
          "stop" : 1634893667892,
          "duration" : 32212
        }
      }, {
        "uid" : "7c289340000119af",
        "reportUrl" : "https://app.travis-ci.com/kamil-nowocin/Test_Automation-automationpractice/builds/239895805/#testresult/7c289340000119af",
        "status" : "passed",
        "time" : {
          "start" : 1634288767802,
          "stop" : 1634288818428,
          "duration" : 50626
        }
      }, {
        "uid" : "663fa514a9fe1a65",
        "reportUrl" : "https://app.travis-ci.com/kamil-nowocin/Test_Automation-automationpractice/builds/239408969/#testresult/663fa514a9fe1a65",
        "status" : "passed",
        "time" : {
          "start" : 1633683901797,
          "stop" : 1633683927590,
          "duration" : 25793
        }
      }, {
        "uid" : "4534c6bd4b1a7a20",
        "reportUrl" : "https://app.travis-ci.com/kamil-nowocin/Test_Automation-automationpractice/builds/238906135/#testresult/4534c6bd4b1a7a20",
        "status" : "passed",
        "time" : {
          "start" : 1633079115779,
          "stop" : 1633079177229,
          "duration" : 61450
        }
      }, {
        "uid" : "5ed23d3b0e03661b",
        "reportUrl" : "https://app.travis-ci.com/kamil-nowocin/Test_Automation-automationpractice/builds/238410707/#testresult/5ed23d3b0e03661b",
        "status" : "passed",
        "time" : {
          "start" : 1632474263974,
          "stop" : 1632474321452,
          "duration" : 57478
        }
      }, {
        "uid" : "ce557438ba6de978",
        "reportUrl" : "https://app.travis-ci.com/kamil-nowocin/Test_Automation-automationpractice/builds/237891579/#testresult/ce557438ba6de978",
        "status" : "passed",
        "time" : {
          "start" : 1631869453347,
          "stop" : 1631869484501,
          "duration" : 31154
        }
      }, {
        "uid" : "24bbc92b41c9ddfd",
        "reportUrl" : "https://app.travis-ci.com/kamil-nowocin/Test_Automation-automationpractice/builds/237361813/#testresult/24bbc92b41c9ddfd",
        "status" : "passed",
        "time" : {
          "start" : 1631264641312,
          "stop" : 1631264670117,
          "duration" : 28805
        }
      }, {
        "uid" : "17942c22bd273548",
        "reportUrl" : "https://app.travis-ci.com/kamil-nowocin/Test_Automation-automationpractice/builds/236877523/#testresult/17942c22bd273548",
        "status" : "passed",
        "time" : {
          "start" : 1630659819169,
          "stop" : 1630659850862,
          "duration" : 31693
        }
      }, {
        "uid" : "4ec95910bcfa82c4",
        "reportUrl" : "https://app.travis-ci.com/kamil-nowocin/Test_Automation-automationpractice/builds/235844149/#testresult/4ec95910bcfa82c4",
        "status" : "passed",
        "time" : {
          "start" : 1629450130032,
          "stop" : 1629450155013,
          "duration" : 24981
        }
      }, {
        "uid" : "7668619badc01daf",
        "reportUrl" : "https://app.travis-ci.com/kamil-nowocin/Test_Automation-automationpractice/builds/235264230/#testresult/7668619badc01daf",
        "status" : "passed",
        "time" : {
          "start" : 1628845322724,
          "stop" : 1628845369330,
          "duration" : 46606
        }
      }, {
        "uid" : "2f6c50513ef53a8d",
        "reportUrl" : "https://app.travis-ci.com/kamil-nowocin/Test_Automation-automationpractice/builds/234678055/#testresult/2f6c50513ef53a8d",
        "status" : "passed",
        "time" : {
          "start" : 1628240481377,
          "stop" : 1628240539092,
          "duration" : 57715
        }
      }, {
        "uid" : "c7d59663643bcc26",
        "reportUrl" : "https://app.travis-ci.com/kamil-nowocin/Test_Automation-automationpractice/builds/234076887/#testresult/c7d59663643bcc26",
        "status" : "passed",
        "time" : {
          "start" : 1627635639985,
          "stop" : 1627635668470,
          "duration" : 28485
        }
      }, {
        "uid" : "f5d880453733442b",
        "reportUrl" : "https://app.travis-ci.com/kamil-nowocin/Test_Automation-automationpractice/builds/233498285/#testresult/f5d880453733442b",
        "status" : "passed",
        "time" : {
          "start" : 1627030803989,
          "stop" : 1627030830798,
          "duration" : 26809
        }
      }, {
        "uid" : "a84d536f1ed0d82b",
        "reportUrl" : "https://app.travis-ci.com/kamil-nowocin/Test_Automation-automationpractice/builds/232925473/#testresult/a84d536f1ed0d82b",
        "status" : "failed",
        "statusDetails" : "Ups, something went really bad! Even Michael Scofield couldn't have predicted that error! :) expected [http://automationpractice.com/index.php] but found [http://automationpractice.com/]",
        "time" : {
          "start" : 1626425998374,
          "stop" : 1626425999435,
          "duration" : 1061
        }
      }, {
        "uid" : "ce3dc427d3473b21",
        "reportUrl" : "https://app.travis-ci.com/kamil-nowocin/Test_Automation-automationpractice/builds/232263792/#testresult/ce3dc427d3473b21",
        "status" : "failed",
        "statusDetails" : "Ups, something went really bad! Even Michael Scofield couldn't have predicted that error! :) expected [http://automationpractice.com/index.php] but found [http://automationpractice.com/]",
        "time" : {
          "start" : 1625821191065,
          "stop" : 1625821196092,
          "duration" : 5027
        }
      }, {
        "uid" : "c8a726bcb1914097",
        "reportUrl" : "https://app.travis-ci.com/kamil-nowocin/Test_Automation-automationpractice/builds/231604571/#testresult/c8a726bcb1914097",
        "status" : "passed",
        "time" : {
          "start" : 1625216358868,
          "stop" : 1625216394222,
          "duration" : 35354
        }
      }, {
        "uid" : "d753b4b6f4283b2e",
        "reportUrl" : "https://travis-ci.com/kamil-nowocin/Test_Automation-automationpractice/builds/230838061/#testresult/d753b4b6f4283b2e",
        "status" : "broken",
        "statusDetails" : "Expected condition failed: waiting for visibility of Proxy element for: DefaultElementLocator 'By.xpath: //input[@id='email_create']' (tried for 15 second(s) with 500 milliseconds interval)",
        "time" : {
          "start" : 1624611530979,
          "stop" : 1624611572280,
          "duration" : 41301
        }
      }, {
        "uid" : "2d1944a81a68ddc4",
        "reportUrl" : "https://travis-ci.com/kamil-nowocin/Test_Automation-automationpractice/builds/229856441/#testresult/2d1944a81a68ddc4",
        "status" : "passed",
        "time" : {
          "start" : 1624006661547,
          "stop" : 1624006727674,
          "duration" : 66127
        }
      }, {
        "uid" : "c06a46f61a85998c",
        "reportUrl" : "https://travis-ci.com/kamil-nowocin/Test_Automation-automationpractice/builds/228691879/#testresult/c06a46f61a85998c",
        "status" : "passed",
        "time" : {
          "start" : 1623401851243,
          "stop" : 1623401885982,
          "duration" : 34739
        }
      } ]
    },
    "tags" : [ ]
  },
  "source" : "7df7d0afc3930744.json",
  "parameterValues" : [ ]
}