{
  "uid" : "806902ae03d7bf21",
  "name" : "[US-555]/[8] I would like to use search box and be able to see results sorted by: \"Price: Lowest first\"",
  "fullName" : "tests.WebAPP.SearchBox_Tests.test_8",
  "historyId" : "4197e701ef12f09f24b37ff8c8b337d0",
  "time" : {
    "start" : 1602435422163,
    "stop" : 1602435441434,
    "duration" : 19271
  },
  "description" : "[US-555]/[8] As a user I would like to use search box and be able to see results sorted by: \"Price: Lowest first\"",
  "descriptionHtml" : "<p>[US-555]/[8] As a user I would like to use search box and be able to see results sorted by: &quot;Price: Lowest first&quot;</p>\n",
  "status" : "skipped",
  "statusMessage" : "Results which have been found didn't match expected sorting result PRICE: LOWEST FIRST: Lists differ at element [2]: $28.98 != $30.50 expected [$28.98] but found [$30.50]",
  "statusTrace" : "java.lang.AssertionError: Results which have been found didn't match expected sorting result PRICE: LOWEST FIRST: Lists differ at element [2]: $28.98 != $30.50 expected [$28.98] but found [$30.50]\n\tat org.testng.Assert.fail(Assert.java:99)\n\tat org.testng.Assert.failNotEquals(Assert.java:1037)\n\tat org.testng.Assert.assertEqualsImpl(Assert.java:140)\n\tat org.testng.Assert.assertEquals(Assert.java:1103)\n\tat com.steps.SearchPageSteps.iCanSeeThatResultsAreCorrectlySortedBy(SearchPageSteps.java:128)\n\tat tests.WebAPP.SearchBox_Tests.test_8(SearchBox_Tests.java:246)\n\tat java.base/jdk.internal.reflect.NativeMethodAccessorImpl.invoke0(Native Method)\n\tat java.base/jdk.internal.reflect.NativeMethodAccessorImpl.invoke(NativeMethodAccessorImpl.java:62)\n\tat java.base/jdk.internal.reflect.DelegatingMethodAccessorImpl.invoke(DelegatingMethodAccessorImpl.java:43)\n\tat java.base/java.lang.reflect.Method.invoke(Method.java:564)\n\tat org.testng.internal.MethodInvocationHelper.invokeMethod(MethodInvocationHelper.java:132)\n\tat org.testng.internal.TestInvoker.invokeMethod(TestInvoker.java:599)\n\tat org.testng.internal.TestInvoker.invokeTestMethod(TestInvoker.java:174)\n\tat org.testng.internal.MethodRunner.runInSequence(MethodRunner.java:46)\n\tat org.testng.internal.TestInvoker$MethodInvocationAgent.invoke(TestInvoker.java:822)\n\tat org.testng.internal.TestInvoker.invokeTestMethods(TestInvoker.java:147)\n\tat org.testng.internal.TestMethodWorker.invokeTestMethods(TestMethodWorker.java:146)\n\tat org.testng.internal.TestMethodWorker.run(TestMethodWorker.java:128)\n\tat java.base/java.util.concurrent.ThreadPoolExecutor.runWorker(ThreadPoolExecutor.java:1130)\n\tat java.base/java.util.concurrent.ThreadPoolExecutor$Worker.run(ThreadPoolExecutor.java:630)\n\tat java.base/java.lang.Thread.run(Thread.java:832)\n",
  "flaky" : false,
  "newFailed" : false,
  "beforeStages" : [ {
    "name" : "Setting up Test Class",
    "time" : {
      "start" : 1602435419233,
      "stop" : 1602435422149,
      "duration" : 2916
    },
    "description" : "Setting up Test Class",
    "status" : "passed",
    "steps" : [ ],
    "attachments" : [ ],
    "parameters" : [ ],
    "stepsCount" : 0,
    "attachmentsCount" : 0,
    "shouldDisplayMessage" : false,
    "hasContent" : false
  }, {
    "name" : "Setting up Excel File",
    "time" : {
      "start" : 1602435225178,
      "stop" : 1602435225292,
      "duration" : 114
    },
    "description" : "Setting up Excel File",
    "status" : "passed",
    "steps" : [ ],
    "attachments" : [ ],
    "parameters" : [ ],
    "stepsCount" : 0,
    "attachmentsCount" : 0,
    "shouldDisplayMessage" : false,
    "hasContent" : false
  } ],
  "testStage" : {
    "description" : "[US-555]/[8] As a user I would like to use search box and be able to see results sorted by: \"Price: Lowest first\"",
    "status" : "skipped",
    "statusMessage" : "Results which have been found didn't match expected sorting result PRICE: LOWEST FIRST: Lists differ at element [2]: $28.98 != $30.50 expected [$28.98] but found [$30.50]",
    "statusTrace" : "java.lang.AssertionError: Results which have been found didn't match expected sorting result PRICE: LOWEST FIRST: Lists differ at element [2]: $28.98 != $30.50 expected [$28.98] but found [$30.50]\n\tat org.testng.Assert.fail(Assert.java:99)\n\tat org.testng.Assert.failNotEquals(Assert.java:1037)\n\tat org.testng.Assert.assertEqualsImpl(Assert.java:140)\n\tat org.testng.Assert.assertEquals(Assert.java:1103)\n\tat com.steps.SearchPageSteps.iCanSeeThatResultsAreCorrectlySortedBy(SearchPageSteps.java:128)\n\tat tests.WebAPP.SearchBox_Tests.test_8(SearchBox_Tests.java:246)\n\tat java.base/jdk.internal.reflect.NativeMethodAccessorImpl.invoke0(Native Method)\n\tat java.base/jdk.internal.reflect.NativeMethodAccessorImpl.invoke(NativeMethodAccessorImpl.java:62)\n\tat java.base/jdk.internal.reflect.DelegatingMethodAccessorImpl.invoke(DelegatingMethodAccessorImpl.java:43)\n\tat java.base/java.lang.reflect.Method.invoke(Method.java:564)\n\tat org.testng.internal.MethodInvocationHelper.invokeMethod(MethodInvocationHelper.java:132)\n\tat org.testng.internal.TestInvoker.invokeMethod(TestInvoker.java:599)\n\tat org.testng.internal.TestInvoker.invokeTestMethod(TestInvoker.java:174)\n\tat org.testng.internal.MethodRunner.runInSequence(MethodRunner.java:46)\n\tat org.testng.internal.TestInvoker$MethodInvocationAgent.invoke(TestInvoker.java:822)\n\tat org.testng.internal.TestInvoker.invokeTestMethods(TestInvoker.java:147)\n\tat org.testng.internal.TestMethodWorker.invokeTestMethods(TestMethodWorker.java:146)\n\tat org.testng.internal.TestMethodWorker.run(TestMethodWorker.java:128)\n\tat java.base/java.util.concurrent.ThreadPoolExecutor.runWorker(ThreadPoolExecutor.java:1130)\n\tat java.base/java.util.concurrent.ThreadPoolExecutor$Worker.run(ThreadPoolExecutor.java:630)\n\tat java.base/java.lang.Thread.run(Thread.java:832)\n",
    "steps" : [ {
      "name" : "I open home page",
      "time" : {
        "start" : 1602435427655,
        "stop" : 1602435430295,
        "duration" : 2640
      },
      "status" : "passed",
      "steps" : [ ],
      "attachments" : [ ],
      "parameters" : [ ],
      "stepsCount" : 0,
      "attachmentsCount" : 0,
      "shouldDisplayMessage" : false,
      "hasContent" : false
    }, {
      "name" : "I can see automationpractice.com website",
      "time" : {
        "start" : 1602435430295,
        "stop" : 1602435430307,
        "duration" : 12
      },
      "status" : "passed",
      "steps" : [ ],
      "attachments" : [ ],
      "parameters" : [ ],
      "stepsCount" : 0,
      "attachmentsCount" : 0,
      "shouldDisplayMessage" : false,
      "hasContent" : false
    }, {
      "name" : "I search for phrase *Printed Dress*",
      "time" : {
        "start" : 1602435430308,
        "stop" : 1602435431412,
        "duration" : 1104
      },
      "status" : "passed",
      "steps" : [ ],
      "attachments" : [ ],
      "parameters" : [ {
        "name" : "searchPhrase",
        "value" : "Printed Dress"
      } ],
      "stepsCount" : 0,
      "attachmentsCount" : 0,
      "shouldDisplayMessage" : false,
      "hasContent" : true
    }, {
      "name" : "I click on search icon",
      "time" : {
        "start" : 1602435431413,
        "stop" : 1602435435548,
        "duration" : 4135
      },
      "status" : "passed",
      "steps" : [ ],
      "attachments" : [ ],
      "parameters" : [ ],
      "stepsCount" : 0,
      "attachmentsCount" : 0,
      "shouldDisplayMessage" : false,
      "hasContent" : false
    }, {
      "name" : "I can see numbers of results equals to *5*",
      "time" : {
        "start" : 1602435435549,
        "stop" : 1602435435825,
        "duration" : 276
      },
      "status" : "passed",
      "steps" : [ ],
      "attachments" : [ ],
      "parameters" : [ {
        "name" : "expectedCountOfResults",
        "value" : "5"
      } ],
      "stepsCount" : 0,
      "attachmentsCount" : 0,
      "shouldDisplayMessage" : false,
      "hasContent" : true
    }, {
      "name" : "I can see that every results which have been found contains phrase *Printed Dress*",
      "time" : {
        "start" : 1602435435825,
        "stop" : 1602435436637,
        "duration" : 812
      },
      "status" : "passed",
      "steps" : [ ],
      "attachments" : [ ],
      "parameters" : [ {
        "name" : "searchPhrase",
        "value" : "Printed Dress"
      } ],
      "stepsCount" : 0,
      "attachmentsCount" : 0,
      "shouldDisplayMessage" : false,
      "hasContent" : true
    }, {
      "name" : "I select from Dropdown Sort by *Price: Lowest first*",
      "time" : {
        "start" : 1602435436637,
        "stop" : 1602435441168,
        "duration" : 4531
      },
      "status" : "passed",
      "steps" : [ ],
      "attachments" : [ ],
      "parameters" : [ {
        "name" : "sortBy",
        "value" : "Price: Lowest first"
      } ],
      "stepsCount" : 0,
      "attachmentsCount" : 0,
      "shouldDisplayMessage" : false,
      "hasContent" : true
    }, {
      "name" : "I can see that results are correctly sorted by *Price: Lowest first*",
      "time" : {
        "start" : 1602435441168,
        "stop" : 1602435441434,
        "duration" : 266
      },
      "status" : "failed",
      "statusMessage" : "Results which have been found didn't match expected sorting result PRICE: LOWEST FIRST: Lists differ at element [2]: $28.98 != $30.50 expected [$28.98] but found [$30.50]",
      "statusTrace" : "java.lang.AssertionError: Results which have been found didn't match expected sorting result PRICE: LOWEST FIRST: Lists differ at element [2]: $28.98 != $30.50 expected [$28.98] but found [$30.50]\n\tat org.testng.Assert.fail(Assert.java:99)\n\tat org.testng.Assert.failNotEquals(Assert.java:1037)\n\tat org.testng.Assert.assertEqualsImpl(Assert.java:140)\n\tat org.testng.Assert.assertEquals(Assert.java:1103)\n\tat com.steps.SearchPageSteps.iCanSeeThatResultsAreCorrectlySortedBy(SearchPageSteps.java:128)\n\tat tests.WebAPP.SearchBox_Tests.test_8(SearchBox_Tests.java:246)\n\tat java.base/jdk.internal.reflect.NativeMethodAccessorImpl.invoke0(Native Method)\n\tat java.base/jdk.internal.reflect.NativeMethodAccessorImpl.invoke(NativeMethodAccessorImpl.java:62)\n\tat java.base/jdk.internal.reflect.DelegatingMethodAccessorImpl.invoke(DelegatingMethodAccessorImpl.java:43)\n\tat java.base/java.lang.reflect.Method.invoke(Method.java:564)\n\tat org.testng.internal.MethodInvocationHelper.invokeMethod(MethodInvocationHelper.java:132)\n\tat org.testng.internal.TestInvoker.invokeMethod(TestInvoker.java:599)\n\tat org.testng.internal.TestInvoker.invokeTestMethod(TestInvoker.java:174)\n\tat org.testng.internal.MethodRunner.runInSequence(MethodRunner.java:46)\n\tat org.testng.internal.TestInvoker$MethodInvocationAgent.invoke(TestInvoker.java:822)\n\tat org.testng.internal.TestInvoker.invokeTestMethods(TestInvoker.java:147)\n\tat org.testng.internal.TestMethodWorker.invokeTestMethods(TestMethodWorker.java:146)\n\tat org.testng.internal.TestMethodWorker.run(TestMethodWorker.java:128)\n\tat java.base/java.util.concurrent.ThreadPoolExecutor.runWorker(ThreadPoolExecutor.java:1130)\n\tat java.base/java.util.concurrent.ThreadPoolExecutor$Worker.run(ThreadPoolExecutor.java:630)\n\tat java.base/java.lang.Thread.run(Thread.java:832)\n",
      "steps" : [ ],
      "attachments" : [ ],
      "parameters" : [ {
        "name" : "sortedBy",
        "value" : "Price: Lowest first"
      } ],
      "stepsCount" : 0,
      "attachmentsCount" : 0,
      "shouldDisplayMessage" : true,
      "hasContent" : true
    } ],
    "attachments" : [ ],
    "parameters" : [ ],
    "stepsCount" : 8,
    "attachmentsCount" : 0,
    "shouldDisplayMessage" : false,
    "hasContent" : true
  },
  "afterStages" : [ {
    "name" : "Teardown Test Class",
    "time" : {
      "start" : 1602435441441,
      "stop" : 1602435441499,
      "duration" : 58
    },
    "description" : "Teardown Test Class",
    "status" : "passed",
    "steps" : [ ],
    "attachments" : [ ],
    "parameters" : [ ],
    "stepsCount" : 0,
    "attachmentsCount" : 0,
    "shouldDisplayMessage" : false,
    "hasContent" : false
  }, {
    "name" : "Teardown Test Suite",
    "time" : {
      "start" : 1602435558824,
      "stop" : 1602435559721,
      "duration" : 897
    },
    "description" : "Teardown Test Suite",
    "status" : "passed",
    "steps" : [ ],
    "attachments" : [ ],
    "parameters" : [ ],
    "stepsCount" : 0,
    "attachmentsCount" : 0,
    "shouldDisplayMessage" : false,
    "hasContent" : false
  } ],
  "labels" : [ {
    "name" : "package",
    "value" : "tests.WebAPP.SearchBox_Tests"
  }, {
    "name" : "testClass",
    "value" : "tests.WebAPP.SearchBox_Tests"
  }, {
    "name" : "testMethod",
    "value" : "test_8"
  }, {
    "name" : "parentSuite",
    "value" : "Automationpractice.com WEB - Kamil Nowocin"
  }, {
    "name" : "suite",
    "value" : "Automated tests for WEB client"
  }, {
    "name" : "subSuite",
    "value" : "tests.WebAPP.SearchBox_Tests"
  }, {
    "name" : "host",
    "value" : "travis-job-d6ed1279-49da-4cf9-b67d-368fc825110a"
  }, {
    "name" : "thread",
    "value" : "6389@travis-job-d6ed1279-49da-4cf9-b67d-368fc825110a.TestNG-test=Automated tests for WEB client-3(25)"
  }, {
    "name" : "framework",
    "value" : "testng"
  }, {
    "name" : "language",
    "value" : "java"
  }, {
    "name" : "story",
    "value" : "POSITIVE FLOW"
  }, {
    "name" : "owner",
    "value" : "Kamil Nowocin"
  }, {
    "name" : "feature",
    "value" : "SEARCH BOX TESTS"
  }, {
    "name" : "epic",
    "value" : "Web App Tests"
  }, {
    "name" : "severity",
    "value" : "critical"
  }, {
    "name" : "resultFormat",
    "value" : "allure2"
  } ],
  "parameters" : [ ],
  "links" : [ {
    "name" : "STORY-555",
    "url" : "https://tracker.FAKE.com/jira/browse/AUTOMATION_PRACTICE/STORY-555",
    "type" : "tms"
  }, {
    "name" : "TAP-0038",
    "url" : "https://tracker.FAKE.com/jira/browse/AUTOMATION_PRACTICE/issue/TAP-0038",
    "type" : "issue"
  } ],
  "hidden" : true,
  "retry" : true,
  "extra" : {
    "categories" : [ ],
    "tags" : [ ]
  },
  "source" : "806902ae03d7bf21.json",
  "parameterValues" : [ ]
}