{
  "uid" : "982c7dc41ce101cf",
  "name" : "[US-222]/[3] I am able to send request via contact us form witch attached file",
  "fullName" : "tests.WebAPP.CustomerService_Tests.test_3",
  "historyId" : "4d37a2ea911af334373393aaac34b611",
  "time" : {
    "start" : 1656062777294,
    "stop" : 1656062800691,
    "duration" : 23397
  },
  "description" : "[US-222]/[3] As a user I am able to send request via contact us form witch attached file",
  "descriptionHtml" : "<p>[US-222]/[3] As a user I am able to send request via contact us form witch attached file</p>\n",
  "status" : "broken",
  "statusMessage" : "unknown error: cannot determine loading status\nfrom unknown error: unexpected command response\n  (Session info: chrome=103.0.5060.53)\nBuild info: version: '3.141.59', revision: 'e82be7d358', time: '2018-11-14T08:17:03'\nSystem info: host: 'travis-job-25887fd1-bd1f-44bc-9887-be193e8470fc', ip: '127.0.0.1', os.name: 'Linux', os.arch: 'amd64', os.version: '5.4.0-1080-gcp', java.version: '14.0.2'\nDriver info: org.openqa.selenium.chrome.ChromeDriver\nCapabilities {acceptInsecureCerts: false, browserName: chrome, browserVersion: 103.0.5060.53, chrome: {chromedriverVersion: 103.0.5060.53 (a1711811edd7..., userDataDir: /tmp/.com.google.Chrome.ATcQvf}, goog:chromeOptions: {debuggerAddress: localhost:32953}, javascriptEnabled: true, networkConnectionEnabled: false, pageLoadStrategy: normal, platform: LINUX, platformName: LINUX, proxy: Proxy(), setWindowRect: true, strictFileInteractability: false, timeouts: {implicit: 0, pageLoad: 300000, script: 30000}, unhandledPromptBehavior: dismiss and notify, webauthn:extension:credBlob: true, webauthn:extension:largeBlob: true, webauthn:virtualAuthenticators: true}\nSession ID: 39ce0d9dd4cfe937a68c3a253046fa41",
  "statusTrace" : "org.openqa.selenium.WebDriverException: unknown error: cannot determine loading status\nfrom unknown error: unexpected command response\n  (Session info: chrome=103.0.5060.53)\nBuild info: version: '3.141.59', revision: 'e82be7d358', time: '2018-11-14T08:17:03'\nSystem info: host: 'travis-job-25887fd1-bd1f-44bc-9887-be193e8470fc', ip: '127.0.0.1', os.name: 'Linux', os.arch: 'amd64', os.version: '5.4.0-1080-gcp', java.version: '14.0.2'\nDriver info: org.openqa.selenium.chrome.ChromeDriver\nCapabilities {acceptInsecureCerts: false, browserName: chrome, browserVersion: 103.0.5060.53, chrome: {chromedriverVersion: 103.0.5060.53 (a1711811edd7..., userDataDir: /tmp/.com.google.Chrome.ATcQvf}, goog:chromeOptions: {debuggerAddress: localhost:32953}, javascriptEnabled: true, networkConnectionEnabled: false, pageLoadStrategy: normal, platform: LINUX, platformName: LINUX, proxy: Proxy(), setWindowRect: true, strictFileInteractability: false, timeouts: {implicit: 0, pageLoad: 300000, script: 30000}, unhandledPromptBehavior: dismiss and notify, webauthn:extension:credBlob: true, webauthn:extension:largeBlob: true, webauthn:virtualAuthenticators: true}\nSession ID: 39ce0d9dd4cfe937a68c3a253046fa41\n\tat jdk.internal.reflect.GeneratedConstructorAccessor60.newInstance(Unknown Source)\n\tat java.base/jdk.internal.reflect.DelegatingConstructorAccessorImpl.newInstance(DelegatingConstructorAccessorImpl.java:45)\n\tat java.base/java.lang.reflect.Constructor.newInstanceWithCaller(Constructor.java:500)\n\tat java.base/java.lang.reflect.Constructor.newInstance(Constructor.java:481)\n\tat org.openqa.selenium.remote.http.W3CHttpResponseCodec.createException(W3CHttpResponseCodec.java:187)\n\tat org.openqa.selenium.remote.http.W3CHttpResponseCodec.decode(W3CHttpResponseCodec.java:122)\n\tat org.openqa.selenium.remote.http.W3CHttpResponseCodec.decode(W3CHttpResponseCodec.java:49)\n\tat org.openqa.selenium.remote.HttpCommandExecutor.execute(HttpCommandExecutor.java:158)\n\tat org.openqa.selenium.remote.service.DriverCommandExecutor.execute(DriverCommandExecutor.java:83)\n\tat org.openqa.selenium.remote.RemoteWebDriver.execute(RemoteWebDriver.java:552)\n\tat org.openqa.selenium.remote.RemoteWebDriver.get(RemoteWebDriver.java:277)\n\tat com.steps.MainPageSteps.iOpenHomePage(MainPageSteps.java:32)\n\tat tests.WebAPP.CustomerService_Tests.test_3(CustomerService_Tests.java:103)\n\tat java.base/jdk.internal.reflect.NativeMethodAccessorImpl.invoke0(Native Method)\n\tat java.base/jdk.internal.reflect.NativeMethodAccessorImpl.invoke(NativeMethodAccessorImpl.java:62)\n\tat java.base/jdk.internal.reflect.DelegatingMethodAccessorImpl.invoke(DelegatingMethodAccessorImpl.java:43)\n\tat java.base/java.lang.reflect.Method.invoke(Method.java:564)\n\tat org.testng.internal.MethodInvocationHelper.invokeMethod(MethodInvocationHelper.java:132)\n\tat org.testng.internal.TestInvoker.invokeMethod(TestInvoker.java:599)\n\tat org.testng.internal.TestInvoker.retryFailed(TestInvoker.java:214)\n\tat org.testng.internal.MethodRunner.runInSequence(MethodRunner.java:58)\n\tat org.testng.internal.TestInvoker$MethodInvocationAgent.invoke(TestInvoker.java:822)\n\tat org.testng.internal.TestInvoker.invokeTestMethods(TestInvoker.java:147)\n\tat org.testng.internal.TestMethodWorker.invokeTestMethods(TestMethodWorker.java:146)\n\tat org.testng.internal.TestMethodWorker.run(TestMethodWorker.java:128)\n\tat java.base/java.util.concurrent.ThreadPoolExecutor.runWorker(ThreadPoolExecutor.java:1130)\n\tat java.base/java.util.concurrent.ThreadPoolExecutor$Worker.run(ThreadPoolExecutor.java:630)\n\tat java.base/java.lang.Thread.run(Thread.java:832)\n",
  "flaky" : false,
  "newFailed" : false,
  "newBroken" : true,
  "newPassed" : false,
  "retriesCount" : 1,
  "retriesStatusChange" : true,
  "beforeStages" : [ {
    "name" : "Setting up Excel File",
    "time" : {
      "start" : 1656062517691,
      "stop" : 1656062517731,
      "duration" : 40
    },
    "description" : "Setting up Excel File",
    "status" : "passed",
    "steps" : [ ],
    "attachments" : [ ],
    "parameters" : [ ],
    "stepsCount" : 0,
    "attachmentsCount" : 0,
    "shouldDisplayMessage" : false,
    "hasContent" : false
  }, {
    "name" : "Setting up Test Class",
    "time" : {
      "start" : 1656062776533,
      "stop" : 1656062777292,
      "duration" : 759
    },
    "description" : "Setting up Test Class",
    "status" : "passed",
    "steps" : [ ],
    "attachments" : [ ],
    "parameters" : [ ],
    "stepsCount" : 0,
    "attachmentsCount" : 0,
    "shouldDisplayMessage" : false,
    "hasContent" : false
  } ],
  "testStage" : {
    "description" : "[US-222]/[3] As a user I am able to send request via contact us form witch attached file",
    "status" : "broken",
    "statusMessage" : "unknown error: cannot determine loading status\nfrom unknown error: unexpected command response\n  (Session info: chrome=103.0.5060.53)\nBuild info: version: '3.141.59', revision: 'e82be7d358', time: '2018-11-14T08:17:03'\nSystem info: host: 'travis-job-25887fd1-bd1f-44bc-9887-be193e8470fc', ip: '127.0.0.1', os.name: 'Linux', os.arch: 'amd64', os.version: '5.4.0-1080-gcp', java.version: '14.0.2'\nDriver info: org.openqa.selenium.chrome.ChromeDriver\nCapabilities {acceptInsecureCerts: false, browserName: chrome, browserVersion: 103.0.5060.53, chrome: {chromedriverVersion: 103.0.5060.53 (a1711811edd7..., userDataDir: /tmp/.com.google.Chrome.ATcQvf}, goog:chromeOptions: {debuggerAddress: localhost:32953}, javascriptEnabled: true, networkConnectionEnabled: false, pageLoadStrategy: normal, platform: LINUX, platformName: LINUX, proxy: Proxy(), setWindowRect: true, strictFileInteractability: false, timeouts: {implicit: 0, pageLoad: 300000, script: 30000}, unhandledPromptBehavior: dismiss and notify, webauthn:extension:credBlob: true, webauthn:extension:largeBlob: true, webauthn:virtualAuthenticators: true}\nSession ID: 39ce0d9dd4cfe937a68c3a253046fa41",
    "statusTrace" : "org.openqa.selenium.WebDriverException: unknown error: cannot determine loading status\nfrom unknown error: unexpected command response\n  (Session info: chrome=103.0.5060.53)\nBuild info: version: '3.141.59', revision: 'e82be7d358', time: '2018-11-14T08:17:03'\nSystem info: host: 'travis-job-25887fd1-bd1f-44bc-9887-be193e8470fc', ip: '127.0.0.1', os.name: 'Linux', os.arch: 'amd64', os.version: '5.4.0-1080-gcp', java.version: '14.0.2'\nDriver info: org.openqa.selenium.chrome.ChromeDriver\nCapabilities {acceptInsecureCerts: false, browserName: chrome, browserVersion: 103.0.5060.53, chrome: {chromedriverVersion: 103.0.5060.53 (a1711811edd7..., userDataDir: /tmp/.com.google.Chrome.ATcQvf}, goog:chromeOptions: {debuggerAddress: localhost:32953}, javascriptEnabled: true, networkConnectionEnabled: false, pageLoadStrategy: normal, platform: LINUX, platformName: LINUX, proxy: Proxy(), setWindowRect: true, strictFileInteractability: false, timeouts: {implicit: 0, pageLoad: 300000, script: 30000}, unhandledPromptBehavior: dismiss and notify, webauthn:extension:credBlob: true, webauthn:extension:largeBlob: true, webauthn:virtualAuthenticators: true}\nSession ID: 39ce0d9dd4cfe937a68c3a253046fa41\n\tat jdk.internal.reflect.GeneratedConstructorAccessor60.newInstance(Unknown Source)\n\tat java.base/jdk.internal.reflect.DelegatingConstructorAccessorImpl.newInstance(DelegatingConstructorAccessorImpl.java:45)\n\tat java.base/java.lang.reflect.Constructor.newInstanceWithCaller(Constructor.java:500)\n\tat java.base/java.lang.reflect.Constructor.newInstance(Constructor.java:481)\n\tat org.openqa.selenium.remote.http.W3CHttpResponseCodec.createException(W3CHttpResponseCodec.java:187)\n\tat org.openqa.selenium.remote.http.W3CHttpResponseCodec.decode(W3CHttpResponseCodec.java:122)\n\tat org.openqa.selenium.remote.http.W3CHttpResponseCodec.decode(W3CHttpResponseCodec.java:49)\n\tat org.openqa.selenium.remote.HttpCommandExecutor.execute(HttpCommandExecutor.java:158)\n\tat org.openqa.selenium.remote.service.DriverCommandExecutor.execute(DriverCommandExecutor.java:83)\n\tat org.openqa.selenium.remote.RemoteWebDriver.execute(RemoteWebDriver.java:552)\n\tat org.openqa.selenium.remote.RemoteWebDriver.get(RemoteWebDriver.java:277)\n\tat com.steps.MainPageSteps.iOpenHomePage(MainPageSteps.java:32)\n\tat tests.WebAPP.CustomerService_Tests.test_3(CustomerService_Tests.java:103)\n\tat java.base/jdk.internal.reflect.NativeMethodAccessorImpl.invoke0(Native Method)\n\tat java.base/jdk.internal.reflect.NativeMethodAccessorImpl.invoke(NativeMethodAccessorImpl.java:62)\n\tat java.base/jdk.internal.reflect.DelegatingMethodAccessorImpl.invoke(DelegatingMethodAccessorImpl.java:43)\n\tat java.base/java.lang.reflect.Method.invoke(Method.java:564)\n\tat org.testng.internal.MethodInvocationHelper.invokeMethod(MethodInvocationHelper.java:132)\n\tat org.testng.internal.TestInvoker.invokeMethod(TestInvoker.java:599)\n\tat org.testng.internal.TestInvoker.retryFailed(TestInvoker.java:214)\n\tat org.testng.internal.MethodRunner.runInSequence(MethodRunner.java:58)\n\tat org.testng.internal.TestInvoker$MethodInvocationAgent.invoke(TestInvoker.java:822)\n\tat org.testng.internal.TestInvoker.invokeTestMethods(TestInvoker.java:147)\n\tat org.testng.internal.TestMethodWorker.invokeTestMethods(TestMethodWorker.java:146)\n\tat org.testng.internal.TestMethodWorker.run(TestMethodWorker.java:128)\n\tat java.base/java.util.concurrent.ThreadPoolExecutor.runWorker(ThreadPoolExecutor.java:1130)\n\tat java.base/java.util.concurrent.ThreadPoolExecutor$Worker.run(ThreadPoolExecutor.java:630)\n\tat java.base/java.lang.Thread.run(Thread.java:832)\n",
    "steps" : [ {
      "name" : "I open home page",
      "time" : {
        "start" : 1656062792097,
        "stop" : 1656062799614,
        "duration" : 7517
      },
      "status" : "broken",
      "statusMessage" : "unknown error: cannot determine loading status\nfrom unknown error: unexpected command response\n  (Session info: chrome=103.0.5060.53)\nBuild info: version: '3.141.59', revision: 'e82be7d358', time: '2018-11-14T08:17:03'\nSystem info: host: 'travis-job-25887fd1-bd1f-44bc-9887-be193e8470fc', ip: '127.0.0.1', os.name: 'Linux', os.arch: 'amd64', os.version: '5.4.0-1080-gcp', java.version: '14.0.2'\nDriver info: org.openqa.selenium.chrome.ChromeDriver\nCapabilities {acceptInsecureCerts: false, browserName: chrome, browserVersion: 103.0.5060.53, chrome: {chromedriverVersion: 103.0.5060.53 (a1711811edd7..., userDataDir: /tmp/.com.google.Chrome.ATcQvf}, goog:chromeOptions: {debuggerAddress: localhost:32953}, javascriptEnabled: true, networkConnectionEnabled: false, pageLoadStrategy: normal, platform: LINUX, platformName: LINUX, proxy: Proxy(), setWindowRect: true, strictFileInteractability: false, timeouts: {implicit: 0, pageLoad: 300000, script: 30000}, unhandledPromptBehavior: dismiss and notify, webauthn:extension:credBlob: true, webauthn:extension:largeBlob: true, webauthn:virtualAuthenticators: true}\nSession ID: 39ce0d9dd4cfe937a68c3a253046fa41",
      "statusTrace" : "org.openqa.selenium.WebDriverException: unknown error: cannot determine loading status\nfrom unknown error: unexpected command response\n  (Session info: chrome=103.0.5060.53)\nBuild info: version: '3.141.59', revision: 'e82be7d358', time: '2018-11-14T08:17:03'\nSystem info: host: 'travis-job-25887fd1-bd1f-44bc-9887-be193e8470fc', ip: '127.0.0.1', os.name: 'Linux', os.arch: 'amd64', os.version: '5.4.0-1080-gcp', java.version: '14.0.2'\nDriver info: org.openqa.selenium.chrome.ChromeDriver\nCapabilities {acceptInsecureCerts: false, browserName: chrome, browserVersion: 103.0.5060.53, chrome: {chromedriverVersion: 103.0.5060.53 (a1711811edd7..., userDataDir: /tmp/.com.google.Chrome.ATcQvf}, goog:chromeOptions: {debuggerAddress: localhost:32953}, javascriptEnabled: true, networkConnectionEnabled: false, pageLoadStrategy: normal, platform: LINUX, platformName: LINUX, proxy: Proxy(), setWindowRect: true, strictFileInteractability: false, timeouts: {implicit: 0, pageLoad: 300000, script: 30000}, unhandledPromptBehavior: dismiss and notify, webauthn:extension:credBlob: true, webauthn:extension:largeBlob: true, webauthn:virtualAuthenticators: true}\nSession ID: 39ce0d9dd4cfe937a68c3a253046fa41\n\tat jdk.internal.reflect.GeneratedConstructorAccessor60.newInstance(Unknown Source)\n\tat java.base/jdk.internal.reflect.DelegatingConstructorAccessorImpl.newInstance(DelegatingConstructorAccessorImpl.java:45)\n\tat java.base/java.lang.reflect.Constructor.newInstanceWithCaller(Constructor.java:500)\n\tat java.base/java.lang.reflect.Constructor.newInstance(Constructor.java:481)\n\tat org.openqa.selenium.remote.http.W3CHttpResponseCodec.createException(W3CHttpResponseCodec.java:187)\n\tat org.openqa.selenium.remote.http.W3CHttpResponseCodec.decode(W3CHttpResponseCodec.java:122)\n\tat org.openqa.selenium.remote.http.W3CHttpResponseCodec.decode(W3CHttpResponseCodec.java:49)\n\tat org.openqa.selenium.remote.HttpCommandExecutor.execute(HttpCommandExecutor.java:158)\n\tat org.openqa.selenium.remote.service.DriverCommandExecutor.execute(DriverCommandExecutor.java:83)\n\tat org.openqa.selenium.remote.RemoteWebDriver.execute(RemoteWebDriver.java:552)\n\tat org.openqa.selenium.remote.RemoteWebDriver.get(RemoteWebDriver.java:277)\n\tat com.steps.MainPageSteps.iOpenHomePage(MainPageSteps.java:32)\n\tat tests.WebAPP.CustomerService_Tests.test_3(CustomerService_Tests.java:103)\n\tat java.base/jdk.internal.reflect.NativeMethodAccessorImpl.invoke0(Native Method)\n\tat java.base/jdk.internal.reflect.NativeMethodAccessorImpl.invoke(NativeMethodAccessorImpl.java:62)\n\tat java.base/jdk.internal.reflect.DelegatingMethodAccessorImpl.invoke(DelegatingMethodAccessorImpl.java:43)\n\tat java.base/java.lang.reflect.Method.invoke(Method.java:564)\n\tat org.testng.internal.MethodInvocationHelper.invokeMethod(MethodInvocationHelper.java:132)\n\tat org.testng.internal.TestInvoker.invokeMethod(TestInvoker.java:599)\n\tat org.testng.internal.TestInvoker.retryFailed(TestInvoker.java:214)\n\tat org.testng.internal.MethodRunner.runInSequence(MethodRunner.java:58)\n\tat org.testng.internal.TestInvoker$MethodInvocationAgent.invoke(TestInvoker.java:822)\n\tat org.testng.internal.TestInvoker.invokeTestMethods(TestInvoker.java:147)\n\tat org.testng.internal.TestMethodWorker.invokeTestMethods(TestMethodWorker.java:146)\n\tat org.testng.internal.TestMethodWorker.run(TestMethodWorker.java:128)\n\tat java.base/java.util.concurrent.ThreadPoolExecutor.runWorker(ThreadPoolExecutor.java:1130)\n\tat java.base/java.util.concurrent.ThreadPoolExecutor$Worker.run(ThreadPoolExecutor.java:630)\n\tat java.base/java.lang.Thread.run(Thread.java:832)\n",
      "steps" : [ ],
      "attachments" : [ ],
      "parameters" : [ ],
      "stepsCount" : 0,
      "attachmentsCount" : 0,
      "shouldDisplayMessage" : true,
      "hasContent" : true
    } ],
    "attachments" : [ {
      "uid" : "937907257f49116",
      "name" : "Scenario FAIL screenshot",
      "source" : "937907257f49116.png",
      "type" : "image/png",
      "size" : 603052
    }, {
      "uid" : "437c439ca2e4058e",
      "name" : "TestNG test FAIL logs",
      "source" : "437c439ca2e4058e.txt",
      "type" : "text/plain",
      "size" : 3543
    } ],
    "parameters" : [ ],
    "stepsCount" : 1,
    "attachmentsCount" : 2,
    "shouldDisplayMessage" : false,
    "hasContent" : true
  },
  "afterStages" : [ {
    "name" : "Teardown Test Class",
    "time" : {
      "start" : 1656062800698,
      "stop" : 1656062800844,
      "duration" : 146
    },
    "description" : "Teardown Test Class",
    "status" : "passed",
    "steps" : [ ],
    "attachments" : [ ],
    "parameters" : [ ],
    "stepsCount" : 0,
    "attachmentsCount" : 0,
    "shouldDisplayMessage" : false,
    "hasContent" : false
  }, {
    "name" : "Teardown Test Suite",
    "time" : {
      "start" : 1656062917255,
      "stop" : 1656062918307,
      "duration" : 1052
    },
    "description" : "Teardown Test Suite",
    "status" : "passed",
    "steps" : [ ],
    "attachments" : [ ],
    "parameters" : [ ],
    "stepsCount" : 0,
    "attachmentsCount" : 0,
    "shouldDisplayMessage" : false,
    "hasContent" : false
  } ],
  "labels" : [ {
    "name" : "package",
    "value" : "tests.WebAPP.CustomerService_Tests"
  }, {
    "name" : "testClass",
    "value" : "tests.WebAPP.CustomerService_Tests"
  }, {
    "name" : "testMethod",
    "value" : "test_3"
  }, {
    "name" : "parentSuite",
    "value" : "Automationpractice.com WEB - Kamil Nowocin"
  }, {
    "name" : "suite",
    "value" : "Automated tests for WEB client"
  }, {
    "name" : "subSuite",
    "value" : "tests.WebAPP.CustomerService_Tests"
  }, {
    "name" : "host",
    "value" : "travis-job-25887fd1-bd1f-44bc-9887-be193e8470fc"
  }, {
    "name" : "thread",
    "value" : "4364@travis-job-25887fd1-bd1f-44bc-9887-be193e8470fc.TestNG-test=Automated tests for WEB client-2(24)"
  }, {
    "name" : "framework",
    "value" : "testng"
  }, {
    "name" : "language",
    "value" : "java"
  }, {
    "name" : "owner",
    "value" : "Kamil Nowocin"
  }, {
    "name" : "story",
    "value" : "POSITIVE FLOW"
  }, {
    "name" : "feature",
    "value" : "CUSTOMER SERVICE TESTS"
  }, {
    "name" : "epic",
    "value" : "Web App Tests"
  }, {
    "name" : "severity",
    "value" : "critical"
  }, {
    "name" : "resultFormat",
    "value" : "allure2"
  } ],
  "parameters" : [ ],
  "links" : [ {
    "name" : "TAP-0007",
    "url" : "https://tracker.FAKE.com/jira/browse/AUTOMATION_PRACTICE/issue/TAP-0007",
    "type" : "issue"
  }, {
    "name" : "STORY-222",
    "url" : "https://tracker.FAKE.com/jira/browse/AUTOMATION_PRACTICE/STORY-222",
    "type" : "tms"
  } ],
  "hidden" : false,
  "retry" : false,
  "extra" : {
    "severity" : "critical",
    "owner" : "Kamil Nowocin",
    "retries" : [ {
      "uid" : "39027a60ea3c2591",
      "status" : "skipped",
      "statusDetails" : "unknown error: cannot determine loading status\nfrom unknown error: unexpected command response\n  (Session info: chrome=103.0.5060.53)\nBuild info: version: '3.141.59', revision: 'e82be7d358', time: '2018-11-14T08:17:03'\nSystem info: host: 'travis-job-25887fd1-bd1f-44bc-9887-be193e8470fc', ip: '127.0.0.1', os.name: 'Linux', os.arch: 'amd64', os.version: '5.4.0-1080-gcp', java.version: '14.0.2'\nDriver info: org.openqa.selenium.chrome.ChromeDriver\nCapabilities {acceptInsecureCerts: false, browserName: chrome, browserVersion: 103.0.5060.53, chrome: {chromedriverVersion: 103.0.5060.53 (a1711811edd7..., userDataDir: /tmp/.com.google.Chrome.7z4Skv}, goog:chromeOptions: {debuggerAddress: localhost:36389}, javascriptEnabled: true, networkConnectionEnabled: false, pageLoadStrategy: normal, platform: LINUX, platformName: LINUX, proxy: Proxy(), setWindowRect: true, strictFileInteractability: false, timeouts: {implicit: 0, pageLoad: 300000, script: 30000}, unhandledPromptBehavior: dismiss and notify, webauthn:extension:credBlob: true, webauthn:extension:largeBlob: true, webauthn:virtualAuthenticators: true}\nSession ID: 8457bb8decf9a5365b52c0c76714e251",
      "time" : {
        "start" : 1656062751681,
        "stop" : 1656062776409,
        "duration" : 24728
      }
    } ],
    "categories" : [ {
      "name" : "Test defects",
      "matchedStatuses" : [ ],
      "flaky" : false
    } ],
    "history" : {
      "statistic" : {
        "failed" : 6,
        "broken" : 12,
        "skipped" : 14,
        "passed" : 378,
        "unknown" : 0,
        "total" : 410
      },
      "items" : [ {
        "uid" : "d73b907d0727e2f0",
        "reportUrl" : "https://app.travis-ci.com/kamil-nowocin/Test_Automation-automationpractice/builds/252087816/#testresult/d73b907d0727e2f0",
        "status" : "passed",
        "time" : {
          "start" : 1655458024668,
          "stop" : 1655458065828,
          "duration" : 41160
        }
      }, {
        "uid" : "3b4a8660f7dcc040",
        "reportUrl" : "https://app.travis-ci.com/kamil-nowocin/Test_Automation-automationpractice/builds/251799801/#testresult/3b4a8660f7dcc040",
        "status" : "passed",
        "time" : {
          "start" : 1654853094238,
          "stop" : 1654853135280,
          "duration" : 41042
        }
      }, {
        "uid" : "b8d2580e9cbc8db3",
        "reportUrl" : "https://app.travis-ci.com/kamil-nowocin/Test_Automation-automationpractice/builds/251202991/#testresult/b8d2580e9cbc8db3",
        "status" : "passed",
        "time" : {
          "start" : 1653643611079,
          "stop" : 1653643668420,
          "duration" : 57341
        }
      }, {
        "uid" : "404a803f72264136",
        "reportUrl" : "https://app.travis-ci.com/kamil-nowocin/Test_Automation-automationpractice/builds/250914721/#testresult/404a803f72264136",
        "status" : "passed",
        "time" : {
          "start" : 1653038650450,
          "stop" : 1653038695230,
          "duration" : 44780
        }
      }, {
        "uid" : "ffc58adf606997be",
        "reportUrl" : "https://app.travis-ci.com/kamil-nowocin/Test_Automation-automationpractice/builds/250614814/#testresult/ffc58adf606997be",
        "status" : "passed",
        "time" : {
          "start" : 1652433999164,
          "stop" : 1652434038137,
          "duration" : 38973
        }
      }, {
        "uid" : "bca4cb4de1dc1da5",
        "reportUrl" : "https://app.travis-ci.com/kamil-nowocin/Test_Automation-automationpractice/builds/250306724/#testresult/bca4cb4de1dc1da5",
        "status" : "passed",
        "time" : {
          "start" : 1651829070241,
          "stop" : 1651829082480,
          "duration" : 12239
        }
      }, {
        "uid" : "536e4a0eeb5e8349",
        "reportUrl" : "https://app.travis-ci.com/kamil-nowocin/Test_Automation-automationpractice/builds/250038525/#testresult/536e4a0eeb5e8349",
        "status" : "passed",
        "time" : {
          "start" : 1651224225186,
          "stop" : 1651224244785,
          "duration" : 19599
        }
      }, {
        "uid" : "954630363177cb53",
        "reportUrl" : "https://app.travis-ci.com/kamil-nowocin/Test_Automation-automationpractice/builds/249734656/#testresult/954630363177cb53",
        "status" : "passed",
        "time" : {
          "start" : 1650619299779,
          "stop" : 1650619336654,
          "duration" : 36875
        }
      }, {
        "uid" : "e3cd8340b9f58c6f",
        "reportUrl" : "https://app.travis-ci.com/kamil-nowocin/Test_Automation-automationpractice/builds/249462194/#testresult/e3cd8340b9f58c6f",
        "status" : "passed",
        "time" : {
          "start" : 1650014496601,
          "stop" : 1650014513791,
          "duration" : 17190
        }
      }, {
        "uid" : "5a8b43ede74458f4",
        "reportUrl" : "https://app.travis-ci.com/kamil-nowocin/Test_Automation-automationpractice/builds/249127487/#testresult/5a8b43ede74458f4",
        "status" : "passed",
        "time" : {
          "start" : 1649409814326,
          "stop" : 1649409847159,
          "duration" : 32833
        }
      }, {
        "uid" : "69a5cf21e78b1059",
        "reportUrl" : "https://app.travis-ci.com/kamil-nowocin/Test_Automation-automationpractice/builds/248784009/#testresult/69a5cf21e78b1059",
        "status" : "passed",
        "time" : {
          "start" : 1648804840664,
          "stop" : 1648804854782,
          "duration" : 14118
        }
      }, {
        "uid" : "d510772da66ec755",
        "reportUrl" : "https://app.travis-ci.com/kamil-nowocin/Test_Automation-automationpractice/builds/248427856/#testresult/d510772da66ec755",
        "status" : "broken",
        "statusDetails" : "Expected condition failed: waiting for element to be clickable: Proxy element for: DefaultElementLocator 'By.xpath: //div[@id='contact-link']' (tried for 15 second(s) with 500 milliseconds interval)",
        "time" : {
          "start" : 1648200061352,
          "stop" : 1648200092617,
          "duration" : 31265
        }
      }, {
        "uid" : "ccb39f11a70fba17",
        "reportUrl" : "https://app.travis-ci.com/kamil-nowocin/Test_Automation-automationpractice/builds/248092754/#testresult/ccb39f11a70fba17",
        "status" : "passed",
        "time" : {
          "start" : 1647595099491,
          "stop" : 1647595129879,
          "duration" : 30388
        }
      }, {
        "uid" : "74cd773d29c3d69c",
        "reportUrl" : "https://app.travis-ci.com/kamil-nowocin/Test_Automation-automationpractice/builds/247748235/#testresult/74cd773d29c3d69c",
        "status" : "broken",
        "statusDetails" : "no such element: Unable to locate element: {\"method\":\"xpath\",\"selector\":\"//p[@class='alert alert-success']\"}\n  (Session info: chrome=99.0.4844.51)\nFor documentation on this error, please visit: https://www.seleniumhq.org/exceptions/no_such_element.html\nBuild info: version: '3.141.59', revision: 'e82be7d358', time: '2018-11-14T08:17:03'\nSystem info: host: 'travis-job-94a0b5ce-87e9-4d74-b70f-92b09b464a53', ip: '127.0.0.1', os.name: 'Linux', os.arch: 'amd64', os.version: '5.4.0-1062-gcp', java.version: '14.0.2'\nDriver info: org.openqa.selenium.chrome.ChromeDriver\nCapabilities {acceptInsecureCerts: false, browserName: chrome, browserVersion: 99.0.4844.51, chrome: {chromedriverVersion: 99.0.4844.51 (d537ec02474b5..., userDataDir: /tmp/.com.google.Chrome.ccfdeN}, goog:chromeOptions: {debuggerAddress: localhost:40373}, javascriptEnabled: true, networkConnectionEnabled: false, pageLoadStrategy: normal, platform: LINUX, platformName: LINUX, proxy: Proxy(), setWindowRect: true, strictFileInteractability: false, timeouts: {implicit: 0, pageLoad: 300000, script: 30000}, unhandledPromptBehavior: dismiss and notify, webauthn:extension:credBlob: true, webauthn:extension:largeBlob: true, webauthn:virtualAuthenticators: true}\nSession ID: eff12062d13dbe1a27de08e22eaa4e00\n*** Element info: {Using=xpath, value=//p[@class='alert alert-success']}",
        "time" : {
          "start" : 1646990376984,
          "stop" : 1646990395766,
          "duration" : 18782
        }
      }, {
        "uid" : "535492ccddc89327",
        "reportUrl" : "https://app.travis-ci.com/kamil-nowocin/Test_Automation-automationpractice/builds/247400089/#testresult/535492ccddc89327",
        "status" : "passed",
        "time" : {
          "start" : 1646385459728,
          "stop" : 1646385479385,
          "duration" : 19657
        }
      }, {
        "uid" : "8cdff5b90b04c605",
        "reportUrl" : "https://app.travis-ci.com/kamil-nowocin/Test_Automation-automationpractice/builds/247052515/#testresult/8cdff5b90b04c605",
        "status" : "passed",
        "time" : {
          "start" : 1645780906298,
          "stop" : 1645780949030,
          "duration" : 42732
        }
      }, {
        "uid" : "15fd73dd52352bd7",
        "reportUrl" : "https://app.travis-ci.com/kamil-nowocin/Test_Automation-automationpractice/builds/246687955/#testresult/15fd73dd52352bd7",
        "status" : "passed",
        "time" : {
          "start" : 1645175844298,
          "stop" : 1645175856209,
          "duration" : 11911
        }
      }, {
        "uid" : "acb97af9ab28cfa2",
        "reportUrl" : "https://app.travis-ci.com/kamil-nowocin/Test_Automation-automationpractice/builds/246291444/#testresult/acb97af9ab28cfa2",
        "status" : "passed",
        "time" : {
          "start" : 1644570985301,
          "stop" : 1644571000621,
          "duration" : 15320
        }
      }, {
        "uid" : "1d597dcfb1161d4d",
        "reportUrl" : "https://app.travis-ci.com/kamil-nowocin/Test_Automation-automationpractice/builds/245914980/#testresult/1d597dcfb1161d4d",
        "status" : "passed",
        "time" : {
          "start" : 1643966291133,
          "stop" : 1643966323448,
          "duration" : 32315
        }
      }, {
        "uid" : "74cad459c4e9cebd",
        "reportUrl" : "https://app.travis-ci.com/kamil-nowocin/Test_Automation-automationpractice/builds/245554025/#testresult/74cad459c4e9cebd",
        "status" : "failed",
        "statusDetails" : "Ups, something went really bad! Even Michael Scofield couldn't have predicted that error! :) expected [http://automationpractice.com/index.php] but found [http://automationpractice.com/]",
        "time" : {
          "start" : 1643361256189,
          "stop" : 1643361257497,
          "duration" : 1308
        }
      } ]
    },
    "tags" : [ ]
  },
  "source" : "982c7dc41ce101cf.json",
  "parameterValues" : [ ]
}