{
  "uid" : "a293c42b57e35ab9",
  "name" : "[US-222]/[8] I am not able to send request via contact us form, all inputs are missing",
  "fullName" : "tests.WebAPP.CustomerService_Tests.test_8",
  "historyId" : "56840b86bce0171d5e98778319933f04",
  "time" : {
    "start" : 1624007069047,
    "stop" : 1624007074152,
    "duration" : 5105
  },
  "description" : "[US-222]/[8] As a user I am not able to send request via contact us form, all inputs are missing",
  "descriptionHtml" : "<p>[US-222]/[8] As a user I am not able to send request via contact us form, all inputs are missing</p>\n",
  "status" : "failed",
  "statusMessage" : "Ups, something went really bad! Even Michael Scofield couldn't have predicted that error! :) expected [http://automationpractice.com/index.php] but found [http://automationpractice.com/]",
  "statusTrace" : "java.lang.AssertionError: Ups, something went really bad! Even Michael Scofield couldn't have predicted that error! :) expected [http://automationpractice.com/index.php] but found [http://automationpractice.com/]\n\tat org.testng.Assert.fail(Assert.java:99)\n\tat org.testng.Assert.failNotEquals(Assert.java:1037)\n\tat org.testng.Assert.assertEqualsImpl(Assert.java:140)\n\tat org.testng.Assert.assertEquals(Assert.java:122)\n\tat org.testng.Assert.assertEquals(Assert.java:629)\n\tat com.steps.MainPageSteps.iOpenHomePage(MainPageSteps.java:35)\n\tat tests.WebAPP.CustomerService_Tests.test_8(CustomerService_Tests.java:268)\n\tat java.base/jdk.internal.reflect.NativeMethodAccessorImpl.invoke0(Native Method)\n\tat java.base/jdk.internal.reflect.NativeMethodAccessorImpl.invoke(NativeMethodAccessorImpl.java:62)\n\tat java.base/jdk.internal.reflect.DelegatingMethodAccessorImpl.invoke(DelegatingMethodAccessorImpl.java:43)\n\tat java.base/java.lang.reflect.Method.invoke(Method.java:564)\n\tat org.testng.internal.MethodInvocationHelper.invokeMethod(MethodInvocationHelper.java:132)\n\tat org.testng.internal.TestInvoker.invokeMethod(TestInvoker.java:599)\n\tat org.testng.internal.TestInvoker.retryFailed(TestInvoker.java:214)\n\tat org.testng.internal.MethodRunner.runInSequence(MethodRunner.java:58)\n\tat org.testng.internal.TestInvoker$MethodInvocationAgent.invoke(TestInvoker.java:822)\n\tat org.testng.internal.TestInvoker.invokeTestMethods(TestInvoker.java:147)\n\tat org.testng.internal.TestMethodWorker.invokeTestMethods(TestMethodWorker.java:146)\n\tat org.testng.internal.TestMethodWorker.run(TestMethodWorker.java:128)\n\tat java.base/java.util.concurrent.ThreadPoolExecutor.runWorker(ThreadPoolExecutor.java:1130)\n\tat java.base/java.util.concurrent.ThreadPoolExecutor$Worker.run(ThreadPoolExecutor.java:630)\n\tat java.base/java.lang.Thread.run(Thread.java:832)\n",
  "flaky" : false,
  "newFailed" : true,
  "beforeStages" : [ {
    "name" : "Setting up Test Class",
    "time" : {
      "start" : 1624007068193,
      "stop" : 1624007069044,
      "duration" : 851
    },
    "description" : "Setting up Test Class",
    "status" : "passed",
    "steps" : [ ],
    "attachments" : [ ],
    "parameters" : [ ],
    "stepsCount" : 0,
    "attachmentsCount" : 0,
    "shouldDisplayMessage" : false,
    "hasContent" : false
  }, {
    "name" : "Setting up Excel File",
    "time" : {
      "start" : 1624006656972,
      "stop" : 1624006657038,
      "duration" : 66
    },
    "description" : "Setting up Excel File",
    "status" : "passed",
    "steps" : [ ],
    "attachments" : [ ],
    "parameters" : [ ],
    "stepsCount" : 0,
    "attachmentsCount" : 0,
    "shouldDisplayMessage" : false,
    "hasContent" : false
  } ],
  "testStage" : {
    "description" : "[US-222]/[8] As a user I am not able to send request via contact us form, all inputs are missing",
    "status" : "failed",
    "statusMessage" : "Ups, something went really bad! Even Michael Scofield couldn't have predicted that error! :) expected [http://automationpractice.com/index.php] but found [http://automationpractice.com/]",
    "statusTrace" : "java.lang.AssertionError: Ups, something went really bad! Even Michael Scofield couldn't have predicted that error! :) expected [http://automationpractice.com/index.php] but found [http://automationpractice.com/]\n\tat org.testng.Assert.fail(Assert.java:99)\n\tat org.testng.Assert.failNotEquals(Assert.java:1037)\n\tat org.testng.Assert.assertEqualsImpl(Assert.java:140)\n\tat org.testng.Assert.assertEquals(Assert.java:122)\n\tat org.testng.Assert.assertEquals(Assert.java:629)\n\tat com.steps.MainPageSteps.iOpenHomePage(MainPageSteps.java:35)\n\tat tests.WebAPP.CustomerService_Tests.test_8(CustomerService_Tests.java:268)\n\tat java.base/jdk.internal.reflect.NativeMethodAccessorImpl.invoke0(Native Method)\n\tat java.base/jdk.internal.reflect.NativeMethodAccessorImpl.invoke(NativeMethodAccessorImpl.java:62)\n\tat java.base/jdk.internal.reflect.DelegatingMethodAccessorImpl.invoke(DelegatingMethodAccessorImpl.java:43)\n\tat java.base/java.lang.reflect.Method.invoke(Method.java:564)\n\tat org.testng.internal.MethodInvocationHelper.invokeMethod(MethodInvocationHelper.java:132)\n\tat org.testng.internal.TestInvoker.invokeMethod(TestInvoker.java:599)\n\tat org.testng.internal.TestInvoker.retryFailed(TestInvoker.java:214)\n\tat org.testng.internal.MethodRunner.runInSequence(MethodRunner.java:58)\n\tat org.testng.internal.TestInvoker$MethodInvocationAgent.invoke(TestInvoker.java:822)\n\tat org.testng.internal.TestInvoker.invokeTestMethods(TestInvoker.java:147)\n\tat org.testng.internal.TestMethodWorker.invokeTestMethods(TestMethodWorker.java:146)\n\tat org.testng.internal.TestMethodWorker.run(TestMethodWorker.java:128)\n\tat java.base/java.util.concurrent.ThreadPoolExecutor.runWorker(ThreadPoolExecutor.java:1130)\n\tat java.base/java.util.concurrent.ThreadPoolExecutor$Worker.run(ThreadPoolExecutor.java:630)\n\tat java.base/java.lang.Thread.run(Thread.java:832)\n",
    "steps" : [ {
      "name" : "I open home page",
      "time" : {
        "start" : 1624007073919,
        "stop" : 1624007074015,
        "duration" : 96
      },
      "status" : "failed",
      "statusMessage" : "Ups, something went really bad! Even Michael Scofield couldn't have predicted that error! :) expected [http://automationpractice.com/index.php] but found [http://automationpractice.com/]",
      "statusTrace" : "java.lang.AssertionError: Ups, something went really bad! Even Michael Scofield couldn't have predicted that error! :) expected [http://automationpractice.com/index.php] but found [http://automationpractice.com/]\n\tat org.testng.Assert.fail(Assert.java:99)\n\tat org.testng.Assert.failNotEquals(Assert.java:1037)\n\tat org.testng.Assert.assertEqualsImpl(Assert.java:140)\n\tat org.testng.Assert.assertEquals(Assert.java:122)\n\tat org.testng.Assert.assertEquals(Assert.java:629)\n\tat com.steps.MainPageSteps.iOpenHomePage(MainPageSteps.java:35)\n\tat tests.WebAPP.CustomerService_Tests.test_8(CustomerService_Tests.java:268)\n\tat java.base/jdk.internal.reflect.NativeMethodAccessorImpl.invoke0(Native Method)\n\tat java.base/jdk.internal.reflect.NativeMethodAccessorImpl.invoke(NativeMethodAccessorImpl.java:62)\n\tat java.base/jdk.internal.reflect.DelegatingMethodAccessorImpl.invoke(DelegatingMethodAccessorImpl.java:43)\n\tat java.base/java.lang.reflect.Method.invoke(Method.java:564)\n\tat org.testng.internal.MethodInvocationHelper.invokeMethod(MethodInvocationHelper.java:132)\n\tat org.testng.internal.TestInvoker.invokeMethod(TestInvoker.java:599)\n\tat org.testng.internal.TestInvoker.retryFailed(TestInvoker.java:214)\n\tat org.testng.internal.MethodRunner.runInSequence(MethodRunner.java:58)\n\tat org.testng.internal.TestInvoker$MethodInvocationAgent.invoke(TestInvoker.java:822)\n\tat org.testng.internal.TestInvoker.invokeTestMethods(TestInvoker.java:147)\n\tat org.testng.internal.TestMethodWorker.invokeTestMethods(TestMethodWorker.java:146)\n\tat org.testng.internal.TestMethodWorker.run(TestMethodWorker.java:128)\n\tat java.base/java.util.concurrent.ThreadPoolExecutor.runWorker(ThreadPoolExecutor.java:1130)\n\tat java.base/java.util.concurrent.ThreadPoolExecutor$Worker.run(ThreadPoolExecutor.java:630)\n\tat java.base/java.lang.Thread.run(Thread.java:832)\n",
      "steps" : [ ],
      "attachments" : [ ],
      "parameters" : [ ],
      "stepsCount" : 0,
      "attachmentsCount" : 0,
      "shouldDisplayMessage" : true,
      "hasContent" : true
    } ],
    "attachments" : [ {
      "uid" : "837cac5c0435798d",
      "name" : "Scenario FAIL screenshot",
      "source" : "837cac5c0435798d.png",
      "type" : "image/png",
      "size" : 18343
    }, {
      "uid" : "3918727fb386bbb8",
      "name" : "TestNG test FAIL logs",
      "source" : "3918727fb386bbb8.txt",
      "type" : "text/plain",
      "size" : 2578
    } ],
    "parameters" : [ ],
    "stepsCount" : 1,
    "attachmentsCount" : 2,
    "shouldDisplayMessage" : false,
    "hasContent" : true
  },
  "afterStages" : [ {
    "name" : "Teardown Test Class",
    "time" : {
      "start" : 1624007074154,
      "stop" : 1624007074217,
      "duration" : 63
    },
    "description" : "Teardown Test Class",
    "status" : "passed",
    "steps" : [ ],
    "attachments" : [ ],
    "parameters" : [ ],
    "stepsCount" : 0,
    "attachmentsCount" : 0,
    "shouldDisplayMessage" : false,
    "hasContent" : false
  }, {
    "name" : "Teardown Test Suite",
    "time" : {
      "start" : 1624007276701,
      "stop" : 1624007277862,
      "duration" : 1161
    },
    "description" : "Teardown Test Suite",
    "status" : "passed",
    "steps" : [ ],
    "attachments" : [ ],
    "parameters" : [ ],
    "stepsCount" : 0,
    "attachmentsCount" : 0,
    "shouldDisplayMessage" : false,
    "hasContent" : false
  } ],
  "labels" : [ {
    "name" : "package",
    "value" : "tests.WebAPP.CustomerService_Tests"
  }, {
    "name" : "testClass",
    "value" : "tests.WebAPP.CustomerService_Tests"
  }, {
    "name" : "testMethod",
    "value" : "test_8"
  }, {
    "name" : "parentSuite",
    "value" : "Automationpractice.com WEB - Kamil Nowocin"
  }, {
    "name" : "suite",
    "value" : "Automated tests for WEB client"
  }, {
    "name" : "subSuite",
    "value" : "tests.WebAPP.CustomerService_Tests"
  }, {
    "name" : "host",
    "value" : "travis-job-f122c26a-94fd-4bc0-ad6d-6816a9c7bbff"
  }, {
    "name" : "thread",
    "value" : "6456@travis-job-f122c26a-94fd-4bc0-ad6d-6816a9c7bbff.TestNG-test=Automated tests for WEB client-2(24)"
  }, {
    "name" : "framework",
    "value" : "testng"
  }, {
    "name" : "language",
    "value" : "java"
  }, {
    "name" : "story",
    "value" : "NEGATIVE FLOW"
  }, {
    "name" : "owner",
    "value" : "Kamil Nowocin"
  }, {
    "name" : "epic",
    "value" : "Web App Tests"
  }, {
    "name" : "feature",
    "value" : "CUSTOMER SERVICE TESTS"
  }, {
    "name" : "severity",
    "value" : "normal"
  }, {
    "name" : "resultFormat",
    "value" : "allure2"
  } ],
  "parameters" : [ ],
  "links" : [ {
    "name" : "STORY-222",
    "url" : "https://tracker.FAKE.com/jira/browse/AUTOMATION_PRACTICE/STORY-222",
    "type" : "tms"
  }, {
    "name" : "TAP-0012",
    "url" : "https://tracker.FAKE.com/jira/browse/AUTOMATION_PRACTICE/issue/TAP-0012",
    "type" : "issue"
  } ],
  "hidden" : false,
  "retry" : false,
  "extra" : {
    "severity" : "normal",
    "owner" : "Kamil Nowocin",
    "retries" : [ {
      "uid" : "a09aa0deb51f4b9e",
      "status" : "skipped",
      "statusDetails" : "Ups, something went really bad! Even Michael Scofield couldn't have predicted that error! :) expected [http://automationpractice.com/index.php] but found [http://automationpractice.com/]",
      "time" : {
        "start" : 1624007063029,
        "stop" : 1624007068126,
        "duration" : 5097
      }
    } ],
    "categories" : [ {
      "name" : "Product defects",
      "matchedStatuses" : [ ],
      "flaky" : false
    } ],
    "history" : {
      "statistic" : {
        "failed" : 2,
        "broken" : 1,
        "skipped" : 14,
        "passed" : 342,
        "unknown" : 0,
        "total" : 359
      },
      "items" : [ {
        "uid" : "3f4d355182e2168b",
        "reportUrl" : "https://travis-ci.com/kamil-nowocin/Test_Automation-automationpractice/builds/228691879/#testresult/3f4d355182e2168b",
        "status" : "passed",
        "time" : {
          "start" : 1623402174431,
          "stop" : 1623402193235,
          "duration" : 18804
        }
      }, {
        "uid" : "2fa67c41e80e7fd1",
        "reportUrl" : "https://travis-ci.com/kamil-nowocin/Test_Automation-automationpractice/builds/227965352/#testresult/2fa67c41e80e7fd1",
        "status" : "passed",
        "time" : {
          "start" : 1622797486434,
          "stop" : 1622797530717,
          "duration" : 44283
        }
      }, {
        "uid" : "5312bda2e8baba5a",
        "reportUrl" : "https://travis-ci.com/kamil-nowocin/Test_Automation-automationpractice/builds/227236943/#testresult/5312bda2e8baba5a",
        "status" : "passed",
        "time" : {
          "start" : 1622192538361,
          "stop" : 1622192559921,
          "duration" : 21560
        }
      }, {
        "uid" : "e2d212dfb6452603",
        "reportUrl" : "https://travis-ci.com/kamil-nowocin/Test_Automation-automationpractice/builds/226503294/#testresult/e2d212dfb6452603",
        "status" : "passed",
        "time" : {
          "start" : 1621587619252,
          "stop" : 1621587634792,
          "duration" : 15540
        }
      }, {
        "uid" : "d16680773a4e6a93",
        "reportUrl" : "https://travis-ci.com/kamil-nowocin/Test_Automation-automationpractice/builds/225915455/#testresult/d16680773a4e6a93",
        "status" : "passed",
        "time" : {
          "start" : 1620982730226,
          "stop" : 1620982741002,
          "duration" : 10776
        }
      }, {
        "uid" : "197166bf48ea2ca7",
        "reportUrl" : "https://travis-ci.com/kamil-nowocin/Test_Automation-automationpractice/builds/225175240/#testresult/197166bf48ea2ca7",
        "status" : "passed",
        "time" : {
          "start" : 1620377938572,
          "stop" : 1620377958294,
          "duration" : 19722
        }
      }, {
        "uid" : "9f83e369c17c7b1a",
        "reportUrl" : "https://travis-ci.com/kamil-nowocin/Test_Automation-automationpractice/builds/224591653/#testresult/9f83e369c17c7b1a",
        "status" : "passed",
        "time" : {
          "start" : 1619773120913,
          "stop" : 1619773130982,
          "duration" : 10069
        }
      }, {
        "uid" : "cc3149e65645a24",
        "reportUrl" : "https://travis-ci.com/kamil-nowocin/Test_Automation-automationpractice/builds/223970297/#testresult/cc3149e65645a24",
        "status" : "passed",
        "time" : {
          "start" : 1619168390875,
          "stop" : 1619168419229,
          "duration" : 28354
        }
      }, {
        "uid" : "1a76d2b02644723f",
        "reportUrl" : "https://travis-ci.com/kamil-nowocin/Test_Automation-automationpractice/builds/223273226/#testresult/1a76d2b02644723f",
        "status" : "passed",
        "time" : {
          "start" : 1618563427853,
          "stop" : 1618563437879,
          "duration" : 10026
        }
      }, {
        "uid" : "df1dc6d5288ef0de",
        "reportUrl" : "https://travis-ci.com/kamil-nowocin/Test_Automation-automationpractice/builds/222606901/#testresult/df1dc6d5288ef0de",
        "status" : "passed",
        "time" : {
          "start" : 1617958693354,
          "stop" : 1617958708182,
          "duration" : 14828
        }
      }, {
        "uid" : "38d7133533f53648",
        "reportUrl" : "https://travis-ci.com/kamil-nowocin/Test_Automation-automationpractice/builds/221996080/#testresult/38d7133533f53648",
        "status" : "passed",
        "time" : {
          "start" : 1617353747072,
          "stop" : 1617353759452,
          "duration" : 12380
        }
      }, {
        "uid" : "f344609d7d3a13d0",
        "reportUrl" : "https://travis-ci.com/kamil-nowocin/Test_Automation-automationpractice/builds/221277945/#testresult/f344609d7d3a13d0",
        "status" : "passed",
        "time" : {
          "start" : 1616748897951,
          "stop" : 1616748907899,
          "duration" : 9948
        }
      }, {
        "uid" : "4adeee13b4d1358",
        "reportUrl" : "https://travis-ci.com/kamil-nowocin/Test_Automation-automationpractice/builds/220593951/#testresult/4adeee13b4d1358",
        "status" : "passed",
        "time" : {
          "start" : 1616144109699,
          "stop" : 1616144122599,
          "duration" : 12900
        }
      }, {
        "uid" : "ec9ac4cec4265a29",
        "reportUrl" : "https://travis-ci.com/kamil-nowocin/Test_Automation-automationpractice/builds/219846282/#testresult/ec9ac4cec4265a29",
        "status" : "passed",
        "time" : {
          "start" : 1615539256277,
          "stop" : 1615539263828,
          "duration" : 7551
        }
      }, {
        "uid" : "a1e6c4678bd19fc4",
        "reportUrl" : "https://travis-ci.com/kamil-nowocin/Test_Automation-automationpractice/builds/219072717/#testresult/a1e6c4678bd19fc4",
        "status" : "passed",
        "time" : {
          "start" : 1614934437126,
          "stop" : 1614934444229,
          "duration" : 7103
        }
      }, {
        "uid" : "460d481076ac6cb2",
        "reportUrl" : "https://travis-ci.com/kamil-nowocin/Test_Automation-automationpractice/builds/218334877/#testresult/460d481076ac6cb2",
        "status" : "passed",
        "time" : {
          "start" : 1614329840359,
          "stop" : 1614329859939,
          "duration" : 19580
        }
      }, {
        "uid" : "6200835024fcc082",
        "reportUrl" : "https://travis-ci.com/kamil-nowocin/Test_Automation-automationpractice/builds/217596607/#testresult/6200835024fcc082",
        "status" : "passed",
        "time" : {
          "start" : 1613724842275,
          "stop" : 1613724849998,
          "duration" : 7723
        }
      }, {
        "uid" : "d6fd0ef735e32f13",
        "reportUrl" : "https://travis-ci.com/kamil-nowocin/Test_Automation-automationpractice/builds/216899574/#testresult/d6fd0ef735e32f13",
        "status" : "passed",
        "time" : {
          "start" : 1613120400138,
          "stop" : 1613120442948,
          "duration" : 42810
        }
      }, {
        "uid" : "c1ec6457fa7b2188",
        "reportUrl" : "https://travis-ci.com/kamil-nowocin/Test_Automation-automationpractice/builds/216168121/#testresult/c1ec6457fa7b2188",
        "status" : "passed",
        "time" : {
          "start" : 1612515223071,
          "stop" : 1612515234886,
          "duration" : 11815
        }
      }, {
        "uid" : "456985961510a136",
        "reportUrl" : "https://travis-ci.com/kamil-nowocin/Test_Automation-automationpractice/builds/215187068/#testresult/456985961510a136",
        "status" : "passed",
        "time" : {
          "start" : 1611910388939,
          "stop" : 1611910404521,
          "duration" : 15582
        }
      } ]
    },
    "tags" : [ ]
  },
  "source" : "a293c42b57e35ab9.json",
  "parameterValues" : [ ]
}