{
  "uid" : "da1eae274bc2a1f5",
  "name" : "[US-111]/[4] I can't log into automationpractice.com using email \"null\" & password \"12345\"",
  "fullName" : "tests.WebAPP.Authentication_Tests.test_4",
  "historyId" : "e55027319701afdaf04305443ca1e9c8",
  "time" : {
    "start" : 1622797357380,
    "stop" : 1622797399755,
    "duration" : 42375
  },
  "description" : "[US-111]/[2] As a user I can't log into automationpractice.com using email \"null\" & password \"12345\"",
  "descriptionHtml" : "<p>[US-111]/[2] As a user I can't log into automationpractice.com using email &quot;null&quot; &amp; password &quot;12345&quot;</p>\n",
  "status" : "broken",
  "statusMessage" : "Expected condition failed: waiting for visibility of Proxy element for: DefaultElementLocator 'By.xpath: //form[@id='login_form']' (tried for 15 second(s) with 500 milliseconds interval)",
  "statusTrace" : "org.openqa.selenium.TimeoutException: Expected condition failed: waiting for visibility of Proxy element for: DefaultElementLocator 'By.xpath: //form[@id='login_form']' (tried for 15 second(s) with 500 milliseconds interval)\n\tat org.openqa.selenium.support.ui.WebDriverWait.timeoutException(WebDriverWait.java:95)\n\tat org.openqa.selenium.support.ui.FluentWait.until(FluentWait.java:272)\n\tat com.buildSettings.TestCommons.isElementVisible(TestCommons.java:59)\n\tat com.steps.AuthenticationPageSteps.iCanSeeLoginForm(AuthenticationPageSteps.java:27)\n\tat tests.WebAPP.Authentication_Tests.test_4(Authentication_Tests.java:136)\n\tat java.base/jdk.internal.reflect.NativeMethodAccessorImpl.invoke0(Native Method)\n\tat java.base/jdk.internal.reflect.NativeMethodAccessorImpl.invoke(NativeMethodAccessorImpl.java:62)\n\tat java.base/jdk.internal.reflect.DelegatingMethodAccessorImpl.invoke(DelegatingMethodAccessorImpl.java:43)\n\tat java.base/java.lang.reflect.Method.invoke(Method.java:564)\n\tat org.testng.internal.MethodInvocationHelper.invokeMethod(MethodInvocationHelper.java:132)\n\tat org.testng.internal.TestInvoker.invokeMethod(TestInvoker.java:599)\n\tat org.testng.internal.TestInvoker.retryFailed(TestInvoker.java:214)\n\tat org.testng.internal.MethodRunner.runInSequence(MethodRunner.java:58)\n\tat org.testng.internal.TestInvoker$MethodInvocationAgent.invoke(TestInvoker.java:822)\n\tat org.testng.internal.TestInvoker.invokeTestMethods(TestInvoker.java:147)\n\tat org.testng.internal.TestMethodWorker.invokeTestMethods(TestMethodWorker.java:146)\n\tat org.testng.internal.TestMethodWorker.run(TestMethodWorker.java:128)\n\tat java.base/java.util.concurrent.ThreadPoolExecutor.runWorker(ThreadPoolExecutor.java:1130)\n\tat java.base/java.util.concurrent.ThreadPoolExecutor$Worker.run(ThreadPoolExecutor.java:630)\n\tat java.base/java.lang.Thread.run(Thread.java:832)\nCaused by: org.openqa.selenium.NoSuchElementException: no such element: Unable to locate element: {\"method\":\"xpath\",\"selector\":\"//form[@id='login_form']\"}\n  (Session info: chrome=91.0.4472.77)\nFor documentation on this error, please visit: https://www.seleniumhq.org/exceptions/no_such_element.html\nBuild info: version: '3.141.59', revision: 'e82be7d358', time: '2018-11-14T08:17:03'\nSystem info: host: 'travis-job-2c9cd264-baa0-48a4-8818-406e5fdeebf6', ip: '127.0.0.1', os.name: 'Linux', os.arch: 'amd64', os.version: '5.4.0-1032-gcp', java.version: '14.0.2'\nDriver info: org.openqa.selenium.chrome.ChromeDriver\nCapabilities {acceptInsecureCerts: false, browserName: chrome, browserVersion: 91.0.4472.77, chrome: {chromedriverVersion: 91.0.4472.19 (1bf021f248676..., userDataDir: /tmp/.com.google.Chrome.YhpkcJ}, goog:chromeOptions: {debuggerAddress: localhost:44663}, javascriptEnabled: true, networkConnectionEnabled: false, pageLoadStrategy: normal, platform: LINUX, platformName: LINUX, proxy: Proxy(), setWindowRect: true, strictFileInteractability: false, timeouts: {implicit: 0, pageLoad: 300000, script: 30000}, unhandledPromptBehavior: dismiss and notify, webauthn:extension:largeBlob: true, webauthn:virtualAuthenticators: true}\nSession ID: 3839de3513cea20c7e0928479232b506\n*** Element info: {Using=xpath, value=//form[@id='login_form']}\n\tat jdk.internal.reflect.GeneratedConstructorAccessor45.newInstance(Unknown Source)\n\tat java.base/jdk.internal.reflect.DelegatingConstructorAccessorImpl.newInstance(DelegatingConstructorAccessorImpl.java:45)\n\tat java.base/java.lang.reflect.Constructor.newInstanceWithCaller(Constructor.java:500)\n\tat java.base/java.lang.reflect.Constructor.newInstance(Constructor.java:481)\n\tat org.openqa.selenium.remote.http.W3CHttpResponseCodec.createException(W3CHttpResponseCodec.java:187)\n\tat org.openqa.selenium.remote.http.W3CHttpResponseCodec.decode(W3CHttpResponseCodec.java:122)\n\tat org.openqa.selenium.remote.http.W3CHttpResponseCodec.decode(W3CHttpResponseCodec.java:49)\n\tat org.openqa.selenium.remote.HttpCommandExecutor.execute(HttpCommandExecutor.java:158)\n\tat org.openqa.selenium.remote.service.DriverCommandExecutor.execute(DriverCommandExecutor.java:83)\n\tat org.openqa.selenium.remote.RemoteWebDriver.execute(RemoteWebDriver.java:552)\n\tat org.openqa.selenium.remote.RemoteWebDriver.findElement(RemoteWebDriver.java:323)\n\tat org.openqa.selenium.remote.RemoteWebDriver.findElementByXPath(RemoteWebDriver.java:428)\n\tat org.openqa.selenium.By$ByXPath.findElement(By.java:353)\n\tat org.openqa.selenium.remote.RemoteWebDriver.findElement(RemoteWebDriver.java:315)\n\tat org.openqa.selenium.support.pagefactory.DefaultElementLocator.findElement(DefaultElementLocator.java:69)\n\tat org.openqa.selenium.support.pagefactory.internal.LocatingElementHandler.invoke(LocatingElementHandler.java:38)\n\tat com.sun.proxy.$Proxy48.isDisplayed(Unknown Source)\n\tat org.openqa.selenium.support.ui.ExpectedConditions.elementIfVisible(ExpectedConditions.java:314)\n\tat org.openqa.selenium.support.ui.ExpectedConditions.access$000(ExpectedConditions.java:43)\n\tat org.openqa.selenium.support.ui.ExpectedConditions$10.apply(ExpectedConditions.java:300)\n\tat org.openqa.selenium.support.ui.ExpectedConditions$10.apply(ExpectedConditions.java:297)\n\tat org.openqa.selenium.support.ui.FluentWait.until(FluentWait.java:249)\n\t... 18 more\n",
  "flaky" : false,
  "newFailed" : false,
  "beforeStages" : [ {
    "name" : "Setting up Test Class",
    "time" : {
      "start" : 1622797355147,
      "stop" : 1622797357375,
      "duration" : 2228
    },
    "description" : "Setting up Test Class",
    "status" : "passed",
    "steps" : [ ],
    "attachments" : [ ],
    "parameters" : [ ],
    "stepsCount" : 0,
    "attachmentsCount" : 0,
    "shouldDisplayMessage" : false,
    "hasContent" : false
  }, {
    "name" : "Setting up Excel File",
    "time" : {
      "start" : 1622797037447,
      "stop" : 1622797037503,
      "duration" : 56
    },
    "description" : "Setting up Excel File",
    "status" : "passed",
    "steps" : [ ],
    "attachments" : [ ],
    "parameters" : [ ],
    "stepsCount" : 0,
    "attachmentsCount" : 0,
    "shouldDisplayMessage" : false,
    "hasContent" : false
  } ],
  "testStage" : {
    "description" : "[US-111]/[2] As a user I can't log into automationpractice.com using email \"null\" & password \"12345\"",
    "status" : "broken",
    "statusMessage" : "Expected condition failed: waiting for visibility of Proxy element for: DefaultElementLocator 'By.xpath: //form[@id='login_form']' (tried for 15 second(s) with 500 milliseconds interval)",
    "statusTrace" : "org.openqa.selenium.TimeoutException: Expected condition failed: waiting for visibility of Proxy element for: DefaultElementLocator 'By.xpath: //form[@id='login_form']' (tried for 15 second(s) with 500 milliseconds interval)\n\tat org.openqa.selenium.support.ui.WebDriverWait.timeoutException(WebDriverWait.java:95)\n\tat org.openqa.selenium.support.ui.FluentWait.until(FluentWait.java:272)\n\tat com.buildSettings.TestCommons.isElementVisible(TestCommons.java:59)\n\tat com.steps.AuthenticationPageSteps.iCanSeeLoginForm(AuthenticationPageSteps.java:27)\n\tat tests.WebAPP.Authentication_Tests.test_4(Authentication_Tests.java:136)\n\tat java.base/jdk.internal.reflect.NativeMethodAccessorImpl.invoke0(Native Method)\n\tat java.base/jdk.internal.reflect.NativeMethodAccessorImpl.invoke(NativeMethodAccessorImpl.java:62)\n\tat java.base/jdk.internal.reflect.DelegatingMethodAccessorImpl.invoke(DelegatingMethodAccessorImpl.java:43)\n\tat java.base/java.lang.reflect.Method.invoke(Method.java:564)\n\tat org.testng.internal.MethodInvocationHelper.invokeMethod(MethodInvocationHelper.java:132)\n\tat org.testng.internal.TestInvoker.invokeMethod(TestInvoker.java:599)\n\tat org.testng.internal.TestInvoker.retryFailed(TestInvoker.java:214)\n\tat org.testng.internal.MethodRunner.runInSequence(MethodRunner.java:58)\n\tat org.testng.internal.TestInvoker$MethodInvocationAgent.invoke(TestInvoker.java:822)\n\tat org.testng.internal.TestInvoker.invokeTestMethods(TestInvoker.java:147)\n\tat org.testng.internal.TestMethodWorker.invokeTestMethods(TestMethodWorker.java:146)\n\tat org.testng.internal.TestMethodWorker.run(TestMethodWorker.java:128)\n\tat java.base/java.util.concurrent.ThreadPoolExecutor.runWorker(ThreadPoolExecutor.java:1130)\n\tat java.base/java.util.concurrent.ThreadPoolExecutor$Worker.run(ThreadPoolExecutor.java:630)\n\tat java.base/java.lang.Thread.run(Thread.java:832)\nCaused by: org.openqa.selenium.NoSuchElementException: no such element: Unable to locate element: {\"method\":\"xpath\",\"selector\":\"//form[@id='login_form']\"}\n  (Session info: chrome=91.0.4472.77)\nFor documentation on this error, please visit: https://www.seleniumhq.org/exceptions/no_such_element.html\nBuild info: version: '3.141.59', revision: 'e82be7d358', time: '2018-11-14T08:17:03'\nSystem info: host: 'travis-job-2c9cd264-baa0-48a4-8818-406e5fdeebf6', ip: '127.0.0.1', os.name: 'Linux', os.arch: 'amd64', os.version: '5.4.0-1032-gcp', java.version: '14.0.2'\nDriver info: org.openqa.selenium.chrome.ChromeDriver\nCapabilities {acceptInsecureCerts: false, browserName: chrome, browserVersion: 91.0.4472.77, chrome: {chromedriverVersion: 91.0.4472.19 (1bf021f248676..., userDataDir: /tmp/.com.google.Chrome.YhpkcJ}, goog:chromeOptions: {debuggerAddress: localhost:44663}, javascriptEnabled: true, networkConnectionEnabled: false, pageLoadStrategy: normal, platform: LINUX, platformName: LINUX, proxy: Proxy(), setWindowRect: true, strictFileInteractability: false, timeouts: {implicit: 0, pageLoad: 300000, script: 30000}, unhandledPromptBehavior: dismiss and notify, webauthn:extension:largeBlob: true, webauthn:virtualAuthenticators: true}\nSession ID: 3839de3513cea20c7e0928479232b506\n*** Element info: {Using=xpath, value=//form[@id='login_form']}\n\tat jdk.internal.reflect.GeneratedConstructorAccessor45.newInstance(Unknown Source)\n\tat java.base/jdk.internal.reflect.DelegatingConstructorAccessorImpl.newInstance(DelegatingConstructorAccessorImpl.java:45)\n\tat java.base/java.lang.reflect.Constructor.newInstanceWithCaller(Constructor.java:500)\n\tat java.base/java.lang.reflect.Constructor.newInstance(Constructor.java:481)\n\tat org.openqa.selenium.remote.http.W3CHttpResponseCodec.createException(W3CHttpResponseCodec.java:187)\n\tat org.openqa.selenium.remote.http.W3CHttpResponseCodec.decode(W3CHttpResponseCodec.java:122)\n\tat org.openqa.selenium.remote.http.W3CHttpResponseCodec.decode(W3CHttpResponseCodec.java:49)\n\tat org.openqa.selenium.remote.HttpCommandExecutor.execute(HttpCommandExecutor.java:158)\n\tat org.openqa.selenium.remote.service.DriverCommandExecutor.execute(DriverCommandExecutor.java:83)\n\tat org.openqa.selenium.remote.RemoteWebDriver.execute(RemoteWebDriver.java:552)\n\tat org.openqa.selenium.remote.RemoteWebDriver.findElement(RemoteWebDriver.java:323)\n\tat org.openqa.selenium.remote.RemoteWebDriver.findElementByXPath(RemoteWebDriver.java:428)\n\tat org.openqa.selenium.By$ByXPath.findElement(By.java:353)\n\tat org.openqa.selenium.remote.RemoteWebDriver.findElement(RemoteWebDriver.java:315)\n\tat org.openqa.selenium.support.pagefactory.DefaultElementLocator.findElement(DefaultElementLocator.java:69)\n\tat org.openqa.selenium.support.pagefactory.internal.LocatingElementHandler.invoke(LocatingElementHandler.java:38)\n\tat com.sun.proxy.$Proxy48.isDisplayed(Unknown Source)\n\tat org.openqa.selenium.support.ui.ExpectedConditions.elementIfVisible(ExpectedConditions.java:314)\n\tat org.openqa.selenium.support.ui.ExpectedConditions.access$000(ExpectedConditions.java:43)\n\tat org.openqa.selenium.support.ui.ExpectedConditions$10.apply(ExpectedConditions.java:300)\n\tat org.openqa.selenium.support.ui.ExpectedConditions$10.apply(ExpectedConditions.java:297)\n\tat org.openqa.selenium.support.ui.FluentWait.until(FluentWait.java:249)\n\t... 18 more\n",
    "steps" : [ {
      "name" : "I open home page",
      "time" : {
        "start" : 1622797370344,
        "stop" : 1622797384162,
        "duration" : 13818
      },
      "status" : "passed",
      "steps" : [ ],
      "attachments" : [ ],
      "parameters" : [ ],
      "stepsCount" : 0,
      "attachmentsCount" : 0,
      "shouldDisplayMessage" : false,
      "hasContent" : false
    }, {
      "name" : "I can see automationpractice.com website",
      "time" : {
        "start" : 1622797384162,
        "stop" : 1622797384168,
        "duration" : 6
      },
      "status" : "passed",
      "steps" : [ ],
      "attachments" : [ ],
      "parameters" : [ ],
      "stepsCount" : 0,
      "attachmentsCount" : 0,
      "shouldDisplayMessage" : false,
      "hasContent" : false
    }, {
      "name" : "I click on Sign in button",
      "time" : {
        "start" : 1622797384168,
        "stop" : 1622797384343,
        "duration" : 175
      },
      "status" : "passed",
      "steps" : [ ],
      "attachments" : [ ],
      "parameters" : [ ],
      "stepsCount" : 0,
      "attachmentsCount" : 0,
      "shouldDisplayMessage" : false,
      "hasContent" : false
    }, {
      "name" : "I can see login form",
      "time" : {
        "start" : 1622797384344,
        "stop" : 1622797399630,
        "duration" : 15286
      },
      "status" : "broken",
      "statusMessage" : "Expected condition failed: waiting for visibility of Proxy element for: DefaultElementLocator 'By.xpath: //form[@id='login_form']' (tried for 15 second(s) with 500 milliseconds interval)",
      "statusTrace" : "org.openqa.selenium.TimeoutException: Expected condition failed: waiting for visibility of Proxy element for: DefaultElementLocator 'By.xpath: //form[@id='login_form']' (tried for 15 second(s) with 500 milliseconds interval)\n\tat org.openqa.selenium.support.ui.WebDriverWait.timeoutException(WebDriverWait.java:95)\n\tat org.openqa.selenium.support.ui.FluentWait.until(FluentWait.java:272)\n\tat com.buildSettings.TestCommons.isElementVisible(TestCommons.java:59)\n\tat com.steps.AuthenticationPageSteps.iCanSeeLoginForm(AuthenticationPageSteps.java:27)\n\tat tests.WebAPP.Authentication_Tests.test_4(Authentication_Tests.java:136)\n\tat java.base/jdk.internal.reflect.NativeMethodAccessorImpl.invoke0(Native Method)\n\tat java.base/jdk.internal.reflect.NativeMethodAccessorImpl.invoke(NativeMethodAccessorImpl.java:62)\n\tat java.base/jdk.internal.reflect.DelegatingMethodAccessorImpl.invoke(DelegatingMethodAccessorImpl.java:43)\n\tat java.base/java.lang.reflect.Method.invoke(Method.java:564)\n\tat org.testng.internal.MethodInvocationHelper.invokeMethod(MethodInvocationHelper.java:132)\n\tat org.testng.internal.TestInvoker.invokeMethod(TestInvoker.java:599)\n\tat org.testng.internal.TestInvoker.retryFailed(TestInvoker.java:214)\n\tat org.testng.internal.MethodRunner.runInSequence(MethodRunner.java:58)\n\tat org.testng.internal.TestInvoker$MethodInvocationAgent.invoke(TestInvoker.java:822)\n\tat org.testng.internal.TestInvoker.invokeTestMethods(TestInvoker.java:147)\n\tat org.testng.internal.TestMethodWorker.invokeTestMethods(TestMethodWorker.java:146)\n\tat org.testng.internal.TestMethodWorker.run(TestMethodWorker.java:128)\n\tat java.base/java.util.concurrent.ThreadPoolExecutor.runWorker(ThreadPoolExecutor.java:1130)\n\tat java.base/java.util.concurrent.ThreadPoolExecutor$Worker.run(ThreadPoolExecutor.java:630)\n\tat java.base/java.lang.Thread.run(Thread.java:832)\nCaused by: org.openqa.selenium.NoSuchElementException: no such element: Unable to locate element: {\"method\":\"xpath\",\"selector\":\"//form[@id='login_form']\"}\n  (Session info: chrome=91.0.4472.77)\nFor documentation on this error, please visit: https://www.seleniumhq.org/exceptions/no_such_element.html\nBuild info: version: '3.141.59', revision: 'e82be7d358', time: '2018-11-14T08:17:03'\nSystem info: host: 'travis-job-2c9cd264-baa0-48a4-8818-406e5fdeebf6', ip: '127.0.0.1', os.name: 'Linux', os.arch: 'amd64', os.version: '5.4.0-1032-gcp', java.version: '14.0.2'\nDriver info: org.openqa.selenium.chrome.ChromeDriver\nCapabilities {acceptInsecureCerts: false, browserName: chrome, browserVersion: 91.0.4472.77, chrome: {chromedriverVersion: 91.0.4472.19 (1bf021f248676..., userDataDir: /tmp/.com.google.Chrome.YhpkcJ}, goog:chromeOptions: {debuggerAddress: localhost:44663}, javascriptEnabled: true, networkConnectionEnabled: false, pageLoadStrategy: normal, platform: LINUX, platformName: LINUX, proxy: Proxy(), setWindowRect: true, strictFileInteractability: false, timeouts: {implicit: 0, pageLoad: 300000, script: 30000}, unhandledPromptBehavior: dismiss and notify, webauthn:extension:largeBlob: true, webauthn:virtualAuthenticators: true}\nSession ID: 3839de3513cea20c7e0928479232b506\n*** Element info: {Using=xpath, value=//form[@id='login_form']}\n\tat jdk.internal.reflect.GeneratedConstructorAccessor45.newInstance(Unknown Source)\n\tat java.base/jdk.internal.reflect.DelegatingConstructorAccessorImpl.newInstance(DelegatingConstructorAccessorImpl.java:45)\n\tat java.base/java.lang.reflect.Constructor.newInstanceWithCaller(Constructor.java:500)\n\tat java.base/java.lang.reflect.Constructor.newInstance(Constructor.java:481)\n\tat org.openqa.selenium.remote.http.W3CHttpResponseCodec.createException(W3CHttpResponseCodec.java:187)\n\tat org.openqa.selenium.remote.http.W3CHttpResponseCodec.decode(W3CHttpResponseCodec.java:122)\n\tat org.openqa.selenium.remote.http.W3CHttpResponseCodec.decode(W3CHttpResponseCodec.java:49)\n\tat org.openqa.selenium.remote.HttpCommandExecutor.execute(HttpCommandExecutor.java:158)\n\tat org.openqa.selenium.remote.service.DriverCommandExecutor.execute(DriverCommandExecutor.java:83)\n\tat org.openqa.selenium.remote.RemoteWebDriver.execute(RemoteWebDriver.java:552)\n\tat org.openqa.selenium.remote.RemoteWebDriver.findElement(RemoteWebDriver.java:323)\n\tat org.openqa.selenium.remote.RemoteWebDriver.findElementByXPath(RemoteWebDriver.java:428)\n\tat org.openqa.selenium.By$ByXPath.findElement(By.java:353)\n\tat org.openqa.selenium.remote.RemoteWebDriver.findElement(RemoteWebDriver.java:315)\n\tat org.openqa.selenium.support.pagefactory.DefaultElementLocator.findElement(DefaultElementLocator.java:69)\n\tat org.openqa.selenium.support.pagefactory.internal.LocatingElementHandler.invoke(LocatingElementHandler.java:38)\n\tat com.sun.proxy.$Proxy48.isDisplayed(Unknown Source)\n\tat org.openqa.selenium.support.ui.ExpectedConditions.elementIfVisible(ExpectedConditions.java:314)\n\tat org.openqa.selenium.support.ui.ExpectedConditions.access$000(ExpectedConditions.java:43)\n\tat org.openqa.selenium.support.ui.ExpectedConditions$10.apply(ExpectedConditions.java:300)\n\tat org.openqa.selenium.support.ui.ExpectedConditions$10.apply(ExpectedConditions.java:297)\n\tat org.openqa.selenium.support.ui.FluentWait.until(FluentWait.java:249)\n\t... 18 more\n",
      "steps" : [ ],
      "attachments" : [ ],
      "parameters" : [ ],
      "stepsCount" : 0,
      "attachmentsCount" : 0,
      "shouldDisplayMessage" : true,
      "hasContent" : true
    } ],
    "attachments" : [ {
      "uid" : "f0dde930cf5c714f",
      "name" : "Scenario FAIL screenshot",
      "source" : "f0dde930cf5c714f.png",
      "type" : "image/png",
      "size" : 18343
    }, {
      "uid" : "4c276edcfc5bf2ac",
      "name" : "TestNG test FAIL logs",
      "source" : "4c276edcfc5bf2ac.txt",
      "type" : "text/plain",
      "size" : 2647
    } ],
    "parameters" : [ ],
    "stepsCount" : 4,
    "attachmentsCount" : 2,
    "shouldDisplayMessage" : false,
    "hasContent" : true
  },
  "afterStages" : [ {
    "name" : "Teardown Test Class",
    "time" : {
      "start" : 1622797399758,
      "stop" : 1622797399831,
      "duration" : 73
    },
    "description" : "Teardown Test Class",
    "status" : "passed",
    "steps" : [ ],
    "attachments" : [ ],
    "parameters" : [ ],
    "stepsCount" : 0,
    "attachmentsCount" : 0,
    "shouldDisplayMessage" : false,
    "hasContent" : false
  }, {
    "name" : "Teardown Test Suite",
    "time" : {
      "start" : 1622797774015,
      "stop" : 1622797775051,
      "duration" : 1036
    },
    "description" : "Teardown Test Suite",
    "status" : "passed",
    "steps" : [ ],
    "attachments" : [ ],
    "parameters" : [ ],
    "stepsCount" : 0,
    "attachmentsCount" : 0,
    "shouldDisplayMessage" : false,
    "hasContent" : false
  } ],
  "labels" : [ {
    "name" : "package",
    "value" : "tests.WebAPP.Authentication_Tests"
  }, {
    "name" : "testClass",
    "value" : "tests.WebAPP.Authentication_Tests"
  }, {
    "name" : "testMethod",
    "value" : "test_4"
  }, {
    "name" : "parentSuite",
    "value" : "Automationpractice.com WEB - Kamil Nowocin"
  }, {
    "name" : "suite",
    "value" : "Automated tests for WEB client"
  }, {
    "name" : "subSuite",
    "value" : "tests.WebAPP.Authentication_Tests"
  }, {
    "name" : "host",
    "value" : "travis-job-2c9cd264-baa0-48a4-8818-406e5fdeebf6"
  }, {
    "name" : "thread",
    "value" : "6784@travis-job-2c9cd264-baa0-48a4-8818-406e5fdeebf6.TestNG-test=Automated tests for WEB client-4(26)"
  }, {
    "name" : "framework",
    "value" : "testng"
  }, {
    "name" : "language",
    "value" : "java"
  }, {
    "name" : "story",
    "value" : "NEGATIVE FLOW"
  }, {
    "name" : "owner",
    "value" : "Kamil Nowocin"
  }, {
    "name" : "feature",
    "value" : "LOGIN TESTS"
  }, {
    "name" : "epic",
    "value" : "Web App Tests"
  }, {
    "name" : "severity",
    "value" : "normal"
  }, {
    "name" : "resultFormat",
    "value" : "allure2"
  } ],
  "parameters" : [ ],
  "links" : [ {
    "name" : "STORY-111",
    "url" : "https://tracker.FAKE.com/jira/browse/AUTOMATION_PRACTICE/STORY-111",
    "type" : "tms"
  }, {
    "name" : "TAP-0004",
    "url" : "https://tracker.FAKE.com/jira/browse/AUTOMATION_PRACTICE/issue/TAP-0004",
    "type" : "issue"
  } ],
  "hidden" : false,
  "retry" : false,
  "extra" : {
    "severity" : "normal",
    "owner" : "Kamil Nowocin",
    "retries" : [ {
      "uid" : "e46e2ced0e99a4d1",
      "status" : "skipped",
      "statusDetails" : "Ups, something went really bad! Even Michael Scofield couldn't have predicted that error! :) expected [http://automationpractice.com/index.php] but found [http://automationpractice.com/]",
      "time" : {
        "start" : 1622797342632,
        "stop" : 1622797355060,
        "duration" : 12428
      }
    } ],
    "categories" : [ {
      "name" : "Test defects",
      "matchedStatuses" : [ ],
      "flaky" : false
    } ],
    "history" : {
      "statistic" : {
        "failed" : 3,
        "broken" : 3,
        "skipped" : 14,
        "passed" : 344,
        "unknown" : 0,
        "total" : 364
      },
      "items" : [ {
        "uid" : "743718ff01eacd41",
        "reportUrl" : "https://travis-ci.com/kamil-nowocin/Test_Automation-automationpractice/builds/227236943/#testresult/743718ff01eacd41",
        "status" : "passed",
        "time" : {
          "start" : 1622192383224,
          "stop" : 1622192416347,
          "duration" : 33123
        }
      }, {
        "uid" : "fd7a4bf8d08221d5",
        "reportUrl" : "https://travis-ci.com/kamil-nowocin/Test_Automation-automationpractice/builds/226503294/#testresult/fd7a4bf8d08221d5",
        "status" : "passed",
        "time" : {
          "start" : 1621587535709,
          "stop" : 1621587556159,
          "duration" : 20450
        }
      }, {
        "uid" : "dadcf822f1c693d9",
        "reportUrl" : "https://travis-ci.com/kamil-nowocin/Test_Automation-automationpractice/builds/225915455/#testresult/dadcf822f1c693d9",
        "status" : "passed",
        "time" : {
          "start" : 1620982647573,
          "stop" : 1620982665555,
          "duration" : 17982
        }
      }, {
        "uid" : "faf55cc7d9cfd2f9",
        "reportUrl" : "https://travis-ci.com/kamil-nowocin/Test_Automation-automationpractice/builds/225175240/#testresult/faf55cc7d9cfd2f9",
        "status" : "passed",
        "time" : {
          "start" : 1620377843182,
          "stop" : 1620377864426,
          "duration" : 21244
        }
      }, {
        "uid" : "d891860723ed0a5",
        "reportUrl" : "https://travis-ci.com/kamil-nowocin/Test_Automation-automationpractice/builds/224591653/#testresult/d891860723ed0a5",
        "status" : "passed",
        "time" : {
          "start" : 1619773049288,
          "stop" : 1619773067519,
          "duration" : 18231
        }
      }, {
        "uid" : "11961098011ce2f0",
        "reportUrl" : "https://travis-ci.com/kamil-nowocin/Test_Automation-automationpractice/builds/223970297/#testresult/11961098011ce2f0",
        "status" : "passed",
        "time" : {
          "start" : 1619168268210,
          "stop" : 1619168285348,
          "duration" : 17138
        }
      }, {
        "uid" : "53bc3b080ed46012",
        "reportUrl" : "https://travis-ci.com/kamil-nowocin/Test_Automation-automationpractice/builds/223273226/#testresult/53bc3b080ed46012",
        "status" : "passed",
        "time" : {
          "start" : 1618563363300,
          "stop" : 1618563375432,
          "duration" : 12132
        }
      }, {
        "uid" : "73456ac52b4c90f1",
        "reportUrl" : "https://travis-ci.com/kamil-nowocin/Test_Automation-automationpractice/builds/222606901/#testresult/73456ac52b4c90f1",
        "status" : "passed",
        "time" : {
          "start" : 1617958580635,
          "stop" : 1617958612656,
          "duration" : 32021
        }
      }, {
        "uid" : "1e55bd844c239b69",
        "reportUrl" : "https://travis-ci.com/kamil-nowocin/Test_Automation-automationpractice/builds/221996080/#testresult/1e55bd844c239b69",
        "status" : "passed",
        "time" : {
          "start" : 1617353674371,
          "stop" : 1617353685845,
          "duration" : 11474
        }
      }, {
        "uid" : "59c86763e58df6d3",
        "reportUrl" : "https://travis-ci.com/kamil-nowocin/Test_Automation-automationpractice/builds/221277945/#testresult/59c86763e58df6d3",
        "status" : "passed",
        "time" : {
          "start" : 1616748833279,
          "stop" : 1616748845059,
          "duration" : 11780
        }
      }, {
        "uid" : "44a2e1e3c9e13de0",
        "reportUrl" : "https://travis-ci.com/kamil-nowocin/Test_Automation-automationpractice/builds/220593951/#testresult/44a2e1e3c9e13de0",
        "status" : "passed",
        "time" : {
          "start" : 1616144031244,
          "stop" : 1616144046655,
          "duration" : 15411
        }
      }, {
        "uid" : "1fdd7a0403bd894e",
        "reportUrl" : "https://travis-ci.com/kamil-nowocin/Test_Automation-automationpractice/builds/219846282/#testresult/1fdd7a0403bd894e",
        "status" : "passed",
        "time" : {
          "start" : 1615539182615,
          "stop" : 1615539195883,
          "duration" : 13268
        }
      }, {
        "uid" : "30e305307281a07b",
        "reportUrl" : "https://travis-ci.com/kamil-nowocin/Test_Automation-automationpractice/builds/219072717/#testresult/30e305307281a07b",
        "status" : "passed",
        "time" : {
          "start" : 1614934362212,
          "stop" : 1614934381927,
          "duration" : 19715
        }
      }, {
        "uid" : "f652285fa9f879cf",
        "reportUrl" : "https://travis-ci.com/kamil-nowocin/Test_Automation-automationpractice/builds/218334877/#testresult/f652285fa9f879cf",
        "status" : "passed",
        "time" : {
          "start" : 1614329689225,
          "stop" : 1614329714795,
          "duration" : 25570
        }
      }, {
        "uid" : "278774ef8af1a6f4",
        "reportUrl" : "https://travis-ci.com/kamil-nowocin/Test_Automation-automationpractice/builds/217596607/#testresult/278774ef8af1a6f4",
        "status" : "passed",
        "time" : {
          "start" : 1613724753157,
          "stop" : 1613724782753,
          "duration" : 29596
        }
      }, {
        "uid" : "3175a97f91bebb50",
        "reportUrl" : "https://travis-ci.com/kamil-nowocin/Test_Automation-automationpractice/builds/216899574/#testresult/3175a97f91bebb50",
        "status" : "broken",
        "statusDetails" : "Expected condition failed: waiting for element to be clickable: Proxy element for: DefaultElementLocator 'By.xpath: //a[@class='login']' (tried for 15 second(s) with 500 milliseconds interval)",
        "time" : {
          "start" : 1613120215729,
          "stop" : 1613120241313,
          "duration" : 25584
        }
      }, {
        "uid" : "efcfe20323d8eabc",
        "reportUrl" : "https://travis-ci.com/kamil-nowocin/Test_Automation-automationpractice/builds/216168121/#testresult/efcfe20323d8eabc",
        "status" : "passed",
        "time" : {
          "start" : 1612515188051,
          "stop" : 1612515205920,
          "duration" : 17869
        }
      }, {
        "uid" : "b35e670e57d9b0ba",
        "reportUrl" : "https://travis-ci.com/kamil-nowocin/Test_Automation-automationpractice/builds/215187068/#testresult/b35e670e57d9b0ba",
        "status" : "passed",
        "time" : {
          "start" : 1611910348291,
          "stop" : 1611910367766,
          "duration" : 19475
        }
      }, {
        "uid" : "59d9ce0b4f113225",
        "reportUrl" : "https://travis-ci.com/kamil-nowocin/Test_Automation-automationpractice/builds/214088106/#testresult/59d9ce0b4f113225",
        "status" : "passed",
        "time" : {
          "start" : 1611305465472,
          "stop" : 1611305480041,
          "duration" : 14569
        }
      }, {
        "uid" : "d1476d3b3529ea58",
        "reportUrl" : "https://travis-ci.com/kamil-nowocin/Test_Automation-automationpractice/builds/213268544/#testresult/d1476d3b3529ea58",
        "status" : "passed",
        "time" : {
          "start" : 1610700650585,
          "stop" : 1610700670708,
          "duration" : 20123
        }
      } ]
    },
    "tags" : [ ]
  },
  "source" : "da1eae274bc2a1f5.json",
  "parameterValues" : [ ]
}