{
  "uid" : "dad47550dc196c08",
  "name" : "[US-333]/[2] I can create an account by filling up all fields",
  "fullName" : "tests.WebAPP.Registration_Tests.test_2",
  "historyId" : "632ea042518ad9b655b2d9ef4017fd20",
  "time" : {
    "start" : 1648200063534,
    "stop" : 1648200073882,
    "duration" : 10348
  },
  "description" : "[US-333]/[2] As a user I can create an account by filling up all fields",
  "descriptionHtml" : "<p>[US-333]/[2] As a user I can create an account by filling up all fields</p>\n",
  "status" : "skipped",
  "statusMessage" : "Ups, something went really bad! Even Michael Scofield couldn't have predicted that error! :) expected [http://automationpractice.com/index.php] but found [http://automationpractice.com/]",
  "statusTrace" : "java.lang.AssertionError: Ups, something went really bad! Even Michael Scofield couldn't have predicted that error! :) expected [http://automationpractice.com/index.php] but found [http://automationpractice.com/]\n\tat org.testng.Assert.fail(Assert.java:99)\n\tat org.testng.Assert.failNotEquals(Assert.java:1037)\n\tat org.testng.Assert.assertEqualsImpl(Assert.java:140)\n\tat org.testng.Assert.assertEquals(Assert.java:122)\n\tat org.testng.Assert.assertEquals(Assert.java:629)\n\tat com.steps.MainPageSteps.iOpenHomePage(MainPageSteps.java:35)\n\tat tests.WebAPP.Registration_Tests.test_2(Registration_Tests.java:73)\n\tat java.base/jdk.internal.reflect.NativeMethodAccessorImpl.invoke0(Native Method)\n\tat java.base/jdk.internal.reflect.NativeMethodAccessorImpl.invoke(NativeMethodAccessorImpl.java:62)\n\tat java.base/jdk.internal.reflect.DelegatingMethodAccessorImpl.invoke(DelegatingMethodAccessorImpl.java:43)\n\tat java.base/java.lang.reflect.Method.invoke(Method.java:564)\n\tat org.testng.internal.MethodInvocationHelper.invokeMethod(MethodInvocationHelper.java:132)\n\tat org.testng.internal.TestInvoker.invokeMethod(TestInvoker.java:599)\n\tat org.testng.internal.TestInvoker.invokeTestMethod(TestInvoker.java:174)\n\tat org.testng.internal.MethodRunner.runInSequence(MethodRunner.java:46)\n\tat org.testng.internal.TestInvoker$MethodInvocationAgent.invoke(TestInvoker.java:822)\n\tat org.testng.internal.TestInvoker.invokeTestMethods(TestInvoker.java:147)\n\tat org.testng.internal.TestMethodWorker.invokeTestMethods(TestMethodWorker.java:146)\n\tat org.testng.internal.TestMethodWorker.run(TestMethodWorker.java:128)\n\tat java.base/java.util.concurrent.ThreadPoolExecutor.runWorker(ThreadPoolExecutor.java:1130)\n\tat java.base/java.util.concurrent.ThreadPoolExecutor$Worker.run(ThreadPoolExecutor.java:630)\n\tat java.base/java.lang.Thread.run(Thread.java:832)\n",
  "flaky" : false,
  "newFailed" : false,
  "newBroken" : false,
  "newPassed" : false,
  "retriesCount" : 0,
  "retriesStatusChange" : false,
  "beforeStages" : [ {
    "name" : "Setting up Excel File",
    "time" : {
      "start" : 1648199813761,
      "stop" : 1648199813845,
      "duration" : 84
    },
    "description" : "Setting up Excel File",
    "status" : "passed",
    "steps" : [ ],
    "attachments" : [ ],
    "parameters" : [ ],
    "stepsCount" : 0,
    "attachmentsCount" : 0,
    "shouldDisplayMessage" : false,
    "hasContent" : false
  }, {
    "name" : "Setting up Test Class",
    "time" : {
      "start" : 1648200062956,
      "stop" : 1648200063531,
      "duration" : 575
    },
    "description" : "Setting up Test Class",
    "status" : "passed",
    "steps" : [ ],
    "attachments" : [ ],
    "parameters" : [ ],
    "stepsCount" : 0,
    "attachmentsCount" : 0,
    "shouldDisplayMessage" : false,
    "hasContent" : false
  } ],
  "testStage" : {
    "description" : "[US-333]/[2] As a user I can create an account by filling up all fields",
    "status" : "skipped",
    "statusMessage" : "Ups, something went really bad! Even Michael Scofield couldn't have predicted that error! :) expected [http://automationpractice.com/index.php] but found [http://automationpractice.com/]",
    "statusTrace" : "java.lang.AssertionError: Ups, something went really bad! Even Michael Scofield couldn't have predicted that error! :) expected [http://automationpractice.com/index.php] but found [http://automationpractice.com/]\n\tat org.testng.Assert.fail(Assert.java:99)\n\tat org.testng.Assert.failNotEquals(Assert.java:1037)\n\tat org.testng.Assert.assertEqualsImpl(Assert.java:140)\n\tat org.testng.Assert.assertEquals(Assert.java:122)\n\tat org.testng.Assert.assertEquals(Assert.java:629)\n\tat com.steps.MainPageSteps.iOpenHomePage(MainPageSteps.java:35)\n\tat tests.WebAPP.Registration_Tests.test_2(Registration_Tests.java:73)\n\tat java.base/jdk.internal.reflect.NativeMethodAccessorImpl.invoke0(Native Method)\n\tat java.base/jdk.internal.reflect.NativeMethodAccessorImpl.invoke(NativeMethodAccessorImpl.java:62)\n\tat java.base/jdk.internal.reflect.DelegatingMethodAccessorImpl.invoke(DelegatingMethodAccessorImpl.java:43)\n\tat java.base/java.lang.reflect.Method.invoke(Method.java:564)\n\tat org.testng.internal.MethodInvocationHelper.invokeMethod(MethodInvocationHelper.java:132)\n\tat org.testng.internal.TestInvoker.invokeMethod(TestInvoker.java:599)\n\tat org.testng.internal.TestInvoker.invokeTestMethod(TestInvoker.java:174)\n\tat org.testng.internal.MethodRunner.runInSequence(MethodRunner.java:46)\n\tat org.testng.internal.TestInvoker$MethodInvocationAgent.invoke(TestInvoker.java:822)\n\tat org.testng.internal.TestInvoker.invokeTestMethods(TestInvoker.java:147)\n\tat org.testng.internal.TestMethodWorker.invokeTestMethods(TestMethodWorker.java:146)\n\tat org.testng.internal.TestMethodWorker.run(TestMethodWorker.java:128)\n\tat java.base/java.util.concurrent.ThreadPoolExecutor.runWorker(ThreadPoolExecutor.java:1130)\n\tat java.base/java.util.concurrent.ThreadPoolExecutor$Worker.run(ThreadPoolExecutor.java:630)\n\tat java.base/java.lang.Thread.run(Thread.java:832)\n",
    "steps" : [ {
      "name" : "I open home page",
      "time" : {
        "start" : 1648200073809,
        "stop" : 1648200073882,
        "duration" : 73
      },
      "status" : "failed",
      "statusMessage" : "Ups, something went really bad! Even Michael Scofield couldn't have predicted that error! :) expected [http://automationpractice.com/index.php] but found [http://automationpractice.com/]",
      "statusTrace" : "java.lang.AssertionError: Ups, something went really bad! Even Michael Scofield couldn't have predicted that error! :) expected [http://automationpractice.com/index.php] but found [http://automationpractice.com/]\n\tat org.testng.Assert.fail(Assert.java:99)\n\tat org.testng.Assert.failNotEquals(Assert.java:1037)\n\tat org.testng.Assert.assertEqualsImpl(Assert.java:140)\n\tat org.testng.Assert.assertEquals(Assert.java:122)\n\tat org.testng.Assert.assertEquals(Assert.java:629)\n\tat com.steps.MainPageSteps.iOpenHomePage(MainPageSteps.java:35)\n\tat tests.WebAPP.Registration_Tests.test_2(Registration_Tests.java:73)\n\tat java.base/jdk.internal.reflect.NativeMethodAccessorImpl.invoke0(Native Method)\n\tat java.base/jdk.internal.reflect.NativeMethodAccessorImpl.invoke(NativeMethodAccessorImpl.java:62)\n\tat java.base/jdk.internal.reflect.DelegatingMethodAccessorImpl.invoke(DelegatingMethodAccessorImpl.java:43)\n\tat java.base/java.lang.reflect.Method.invoke(Method.java:564)\n\tat org.testng.internal.MethodInvocationHelper.invokeMethod(MethodInvocationHelper.java:132)\n\tat org.testng.internal.TestInvoker.invokeMethod(TestInvoker.java:599)\n\tat org.testng.internal.TestInvoker.invokeTestMethod(TestInvoker.java:174)\n\tat org.testng.internal.MethodRunner.runInSequence(MethodRunner.java:46)\n\tat org.testng.internal.TestInvoker$MethodInvocationAgent.invoke(TestInvoker.java:822)\n\tat org.testng.internal.TestInvoker.invokeTestMethods(TestInvoker.java:147)\n\tat org.testng.internal.TestMethodWorker.invokeTestMethods(TestMethodWorker.java:146)\n\tat org.testng.internal.TestMethodWorker.run(TestMethodWorker.java:128)\n\tat java.base/java.util.concurrent.ThreadPoolExecutor.runWorker(ThreadPoolExecutor.java:1130)\n\tat java.base/java.util.concurrent.ThreadPoolExecutor$Worker.run(ThreadPoolExecutor.java:630)\n\tat java.base/java.lang.Thread.run(Thread.java:832)\n",
      "steps" : [ ],
      "attachments" : [ ],
      "parameters" : [ ],
      "stepsCount" : 0,
      "attachmentsCount" : 0,
      "shouldDisplayMessage" : true,
      "hasContent" : true
    } ],
    "attachments" : [ ],
    "parameters" : [ ],
    "stepsCount" : 1,
    "attachmentsCount" : 0,
    "shouldDisplayMessage" : false,
    "hasContent" : true
  },
  "afterStages" : [ {
    "name" : "Teardown Test Class",
    "time" : {
      "start" : 1648200073883,
      "stop" : 1648200073946,
      "duration" : 63
    },
    "description" : "Teardown Test Class",
    "status" : "passed",
    "steps" : [ ],
    "attachments" : [ ],
    "parameters" : [ ],
    "stepsCount" : 0,
    "attachmentsCount" : 0,
    "shouldDisplayMessage" : false,
    "hasContent" : false
  }, {
    "name" : "Teardown Test Suite",
    "time" : {
      "start" : 1648200249192,
      "stop" : 1648200250347,
      "duration" : 1155
    },
    "description" : "Teardown Test Suite",
    "status" : "passed",
    "steps" : [ ],
    "attachments" : [ ],
    "parameters" : [ ],
    "stepsCount" : 0,
    "attachmentsCount" : 0,
    "shouldDisplayMessage" : false,
    "hasContent" : false
  } ],
  "labels" : [ {
    "name" : "package",
    "value" : "tests.WebAPP.Registration_Tests"
  }, {
    "name" : "testClass",
    "value" : "tests.WebAPP.Registration_Tests"
  }, {
    "name" : "testMethod",
    "value" : "test_2"
  }, {
    "name" : "parentSuite",
    "value" : "Automationpractice.com WEB - Kamil Nowocin"
  }, {
    "name" : "suite",
    "value" : "Automated tests for WEB client"
  }, {
    "name" : "subSuite",
    "value" : "tests.WebAPP.Registration_Tests"
  }, {
    "name" : "host",
    "value" : "travis-job-65cdeae4-555e-41d5-8853-164f42add71b"
  }, {
    "name" : "thread",
    "value" : "4579@travis-job-65cdeae4-555e-41d5-8853-164f42add71b.TestNG-test=Automated tests for WEB client-2(24)"
  }, {
    "name" : "framework",
    "value" : "testng"
  }, {
    "name" : "language",
    "value" : "java"
  }, {
    "name" : "story",
    "value" : "POSITIVE FLOW"
  }, {
    "name" : "owner",
    "value" : "Kamil Nowocin"
  }, {
    "name" : "feature",
    "value" : "REGISTRATION TESTS"
  }, {
    "name" : "epic",
    "value" : "Web App Tests"
  }, {
    "name" : "severity",
    "value" : "critical"
  }, {
    "name" : "resultFormat",
    "value" : "allure2"
  } ],
  "parameters" : [ ],
  "links" : [ {
    "name" : "STORY-333",
    "url" : "https://tracker.FAKE.com/jira/browse/AUTOMATION_PRACTICE/STORY-333",
    "type" : "tms"
  }, {
    "name" : "TAP-0014",
    "url" : "https://tracker.FAKE.com/jira/browse/AUTOMATION_PRACTICE/issue/TAP-0014",
    "type" : "issue"
  } ],
  "hidden" : true,
  "retry" : true,
  "extra" : {
    "categories" : [ ],
    "tags" : [ ]
  },
  "source" : "dad47550dc196c08.json",
  "parameterValues" : [ ]
}