{"uid":"e66bc7ed8d922c20","name":"[US-666]/[2] I would like to buy new \"Blouse\"","fullName":"tests.WebAPP.ShoppingLoggedUser_Tests.test_2","historyId":"f3bf5e62609bc46efb22470c7da68b9","time":{"start":1657272219948,"stop":1657272220397,"duration":449},"description":"[US-666]/[2] As a user I would like to buy new \"Blouse\"","descriptionHtml":"<p>[US-666]/[2] As a user I would like to buy new &quot;Blouse&quot;</p>\n","status":"failed","statusMessage":"Ups, something went really bad! Even Michael Scofield couldn't have predicted that error! :) expected [http://automationpractice.com/index.php] but found [http://automationpractice.com/]","statusTrace":"java.lang.AssertionError: Ups, something went really bad! Even Michael Scofield couldn't have predicted that error! :) expected [http://automationpractice.com/index.php] but found [http://automationpractice.com/]\n\tat org.testng.Assert.fail(Assert.java:99)\n\tat org.testng.Assert.failNotEquals(Assert.java:1037)\n\tat org.testng.Assert.assertEqualsImpl(Assert.java:140)\n\tat org.testng.Assert.assertEquals(Assert.java:122)\n\tat org.testng.Assert.assertEquals(Assert.java:629)\n\tat com.steps.MainPageSteps.iOpenHomePage(MainPageSteps.java:35)\n\tat tests.WebAPP.ShoppingLoggedUser_Tests.test_2(ShoppingLoggedUser_Tests.java:122)\n\tat java.base/jdk.internal.reflect.NativeMethodAccessorImpl.invoke0(Native Method)\n\tat java.base/jdk.internal.reflect.NativeMethodAccessorImpl.invoke(NativeMethodAccessorImpl.java:62)\n\tat java.base/jdk.internal.reflect.DelegatingMethodAccessorImpl.invoke(DelegatingMethodAccessorImpl.java:43)\n\tat java.base/java.lang.reflect.Method.invoke(Method.java:564)\n\tat org.testng.internal.MethodInvocationHelper.invokeMethod(MethodInvocationHelper.java:132)\n\tat org.testng.internal.TestInvoker.invokeMethod(TestInvoker.java:599)\n\tat org.testng.internal.TestInvoker.retryFailed(TestInvoker.java:214)\n\tat org.testng.internal.MethodRunner.runInSequence(MethodRunner.java:58)\n\tat org.testng.internal.TestInvoker$MethodInvocationAgent.invoke(TestInvoker.java:822)\n\tat org.testng.internal.TestInvoker.invokeTestMethods(TestInvoker.java:147)\n\tat org.testng.internal.TestMethodWorker.invokeTestMethods(TestMethodWorker.java:146)\n\tat org.testng.internal.TestMethodWorker.run(TestMethodWorker.java:128)\n\tat java.base/java.util.concurrent.ThreadPoolExecutor.runWorker(ThreadPoolExecutor.java:1130)\n\tat java.base/java.util.concurrent.ThreadPoolExecutor$Worker.run(ThreadPoolExecutor.java:630)\n\tat java.base/java.lang.Thread.run(Thread.java:832)\n","flaky":false,"newFailed":true,"newBroken":false,"newPassed":false,"retriesCount":1,"retriesStatusChange":true,"beforeStages":[{"name":"Setting up Excel File","time":{"start":1657272206407,"stop":1657272206471,"duration":64},"description":"Setting up Excel File","status":"passed","steps":[],"attachments":[],"parameters":[],"stepsCount":0,"attachmentsCount":0,"shouldDisplayMessage":false,"hasContent":false},{"name":"Setting up Test Class","time":{"start":1657272219034,"stop":1657272219937,"duration":903},"description":"Setting up Test Class","status":"passed","steps":[],"attachments":[],"parameters":[],"stepsCount":0,"attachmentsCount":0,"shouldDisplayMessage":false,"hasContent":false}],"testStage":{"description":"[US-666]/[2] As a user I would like to buy new \"Blouse\"","status":"failed","statusMessage":"Ups, something went really bad! Even Michael Scofield couldn't have predicted that error! :) expected [http://automationpractice.com/index.php] but found [http://automationpractice.com/]","statusTrace":"java.lang.AssertionError: Ups, something went really bad! Even Michael Scofield couldn't have predicted that error! :) expected [http://automationpractice.com/index.php] but found [http://automationpractice.com/]\n\tat org.testng.Assert.fail(Assert.java:99)\n\tat org.testng.Assert.failNotEquals(Assert.java:1037)\n\tat org.testng.Assert.assertEqualsImpl(Assert.java:140)\n\tat org.testng.Assert.assertEquals(Assert.java:122)\n\tat org.testng.Assert.assertEquals(Assert.java:629)\n\tat com.steps.MainPageSteps.iOpenHomePage(MainPageSteps.java:35)\n\tat tests.WebAPP.ShoppingLoggedUser_Tests.test_2(ShoppingLoggedUser_Tests.java:122)\n\tat java.base/jdk.internal.reflect.NativeMethodAccessorImpl.invoke0(Native Method)\n\tat java.base/jdk.internal.reflect.NativeMethodAccessorImpl.invoke(NativeMethodAccessorImpl.java:62)\n\tat java.base/jdk.internal.reflect.DelegatingMethodAccessorImpl.invoke(DelegatingMethodAccessorImpl.java:43)\n\tat java.base/java.lang.reflect.Method.invoke(Method.java:564)\n\tat org.testng.internal.MethodInvocationHelper.invokeMethod(MethodInvocationHelper.java:132)\n\tat org.testng.internal.TestInvoker.invokeMethod(TestInvoker.java:599)\n\tat org.testng.internal.TestInvoker.retryFailed(TestInvoker.java:214)\n\tat org.testng.internal.MethodRunner.runInSequence(MethodRunner.java:58)\n\tat org.testng.internal.TestInvoker$MethodInvocationAgent.invoke(TestInvoker.java:822)\n\tat org.testng.internal.TestInvoker.invokeTestMethods(TestInvoker.java:147)\n\tat org.testng.internal.TestMethodWorker.invokeTestMethods(TestMethodWorker.java:146)\n\tat org.testng.internal.TestMethodWorker.run(TestMethodWorker.java:128)\n\tat java.base/java.util.concurrent.ThreadPoolExecutor.runWorker(ThreadPoolExecutor.java:1130)\n\tat java.base/java.util.concurrent.ThreadPoolExecutor$Worker.run(ThreadPoolExecutor.java:630)\n\tat java.base/java.lang.Thread.run(Thread.java:832)\n","steps":[{"name":"I open home page","time":{"start":1657272220198,"stop":1657272220259,"duration":61},"status":"failed","statusMessage":"Ups, something went really bad! Even Michael Scofield couldn't have predicted that error! :) expected [http://automationpractice.com/index.php] but found [http://automationpractice.com/]","statusTrace":"java.lang.AssertionError: Ups, something went really bad! Even Michael Scofield couldn't have predicted that error! :) expected [http://automationpractice.com/index.php] but found [http://automationpractice.com/]\n\tat org.testng.Assert.fail(Assert.java:99)\n\tat org.testng.Assert.failNotEquals(Assert.java:1037)\n\tat org.testng.Assert.assertEqualsImpl(Assert.java:140)\n\tat org.testng.Assert.assertEquals(Assert.java:122)\n\tat org.testng.Assert.assertEquals(Assert.java:629)\n\tat com.steps.MainPageSteps.iOpenHomePage(MainPageSteps.java:35)\n\tat tests.WebAPP.ShoppingLoggedUser_Tests.test_2(ShoppingLoggedUser_Tests.java:122)\n\tat java.base/jdk.internal.reflect.NativeMethodAccessorImpl.invoke0(Native Method)\n\tat java.base/jdk.internal.reflect.NativeMethodAccessorImpl.invoke(NativeMethodAccessorImpl.java:62)\n\tat java.base/jdk.internal.reflect.DelegatingMethodAccessorImpl.invoke(DelegatingMethodAccessorImpl.java:43)\n\tat java.base/java.lang.reflect.Method.invoke(Method.java:564)\n\tat org.testng.internal.MethodInvocationHelper.invokeMethod(MethodInvocationHelper.java:132)\n\tat org.testng.internal.TestInvoker.invokeMethod(TestInvoker.java:599)\n\tat org.testng.internal.TestInvoker.retryFailed(TestInvoker.java:214)\n\tat org.testng.internal.MethodRunner.runInSequence(MethodRunner.java:58)\n\tat org.testng.internal.TestInvoker$MethodInvocationAgent.invoke(TestInvoker.java:822)\n\tat org.testng.internal.TestInvoker.invokeTestMethods(TestInvoker.java:147)\n\tat org.testng.internal.TestMethodWorker.invokeTestMethods(TestMethodWorker.java:146)\n\tat org.testng.internal.TestMethodWorker.run(TestMethodWorker.java:128)\n\tat java.base/java.util.concurrent.ThreadPoolExecutor.runWorker(ThreadPoolExecutor.java:1130)\n\tat java.base/java.util.concurrent.ThreadPoolExecutor$Worker.run(ThreadPoolExecutor.java:630)\n\tat java.base/java.lang.Thread.run(Thread.java:832)\n","steps":[],"attachments":[],"parameters":[],"stepsCount":0,"attachmentsCount":0,"shouldDisplayMessage":true,"hasContent":true}],"attachments":[{"uid":"4fb2acb6021b8395","name":"Scenario FAIL screenshot","source":"4fb2acb6021b8395.png","type":"image/png","size":18331},{"uid":"e468f4b8a4a4de89","name":"TestNG test FAIL logs","source":"e468f4b8a4a4de89.txt","type":"text/plain","size":2461}],"parameters":[],"stepsCount":1,"attachmentsCount":2,"shouldDisplayMessage":false,"hasContent":true},"afterStages":[{"name":"Teardown Test Class","time":{"start":1657272220405,"stop":1657272220483,"duration":78},"description":"Teardown Test Class","status":"passed","steps":[],"attachments":[],"parameters":[],"stepsCount":0,"attachmentsCount":0,"shouldDisplayMessage":false,"hasContent":false},{"name":"Teardown Test Suite","time":{"start":1657272463166,"stop":1657272464217,"duration":1051},"description":"Teardown Test Suite","status":"passed","steps":[],"attachments":[],"parameters":[],"stepsCount":0,"attachmentsCount":0,"shouldDisplayMessage":false,"hasContent":false}],"labels":[{"name":"package","value":"tests.WebAPP.ShoppingLoggedUser_Tests"},{"name":"testClass","value":"tests.WebAPP.ShoppingLoggedUser_Tests"},{"name":"testMethod","value":"test_2"},{"name":"parentSuite","value":"Automationpractice.com WEB - Kamil Nowocin"},{"name":"suite","value":"Automated tests for WEB client"},{"name":"subSuite","value":"tests.WebAPP.ShoppingLoggedUser_Tests"},{"name":"host","value":"travis-job-8f336578-11bb-48d2-b680-50b2eafe2c77"},{"name":"thread","value":"4333@travis-job-8f336578-11bb-48d2-b680-50b2eafe2c77.TestNG-test=Automated tests for WEB client-4(26)"},{"name":"framework","value":"testng"},{"name":"language","value":"java"},{"name":"owner","value":"Kamil Nowocin"},{"name":"story","value":"POSITIVE FLOW"},{"name":"epic","value":"Web App Tests"},{"name":"feature","value":"SHOPPING TESTS"},{"name":"severity","value":"critical"},{"name":"resultFormat","value":"allure2"}],"parameters":[],"links":[{"name":"STORY-666","url":"https://tracker.FAKE.com/jira/browse/AUTOMATION_PRACTICE/STORY-666","type":"tms"},{"name":"TAP-0040","url":"https://tracker.FAKE.com/jira/browse/AUTOMATION_PRACTICE/issue/TAP-0040","type":"issue"}],"hidden":false,"retry":false,"extra":{"severity":"critical","owner":"Kamil Nowocin","retries":[{"uid":"5d89c75c84c69899","status":"skipped","statusDetails":"Ups, something went really bad! Even Michael Scofield couldn't have predicted that error! :) expected [http://automationpractice.com/index.php] but found [http://automationpractice.com/]","time":{"start":1657272218090,"stop":1657272218944,"duration":854}}],"categories":[{"name":"Product defects","matchedStatuses":[],"flaky":false}],"history":{"statistic":{"failed":11,"broken":26,"skipped":15,"passed":358,"unknown":0,"total":410},"items":[{"uid":"7c500553954d6e6b","reportUrl":"https://app.travis-ci.com/kamil-nowocin/Test_Automation-automationpractice/builds/252661091/#testresult/7c500553954d6e6b","status":"broken","statusDetails":"unknown error: cannot determine loading status\nfrom unknown error: unexpected command response\n  (Session info: chrome=103.0.5060.53)\nBuild info: version: '3.141.59', revision: 'e82be7d358', time: '2018-11-14T08:17:03'\nSystem info: host: 'travis-job-cb9eab59-5ed5-4fab-81b7-ec633d891b06', ip: '127.0.0.1', os.name: 'Linux', os.arch: 'amd64', os.version: '5.4.0-1080-gcp', java.version: '14.0.2'\nDriver info: org.openqa.selenium.chrome.ChromeDriver\nCapabilities {acceptInsecureCerts: false, browserName: chrome, browserVersion: 103.0.5060.53, chrome: {chromedriverVersion: 103.0.5060.53 (a1711811edd7..., userDataDir: /tmp/.com.google.Chrome.NLu58I}, goog:chromeOptions: {debuggerAddress: localhost:44479}, javascriptEnabled: true, networkConnectionEnabled: false, pageLoadStrategy: normal, platform: LINUX, platformName: LINUX, proxy: Proxy(), setWindowRect: true, strictFileInteractability: false, timeouts: {implicit: 0, pageLoad: 300000, script: 30000}, unhandledPromptBehavior: dismiss and notify, webauthn:extension:credBlob: true, webauthn:extension:largeBlob: true, webauthn:virtualAuthenticators: true}\nSession ID: 53a1a5d19cb9b94594b595d0f918bf13","time":{"start":1656667450911,"stop":1656667464358,"duration":13447}},{"uid":"65684f00e5ca60e7","reportUrl":"https://app.travis-ci.com/kamil-nowocin/Test_Automation-automationpractice/builds/252375408/#testresult/65684f00e5ca60e7","status":"broken","statusDetails":"unknown error: unexpected command response\n  (Session info: chrome=103.0.5060.53)\nBuild info: version: '3.141.59', revision: 'e82be7d358', time: '2018-11-14T08:17:03'\nSystem info: host: 'travis-job-25887fd1-bd1f-44bc-9887-be193e8470fc', ip: '127.0.0.1', os.name: 'Linux', os.arch: 'amd64', os.version: '5.4.0-1080-gcp', java.version: '14.0.2'\nDriver info: org.openqa.selenium.chrome.ChromeDriver\nCapabilities {acceptInsecureCerts: false, browserName: chrome, browserVersion: 103.0.5060.53, chrome: {chromedriverVersion: 103.0.5060.53 (a1711811edd7..., userDataDir: /tmp/.com.google.Chrome.t878kV}, goog:chromeOptions: {debuggerAddress: localhost:40231}, javascriptEnabled: true, networkConnectionEnabled: false, pageLoadStrategy: normal, platform: LINUX, platformName: LINUX, proxy: Proxy(), setWindowRect: true, strictFileInteractability: false, timeouts: {implicit: 0, pageLoad: 300000, script: 30000}, unhandledPromptBehavior: dismiss and notify, webauthn:extension:credBlob: true, webauthn:extension:largeBlob: true, webauthn:virtualAuthenticators: true}\nSession ID: bd862dba0d1fdf6d2d14a9eaa8038786","time":{"start":1656062615432,"stop":1656062627216,"duration":11784}},{"uid":"380d14e3a53e62a1","reportUrl":"https://app.travis-ci.com/kamil-nowocin/Test_Automation-automationpractice/builds/252087816/#testresult/380d14e3a53e62a1","status":"passed","time":{"start":1655457921232,"stop":1655458058101,"duration":136869}},{"uid":"d0068cb88efc2c52","reportUrl":"https://app.travis-ci.com/kamil-nowocin/Test_Automation-automationpractice/builds/251799801/#testresult/d0068cb88efc2c52","status":"broken","statusDetails":"no such element: Unable to locate element: {\"method\":\"xpath\",\"selector\":\"//span[@class='cat-name']\"}\n  (Session info: chrome=102.0.5005.115)\nFor documentation on this error, please visit: https://www.seleniumhq.org/exceptions/no_such_element.html\nBuild info: version: '3.141.59', revision: 'e82be7d358', time: '2018-11-14T08:17:03'\nSystem info: host: 'travis-job-f6205103-a6d3-4b2f-b055-7d3baa1d5106', ip: '127.0.0.1', os.name: 'Linux', os.arch: 'amd64', os.version: '5.4.0-1075-gcp', java.version: '14.0.2'\nDriver info: org.openqa.selenium.chrome.ChromeDriver\nCapabilities {acceptInsecureCerts: false, browserName: chrome, browserVersion: 102.0.5005.115, chrome: {chromedriverVersion: 102.0.5005.61 (0e59bcc00cc4..., userDataDir: /tmp/.com.google.Chrome.tXuIaY}, goog:chromeOptions: {debuggerAddress: localhost:38207}, javascriptEnabled: true, networkConnectionEnabled: false, pageLoadStrategy: normal, platform: LINUX, platformName: LINUX, proxy: Proxy(), setWindowRect: true, strictFileInteractability: false, timeouts: {implicit: 0, pageLoad: 300000, script: 30000}, unhandledPromptBehavior: dismiss and notify, webauthn:extension:credBlob: true, webauthn:extension:largeBlob: true, webauthn:virtualAuthenticators: true}\nSession ID: 62c12173548e801499c74167e86b5e71\n*** Element info: {Using=xpath, value=//span[@class='cat-name']}","time":{"start":1654852991576,"stop":1654853041192,"duration":49616}},{"uid":"d511a4b740c11b28","reportUrl":"https://app.travis-ci.com/kamil-nowocin/Test_Automation-automationpractice/builds/251202991/#testresult/d511a4b740c11b28","status":"broken","statusDetails":"no such element: Unable to locate element: {\"method\":\"xpath\",\"selector\":\"//a[@class='account']//span\"}\n  (Session info: chrome=102.0.5005.61)\nFor documentation on this error, please visit: https://www.seleniumhq.org/exceptions/no_such_element.html\nBuild info: version: '3.141.59', revision: 'e82be7d358', time: '2018-11-14T08:17:03'\nSystem info: host: 'travis-job-35211d32-70ed-48bf-a03e-b131654554ea', ip: '127.0.0.1', os.name: 'Linux', os.arch: 'amd64', os.version: '5.4.0-1068-gcp', java.version: '14.0.2'\nDriver info: org.openqa.selenium.chrome.ChromeDriver\nCapabilities {acceptInsecureCerts: false, browserName: chrome, browserVersion: 102.0.5005.61, chrome: {chromedriverVersion: 102.0.5005.61 (0e59bcc00cc4..., userDataDir: /tmp/.com.google.Chrome.I2kP9K}, goog:chromeOptions: {debuggerAddress: localhost:39361}, javascriptEnabled: true, networkConnectionEnabled: false, pageLoadStrategy: normal, platform: LINUX, platformName: LINUX, proxy: Proxy(), setWindowRect: true, strictFileInteractability: false, timeouts: {implicit: 0, pageLoad: 300000, script: 30000}, unhandledPromptBehavior: dismiss and notify, webauthn:extension:credBlob: true, webauthn:extension:largeBlob: true, webauthn:virtualAuthenticators: true}\nSession ID: a8aedd8bdcd46e855a5959ffefa39da7\n*** Element info: {Using=xpath, value=//a[@class='account']//span}","time":{"start":1653643544256,"stop":1653643580356,"duration":36100}},{"uid":"4a9b07e46e8bed92","reportUrl":"https://app.travis-ci.com/kamil-nowocin/Test_Automation-automationpractice/builds/250914721/#testresult/4a9b07e46e8bed92","status":"failed","statusDetails":"Ups, something went really bad! Even Michael Scofield couldn't have predicted that error! :) expected [http://automationpractice.com/index.php] but found [http://automationpractice.com/]","time":{"start":1653038434302,"stop":1653038434953,"duration":651}},{"uid":"8c8a43e8c508693a","reportUrl":"https://app.travis-ci.com/kamil-nowocin/Test_Automation-automationpractice/builds/250614814/#testresult/8c8a43e8c508693a","status":"passed","time":{"start":1652433758695,"stop":1652433901703,"duration":143008}},{"uid":"ac1d7e15d762dcc8","reportUrl":"https://app.travis-ci.com/kamil-nowocin/Test_Automation-automationpractice/builds/250306724/#testresult/ac1d7e15d762dcc8","status":"passed","time":{"start":1651828935105,"stop":1651829026174,"duration":91069}},{"uid":"8e667ba406e86153","reportUrl":"https://app.travis-ci.com/kamil-nowocin/Test_Automation-automationpractice/builds/250038525/#testresult/8e667ba406e86153","status":"passed","time":{"start":1651224051856,"stop":1651224180494,"duration":128638}},{"uid":"6535fdc5ba12864a","reportUrl":"https://app.travis-ci.com/kamil-nowocin/Test_Automation-automationpractice/builds/249734656/#testresult/6535fdc5ba12864a","status":"passed","time":{"start":1650619176620,"stop":1650619245363,"duration":68743}},{"uid":"9449b65d92445fc3","reportUrl":"https://app.travis-ci.com/kamil-nowocin/Test_Automation-automationpractice/builds/249462194/#testresult/9449b65d92445fc3","status":"passed","time":{"start":1650014393317,"stop":1650014459504,"duration":66187}},{"uid":"5f2d0a5adba82f74","reportUrl":"https://app.travis-ci.com/kamil-nowocin/Test_Automation-automationpractice/builds/249127487/#testresult/5f2d0a5adba82f74","status":"passed","time":{"start":1649409681441,"stop":1649409822140,"duration":140699}},{"uid":"7fcc3dd5c1e2c848","reportUrl":"https://app.travis-ci.com/kamil-nowocin/Test_Automation-automationpractice/builds/248784009/#testresult/7fcc3dd5c1e2c848","status":"passed","time":{"start":1648804699309,"stop":1648804774123,"duration":74814}},{"uid":"2e1fc0559a51afcb","reportUrl":"https://app.travis-ci.com/kamil-nowocin/Test_Automation-automationpractice/builds/248427856/#testresult/2e1fc0559a51afcb","status":"broken","statusDetails":"Expected condition failed: waiting for visibility of Proxy element for: DefaultElementLocator 'By.xpath: //span[@class='navigation_page']' (tried for 15 second(s) with 500 milliseconds interval)","time":{"start":1648199902195,"stop":1648199985563,"duration":83368}},{"uid":"6cd92cb67c4ab4d5","reportUrl":"https://app.travis-ci.com/kamil-nowocin/Test_Automation-automationpractice/builds/248092754/#testresult/6cd92cb67c4ab4d5","status":"failed","statusDetails":"Ups, something went really bad! Even Michael Scofield couldn't have predicted that error! :) expected [http://automationpractice.com/index.php] but found [http://automationpractice.com/]","time":{"start":1647594992740,"stop":1647594993221,"duration":481}},{"uid":"c3455bacc861250a","reportUrl":"https://app.travis-ci.com/kamil-nowocin/Test_Automation-automationpractice/builds/247748235/#testresult/c3455bacc861250a","status":"broken","statusDetails":"no such element: Unable to locate element: {\"method\":\"xpath\",\"selector\":\"//span[@class='cat-name']\"}\n  (Session info: chrome=99.0.4844.51)\nFor documentation on this error, please visit: https://www.seleniumhq.org/exceptions/no_such_element.html\nBuild info: version: '3.141.59', revision: 'e82be7d358', time: '2018-11-14T08:17:03'\nSystem info: host: 'travis-job-94a0b5ce-87e9-4d74-b70f-92b09b464a53', ip: '127.0.0.1', os.name: 'Linux', os.arch: 'amd64', os.version: '5.4.0-1062-gcp', java.version: '14.0.2'\nDriver info: org.openqa.selenium.chrome.ChromeDriver\nCapabilities {acceptInsecureCerts: false, browserName: chrome, browserVersion: 99.0.4844.51, chrome: {chromedriverVersion: 99.0.4844.51 (d537ec02474b5..., userDataDir: /tmp/.com.google.Chrome.JlDDfR}, goog:chromeOptions: {debuggerAddress: localhost:41887}, javascriptEnabled: true, networkConnectionEnabled: false, pageLoadStrategy: normal, platform: LINUX, platformName: LINUX, proxy: Proxy(), setWindowRect: true, strictFileInteractability: false, timeouts: {implicit: 0, pageLoad: 300000, script: 30000}, unhandledPromptBehavior: dismiss and notify, webauthn:extension:credBlob: true, webauthn:extension:largeBlob: true, webauthn:virtualAuthenticators: true}\nSession ID: 78080c62303fcda7bb99d78427cea79c\n*** Element info: {Using=xpath, value=//span[@class='cat-name']}","time":{"start":1646990219826,"stop":1646990249798,"duration":29972}},{"uid":"8d8788c68ae00106","reportUrl":"https://app.travis-ci.com/kamil-nowocin/Test_Automation-automationpractice/builds/247400089/#testresult/8d8788c68ae00106","status":"passed","time":{"start":1646385386828,"stop":1646385431711,"duration":44883}},{"uid":"b22d9e0c3feff99e","reportUrl":"https://app.travis-ci.com/kamil-nowocin/Test_Automation-automationpractice/builds/247052515/#testresult/b22d9e0c3feff99e","status":"passed","time":{"start":1645780595615,"stop":1645780787229,"duration":191614}},{"uid":"a9d5e11aa93aed25","reportUrl":"https://app.travis-ci.com/kamil-nowocin/Test_Automation-automationpractice/builds/246687955/#testresult/a9d5e11aa93aed25","status":"passed","time":{"start":1645175744681,"stop":1645175807400,"duration":62719}},{"uid":"d19cf260b274ed1a","reportUrl":"https://app.travis-ci.com/kamil-nowocin/Test_Automation-automationpractice/builds/246291444/#testresult/d19cf260b274ed1a","status":"passed","time":{"start":1644570905810,"stop":1644570956326,"duration":50516}}]},"tags":[]},"source":"e66bc7ed8d922c20.json","parameterValues":[]}