{"uid":"efabada9e1780715","name":"[US-222]/[8] I am not able to send request via contact us form, all inputs are missing","fullName":"tests.WebAPP.CustomerService_Tests.test_8","historyId":"56840b86bce0171d5e98778319933f04","time":{"start":1658482397791,"stop":1658482398134,"duration":343},"description":"[US-222]/[8] As a user I am not able to send request via contact us form, all inputs are missing","descriptionHtml":"<p>[US-222]/[8] As a user I am not able to send request via contact us form, all inputs are missing</p>\n","status":"failed","statusMessage":"Ups, something went really bad! Even Michael Scofield couldn't have predicted that error! :) expected [http://automationpractice.com/index.php] but found [http://automationpractice.com/]","statusTrace":"java.lang.AssertionError: Ups, something went really bad! Even Michael Scofield couldn't have predicted that error! :) expected [http://automationpractice.com/index.php] but found [http://automationpractice.com/]\n\tat org.testng.Assert.fail(Assert.java:99)\n\tat org.testng.Assert.failNotEquals(Assert.java:1037)\n\tat org.testng.Assert.assertEqualsImpl(Assert.java:140)\n\tat org.testng.Assert.assertEquals(Assert.java:122)\n\tat org.testng.Assert.assertEquals(Assert.java:629)\n\tat com.steps.MainPageSteps.iOpenHomePage(MainPageSteps.java:35)\n\tat tests.WebAPP.CustomerService_Tests.test_8(CustomerService_Tests.java:268)\n\tat java.base/jdk.internal.reflect.NativeMethodAccessorImpl.invoke0(Native Method)\n\tat java.base/jdk.internal.reflect.NativeMethodAccessorImpl.invoke(NativeMethodAccessorImpl.java:62)\n\tat java.base/jdk.internal.reflect.DelegatingMethodAccessorImpl.invoke(DelegatingMethodAccessorImpl.java:43)\n\tat java.base/java.lang.reflect.Method.invoke(Method.java:564)\n\tat org.testng.internal.MethodInvocationHelper.invokeMethod(MethodInvocationHelper.java:132)\n\tat org.testng.internal.TestInvoker.invokeMethod(TestInvoker.java:599)\n\tat org.testng.internal.TestInvoker.retryFailed(TestInvoker.java:214)\n\tat org.testng.internal.MethodRunner.runInSequence(MethodRunner.java:58)\n\tat org.testng.internal.TestInvoker$MethodInvocationAgent.invoke(TestInvoker.java:822)\n\tat org.testng.internal.TestInvoker.invokeTestMethods(TestInvoker.java:147)\n\tat org.testng.internal.TestMethodWorker.invokeTestMethods(TestMethodWorker.java:146)\n\tat org.testng.internal.TestMethodWorker.run(TestMethodWorker.java:128)\n\tat java.base/java.util.concurrent.ThreadPoolExecutor.runWorker(ThreadPoolExecutor.java:1130)\n\tat java.base/java.util.concurrent.ThreadPoolExecutor$Worker.run(ThreadPoolExecutor.java:630)\n\tat java.base/java.lang.Thread.run(Thread.java:832)\n","flaky":false,"newFailed":true,"newBroken":false,"newPassed":false,"retriesCount":1,"retriesStatusChange":true,"beforeStages":[{"name":"Setting up Excel File","time":{"start":1658481850503,"stop":1658481850558,"duration":55},"description":"Setting up Excel File","status":"passed","steps":[],"attachments":[],"parameters":[],"stepsCount":0,"attachmentsCount":0,"shouldDisplayMessage":false,"hasContent":false},{"name":"Setting up Test Class","time":{"start":1658482397211,"stop":1658482397788,"duration":577},"description":"Setting up Test Class","status":"passed","steps":[],"attachments":[],"parameters":[],"stepsCount":0,"attachmentsCount":0,"shouldDisplayMessage":false,"hasContent":false}],"testStage":{"description":"[US-222]/[8] As a user I am not able to send request via contact us form, all inputs are missing","status":"failed","statusMessage":"Ups, something went really bad! Even Michael Scofield couldn't have predicted that error! :) expected [http://automationpractice.com/index.php] but found [http://automationpractice.com/]","statusTrace":"java.lang.AssertionError: Ups, something went really bad! Even Michael Scofield couldn't have predicted that error! :) expected [http://automationpractice.com/index.php] but found [http://automationpractice.com/]\n\tat org.testng.Assert.fail(Assert.java:99)\n\tat org.testng.Assert.failNotEquals(Assert.java:1037)\n\tat org.testng.Assert.assertEqualsImpl(Assert.java:140)\n\tat org.testng.Assert.assertEquals(Assert.java:122)\n\tat org.testng.Assert.assertEquals(Assert.java:629)\n\tat com.steps.MainPageSteps.iOpenHomePage(MainPageSteps.java:35)\n\tat tests.WebAPP.CustomerService_Tests.test_8(CustomerService_Tests.java:268)\n\tat java.base/jdk.internal.reflect.NativeMethodAccessorImpl.invoke0(Native Method)\n\tat java.base/jdk.internal.reflect.NativeMethodAccessorImpl.invoke(NativeMethodAccessorImpl.java:62)\n\tat java.base/jdk.internal.reflect.DelegatingMethodAccessorImpl.invoke(DelegatingMethodAccessorImpl.java:43)\n\tat java.base/java.lang.reflect.Method.invoke(Method.java:564)\n\tat org.testng.internal.MethodInvocationHelper.invokeMethod(MethodInvocationHelper.java:132)\n\tat org.testng.internal.TestInvoker.invokeMethod(TestInvoker.java:599)\n\tat org.testng.internal.TestInvoker.retryFailed(TestInvoker.java:214)\n\tat org.testng.internal.MethodRunner.runInSequence(MethodRunner.java:58)\n\tat org.testng.internal.TestInvoker$MethodInvocationAgent.invoke(TestInvoker.java:822)\n\tat org.testng.internal.TestInvoker.invokeTestMethods(TestInvoker.java:147)\n\tat org.testng.internal.TestMethodWorker.invokeTestMethods(TestMethodWorker.java:146)\n\tat org.testng.internal.TestMethodWorker.run(TestMethodWorker.java:128)\n\tat java.base/java.util.concurrent.ThreadPoolExecutor.runWorker(ThreadPoolExecutor.java:1130)\n\tat java.base/java.util.concurrent.ThreadPoolExecutor$Worker.run(ThreadPoolExecutor.java:630)\n\tat java.base/java.lang.Thread.run(Thread.java:832)\n","steps":[{"name":"I open home page","time":{"start":1658482397980,"stop":1658482398032,"duration":52},"status":"failed","statusMessage":"Ups, something went really bad! Even Michael Scofield couldn't have predicted that error! :) expected [http://automationpractice.com/index.php] but found [http://automationpractice.com/]","statusTrace":"java.lang.AssertionError: Ups, something went really bad! Even Michael Scofield couldn't have predicted that error! :) expected [http://automationpractice.com/index.php] but found [http://automationpractice.com/]\n\tat org.testng.Assert.fail(Assert.java:99)\n\tat org.testng.Assert.failNotEquals(Assert.java:1037)\n\tat org.testng.Assert.assertEqualsImpl(Assert.java:140)\n\tat org.testng.Assert.assertEquals(Assert.java:122)\n\tat org.testng.Assert.assertEquals(Assert.java:629)\n\tat com.steps.MainPageSteps.iOpenHomePage(MainPageSteps.java:35)\n\tat tests.WebAPP.CustomerService_Tests.test_8(CustomerService_Tests.java:268)\n\tat java.base/jdk.internal.reflect.NativeMethodAccessorImpl.invoke0(Native Method)\n\tat java.base/jdk.internal.reflect.NativeMethodAccessorImpl.invoke(NativeMethodAccessorImpl.java:62)\n\tat java.base/jdk.internal.reflect.DelegatingMethodAccessorImpl.invoke(DelegatingMethodAccessorImpl.java:43)\n\tat java.base/java.lang.reflect.Method.invoke(Method.java:564)\n\tat org.testng.internal.MethodInvocationHelper.invokeMethod(MethodInvocationHelper.java:132)\n\tat org.testng.internal.TestInvoker.invokeMethod(TestInvoker.java:599)\n\tat org.testng.internal.TestInvoker.retryFailed(TestInvoker.java:214)\n\tat org.testng.internal.MethodRunner.runInSequence(MethodRunner.java:58)\n\tat org.testng.internal.TestInvoker$MethodInvocationAgent.invoke(TestInvoker.java:822)\n\tat org.testng.internal.TestInvoker.invokeTestMethods(TestInvoker.java:147)\n\tat org.testng.internal.TestMethodWorker.invokeTestMethods(TestMethodWorker.java:146)\n\tat org.testng.internal.TestMethodWorker.run(TestMethodWorker.java:128)\n\tat java.base/java.util.concurrent.ThreadPoolExecutor.runWorker(ThreadPoolExecutor.java:1130)\n\tat java.base/java.util.concurrent.ThreadPoolExecutor$Worker.run(ThreadPoolExecutor.java:630)\n\tat java.base/java.lang.Thread.run(Thread.java:832)\n","steps":[],"attachments":[],"parameters":[],"stepsCount":0,"attachmentsCount":0,"shouldDisplayMessage":true,"hasContent":true}],"attachments":[{"uid":"7649ab34c65374a","name":"Scenario FAIL screenshot","source":"7649ab34c65374a.png","type":"image/png","size":18331},{"uid":"e9febe915c058020","name":"TestNG test FAIL logs","source":"e9febe915c058020.txt","type":"text/plain","size":2645}],"parameters":[],"stepsCount":1,"attachmentsCount":2,"shouldDisplayMessage":false,"hasContent":true},"afterStages":[{"name":"Teardown Test Class","time":{"start":1658482398135,"stop":1658482398208,"duration":73},"description":"Teardown Test Class","status":"passed","steps":[],"attachments":[],"parameters":[],"stepsCount":0,"attachmentsCount":0,"shouldDisplayMessage":false,"hasContent":false},{"name":"Teardown Test Suite","time":{"start":1658482406518,"stop":1658482407493,"duration":975},"description":"Teardown Test Suite","status":"passed","steps":[],"attachments":[],"parameters":[],"stepsCount":0,"attachmentsCount":0,"shouldDisplayMessage":false,"hasContent":false}],"labels":[{"name":"package","value":"tests.WebAPP.CustomerService_Tests"},{"name":"testClass","value":"tests.WebAPP.CustomerService_Tests"},{"name":"testMethod","value":"test_8"},{"name":"parentSuite","value":"Automationpractice.com WEB - Kamil Nowocin"},{"name":"suite","value":"Automated tests for WEB client"},{"name":"subSuite","value":"tests.WebAPP.CustomerService_Tests"},{"name":"host","value":"travis-job-93ac8fbd-e381-4f82-99dd-da1b03ecbd83"},{"name":"thread","value":"4372@travis-job-93ac8fbd-e381-4f82-99dd-da1b03ecbd83.TestNG-test=Automated tests for WEB client-2(24)"},{"name":"framework","value":"testng"},{"name":"language","value":"java"},{"name":"owner","value":"Kamil Nowocin"},{"name":"story","value":"NEGATIVE FLOW"},{"name":"feature","value":"CUSTOMER SERVICE TESTS"},{"name":"epic","value":"Web App Tests"},{"name":"severity","value":"normal"},{"name":"resultFormat","value":"allure2"}],"parameters":[],"links":[{"name":"STORY-222","url":"https://tracker.FAKE.com/jira/browse/AUTOMATION_PRACTICE/STORY-222","type":"tms"},{"name":"TAP-0012","url":"https://tracker.FAKE.com/jira/browse/AUTOMATION_PRACTICE/issue/TAP-0012","type":"issue"}],"hidden":false,"retry":false,"extra":{"severity":"normal","owner":"Kamil Nowocin","retries":[{"uid":"ed63dd7ca70ec09f","status":"skipped","statusDetails":"Expected condition failed: waiting for element to be clickable: Proxy element for: DefaultElementLocator 'By.xpath: //div[@id='contact-link']' (tried for 15 second(s) with 500 milliseconds interval)","time":{"start":1658482358219,"stop":1658482397139,"duration":38920}}],"categories":[{"name":"Product defects","matchedStatuses":[],"flaky":false}],"history":{"statistic":{"failed":11,"broken":6,"skipped":14,"passed":383,"unknown":0,"total":414},"items":[{"uid":"aac0fabd589be982","reportUrl":"https://app.travis-ci.com/kamil-nowocin/Test_Automation-automationpractice/builds/253242574/#testresult/aac0fabd589be982","status":"broken","statusDetails":"unknown error: cannot determine loading status\nfrom unknown error: unexpected command response\n  (Session info: chrome=103.0.5060.114)\nBuild info: version: '3.141.59', revision: 'e82be7d358', time: '2018-11-14T08:17:03'\nSystem info: host: 'travis-job-15cdc169-8e30-4cb8-91b4-a9263fb7f21d', ip: '127.0.0.1', os.name: 'Linux', os.arch: 'amd64', os.version: '5.4.0-1080-gcp', java.version: '14.0.2'\nDriver info: org.openqa.selenium.chrome.ChromeDriver\nCapabilities {acceptInsecureCerts: false, browserName: chrome, browserVersion: 103.0.5060.114, chrome: {chromedriverVersion: 103.0.5060.53 (a1711811edd7..., userDataDir: /tmp/.com.google.Chrome.LiSixY}, goog:chromeOptions: {debuggerAddress: localhost:45741}, javascriptEnabled: true, networkConnectionEnabled: false, pageLoadStrategy: normal, platform: LINUX, platformName: LINUX, proxy: Proxy(), setWindowRect: true, strictFileInteractability: false, timeouts: {implicit: 0, pageLoad: 300000, script: 30000}, unhandledPromptBehavior: dismiss and notify, webauthn:extension:credBlob: true, webauthn:extension:largeBlob: true, webauthn:virtualAuthenticators: true}\nSession ID: 8930bb23edb5e828001e51dda2c101e7","time":{"start":1657877379576,"stop":1657877387550,"duration":7974}},{"uid":"e073c3b78511c115","reportUrl":"https://app.travis-ci.com/kamil-nowocin/Test_Automation-automationpractice/builds/252975619/#testresult/e073c3b78511c115","status":"broken","statusDetails":"Expected condition failed: waiting for element to be clickable: Proxy element for: DefaultElementLocator 'By.xpath: //div[@id='contact-link']' (tried for 15 second(s) with 500 milliseconds interval)","time":{"start":1657272446039,"stop":1657272462885,"duration":16846}},{"uid":"624b3968857e1cc3","reportUrl":"https://app.travis-ci.com/kamil-nowocin/Test_Automation-automationpractice/builds/252661091/#testresult/624b3968857e1cc3","status":"broken","statusDetails":"unknown error: cannot determine loading status\nfrom unknown error: unexpected command response\n  (Session info: chrome=103.0.5060.53)\nBuild info: version: '3.141.59', revision: 'e82be7d358', time: '2018-11-14T08:17:03'\nSystem info: host: 'travis-job-cb9eab59-5ed5-4fab-81b7-ec633d891b06', ip: '127.0.0.1', os.name: 'Linux', os.arch: 'amd64', os.version: '5.4.0-1080-gcp', java.version: '14.0.2'\nDriver info: org.openqa.selenium.chrome.ChromeDriver\nCapabilities {acceptInsecureCerts: false, browserName: chrome, browserVersion: 103.0.5060.53, chrome: {chromedriverVersion: 103.0.5060.53 (a1711811edd7..., userDataDir: /tmp/.com.google.Chrome.McqFkw}, goog:chromeOptions: {debuggerAddress: localhost:34691}, javascriptEnabled: true, networkConnectionEnabled: false, pageLoadStrategy: normal, platform: LINUX, platformName: LINUX, proxy: Proxy(), setWindowRect: true, strictFileInteractability: false, timeouts: {implicit: 0, pageLoad: 300000, script: 30000}, unhandledPromptBehavior: dismiss and notify, webauthn:extension:credBlob: true, webauthn:extension:largeBlob: true, webauthn:virtualAuthenticators: true}\nSession ID: 1a335563bc315e769bd768a1beea5b50","time":{"start":1656667680424,"stop":1656667686404,"duration":5980}},{"uid":"858121dc17a4a2a4","reportUrl":"https://app.travis-ci.com/kamil-nowocin/Test_Automation-automationpractice/builds/252375408/#testresult/858121dc17a4a2a4","status":"broken","statusDetails":"unknown error: unexpected command response\n  (Session info: chrome=103.0.5060.53)\nBuild info: version: '3.141.59', revision: 'e82be7d358', time: '2018-11-14T08:17:03'\nSystem info: host: 'travis-job-25887fd1-bd1f-44bc-9887-be193e8470fc', ip: '127.0.0.1', os.name: 'Linux', os.arch: 'amd64', os.version: '5.4.0-1080-gcp', java.version: '14.0.2'\nDriver info: org.openqa.selenium.chrome.ChromeDriver\nCapabilities {acceptInsecureCerts: false, browserName: chrome, browserVersion: 103.0.5060.53, chrome: {chromedriverVersion: 103.0.5060.53 (a1711811edd7..., userDataDir: /tmp/.com.google.Chrome.4tZWFF}, goog:chromeOptions: {debuggerAddress: localhost:36639}, javascriptEnabled: true, networkConnectionEnabled: false, pageLoadStrategy: normal, platform: LINUX, platformName: LINUX, proxy: Proxy(), setWindowRect: true, strictFileInteractability: false, timeouts: {implicit: 0, pageLoad: 300000, script: 30000}, unhandledPromptBehavior: dismiss and notify, webauthn:extension:credBlob: true, webauthn:extension:largeBlob: true, webauthn:virtualAuthenticators: true}\nSession ID: 81449b17a1bd3584009f6d6589701b90","time":{"start":1656062904271,"stop":1656062916972,"duration":12701}},{"uid":"cef35095c6292651","reportUrl":"https://app.travis-ci.com/kamil-nowocin/Test_Automation-automationpractice/builds/252087816/#testresult/cef35095c6292651","status":"passed","time":{"start":1655458226343,"stop":1655458251978,"duration":25635}},{"uid":"1a76daa0f70a5333","reportUrl":"https://app.travis-ci.com/kamil-nowocin/Test_Automation-automationpractice/builds/251799801/#testresult/1a76daa0f70a5333","status":"broken","statusDetails":"Expected condition failed: waiting for element to be clickable: Proxy element for: DefaultElementLocator 'By.xpath: //div[@id='contact-link']' (tried for 15 second(s) with 500 milliseconds interval)","time":{"start":1654853276318,"stop":1654853308685,"duration":32367}},{"uid":"d85df9ba4e4b714f","reportUrl":"https://app.travis-ci.com/kamil-nowocin/Test_Automation-automationpractice/builds/251202991/#testresult/d85df9ba4e4b714f","status":"failed","statusDetails":"Ups, something went really bad! Even Michael Scofield couldn't have predicted that error! :) expected [http://automationpractice.com/index.php] but found [http://automationpractice.com/]","time":{"start":1653643789618,"stop":1653643789934,"duration":316}},{"uid":"75b1fd36a6a9e8cb","reportUrl":"https://app.travis-ci.com/kamil-nowocin/Test_Automation-automationpractice/builds/250914721/#testresult/75b1fd36a6a9e8cb","status":"passed","time":{"start":1653038846994,"stop":1653038870912,"duration":23918}},{"uid":"8762edff5c6bbcd3","reportUrl":"https://app.travis-ci.com/kamil-nowocin/Test_Automation-automationpractice/builds/250614814/#testresult/8762edff5c6bbcd3","status":"failed","statusDetails":"Ups, something went really bad! Even Michael Scofield couldn't have predicted that error! :) expected [http://automationpractice.com/index.php] but found [http://automationpractice.com/]","time":{"start":1652434187236,"stop":1652434192836,"duration":5600}},{"uid":"83f9e9c2ad472bdb","reportUrl":"https://app.travis-ci.com/kamil-nowocin/Test_Automation-automationpractice/builds/250306724/#testresult/83f9e9c2ad472bdb","status":"passed","time":{"start":1651829170343,"stop":1651829192976,"duration":22633}},{"uid":"f78aa6d14e330a7a","reportUrl":"https://app.travis-ci.com/kamil-nowocin/Test_Automation-automationpractice/builds/250038525/#testresult/f78aa6d14e330a7a","status":"passed","time":{"start":1651224367294,"stop":1651224406166,"duration":38872}},{"uid":"a3c708756b52156c","reportUrl":"https://app.travis-ci.com/kamil-nowocin/Test_Automation-automationpractice/builds/249734656/#testresult/a3c708756b52156c","status":"passed","time":{"start":1650619487442,"stop":1650619505599,"duration":18157}},{"uid":"ce20e5149355c899","reportUrl":"https://app.travis-ci.com/kamil-nowocin/Test_Automation-automationpractice/builds/249462194/#testresult/ce20e5149355c899","status":"passed","time":{"start":1650014553317,"stop":1650014564222,"duration":10905}},{"uid":"bba2bee8bcd9900b","reportUrl":"https://app.travis-ci.com/kamil-nowocin/Test_Automation-automationpractice/builds/249127487/#testresult/bba2bee8bcd9900b","status":"passed","time":{"start":1649409964970,"stop":1649409993750,"duration":28780}},{"uid":"136788807f4605ab","reportUrl":"https://app.travis-ci.com/kamil-nowocin/Test_Automation-automationpractice/builds/248784009/#testresult/136788807f4605ab","status":"passed","time":{"start":1648804922099,"stop":1648804937191,"duration":15092}},{"uid":"dde634cf727286be","reportUrl":"https://app.travis-ci.com/kamil-nowocin/Test_Automation-automationpractice/builds/248427856/#testresult/dde634cf727286be","status":"passed","time":{"start":1648200170014,"stop":1648200180451,"duration":10437}},{"uid":"2e10229046750927","reportUrl":"https://app.travis-ci.com/kamil-nowocin/Test_Automation-automationpractice/builds/248092754/#testresult/2e10229046750927","status":"passed","time":{"start":1647595283905,"stop":1647595313887,"duration":29982}},{"uid":"fbe6ffa2142d3ba1","reportUrl":"https://app.travis-ci.com/kamil-nowocin/Test_Automation-automationpractice/builds/247748235/#testresult/fbe6ffa2142d3ba1","status":"passed","time":{"start":1646990466608,"stop":1646990487651,"duration":21043}},{"uid":"fa7e8365079aa3f8","reportUrl":"https://app.travis-ci.com/kamil-nowocin/Test_Automation-automationpractice/builds/247400089/#testresult/fa7e8365079aa3f8","status":"passed","time":{"start":1646385551152,"stop":1646385558800,"duration":7648}},{"uid":"40c4b72d5401788a","reportUrl":"https://app.travis-ci.com/kamil-nowocin/Test_Automation-automationpractice/builds/247052515/#testresult/40c4b72d5401788a","status":"passed","time":{"start":1645781185715,"stop":1645781217768,"duration":32053}}]},"tags":[]},"source":"efabada9e1780715.json","parameterValues":[]}