{
  "uid" : "f1931ecc7eab1bba",
  "name" : "[US-333]/[1] I check availability of registration page form",
  "fullName" : "tests.WebAPP.Registration_Tests.test_1",
  "historyId" : "e4a2f90ea083dec0c4c5b8a7a0636140",
  "time" : {
    "start" : 1647594991989,
    "stop" : 1647594999381,
    "duration" : 7392
  },
  "description" : "[US-333]/[1] As a user I check availability of registration page form",
  "descriptionHtml" : "<p>[US-333]/[1] As a user I check availability of registration page form</p>\n",
  "status" : "failed",
  "statusMessage" : "Ups, something went really bad! Even Michael Scofield couldn't have predicted that error! :) expected [http://automationpractice.com/index.php] but found [http://automationpractice.com/]",
  "statusTrace" : "java.lang.AssertionError: Ups, something went really bad! Even Michael Scofield couldn't have predicted that error! :) expected [http://automationpractice.com/index.php] but found [http://automationpractice.com/]\n\tat org.testng.Assert.fail(Assert.java:99)\n\tat org.testng.Assert.failNotEquals(Assert.java:1037)\n\tat org.testng.Assert.assertEqualsImpl(Assert.java:140)\n\tat org.testng.Assert.assertEquals(Assert.java:122)\n\tat org.testng.Assert.assertEquals(Assert.java:629)\n\tat com.steps.MainPageSteps.iOpenHomePage(MainPageSteps.java:35)\n\tat tests.WebAPP.Registration_Tests.test_1(Registration_Tests.java:45)\n\tat java.base/jdk.internal.reflect.NativeMethodAccessorImpl.invoke0(Native Method)\n\tat java.base/jdk.internal.reflect.NativeMethodAccessorImpl.invoke(NativeMethodAccessorImpl.java:62)\n\tat java.base/jdk.internal.reflect.DelegatingMethodAccessorImpl.invoke(DelegatingMethodAccessorImpl.java:43)\n\tat java.base/java.lang.reflect.Method.invoke(Method.java:564)\n\tat org.testng.internal.MethodInvocationHelper.invokeMethod(MethodInvocationHelper.java:132)\n\tat org.testng.internal.TestInvoker.invokeMethod(TestInvoker.java:599)\n\tat org.testng.internal.TestInvoker.retryFailed(TestInvoker.java:214)\n\tat org.testng.internal.MethodRunner.runInSequence(MethodRunner.java:58)\n\tat org.testng.internal.TestInvoker$MethodInvocationAgent.invoke(TestInvoker.java:822)\n\tat org.testng.internal.TestInvoker.invokeTestMethods(TestInvoker.java:147)\n\tat org.testng.internal.TestMethodWorker.invokeTestMethods(TestMethodWorker.java:146)\n\tat org.testng.internal.TestMethodWorker.run(TestMethodWorker.java:128)\n\tat java.base/java.util.concurrent.ThreadPoolExecutor.runWorker(ThreadPoolExecutor.java:1130)\n\tat java.base/java.util.concurrent.ThreadPoolExecutor$Worker.run(ThreadPoolExecutor.java:630)\n\tat java.base/java.lang.Thread.run(Thread.java:832)\n",
  "flaky" : false,
  "newFailed" : true,
  "newBroken" : false,
  "newPassed" : false,
  "retriesCount" : 1,
  "retriesStatusChange" : true,
  "beforeStages" : [ {
    "name" : "Setting up Excel File",
    "time" : {
      "start" : 1647594948684,
      "stop" : 1647594948760,
      "duration" : 76
    },
    "description" : "Setting up Excel File",
    "status" : "passed",
    "steps" : [ ],
    "attachments" : [ ],
    "parameters" : [ ],
    "stepsCount" : 0,
    "attachmentsCount" : 0,
    "shouldDisplayMessage" : false,
    "hasContent" : false
  }, {
    "name" : "Setting up Test Class",
    "time" : {
      "start" : 1647594990949,
      "stop" : 1647594991982,
      "duration" : 1033
    },
    "description" : "Setting up Test Class",
    "status" : "passed",
    "steps" : [ ],
    "attachments" : [ ],
    "parameters" : [ ],
    "stepsCount" : 0,
    "attachmentsCount" : 0,
    "shouldDisplayMessage" : false,
    "hasContent" : false
  } ],
  "testStage" : {
    "description" : "[US-333]/[1] As a user I check availability of registration page form",
    "status" : "failed",
    "statusMessage" : "Ups, something went really bad! Even Michael Scofield couldn't have predicted that error! :) expected [http://automationpractice.com/index.php] but found [http://automationpractice.com/]",
    "statusTrace" : "java.lang.AssertionError: Ups, something went really bad! Even Michael Scofield couldn't have predicted that error! :) expected [http://automationpractice.com/index.php] but found [http://automationpractice.com/]\n\tat org.testng.Assert.fail(Assert.java:99)\n\tat org.testng.Assert.failNotEquals(Assert.java:1037)\n\tat org.testng.Assert.assertEqualsImpl(Assert.java:140)\n\tat org.testng.Assert.assertEquals(Assert.java:122)\n\tat org.testng.Assert.assertEquals(Assert.java:629)\n\tat com.steps.MainPageSteps.iOpenHomePage(MainPageSteps.java:35)\n\tat tests.WebAPP.Registration_Tests.test_1(Registration_Tests.java:45)\n\tat java.base/jdk.internal.reflect.NativeMethodAccessorImpl.invoke0(Native Method)\n\tat java.base/jdk.internal.reflect.NativeMethodAccessorImpl.invoke(NativeMethodAccessorImpl.java:62)\n\tat java.base/jdk.internal.reflect.DelegatingMethodAccessorImpl.invoke(DelegatingMethodAccessorImpl.java:43)\n\tat java.base/java.lang.reflect.Method.invoke(Method.java:564)\n\tat org.testng.internal.MethodInvocationHelper.invokeMethod(MethodInvocationHelper.java:132)\n\tat org.testng.internal.TestInvoker.invokeMethod(TestInvoker.java:599)\n\tat org.testng.internal.TestInvoker.retryFailed(TestInvoker.java:214)\n\tat org.testng.internal.MethodRunner.runInSequence(MethodRunner.java:58)\n\tat org.testng.internal.TestInvoker$MethodInvocationAgent.invoke(TestInvoker.java:822)\n\tat org.testng.internal.TestInvoker.invokeTestMethods(TestInvoker.java:147)\n\tat org.testng.internal.TestMethodWorker.invokeTestMethods(TestMethodWorker.java:146)\n\tat org.testng.internal.TestMethodWorker.run(TestMethodWorker.java:128)\n\tat java.base/java.util.concurrent.ThreadPoolExecutor.runWorker(ThreadPoolExecutor.java:1130)\n\tat java.base/java.util.concurrent.ThreadPoolExecutor$Worker.run(ThreadPoolExecutor.java:630)\n\tat java.base/java.lang.Thread.run(Thread.java:832)\n",
    "steps" : [ {
      "name" : "I open home page",
      "time" : {
        "start" : 1647594999171,
        "stop" : 1647594999229,
        "duration" : 58
      },
      "status" : "failed",
      "statusMessage" : "Ups, something went really bad! Even Michael Scofield couldn't have predicted that error! :) expected [http://automationpractice.com/index.php] but found [http://automationpractice.com/]",
      "statusTrace" : "java.lang.AssertionError: Ups, something went really bad! Even Michael Scofield couldn't have predicted that error! :) expected [http://automationpractice.com/index.php] but found [http://automationpractice.com/]\n\tat org.testng.Assert.fail(Assert.java:99)\n\tat org.testng.Assert.failNotEquals(Assert.java:1037)\n\tat org.testng.Assert.assertEqualsImpl(Assert.java:140)\n\tat org.testng.Assert.assertEquals(Assert.java:122)\n\tat org.testng.Assert.assertEquals(Assert.java:629)\n\tat com.steps.MainPageSteps.iOpenHomePage(MainPageSteps.java:35)\n\tat tests.WebAPP.Registration_Tests.test_1(Registration_Tests.java:45)\n\tat java.base/jdk.internal.reflect.NativeMethodAccessorImpl.invoke0(Native Method)\n\tat java.base/jdk.internal.reflect.NativeMethodAccessorImpl.invoke(NativeMethodAccessorImpl.java:62)\n\tat java.base/jdk.internal.reflect.DelegatingMethodAccessorImpl.invoke(DelegatingMethodAccessorImpl.java:43)\n\tat java.base/java.lang.reflect.Method.invoke(Method.java:564)\n\tat org.testng.internal.MethodInvocationHelper.invokeMethod(MethodInvocationHelper.java:132)\n\tat org.testng.internal.TestInvoker.invokeMethod(TestInvoker.java:599)\n\tat org.testng.internal.TestInvoker.retryFailed(TestInvoker.java:214)\n\tat org.testng.internal.MethodRunner.runInSequence(MethodRunner.java:58)\n\tat org.testng.internal.TestInvoker$MethodInvocationAgent.invoke(TestInvoker.java:822)\n\tat org.testng.internal.TestInvoker.invokeTestMethods(TestInvoker.java:147)\n\tat org.testng.internal.TestMethodWorker.invokeTestMethods(TestMethodWorker.java:146)\n\tat org.testng.internal.TestMethodWorker.run(TestMethodWorker.java:128)\n\tat java.base/java.util.concurrent.ThreadPoolExecutor.runWorker(ThreadPoolExecutor.java:1130)\n\tat java.base/java.util.concurrent.ThreadPoolExecutor$Worker.run(ThreadPoolExecutor.java:630)\n\tat java.base/java.lang.Thread.run(Thread.java:832)\n",
      "steps" : [ ],
      "attachments" : [ ],
      "parameters" : [ ],
      "stepsCount" : 0,
      "attachmentsCount" : 0,
      "shouldDisplayMessage" : true,
      "hasContent" : true
    } ],
    "attachments" : [ {
      "uid" : "3220c9e9e08c6f0a",
      "name" : "Scenario FAIL screenshot",
      "source" : "3220c9e9e08c6f0a.png",
      "type" : "image/png",
      "size" : 18331
    }, {
      "uid" : "f78751fb7f784db4",
      "name" : "TestNG test FAIL logs",
      "source" : "f78751fb7f784db4.txt",
      "type" : "text/plain",
      "size" : 3458
    } ],
    "parameters" : [ ],
    "stepsCount" : 1,
    "attachmentsCount" : 2,
    "shouldDisplayMessage" : false,
    "hasContent" : true
  },
  "afterStages" : [ {
    "name" : "Teardown Test Class",
    "time" : {
      "start" : 1647594999382,
      "stop" : 1647594999462,
      "duration" : 80
    },
    "description" : "Teardown Test Class",
    "status" : "passed",
    "steps" : [ ],
    "attachments" : [ ],
    "parameters" : [ ],
    "stepsCount" : 0,
    "attachmentsCount" : 0,
    "shouldDisplayMessage" : false,
    "hasContent" : false
  }, {
    "name" : "Teardown Test Suite",
    "time" : {
      "start" : 1647595451257,
      "stop" : 1647595452274,
      "duration" : 1017
    },
    "description" : "Teardown Test Suite",
    "status" : "passed",
    "steps" : [ ],
    "attachments" : [ ],
    "parameters" : [ ],
    "stepsCount" : 0,
    "attachmentsCount" : 0,
    "shouldDisplayMessage" : false,
    "hasContent" : false
  } ],
  "labels" : [ {
    "name" : "package",
    "value" : "tests.WebAPP.Registration_Tests"
  }, {
    "name" : "testClass",
    "value" : "tests.WebAPP.Registration_Tests"
  }, {
    "name" : "testMethod",
    "value" : "test_1"
  }, {
    "name" : "parentSuite",
    "value" : "Automationpractice.com WEB - Kamil Nowocin"
  }, {
    "name" : "suite",
    "value" : "Automated tests for WEB client"
  }, {
    "name" : "subSuite",
    "value" : "tests.WebAPP.Registration_Tests"
  }, {
    "name" : "host",
    "value" : "travis-job-e750a587-e199-4192-8cac-7b1b8f481336"
  }, {
    "name" : "thread",
    "value" : "4408@travis-job-e750a587-e199-4192-8cac-7b1b8f481336.TestNG-test=Automated tests for WEB client-2(24)"
  }, {
    "name" : "framework",
    "value" : "testng"
  }, {
    "name" : "language",
    "value" : "java"
  }, {
    "name" : "owner",
    "value" : "Kamil Nowocin"
  }, {
    "name" : "story",
    "value" : "POSITIVE FLOW"
  }, {
    "name" : "feature",
    "value" : "REGISTRATION TESTS"
  }, {
    "name" : "epic",
    "value" : "Web App Tests"
  }, {
    "name" : "severity",
    "value" : "critical"
  }, {
    "name" : "resultFormat",
    "value" : "allure2"
  } ],
  "parameters" : [ ],
  "links" : [ {
    "name" : "TAP-0013",
    "url" : "https://tracker.FAKE.com/jira/browse/AUTOMATION_PRACTICE/issue/TAP-0013",
    "type" : "issue"
  }, {
    "name" : "STORY-333",
    "url" : "https://tracker.FAKE.com/jira/browse/AUTOMATION_PRACTICE/STORY-333",
    "type" : "tms"
  } ],
  "hidden" : false,
  "retry" : false,
  "extra" : {
    "severity" : "critical",
    "owner" : "Kamil Nowocin",
    "retries" : [ {
      "uid" : "9f20e48b5f3d7847",
      "status" : "skipped",
      "statusDetails" : "Expected condition failed: waiting for element to be clickable: Proxy element for: DefaultElementLocator 'By.xpath: //a[@class='login']' (tried for 15 second(s) with 500 milliseconds interval)",
      "time" : {
        "start" : 1647594952843,
        "stop" : 1647594990856,
        "duration" : 38013
      }
    } ],
    "categories" : [ {
      "name" : "Product defects",
      "matchedStatuses" : [ ],
      "flaky" : false
    } ],
    "history" : {
      "statistic" : {
        "failed" : 8,
        "broken" : 9,
        "skipped" : 14,
        "passed" : 366,
        "unknown" : 0,
        "total" : 397
      },
      "items" : [ {
        "uid" : "b34bf7b0cb137708",
        "reportUrl" : "https://app.travis-ci.com/kamil-nowocin/Test_Automation-automationpractice/builds/247748235/#testresult/b34bf7b0cb137708",
        "status" : "broken",
        "statusDetails" : "Expected condition failed: waiting for element to be clickable: Proxy element for: DefaultElementLocator 'By.xpath: //a[@class='login']' (tried for 15 second(s) with 500 milliseconds interval)",
        "time" : {
          "start" : 1646990146758,
          "stop" : 1646990174895,
          "duration" : 28137
        }
      }, {
        "uid" : "2faff45f2aa20f96",
        "reportUrl" : "https://app.travis-ci.com/kamil-nowocin/Test_Automation-automationpractice/builds/247400089/#testresult/2faff45f2aa20f96",
        "status" : "passed",
        "time" : {
          "start" : 1646385333609,
          "stop" : 1646385354411,
          "duration" : 20802
        }
      }, {
        "uid" : "cd202be7a28aef6b",
        "reportUrl" : "https://app.travis-ci.com/kamil-nowocin/Test_Automation-automationpractice/builds/247052515/#testresult/cd202be7a28aef6b",
        "status" : "broken",
        "statusDetails" : "Expected condition failed: waiting for visibility of Proxy element for: DefaultElementLocator 'By.xpath: //form[@id='account-creation_form']' (tried for 15 second(s) with 500 milliseconds interval)",
        "time" : {
          "start" : 1645780568489,
          "stop" : 1645780630078,
          "duration" : 61589
        }
      }, {
        "uid" : "4b72e671aeb71728",
        "reportUrl" : "https://app.travis-ci.com/kamil-nowocin/Test_Automation-automationpractice/builds/246687955/#testresult/4b72e671aeb71728",
        "status" : "passed",
        "time" : {
          "start" : 1645175681477,
          "stop" : 1645175705239,
          "duration" : 23762
        }
      }, {
        "uid" : "e4b636993bcb31f1",
        "reportUrl" : "https://app.travis-ci.com/kamil-nowocin/Test_Automation-automationpractice/builds/246291444/#testresult/e4b636993bcb31f1",
        "status" : "passed",
        "time" : {
          "start" : 1644570843246,
          "stop" : 1644570858017,
          "duration" : 14771
        }
      }, {
        "uid" : "236955a87d15b259",
        "reportUrl" : "https://app.travis-ci.com/kamil-nowocin/Test_Automation-automationpractice/builds/245914980/#testresult/236955a87d15b259",
        "status" : "passed",
        "time" : {
          "start" : 1643966033583,
          "stop" : 1643966072360,
          "duration" : 38777
        }
      }, {
        "uid" : "df1cf3dcf769c2c0",
        "reportUrl" : "https://app.travis-ci.com/kamil-nowocin/Test_Automation-automationpractice/builds/245554025/#testresult/df1cf3dcf769c2c0",
        "status" : "failed",
        "statusDetails" : "Ups, something went really bad! Even Michael Scofield couldn't have predicted that error! :) expected [http://automationpractice.com/index.php] but found [http://automationpractice.com/]",
        "time" : {
          "start" : 1643361206862,
          "stop" : 1643361209807,
          "duration" : 2945
        }
      }, {
        "uid" : "d70af948cc3f7ea0",
        "reportUrl" : "https://app.travis-ci.com/kamil-nowocin/Test_Automation-automationpractice/builds/245173334/#testresult/d70af948cc3f7ea0",
        "status" : "failed",
        "statusDetails" : "Ups, something went really bad! Even Michael Scofield couldn't have predicted that error! :) expected [http://automationpractice.com/index.php] but found [http://automationpractice.com/]",
        "time" : {
          "start" : 1642756369256,
          "stop" : 1642756372015,
          "duration" : 2759
        }
      }, {
        "uid" : "d9d3f7f9d15d600",
        "reportUrl" : "https://app.travis-ci.com/kamil-nowocin/Test_Automation-automationpractice/builds/244811527/#testresult/d9d3f7f9d15d600",
        "status" : "passed",
        "time" : {
          "start" : 1642151535256,
          "stop" : 1642151555304,
          "duration" : 20048
        }
      }, {
        "uid" : "970ed6fb6be10f36",
        "reportUrl" : "https://app.travis-ci.com/kamil-nowocin/Test_Automation-automationpractice/builds/244440957/#testresult/970ed6fb6be10f36",
        "status" : "passed",
        "time" : {
          "start" : 1641546710512,
          "stop" : 1641546750335,
          "duration" : 39823
        }
      }, {
        "uid" : "540954ba42c7ca3c",
        "reportUrl" : "https://app.travis-ci.com/kamil-nowocin/Test_Automation-automationpractice/builds/244147706/#testresult/540954ba42c7ca3c",
        "status" : "passed",
        "time" : {
          "start" : 1640941932485,
          "stop" : 1640941992176,
          "duration" : 59691
        }
      }, {
        "uid" : "7c4217d9bd76affa",
        "reportUrl" : "https://app.travis-ci.com/kamil-nowocin/Test_Automation-automationpractice/builds/243964521/#testresult/7c4217d9bd76affa",
        "status" : "passed",
        "time" : {
          "start" : 1640337068864,
          "stop" : 1640337115125,
          "duration" : 46261
        }
      }, {
        "uid" : "5c23b7886a328f89",
        "reportUrl" : "https://app.travis-ci.com/kamil-nowocin/Test_Automation-automationpractice/builds/243640386/#testresult/5c23b7886a328f89",
        "status" : "passed",
        "time" : {
          "start" : 1639732223282,
          "stop" : 1639732243261,
          "duration" : 19979
        }
      }, {
        "uid" : "282a41d6fc591383",
        "reportUrl" : "https://app.travis-ci.com/kamil-nowocin/Test_Automation-automationpractice/builds/243245152/#testresult/282a41d6fc591383",
        "status" : "passed",
        "time" : {
          "start" : 1639127392530,
          "stop" : 1639127441338,
          "duration" : 48808
        }
      }, {
        "uid" : "a5bf89a32bc8133e",
        "reportUrl" : "https://app.travis-ci.com/kamil-nowocin/Test_Automation-automationpractice/builds/242857562/#testresult/a5bf89a32bc8133e",
        "status" : "passed",
        "time" : {
          "start" : 1638522564671,
          "stop" : 1638522604516,
          "duration" : 39845
        }
      }, {
        "uid" : "cc9cc0cf58e47082",
        "reportUrl" : "https://app.travis-ci.com/kamil-nowocin/Test_Automation-automationpractice/builds/242450597/#testresult/cc9cc0cf58e47082",
        "status" : "passed",
        "time" : {
          "start" : 1637917753384,
          "stop" : 1637917799388,
          "duration" : 46004
        }
      }, {
        "uid" : "da521a57e118d836",
        "reportUrl" : "https://app.travis-ci.com/kamil-nowocin/Test_Automation-automationpractice/builds/242075764/#testresult/da521a57e118d836",
        "status" : "broken",
        "statusDetails" : "Expected condition failed: waiting for element to be clickable: Proxy element for: DefaultElementLocator 'By.xpath: //a[@class='login']' (tried for 15 second(s) with 500 milliseconds interval)",
        "time" : {
          "start" : 1637312922105,
          "stop" : 1637312960914,
          "duration" : 38809
        }
      }, {
        "uid" : "6347c0ed214ccd74",
        "reportUrl" : "https://app.travis-ci.com/kamil-nowocin/Test_Automation-automationpractice/builds/241663207/#testresult/6347c0ed214ccd74",
        "status" : "passed",
        "time" : {
          "start" : 1636708053910,
          "stop" : 1636708070232,
          "duration" : 16322
        }
      }, {
        "uid" : "9c747eba9c8d37d5",
        "reportUrl" : "https://app.travis-ci.com/kamil-nowocin/Test_Automation-automationpractice/builds/241241489/#testresult/9c747eba9c8d37d5",
        "status" : "passed",
        "time" : {
          "start" : 1636103231200,
          "stop" : 1636103245397,
          "duration" : 14197
        }
      }, {
        "uid" : "5e1228a4ed011698",
        "reportUrl" : "https://app.travis-ci.com/kamil-nowocin/Test_Automation-automationpractice/builds/240824907/#testresult/5e1228a4ed011698",
        "status" : "passed",
        "time" : {
          "start" : 1635498415128,
          "stop" : 1635498461496,
          "duration" : 46368
        }
      } ]
    },
    "tags" : [ ]
  },
  "source" : "f1931ecc7eab1bba.json",
  "parameterValues" : [ ]
}