{"uid":"f8059117bf3d7b3e","name":"[US-777]/[4] I click on social media \"Google+\" logo","fullName":"tests.WebAPP.SocialMedia_Tests.test_4","historyId":"dcc1e45b86773e5940225341a9adb9d5","time":{"start":1657272250028,"stop":1657272266820,"duration":16792},"description":"[US-777]/[4] I click on social media \"Google+\" logo","descriptionHtml":"<p>[US-777]/[4] I click on social media &quot;Google+&quot; logo</p>\n","status":"broken","statusMessage":"Expected condition failed: waiting for visibility of Proxy element for: DefaultElementLocator 'By.xpath: //*[@class=\"google-plus\"]' (tried for 15 second(s) with 500 milliseconds interval)","statusTrace":"org.openqa.selenium.TimeoutException: Expected condition failed: waiting for visibility of Proxy element for: DefaultElementLocator 'By.xpath: //*[@class=\"google-plus\"]' (tried for 15 second(s) with 500 milliseconds interval)\n\tat org.openqa.selenium.support.ui.WebDriverWait.timeoutException(WebDriverWait.java:95)\n\tat org.openqa.selenium.support.ui.FluentWait.until(FluentWait.java:272)\n\tat com.buildSettings.TestCommons.waitForElementToBeVisible(TestCommons.java:50)\n\tat com.buildSettings.TestCommons.scrollWebsiteToElement(TestCommons.java:168)\n\tat com.steps.SocialMediaPageSteps.iScrollTheWebsiteUntilICanSeeLogo(SocialMediaPageSteps.java:49)\n\tat tests.WebAPP.SocialMedia_Tests.test_4(SocialMedia_Tests.java:120)\n\tat java.base/jdk.internal.reflect.NativeMethodAccessorImpl.invoke0(Native Method)\n\tat java.base/jdk.internal.reflect.NativeMethodAccessorImpl.invoke(NativeMethodAccessorImpl.java:62)\n\tat java.base/jdk.internal.reflect.DelegatingMethodAccessorImpl.invoke(DelegatingMethodAccessorImpl.java:43)\n\tat java.base/java.lang.reflect.Method.invoke(Method.java:564)\n\tat org.testng.internal.MethodInvocationHelper.invokeMethod(MethodInvocationHelper.java:132)\n\tat org.testng.internal.TestInvoker.invokeMethod(TestInvoker.java:599)\n\tat org.testng.internal.TestInvoker.retryFailed(TestInvoker.java:214)\n\tat org.testng.internal.MethodRunner.runInSequence(MethodRunner.java:58)\n\tat org.testng.internal.TestInvoker$MethodInvocationAgent.invoke(TestInvoker.java:822)\n\tat org.testng.internal.TestInvoker.invokeTestMethods(TestInvoker.java:147)\n\tat org.testng.internal.TestMethodWorker.invokeTestMethods(TestMethodWorker.java:146)\n\tat org.testng.internal.TestMethodWorker.run(TestMethodWorker.java:128)\n\tat java.base/java.util.concurrent.ThreadPoolExecutor.runWorker(ThreadPoolExecutor.java:1130)\n\tat java.base/java.util.concurrent.ThreadPoolExecutor$Worker.run(ThreadPoolExecutor.java:630)\n\tat java.base/java.lang.Thread.run(Thread.java:832)\nCaused by: org.openqa.selenium.NoSuchElementException: no such element: Unable to locate element: {\"method\":\"xpath\",\"selector\":\"//*[@class=\"google-plus\"]\"}\n  (Session info: chrome=103.0.5060.114)\nFor documentation on this error, please visit: https://www.seleniumhq.org/exceptions/no_such_element.html\nBuild info: version: '3.141.59', revision: 'e82be7d358', time: '2018-11-14T08:17:03'\nSystem info: host: 'travis-job-8f336578-11bb-48d2-b680-50b2eafe2c77', ip: '127.0.0.1', os.name: 'Linux', os.arch: 'amd64', os.version: '5.4.0-1080-gcp', java.version: '14.0.2'\nDriver info: org.openqa.selenium.chrome.ChromeDriver\nCapabilities {acceptInsecureCerts: false, browserName: chrome, browserVersion: 103.0.5060.114, chrome: {chromedriverVersion: 103.0.5060.53 (a1711811edd7..., userDataDir: /tmp/.com.google.Chrome.qthxOQ}, goog:chromeOptions: {debuggerAddress: localhost:45163}, javascriptEnabled: true, networkConnectionEnabled: false, pageLoadStrategy: normal, platform: LINUX, platformName: LINUX, proxy: Proxy(), setWindowRect: true, strictFileInteractability: false, timeouts: {implicit: 0, pageLoad: 300000, script: 30000}, unhandledPromptBehavior: dismiss and notify, webauthn:extension:credBlob: true, webauthn:extension:largeBlob: true, webauthn:virtualAuthenticators: true}\nSession ID: d53e1a1a7cc4a4bf9edb2b5371a52c76\n*** Element info: {Using=xpath, value=//*[@class=\"google-plus\"]}\n\tat jdk.internal.reflect.GeneratedConstructorAccessor48.newInstance(Unknown Source)\n\tat java.base/jdk.internal.reflect.DelegatingConstructorAccessorImpl.newInstance(DelegatingConstructorAccessorImpl.java:45)\n\tat java.base/java.lang.reflect.Constructor.newInstanceWithCaller(Constructor.java:500)\n\tat java.base/java.lang.reflect.Constructor.newInstance(Constructor.java:481)\n\tat org.openqa.selenium.remote.http.W3CHttpResponseCodec.createException(W3CHttpResponseCodec.java:187)\n\tat org.openqa.selenium.remote.http.W3CHttpResponseCodec.decode(W3CHttpResponseCodec.java:122)\n\tat org.openqa.selenium.remote.http.W3CHttpResponseCodec.decode(W3CHttpResponseCodec.java:49)\n\tat org.openqa.selenium.remote.HttpCommandExecutor.execute(HttpCommandExecutor.java:158)\n\tat org.openqa.selenium.remote.service.DriverCommandExecutor.execute(DriverCommandExecutor.java:83)\n\tat org.openqa.selenium.remote.RemoteWebDriver.execute(RemoteWebDriver.java:552)\n\tat org.openqa.selenium.remote.RemoteWebDriver.findElement(RemoteWebDriver.java:323)\n\tat org.openqa.selenium.remote.RemoteWebDriver.findElementByXPath(RemoteWebDriver.java:428)\n\tat org.openqa.selenium.By$ByXPath.findElement(By.java:353)\n\tat org.openqa.selenium.remote.RemoteWebDriver.findElement(RemoteWebDriver.java:315)\n\tat org.openqa.selenium.support.pagefactory.DefaultElementLocator.findElement(DefaultElementLocator.java:69)\n\tat org.openqa.selenium.support.pagefactory.internal.LocatingElementHandler.invoke(LocatingElementHandler.java:38)\n\tat com.sun.proxy.$Proxy48.isDisplayed(Unknown Source)\n\tat org.openqa.selenium.support.ui.ExpectedConditions.elementIfVisible(ExpectedConditions.java:314)\n\tat org.openqa.selenium.support.ui.ExpectedConditions.access$000(ExpectedConditions.java:43)\n\tat org.openqa.selenium.support.ui.ExpectedConditions$10.apply(ExpectedConditions.java:300)\n\tat org.openqa.selenium.support.ui.ExpectedConditions$10.apply(ExpectedConditions.java:297)\n\tat org.openqa.selenium.support.ui.FluentWait.until(FluentWait.java:249)\n\t... 19 more\n","flaky":false,"newFailed":false,"newBroken":false,"newPassed":false,"retriesCount":1,"retriesStatusChange":true,"beforeStages":[{"name":"Setting up Excel File","time":{"start":1657272206407,"stop":1657272206471,"duration":64},"description":"Setting up Excel File","status":"passed","steps":[],"attachments":[],"parameters":[],"stepsCount":0,"attachmentsCount":0,"shouldDisplayMessage":false,"hasContent":false},{"name":"Setting up Test Class","time":{"start":1657272248716,"stop":1657272250019,"duration":1303},"description":"Setting up Test Class","status":"passed","steps":[],"attachments":[],"parameters":[],"stepsCount":0,"attachmentsCount":0,"shouldDisplayMessage":false,"hasContent":false}],"testStage":{"description":"[US-777]/[4] I click on social media \"Google+\" logo","status":"broken","statusMessage":"Expected condition failed: waiting for visibility of Proxy element for: DefaultElementLocator 'By.xpath: //*[@class=\"google-plus\"]' (tried for 15 second(s) with 500 milliseconds interval)","statusTrace":"org.openqa.selenium.TimeoutException: Expected condition failed: waiting for visibility of Proxy element for: DefaultElementLocator 'By.xpath: //*[@class=\"google-plus\"]' (tried for 15 second(s) with 500 milliseconds interval)\n\tat org.openqa.selenium.support.ui.WebDriverWait.timeoutException(WebDriverWait.java:95)\n\tat org.openqa.selenium.support.ui.FluentWait.until(FluentWait.java:272)\n\tat com.buildSettings.TestCommons.waitForElementToBeVisible(TestCommons.java:50)\n\tat com.buildSettings.TestCommons.scrollWebsiteToElement(TestCommons.java:168)\n\tat com.steps.SocialMediaPageSteps.iScrollTheWebsiteUntilICanSeeLogo(SocialMediaPageSteps.java:49)\n\tat tests.WebAPP.SocialMedia_Tests.test_4(SocialMedia_Tests.java:120)\n\tat java.base/jdk.internal.reflect.NativeMethodAccessorImpl.invoke0(Native Method)\n\tat java.base/jdk.internal.reflect.NativeMethodAccessorImpl.invoke(NativeMethodAccessorImpl.java:62)\n\tat java.base/jdk.internal.reflect.DelegatingMethodAccessorImpl.invoke(DelegatingMethodAccessorImpl.java:43)\n\tat java.base/java.lang.reflect.Method.invoke(Method.java:564)\n\tat org.testng.internal.MethodInvocationHelper.invokeMethod(MethodInvocationHelper.java:132)\n\tat org.testng.internal.TestInvoker.invokeMethod(TestInvoker.java:599)\n\tat org.testng.internal.TestInvoker.retryFailed(TestInvoker.java:214)\n\tat org.testng.internal.MethodRunner.runInSequence(MethodRunner.java:58)\n\tat org.testng.internal.TestInvoker$MethodInvocationAgent.invoke(TestInvoker.java:822)\n\tat org.testng.internal.TestInvoker.invokeTestMethods(TestInvoker.java:147)\n\tat org.testng.internal.TestMethodWorker.invokeTestMethods(TestMethodWorker.java:146)\n\tat org.testng.internal.TestMethodWorker.run(TestMethodWorker.java:128)\n\tat java.base/java.util.concurrent.ThreadPoolExecutor.runWorker(ThreadPoolExecutor.java:1130)\n\tat java.base/java.util.concurrent.ThreadPoolExecutor$Worker.run(ThreadPoolExecutor.java:630)\n\tat java.base/java.lang.Thread.run(Thread.java:832)\nCaused by: org.openqa.selenium.NoSuchElementException: no such element: Unable to locate element: {\"method\":\"xpath\",\"selector\":\"//*[@class=\"google-plus\"]\"}\n  (Session info: chrome=103.0.5060.114)\nFor documentation on this error, please visit: https://www.seleniumhq.org/exceptions/no_such_element.html\nBuild info: version: '3.141.59', revision: 'e82be7d358', time: '2018-11-14T08:17:03'\nSystem info: host: 'travis-job-8f336578-11bb-48d2-b680-50b2eafe2c77', ip: '127.0.0.1', os.name: 'Linux', os.arch: 'amd64', os.version: '5.4.0-1080-gcp', java.version: '14.0.2'\nDriver info: org.openqa.selenium.chrome.ChromeDriver\nCapabilities {acceptInsecureCerts: false, browserName: chrome, browserVersion: 103.0.5060.114, chrome: {chromedriverVersion: 103.0.5060.53 (a1711811edd7..., userDataDir: /tmp/.com.google.Chrome.qthxOQ}, goog:chromeOptions: {debuggerAddress: localhost:45163}, javascriptEnabled: true, networkConnectionEnabled: false, pageLoadStrategy: normal, platform: LINUX, platformName: LINUX, proxy: Proxy(), setWindowRect: true, strictFileInteractability: false, timeouts: {implicit: 0, pageLoad: 300000, script: 30000}, unhandledPromptBehavior: dismiss and notify, webauthn:extension:credBlob: true, webauthn:extension:largeBlob: true, webauthn:virtualAuthenticators: true}\nSession ID: d53e1a1a7cc4a4bf9edb2b5371a52c76\n*** Element info: {Using=xpath, value=//*[@class=\"google-plus\"]}\n\tat jdk.internal.reflect.GeneratedConstructorAccessor48.newInstance(Unknown Source)\n\tat java.base/jdk.internal.reflect.DelegatingConstructorAccessorImpl.newInstance(DelegatingConstructorAccessorImpl.java:45)\n\tat java.base/java.lang.reflect.Constructor.newInstanceWithCaller(Constructor.java:500)\n\tat java.base/java.lang.reflect.Constructor.newInstance(Constructor.java:481)\n\tat org.openqa.selenium.remote.http.W3CHttpResponseCodec.createException(W3CHttpResponseCodec.java:187)\n\tat org.openqa.selenium.remote.http.W3CHttpResponseCodec.decode(W3CHttpResponseCodec.java:122)\n\tat org.openqa.selenium.remote.http.W3CHttpResponseCodec.decode(W3CHttpResponseCodec.java:49)\n\tat org.openqa.selenium.remote.HttpCommandExecutor.execute(HttpCommandExecutor.java:158)\n\tat org.openqa.selenium.remote.service.DriverCommandExecutor.execute(DriverCommandExecutor.java:83)\n\tat org.openqa.selenium.remote.RemoteWebDriver.execute(RemoteWebDriver.java:552)\n\tat org.openqa.selenium.remote.RemoteWebDriver.findElement(RemoteWebDriver.java:323)\n\tat org.openqa.selenium.remote.RemoteWebDriver.findElementByXPath(RemoteWebDriver.java:428)\n\tat org.openqa.selenium.By$ByXPath.findElement(By.java:353)\n\tat org.openqa.selenium.remote.RemoteWebDriver.findElement(RemoteWebDriver.java:315)\n\tat org.openqa.selenium.support.pagefactory.DefaultElementLocator.findElement(DefaultElementLocator.java:69)\n\tat org.openqa.selenium.support.pagefactory.internal.LocatingElementHandler.invoke(LocatingElementHandler.java:38)\n\tat com.sun.proxy.$Proxy48.isDisplayed(Unknown Source)\n\tat org.openqa.selenium.support.ui.ExpectedConditions.elementIfVisible(ExpectedConditions.java:314)\n\tat org.openqa.selenium.support.ui.ExpectedConditions.access$000(ExpectedConditions.java:43)\n\tat org.openqa.selenium.support.ui.ExpectedConditions$10.apply(ExpectedConditions.java:300)\n\tat org.openqa.selenium.support.ui.ExpectedConditions$10.apply(ExpectedConditions.java:297)\n\tat org.openqa.selenium.support.ui.FluentWait.until(FluentWait.java:249)\n\t... 19 more\n","steps":[{"name":"I open home page","time":{"start":1657272250795,"stop":1657272251364,"duration":569},"status":"passed","steps":[],"attachments":[],"parameters":[],"stepsCount":0,"attachmentsCount":0,"shouldDisplayMessage":false,"hasContent":false},{"name":"I can see automationpractice.com website","time":{"start":1657272251364,"stop":1657272251370,"duration":6},"status":"passed","steps":[],"attachments":[],"parameters":[],"stepsCount":0,"attachmentsCount":0,"shouldDisplayMessage":false,"hasContent":false},{"name":"I scroll the website until I can see *google* logo","time":{"start":1657272251370,"stop":1657272266686,"duration":15316},"status":"broken","statusMessage":"Expected condition failed: waiting for visibility of Proxy element for: DefaultElementLocator 'By.xpath: //*[@class=\"google-plus\"]' (tried for 15 second(s) with 500 milliseconds interval)","statusTrace":"org.openqa.selenium.TimeoutException: Expected condition failed: waiting for visibility of Proxy element for: DefaultElementLocator 'By.xpath: //*[@class=\"google-plus\"]' (tried for 15 second(s) with 500 milliseconds interval)\n\tat org.openqa.selenium.support.ui.WebDriverWait.timeoutException(WebDriverWait.java:95)\n\tat org.openqa.selenium.support.ui.FluentWait.until(FluentWait.java:272)\n\tat com.buildSettings.TestCommons.waitForElementToBeVisible(TestCommons.java:50)\n\tat com.buildSettings.TestCommons.scrollWebsiteToElement(TestCommons.java:168)\n\tat com.steps.SocialMediaPageSteps.iScrollTheWebsiteUntilICanSeeLogo(SocialMediaPageSteps.java:49)\n\tat tests.WebAPP.SocialMedia_Tests.test_4(SocialMedia_Tests.java:120)\n\tat java.base/jdk.internal.reflect.NativeMethodAccessorImpl.invoke0(Native Method)\n\tat java.base/jdk.internal.reflect.NativeMethodAccessorImpl.invoke(NativeMethodAccessorImpl.java:62)\n\tat java.base/jdk.internal.reflect.DelegatingMethodAccessorImpl.invoke(DelegatingMethodAccessorImpl.java:43)\n\tat java.base/java.lang.reflect.Method.invoke(Method.java:564)\n\tat org.testng.internal.MethodInvocationHelper.invokeMethod(MethodInvocationHelper.java:132)\n\tat org.testng.internal.TestInvoker.invokeMethod(TestInvoker.java:599)\n\tat org.testng.internal.TestInvoker.retryFailed(TestInvoker.java:214)\n\tat org.testng.internal.MethodRunner.runInSequence(MethodRunner.java:58)\n\tat org.testng.internal.TestInvoker$MethodInvocationAgent.invoke(TestInvoker.java:822)\n\tat org.testng.internal.TestInvoker.invokeTestMethods(TestInvoker.java:147)\n\tat org.testng.internal.TestMethodWorker.invokeTestMethods(TestMethodWorker.java:146)\n\tat org.testng.internal.TestMethodWorker.run(TestMethodWorker.java:128)\n\tat java.base/java.util.concurrent.ThreadPoolExecutor.runWorker(ThreadPoolExecutor.java:1130)\n\tat java.base/java.util.concurrent.ThreadPoolExecutor$Worker.run(ThreadPoolExecutor.java:630)\n\tat java.base/java.lang.Thread.run(Thread.java:832)\nCaused by: org.openqa.selenium.NoSuchElementException: no such element: Unable to locate element: {\"method\":\"xpath\",\"selector\":\"//*[@class=\"google-plus\"]\"}\n  (Session info: chrome=103.0.5060.114)\nFor documentation on this error, please visit: https://www.seleniumhq.org/exceptions/no_such_element.html\nBuild info: version: '3.141.59', revision: 'e82be7d358', time: '2018-11-14T08:17:03'\nSystem info: host: 'travis-job-8f336578-11bb-48d2-b680-50b2eafe2c77', ip: '127.0.0.1', os.name: 'Linux', os.arch: 'amd64', os.version: '5.4.0-1080-gcp', java.version: '14.0.2'\nDriver info: org.openqa.selenium.chrome.ChromeDriver\nCapabilities {acceptInsecureCerts: false, browserName: chrome, browserVersion: 103.0.5060.114, chrome: {chromedriverVersion: 103.0.5060.53 (a1711811edd7..., userDataDir: /tmp/.com.google.Chrome.qthxOQ}, goog:chromeOptions: {debuggerAddress: localhost:45163}, javascriptEnabled: true, networkConnectionEnabled: false, pageLoadStrategy: normal, platform: LINUX, platformName: LINUX, proxy: Proxy(), setWindowRect: true, strictFileInteractability: false, timeouts: {implicit: 0, pageLoad: 300000, script: 30000}, unhandledPromptBehavior: dismiss and notify, webauthn:extension:credBlob: true, webauthn:extension:largeBlob: true, webauthn:virtualAuthenticators: true}\nSession ID: d53e1a1a7cc4a4bf9edb2b5371a52c76\n*** Element info: {Using=xpath, value=//*[@class=\"google-plus\"]}\n\tat jdk.internal.reflect.GeneratedConstructorAccessor48.newInstance(Unknown Source)\n\tat java.base/jdk.internal.reflect.DelegatingConstructorAccessorImpl.newInstance(DelegatingConstructorAccessorImpl.java:45)\n\tat java.base/java.lang.reflect.Constructor.newInstanceWithCaller(Constructor.java:500)\n\tat java.base/java.lang.reflect.Constructor.newInstance(Constructor.java:481)\n\tat org.openqa.selenium.remote.http.W3CHttpResponseCodec.createException(W3CHttpResponseCodec.java:187)\n\tat org.openqa.selenium.remote.http.W3CHttpResponseCodec.decode(W3CHttpResponseCodec.java:122)\n\tat org.openqa.selenium.remote.http.W3CHttpResponseCodec.decode(W3CHttpResponseCodec.java:49)\n\tat org.openqa.selenium.remote.HttpCommandExecutor.execute(HttpCommandExecutor.java:158)\n\tat org.openqa.selenium.remote.service.DriverCommandExecutor.execute(DriverCommandExecutor.java:83)\n\tat org.openqa.selenium.remote.RemoteWebDriver.execute(RemoteWebDriver.java:552)\n\tat org.openqa.selenium.remote.RemoteWebDriver.findElement(RemoteWebDriver.java:323)\n\tat org.openqa.selenium.remote.RemoteWebDriver.findElementByXPath(RemoteWebDriver.java:428)\n\tat org.openqa.selenium.By$ByXPath.findElement(By.java:353)\n\tat org.openqa.selenium.remote.RemoteWebDriver.findElement(RemoteWebDriver.java:315)\n\tat org.openqa.selenium.support.pagefactory.DefaultElementLocator.findElement(DefaultElementLocator.java:69)\n\tat org.openqa.selenium.support.pagefactory.internal.LocatingElementHandler.invoke(LocatingElementHandler.java:38)\n\tat com.sun.proxy.$Proxy48.isDisplayed(Unknown Source)\n\tat org.openqa.selenium.support.ui.ExpectedConditions.elementIfVisible(ExpectedConditions.java:314)\n\tat org.openqa.selenium.support.ui.ExpectedConditions.access$000(ExpectedConditions.java:43)\n\tat org.openqa.selenium.support.ui.ExpectedConditions$10.apply(ExpectedConditions.java:300)\n\tat org.openqa.selenium.support.ui.ExpectedConditions$10.apply(ExpectedConditions.java:297)\n\tat org.openqa.selenium.support.ui.FluentWait.until(FluentWait.java:249)\n\t... 19 more\n","steps":[],"attachments":[],"parameters":[{"name":"logoName","value":"google"}],"stepsCount":0,"attachmentsCount":0,"shouldDisplayMessage":true,"hasContent":true}],"attachments":[{"uid":"f0232ecedb956dd6","name":"Scenario FAIL screenshot","source":"f0232ecedb956dd6.png","type":"image/png","size":18331},{"uid":"2b4c1531e19be594","name":"TestNG test FAIL logs","source":"2b4c1531e19be594.txt","type":"text/plain","size":2545}],"parameters":[],"stepsCount":3,"attachmentsCount":2,"shouldDisplayMessage":false,"hasContent":true},"afterStages":[{"name":"Teardown Test Class","time":{"start":1657272266821,"stop":1657272266900,"duration":79},"description":"Teardown Test Class","status":"passed","steps":[],"attachments":[],"parameters":[],"stepsCount":0,"attachmentsCount":0,"shouldDisplayMessage":false,"hasContent":false},{"name":"Teardown Test Suite","time":{"start":1657272463166,"stop":1657272464217,"duration":1051},"description":"Teardown Test Suite","status":"passed","steps":[],"attachments":[],"parameters":[],"stepsCount":0,"attachmentsCount":0,"shouldDisplayMessage":false,"hasContent":false}],"labels":[{"name":"package","value":"tests.WebAPP.SocialMedia_Tests"},{"name":"testClass","value":"tests.WebAPP.SocialMedia_Tests"},{"name":"testMethod","value":"test_4"},{"name":"parentSuite","value":"Automationpractice.com WEB - Kamil Nowocin"},{"name":"suite","value":"Automated tests for WEB client"},{"name":"subSuite","value":"tests.WebAPP.SocialMedia_Tests"},{"name":"host","value":"travis-job-8f336578-11bb-48d2-b680-50b2eafe2c77"},{"name":"thread","value":"4333@travis-job-8f336578-11bb-48d2-b680-50b2eafe2c77.TestNG-test=Automated tests for WEB client-2(24)"},{"name":"framework","value":"testng"},{"name":"language","value":"java"},{"name":"story","value":"POSITIVE FLOW"},{"name":"owner","value":"Kamil Nowocin"},{"name":"epic","value":"Web App Tests"},{"name":"feature","value":"SOCIAL MEDIA TESTS"},{"name":"severity","value":"minor"},{"name":"resultFormat","value":"allure2"}],"parameters":[],"links":[{"name":"STORY-777","url":"https://tracker.FAKE.com/jira/browse/AUTOMATION_PRACTICE/STORY-777","type":"tms"},{"name":"TAP-0044","url":"https://tracker.FAKE.com/jira/browse/AUTOMATION_PRACTICE/issue/TAP-0044","type":"issue"}],"hidden":false,"retry":false,"extra":{"severity":"minor","owner":"Kamil Nowocin","retries":[{"uid":"9635a3a01ecc473f","status":"skipped","statusDetails":"Ups, something went really bad! Even Michael Scofield couldn't have predicted that error! :) expected [http://automationpractice.com/index.php] but found [http://automationpractice.com/]","time":{"start":1657272248242,"stop":1657272248631,"duration":389}}],"categories":[{"name":"Test defects","matchedStatuses":[],"flaky":false}],"history":{"statistic":{"failed":8,"broken":6,"skipped":15,"passed":383,"unknown":0,"total":412},"items":[{"uid":"e78e3678cd632421","reportUrl":"https://app.travis-ci.com/kamil-nowocin/Test_Automation-automationpractice/builds/252661091/#testresult/e78e3678cd632421","status":"broken","statusDetails":"unknown error: cannot determine loading status\nfrom unknown error: unexpected command response\n  (Session info: chrome=103.0.5060.53)\nBuild info: version: '3.141.59', revision: 'e82be7d358', time: '2018-11-14T08:17:03'\nSystem info: host: 'travis-job-cb9eab59-5ed5-4fab-81b7-ec633d891b06', ip: '127.0.0.1', os.name: 'Linux', os.arch: 'amd64', os.version: '5.4.0-1080-gcp', java.version: '14.0.2'\nDriver info: org.openqa.selenium.chrome.ChromeDriver\nCapabilities {acceptInsecureCerts: false, browserName: chrome, browserVersion: 103.0.5060.53, chrome: {chromedriverVersion: 103.0.5060.53 (a1711811edd7..., userDataDir: /tmp/.com.google.Chrome.HsSygd}, goog:chromeOptions: {debuggerAddress: localhost:38253}, javascriptEnabled: true, networkConnectionEnabled: false, pageLoadStrategy: normal, platform: LINUX, platformName: LINUX, proxy: Proxy(), setWindowRect: true, strictFileInteractability: false, timeouts: {implicit: 0, pageLoad: 300000, script: 30000}, unhandledPromptBehavior: dismiss and notify, webauthn:extension:credBlob: true, webauthn:extension:largeBlob: true, webauthn:virtualAuthenticators: true}\nSession ID: 8238ef9b696ad5956b45d36551500483","time":{"start":1656667480063,"stop":1656667491663,"duration":11600}},{"uid":"8a2318fe25b9c57e","reportUrl":"https://app.travis-ci.com/kamil-nowocin/Test_Automation-automationpractice/builds/252375408/#testresult/8a2318fe25b9c57e","status":"broken","statusDetails":"unknown error: cannot determine loading status\nfrom unknown error: unexpected command response\n  (Session info: chrome=103.0.5060.53)\nBuild info: version: '3.141.59', revision: 'e82be7d358', time: '2018-11-14T08:17:03'\nSystem info: host: 'travis-job-25887fd1-bd1f-44bc-9887-be193e8470fc', ip: '127.0.0.1', os.name: 'Linux', os.arch: 'amd64', os.version: '5.4.0-1080-gcp', java.version: '14.0.2'\nDriver info: org.openqa.selenium.chrome.ChromeDriver\nCapabilities {acceptInsecureCerts: false, browserName: chrome, browserVersion: 103.0.5060.53, chrome: {chromedriverVersion: 103.0.5060.53 (a1711811edd7..., userDataDir: /tmp/.com.google.Chrome.3TcSgy}, goog:chromeOptions: {debuggerAddress: localhost:32825}, javascriptEnabled: true, networkConnectionEnabled: false, pageLoadStrategy: normal, platform: LINUX, platformName: LINUX, proxy: Proxy(), setWindowRect: true, strictFileInteractability: false, timeouts: {implicit: 0, pageLoad: 300000, script: 30000}, unhandledPromptBehavior: dismiss and notify, webauthn:extension:credBlob: true, webauthn:extension:largeBlob: true, webauthn:virtualAuthenticators: true}\nSession ID: ebcf084f2a6f07d29debf5ea1e23ddc1","time":{"start":1656062643824,"stop":1656062660468,"duration":16644}},{"uid":"b97662bee483fedb","reportUrl":"https://app.travis-ci.com/kamil-nowocin/Test_Automation-automationpractice/builds/252087816/#testresult/b97662bee483fedb","status":"passed","time":{"start":1655457798417,"stop":1655457808152,"duration":9735}},{"uid":"779193cf03aa05d9","reportUrl":"https://app.travis-ci.com/kamil-nowocin/Test_Automation-automationpractice/builds/251799801/#testresult/779193cf03aa05d9","status":"passed","time":{"start":1654852986212,"stop":1654853011862,"duration":25650}},{"uid":"f29311f6ce692a99","reportUrl":"https://app.travis-ci.com/kamil-nowocin/Test_Automation-automationpractice/builds/251202991/#testresult/f29311f6ce692a99","status":"passed","time":{"start":1653643430479,"stop":1653643457156,"duration":26677}},{"uid":"1d23b39e20ed6101","reportUrl":"https://app.travis-ci.com/kamil-nowocin/Test_Automation-automationpractice/builds/250914721/#testresult/1d23b39e20ed6101","status":"passed","time":{"start":1653038519533,"stop":1653038550367,"duration":30834}},{"uid":"3cba79c01a7875f","reportUrl":"https://app.travis-ci.com/kamil-nowocin/Test_Automation-automationpractice/builds/250614814/#testresult/3cba79c01a7875f","status":"passed","time":{"start":1652433750414,"stop":1652433774789,"duration":24375}},{"uid":"d15fad18c04d696a","reportUrl":"https://app.travis-ci.com/kamil-nowocin/Test_Automation-automationpractice/builds/250306724/#testresult/d15fad18c04d696a","status":"passed","time":{"start":1651828902893,"stop":1651828927122,"duration":24229}},{"uid":"a326b79c147d208c","reportUrl":"https://app.travis-ci.com/kamil-nowocin/Test_Automation-automationpractice/builds/250038525/#testresult/a326b79c147d208c","status":"passed","time":{"start":1651224041826,"stop":1651224061075,"duration":19249}},{"uid":"1cefe530258d065b","reportUrl":"https://app.travis-ci.com/kamil-nowocin/Test_Automation-automationpractice/builds/249734656/#testresult/1cefe530258d065b","status":"passed","time":{"start":1650619174448,"stop":1650619183021,"duration":8573}},{"uid":"6058518a7f2dada7","reportUrl":"https://app.travis-ci.com/kamil-nowocin/Test_Automation-automationpractice/builds/249462194/#testresult/6058518a7f2dada7","status":"passed","time":{"start":1650014394253,"stop":1650014409967,"duration":15714}},{"uid":"89d90f81f5fc903d","reportUrl":"https://app.travis-ci.com/kamil-nowocin/Test_Automation-automationpractice/builds/249127487/#testresult/89d90f81f5fc903d","status":"failed","statusDetails":"Ups, something went really bad! Even Michael Scofield couldn't have predicted that error! :) expected [http://automationpractice.com/index.php] but found [http://automationpractice.com/]","time":{"start":1649409572501,"stop":1649409572925,"duration":424}},{"uid":"4c5720d5fa7a08bb","reportUrl":"https://app.travis-ci.com/kamil-nowocin/Test_Automation-automationpractice/builds/248784009/#testresult/4c5720d5fa7a08bb","status":"passed","time":{"start":1648804701371,"stop":1648804711432,"duration":10061}},{"uid":"4e27965aa277f388","reportUrl":"https://app.travis-ci.com/kamil-nowocin/Test_Automation-automationpractice/builds/248427856/#testresult/4e27965aa277f388","status":"passed","time":{"start":1648199937108,"stop":1648199950640,"duration":13532}},{"uid":"c58ee5b311556995","reportUrl":"https://app.travis-ci.com/kamil-nowocin/Test_Automation-automationpractice/builds/248092754/#testresult/c58ee5b311556995","status":"passed","time":{"start":1647595100963,"stop":1647595120994,"duration":20031}},{"uid":"3d15dc5074b9fee3","reportUrl":"https://app.travis-ci.com/kamil-nowocin/Test_Automation-automationpractice/builds/247748235/#testresult/3d15dc5074b9fee3","status":"passed","time":{"start":1646990271532,"stop":1646990287823,"duration":16291}},{"uid":"e36a6ec948c475d7","reportUrl":"https://app.travis-ci.com/kamil-nowocin/Test_Automation-automationpractice/builds/247400089/#testresult/e36a6ec948c475d7","status":"passed","time":{"start":1646385393412,"stop":1646385404860,"duration":11448}},{"uid":"6482e783b6a75422","reportUrl":"https://app.travis-ci.com/kamil-nowocin/Test_Automation-automationpractice/builds/247052515/#testresult/6482e783b6a75422","status":"failed","statusDetails":"Ups, something went really bad! Even Michael Scofield couldn't have predicted that error! :) expected [http://automationpractice.com/index.php] but found [http://automationpractice.com/]","time":{"start":1645780741929,"stop":1645780748720,"duration":6791}},{"uid":"2aaa60a2893788bc","reportUrl":"https://app.travis-ci.com/kamil-nowocin/Test_Automation-automationpractice/builds/246687955/#testresult/2aaa60a2893788bc","status":"passed","time":{"start":1645175741640,"stop":1645175751200,"duration":9560}},{"uid":"eba4fca32f38b1e0","reportUrl":"https://app.travis-ci.com/kamil-nowocin/Test_Automation-automationpractice/builds/246291444/#testresult/eba4fca32f38b1e0","status":"passed","time":{"start":1644570903196,"stop":1644570911842,"duration":8646}}]},"tags":[]},"source":"f8059117bf3d7b3e.json","parameterValues":[]}