{
  "uid" : "f8a5975061dbe8bd",
  "name" : "[US-222]/[1] I am able to send request via contact us form, all inputs are filled up",
  "fullName" : "tests.WebAPP.CustomerService_Tests.test_1",
  "historyId" : "b673f18004cce2228c2fe3e76eecd10e",
  "time" : {
    "start" : 1592927879216,
    "stop" : 1592927890331,
    "duration" : 11115
  },
  "description" : "[US-222]/[1] As a user I am able to send request via contact us form, all inputs are filled up",
  "descriptionHtml" : "<p>[US-222]/[1] As a user I am able to send request via contact us form, all inputs are filled up</p>\n",
  "status" : "skipped",
  "statusMessage" : "Value which have been found didn't match expected value! expected [zonkeddot@hotmail.com] but found []",
  "statusTrace" : "java.lang.AssertionError: Value which have been found didn't match expected value! expected [zonkeddot@hotmail.com] but found []\n\tat org.testng.Assert.fail(Assert.java:97)\n\tat org.testng.Assert.assertEqualsImpl(Assert.java:136)\n\tat org.testng.Assert.assertEquals(Assert.java:118)\n\tat org.testng.Assert.assertEquals(Assert.java:575)\n\tat com.steps.CustomerServicePageSteps.iWriteAnEmailAddressInContactUsPage(CustomerServicePageSteps.java:72)\n\tat tests.WebAPP.CustomerService_Tests.test_1(CustomerService_Tests.java:45)\n\tat java.base/jdk.internal.reflect.NativeMethodAccessorImpl.invoke0(Native Method)\n\tat java.base/jdk.internal.reflect.NativeMethodAccessorImpl.invoke(NativeMethodAccessorImpl.java:62)\n\tat java.base/jdk.internal.reflect.DelegatingMethodAccessorImpl.invoke(DelegatingMethodAccessorImpl.java:43)\n\tat java.base/java.lang.reflect.Method.invoke(Method.java:564)\n\tat org.testng.internal.MethodInvocationHelper.invokeMethod(MethodInvocationHelper.java:134)\n\tat org.testng.internal.TestInvoker.invokeMethod(TestInvoker.java:597)\n\tat org.testng.internal.TestInvoker.invokeTestMethod(TestInvoker.java:173)\n\tat org.testng.internal.MethodRunner.runInSequence(MethodRunner.java:46)\n\tat org.testng.internal.TestInvoker$MethodInvocationAgent.invoke(TestInvoker.java:816)\n\tat org.testng.internal.TestInvoker.invokeTestMethods(TestInvoker.java:146)\n\tat org.testng.internal.TestMethodWorker.invokeTestMethods(TestMethodWorker.java:146)\n\tat org.testng.internal.TestMethodWorker.run(TestMethodWorker.java:128)\n\tat java.base/java.util.concurrent.ThreadPoolExecutor.runWorker(ThreadPoolExecutor.java:1130)\n\tat java.base/java.util.concurrent.ThreadPoolExecutor$Worker.run(ThreadPoolExecutor.java:630)\n\tat java.base/java.lang.Thread.run(Thread.java:832)\n",
  "flaky" : false,
  "newFailed" : false,
  "beforeStages" : [ {
    "name" : "Setting up Test Class",
    "time" : {
      "start" : 1592927877990,
      "stop" : 1592927879213,
      "duration" : 1223
    },
    "description" : "Setting up Test Class",
    "status" : "passed",
    "steps" : [ ],
    "attachments" : [ ],
    "parameters" : [ ],
    "stepsCount" : 0,
    "attachmentsCount" : 0,
    "shouldDisplayMessage" : false,
    "hasContent" : false
  }, {
    "name" : "Setting up Excel File",
    "time" : {
      "start" : 1592927799594,
      "stop" : 1592927799661,
      "duration" : 67
    },
    "description" : "Setting up Excel File",
    "status" : "passed",
    "steps" : [ ],
    "attachments" : [ ],
    "parameters" : [ ],
    "stepsCount" : 0,
    "attachmentsCount" : 0,
    "shouldDisplayMessage" : false,
    "hasContent" : false
  } ],
  "testStage" : {
    "description" : "[US-222]/[1] As a user I am able to send request via contact us form, all inputs are filled up",
    "status" : "skipped",
    "statusMessage" : "Value which have been found didn't match expected value! expected [zonkeddot@hotmail.com] but found []",
    "statusTrace" : "java.lang.AssertionError: Value which have been found didn't match expected value! expected [zonkeddot@hotmail.com] but found []\n\tat org.testng.Assert.fail(Assert.java:97)\n\tat org.testng.Assert.assertEqualsImpl(Assert.java:136)\n\tat org.testng.Assert.assertEquals(Assert.java:118)\n\tat org.testng.Assert.assertEquals(Assert.java:575)\n\tat com.steps.CustomerServicePageSteps.iWriteAnEmailAddressInContactUsPage(CustomerServicePageSteps.java:72)\n\tat tests.WebAPP.CustomerService_Tests.test_1(CustomerService_Tests.java:45)\n\tat java.base/jdk.internal.reflect.NativeMethodAccessorImpl.invoke0(Native Method)\n\tat java.base/jdk.internal.reflect.NativeMethodAccessorImpl.invoke(NativeMethodAccessorImpl.java:62)\n\tat java.base/jdk.internal.reflect.DelegatingMethodAccessorImpl.invoke(DelegatingMethodAccessorImpl.java:43)\n\tat java.base/java.lang.reflect.Method.invoke(Method.java:564)\n\tat org.testng.internal.MethodInvocationHelper.invokeMethod(MethodInvocationHelper.java:134)\n\tat org.testng.internal.TestInvoker.invokeMethod(TestInvoker.java:597)\n\tat org.testng.internal.TestInvoker.invokeTestMethod(TestInvoker.java:173)\n\tat org.testng.internal.MethodRunner.runInSequence(MethodRunner.java:46)\n\tat org.testng.internal.TestInvoker$MethodInvocationAgent.invoke(TestInvoker.java:816)\n\tat org.testng.internal.TestInvoker.invokeTestMethods(TestInvoker.java:146)\n\tat org.testng.internal.TestMethodWorker.invokeTestMethods(TestMethodWorker.java:146)\n\tat org.testng.internal.TestMethodWorker.run(TestMethodWorker.java:128)\n\tat java.base/java.util.concurrent.ThreadPoolExecutor.runWorker(ThreadPoolExecutor.java:1130)\n\tat java.base/java.util.concurrent.ThreadPoolExecutor$Worker.run(ThreadPoolExecutor.java:630)\n\tat java.base/java.lang.Thread.run(Thread.java:832)\n",
    "steps" : [ {
      "name" : "I open home page",
      "time" : {
        "start" : 1592927879312,
        "stop" : 1592927882132,
        "duration" : 2820
      },
      "status" : "passed",
      "steps" : [ ],
      "attachments" : [ ],
      "parameters" : [ ],
      "stepsCount" : 0,
      "attachmentsCount" : 0,
      "shouldDisplayMessage" : false,
      "hasContent" : false
    }, {
      "name" : "I can see automationpractice.com website",
      "time" : {
        "start" : 1592927882132,
        "stop" : 1592927882143,
        "duration" : 11
      },
      "status" : "passed",
      "steps" : [ ],
      "attachments" : [ ],
      "parameters" : [ ],
      "stepsCount" : 0,
      "attachmentsCount" : 0,
      "shouldDisplayMessage" : false,
      "hasContent" : false
    }, {
      "name" : "I click on Contact Us button",
      "time" : {
        "start" : 1592927882143,
        "stop" : 1592927889226,
        "duration" : 7083
      },
      "status" : "passed",
      "steps" : [ ],
      "attachments" : [ ],
      "parameters" : [ ],
      "stepsCount" : 0,
      "attachmentsCount" : 0,
      "shouldDisplayMessage" : false,
      "hasContent" : false
    }, {
      "name" : "I can see Contact Us form",
      "time" : {
        "start" : 1592927889227,
        "stop" : 1592927889382,
        "duration" : 155
      },
      "status" : "passed",
      "steps" : [ ],
      "attachments" : [ ],
      "parameters" : [ ],
      "stepsCount" : 0,
      "attachmentsCount" : 0,
      "shouldDisplayMessage" : false,
      "hasContent" : false
    }, {
      "name" : "I am on Customer Service Contact Us page form",
      "time" : {
        "start" : 1592927889382,
        "stop" : 1592927889631,
        "duration" : 249
      },
      "status" : "passed",
      "steps" : [ ],
      "attachments" : [ ],
      "parameters" : [ ],
      "stepsCount" : 0,
      "attachmentsCount" : 0,
      "shouldDisplayMessage" : false,
      "hasContent" : false
    }, {
      "name" : "I choose Subject Heading *Customer service*",
      "time" : {
        "start" : 1592927889631,
        "stop" : 1592927890021,
        "duration" : 390
      },
      "status" : "passed",
      "steps" : [ ],
      "attachments" : [ ],
      "parameters" : [ {
        "name" : "subjectHeading",
        "value" : "Customer service"
      } ],
      "stepsCount" : 0,
      "attachmentsCount" : 0,
      "shouldDisplayMessage" : false,
      "hasContent" : true
    }, {
      "name" : "I write an email address in contact us page",
      "time" : {
        "start" : 1592927890021,
        "stop" : 1592927890330,
        "duration" : 309
      },
      "status" : "failed",
      "statusMessage" : "Value which have been found didn't match expected value! expected [zonkeddot@hotmail.com] but found []",
      "statusTrace" : "java.lang.AssertionError: Value which have been found didn't match expected value! expected [zonkeddot@hotmail.com] but found []\n\tat org.testng.Assert.fail(Assert.java:97)\n\tat org.testng.Assert.assertEqualsImpl(Assert.java:136)\n\tat org.testng.Assert.assertEquals(Assert.java:118)\n\tat org.testng.Assert.assertEquals(Assert.java:575)\n\tat com.steps.CustomerServicePageSteps.iWriteAnEmailAddressInContactUsPage(CustomerServicePageSteps.java:72)\n\tat tests.WebAPP.CustomerService_Tests.test_1(CustomerService_Tests.java:45)\n\tat java.base/jdk.internal.reflect.NativeMethodAccessorImpl.invoke0(Native Method)\n\tat java.base/jdk.internal.reflect.NativeMethodAccessorImpl.invoke(NativeMethodAccessorImpl.java:62)\n\tat java.base/jdk.internal.reflect.DelegatingMethodAccessorImpl.invoke(DelegatingMethodAccessorImpl.java:43)\n\tat java.base/java.lang.reflect.Method.invoke(Method.java:564)\n\tat org.testng.internal.MethodInvocationHelper.invokeMethod(MethodInvocationHelper.java:134)\n\tat org.testng.internal.TestInvoker.invokeMethod(TestInvoker.java:597)\n\tat org.testng.internal.TestInvoker.invokeTestMethod(TestInvoker.java:173)\n\tat org.testng.internal.MethodRunner.runInSequence(MethodRunner.java:46)\n\tat org.testng.internal.TestInvoker$MethodInvocationAgent.invoke(TestInvoker.java:816)\n\tat org.testng.internal.TestInvoker.invokeTestMethods(TestInvoker.java:146)\n\tat org.testng.internal.TestMethodWorker.invokeTestMethods(TestMethodWorker.java:146)\n\tat org.testng.internal.TestMethodWorker.run(TestMethodWorker.java:128)\n\tat java.base/java.util.concurrent.ThreadPoolExecutor.runWorker(ThreadPoolExecutor.java:1130)\n\tat java.base/java.util.concurrent.ThreadPoolExecutor$Worker.run(ThreadPoolExecutor.java:630)\n\tat java.base/java.lang.Thread.run(Thread.java:832)\n",
      "steps" : [ ],
      "attachments" : [ ],
      "parameters" : [ ],
      "stepsCount" : 0,
      "attachmentsCount" : 0,
      "shouldDisplayMessage" : true,
      "hasContent" : true
    } ],
    "attachments" : [ ],
    "parameters" : [ ],
    "stepsCount" : 7,
    "attachmentsCount" : 0,
    "shouldDisplayMessage" : false,
    "hasContent" : true
  },
  "afterStages" : [ {
    "name" : "Teardown Test Class",
    "time" : {
      "start" : 1592927890335,
      "stop" : 1592927890423,
      "duration" : 88
    },
    "description" : "Teardown Test Class",
    "status" : "passed",
    "steps" : [ ],
    "attachments" : [ ],
    "parameters" : [ ],
    "stepsCount" : 0,
    "attachmentsCount" : 0,
    "shouldDisplayMessage" : false,
    "hasContent" : false
  }, {
    "name" : "Teardown Test Suite",
    "time" : {
      "start" : 1592927997238,
      "stop" : 1592927998168,
      "duration" : 930
    },
    "description" : "Teardown Test Suite",
    "status" : "passed",
    "steps" : [ ],
    "attachments" : [ ],
    "parameters" : [ ],
    "stepsCount" : 0,
    "attachmentsCount" : 0,
    "shouldDisplayMessage" : false,
    "hasContent" : false
  } ],
  "labels" : [ {
    "name" : "package",
    "value" : "tests.WebAPP.CustomerService_Tests"
  }, {
    "name" : "testClass",
    "value" : "tests.WebAPP.CustomerService_Tests"
  }, {
    "name" : "testMethod",
    "value" : "test_1"
  }, {
    "name" : "parentSuite",
    "value" : "Automationpractice.com WEB - Kamil Nowocin"
  }, {
    "name" : "suite",
    "value" : "Automated tests for WEB client"
  }, {
    "name" : "subSuite",
    "value" : "tests.WebAPP.CustomerService_Tests"
  }, {
    "name" : "host",
    "value" : "travis-job-3260200d-b776-4813-b7f1-eced80519730"
  }, {
    "name" : "thread",
    "value" : "6314@travis-job-3260200d-b776-4813-b7f1-eced80519730.TestNG-test=Automated tests for WEB client-4(40)"
  }, {
    "name" : "framework",
    "value" : "testng"
  }, {
    "name" : "language",
    "value" : "java"
  }, {
    "name" : "story",
    "value" : "POSITIVE FLOW"
  }, {
    "name" : "owner",
    "value" : "Kamil Nowocin"
  }, {
    "name" : "epic",
    "value" : "Web App Tests"
  }, {
    "name" : "feature",
    "value" : "CUSTOMER SERVICE TESTS"
  }, {
    "name" : "severity",
    "value" : "normal"
  }, {
    "name" : "resultFormat",
    "value" : "allure2"
  } ],
  "parameters" : [ ],
  "links" : [ {
    "name" : "TAP-0005",
    "url" : "https://tracker.FAKE.com/jira/browse/AUTOMATION_PRACTICE/issue/TAP-0005",
    "type" : "issue"
  }, {
    "name" : "STORY-222",
    "url" : "https://tracker.FAKE.com/jira/browse/AUTOMATION_PRACTICE/STORY-222",
    "type" : "tms"
  } ],
  "hidden" : true,
  "retry" : true,
  "extra" : {
    "categories" : [ ],
    "tags" : [ ]
  },
  "source" : "f8a5975061dbe8bd.json",
  "parameterValues" : [ ]
}