{
  "uid" : "fb321362437e4528",
  "name" : "[US-333]/[2] I can create an account by filling up all fields",
  "fullName" : "tests.WebAPP.Registration_Tests.test_2",
  "historyId" : "632ea042518ad9b655b2d9ef4017fd20",
  "time" : {
    "start" : 1650619331669,
    "stop" : 1650619380596,
    "duration" : 48927
  },
  "description" : "[US-333]/[2] As a user I can create an account by filling up all fields",
  "descriptionHtml" : "<p>[US-333]/[2] As a user I can create an account by filling up all fields</p>\n",
  "status" : "broken",
  "statusMessage" : "Expected condition failed: waiting for element to be clickable: [[ChromeDriver: chrome on LINUX (3f5ef3c33b690ba938cb802e68266469)] -> xpath: //input[@id='id_gender2']] (tried for 15 second(s) with 500 milliseconds interval)\nBuild info: version: '3.141.59', revision: 'e82be7d358', time: '2018-11-14T08:17:03'\nSystem info: host: 'travis-job-e770cd6f-cd04-489d-bc02-12674a5b12e1', ip: '127.0.0.1', os.name: 'Linux', os.arch: 'amd64', os.version: '5.4.0-1068-gcp', java.version: '14.0.2'\nDriver info: org.openqa.selenium.chrome.ChromeDriver\nCapabilities {acceptInsecureCerts: false, browserName: chrome, browserVersion: 100.0.4896.127, chrome: {chromedriverVersion: 100.0.4896.60 (6a5d10861ce8..., userDataDir: /tmp/.com.google.Chrome.4cf4t8}, goog:chromeOptions: {debuggerAddress: localhost:44293}, javascriptEnabled: true, networkConnectionEnabled: false, pageLoadStrategy: normal, platform: LINUX, platformName: LINUX, proxy: Proxy(), setWindowRect: true, strictFileInteractability: false, timeouts: {implicit: 0, pageLoad: 300000, script: 30000}, unhandledPromptBehavior: dismiss and notify, webauthn:extension:credBlob: true, webauthn:extension:largeBlob: true, webauthn:virtualAuthenticators: true}\nSession ID: 3f5ef3c33b690ba938cb802e68266469",
  "statusTrace" : "org.openqa.selenium.TimeoutException: Expected condition failed: waiting for element to be clickable: [[ChromeDriver: chrome on LINUX (3f5ef3c33b690ba938cb802e68266469)] -> xpath: //input[@id='id_gender2']] (tried for 15 second(s) with 500 milliseconds interval)\nBuild info: version: '3.141.59', revision: 'e82be7d358', time: '2018-11-14T08:17:03'\nSystem info: host: 'travis-job-e770cd6f-cd04-489d-bc02-12674a5b12e1', ip: '127.0.0.1', os.name: 'Linux', os.arch: 'amd64', os.version: '5.4.0-1068-gcp', java.version: '14.0.2'\nDriver info: org.openqa.selenium.chrome.ChromeDriver\nCapabilities {acceptInsecureCerts: false, browserName: chrome, browserVersion: 100.0.4896.127, chrome: {chromedriverVersion: 100.0.4896.60 (6a5d10861ce8..., userDataDir: /tmp/.com.google.Chrome.4cf4t8}, goog:chromeOptions: {debuggerAddress: localhost:44293}, javascriptEnabled: true, networkConnectionEnabled: false, pageLoadStrategy: normal, platform: LINUX, platformName: LINUX, proxy: Proxy(), setWindowRect: true, strictFileInteractability: false, timeouts: {implicit: 0, pageLoad: 300000, script: 30000}, unhandledPromptBehavior: dismiss and notify, webauthn:extension:credBlob: true, webauthn:extension:largeBlob: true, webauthn:virtualAuthenticators: true}\nSession ID: 3f5ef3c33b690ba938cb802e68266469\n\tat org.openqa.selenium.support.ui.WebDriverWait.timeoutException(WebDriverWait.java:95)\n\tat org.openqa.selenium.support.ui.FluentWait.until(FluentWait.java:272)\n\tat com.buildSettings.TestCommons.waitForElementToBeClickable(TestCommons.java:32)\n\tat com.buildSettings.TestCommons.customClick(TestCommons.java:136)\n\tat com.steps.RegistrationPageSteps.iChooseGender(RegistrationPageSteps.java:192)\n\tat tests.WebAPP.Registration_Tests.test_2(Registration_Tests.java:79)\n\tat java.base/jdk.internal.reflect.NativeMethodAccessorImpl.invoke0(Native Method)\n\tat java.base/jdk.internal.reflect.NativeMethodAccessorImpl.invoke(NativeMethodAccessorImpl.java:62)\n\tat java.base/jdk.internal.reflect.DelegatingMethodAccessorImpl.invoke(DelegatingMethodAccessorImpl.java:43)\n\tat java.base/java.lang.reflect.Method.invoke(Method.java:564)\n\tat org.testng.internal.MethodInvocationHelper.invokeMethod(MethodInvocationHelper.java:132)\n\tat org.testng.internal.TestInvoker.invokeMethod(TestInvoker.java:599)\n\tat org.testng.internal.TestInvoker.retryFailed(TestInvoker.java:214)\n\tat org.testng.internal.MethodRunner.runInSequence(MethodRunner.java:58)\n\tat org.testng.internal.TestInvoker$MethodInvocationAgent.invoke(TestInvoker.java:822)\n\tat org.testng.internal.TestInvoker.invokeTestMethods(TestInvoker.java:147)\n\tat org.testng.internal.TestMethodWorker.invokeTestMethods(TestMethodWorker.java:146)\n\tat org.testng.internal.TestMethodWorker.run(TestMethodWorker.java:128)\n\tat java.base/java.util.concurrent.ThreadPoolExecutor.runWorker(ThreadPoolExecutor.java:1130)\n\tat java.base/java.util.concurrent.ThreadPoolExecutor$Worker.run(ThreadPoolExecutor.java:630)\n\tat java.base/java.lang.Thread.run(Thread.java:832)\n",
  "flaky" : true,
  "newFailed" : false,
  "newBroken" : false,
  "newPassed" : false,
  "retriesCount" : 1,
  "retriesStatusChange" : true,
  "beforeStages" : [ {
    "name" : "Setting up Excel File",
    "time" : {
      "start" : 1650619107296,
      "stop" : 1650619107380,
      "duration" : 84
    },
    "description" : "Setting up Excel File",
    "status" : "passed",
    "steps" : [ ],
    "attachments" : [ ],
    "parameters" : [ ],
    "stepsCount" : 0,
    "attachmentsCount" : 0,
    "shouldDisplayMessage" : false,
    "hasContent" : false
  }, {
    "name" : "Setting up Test Class",
    "time" : {
      "start" : 1650619330505,
      "stop" : 1650619331659,
      "duration" : 1154
    },
    "description" : "Setting up Test Class",
    "status" : "passed",
    "steps" : [ ],
    "attachments" : [ ],
    "parameters" : [ ],
    "stepsCount" : 0,
    "attachmentsCount" : 0,
    "shouldDisplayMessage" : false,
    "hasContent" : false
  } ],
  "testStage" : {
    "description" : "[US-333]/[2] As a user I can create an account by filling up all fields",
    "status" : "broken",
    "statusMessage" : "Expected condition failed: waiting for element to be clickable: [[ChromeDriver: chrome on LINUX (3f5ef3c33b690ba938cb802e68266469)] -> xpath: //input[@id='id_gender2']] (tried for 15 second(s) with 500 milliseconds interval)\nBuild info: version: '3.141.59', revision: 'e82be7d358', time: '2018-11-14T08:17:03'\nSystem info: host: 'travis-job-e770cd6f-cd04-489d-bc02-12674a5b12e1', ip: '127.0.0.1', os.name: 'Linux', os.arch: 'amd64', os.version: '5.4.0-1068-gcp', java.version: '14.0.2'\nDriver info: org.openqa.selenium.chrome.ChromeDriver\nCapabilities {acceptInsecureCerts: false, browserName: chrome, browserVersion: 100.0.4896.127, chrome: {chromedriverVersion: 100.0.4896.60 (6a5d10861ce8..., userDataDir: /tmp/.com.google.Chrome.4cf4t8}, goog:chromeOptions: {debuggerAddress: localhost:44293}, javascriptEnabled: true, networkConnectionEnabled: false, pageLoadStrategy: normal, platform: LINUX, platformName: LINUX, proxy: Proxy(), setWindowRect: true, strictFileInteractability: false, timeouts: {implicit: 0, pageLoad: 300000, script: 30000}, unhandledPromptBehavior: dismiss and notify, webauthn:extension:credBlob: true, webauthn:extension:largeBlob: true, webauthn:virtualAuthenticators: true}\nSession ID: 3f5ef3c33b690ba938cb802e68266469",
    "statusTrace" : "org.openqa.selenium.TimeoutException: Expected condition failed: waiting for element to be clickable: [[ChromeDriver: chrome on LINUX (3f5ef3c33b690ba938cb802e68266469)] -> xpath: //input[@id='id_gender2']] (tried for 15 second(s) with 500 milliseconds interval)\nBuild info: version: '3.141.59', revision: 'e82be7d358', time: '2018-11-14T08:17:03'\nSystem info: host: 'travis-job-e770cd6f-cd04-489d-bc02-12674a5b12e1', ip: '127.0.0.1', os.name: 'Linux', os.arch: 'amd64', os.version: '5.4.0-1068-gcp', java.version: '14.0.2'\nDriver info: org.openqa.selenium.chrome.ChromeDriver\nCapabilities {acceptInsecureCerts: false, browserName: chrome, browserVersion: 100.0.4896.127, chrome: {chromedriverVersion: 100.0.4896.60 (6a5d10861ce8..., userDataDir: /tmp/.com.google.Chrome.4cf4t8}, goog:chromeOptions: {debuggerAddress: localhost:44293}, javascriptEnabled: true, networkConnectionEnabled: false, pageLoadStrategy: normal, platform: LINUX, platformName: LINUX, proxy: Proxy(), setWindowRect: true, strictFileInteractability: false, timeouts: {implicit: 0, pageLoad: 300000, script: 30000}, unhandledPromptBehavior: dismiss and notify, webauthn:extension:credBlob: true, webauthn:extension:largeBlob: true, webauthn:virtualAuthenticators: true}\nSession ID: 3f5ef3c33b690ba938cb802e68266469\n\tat org.openqa.selenium.support.ui.WebDriverWait.timeoutException(WebDriverWait.java:95)\n\tat org.openqa.selenium.support.ui.FluentWait.until(FluentWait.java:272)\n\tat com.buildSettings.TestCommons.waitForElementToBeClickable(TestCommons.java:32)\n\tat com.buildSettings.TestCommons.customClick(TestCommons.java:136)\n\tat com.steps.RegistrationPageSteps.iChooseGender(RegistrationPageSteps.java:192)\n\tat tests.WebAPP.Registration_Tests.test_2(Registration_Tests.java:79)\n\tat java.base/jdk.internal.reflect.NativeMethodAccessorImpl.invoke0(Native Method)\n\tat java.base/jdk.internal.reflect.NativeMethodAccessorImpl.invoke(NativeMethodAccessorImpl.java:62)\n\tat java.base/jdk.internal.reflect.DelegatingMethodAccessorImpl.invoke(DelegatingMethodAccessorImpl.java:43)\n\tat java.base/java.lang.reflect.Method.invoke(Method.java:564)\n\tat org.testng.internal.MethodInvocationHelper.invokeMethod(MethodInvocationHelper.java:132)\n\tat org.testng.internal.TestInvoker.invokeMethod(TestInvoker.java:599)\n\tat org.testng.internal.TestInvoker.retryFailed(TestInvoker.java:214)\n\tat org.testng.internal.MethodRunner.runInSequence(MethodRunner.java:58)\n\tat org.testng.internal.TestInvoker$MethodInvocationAgent.invoke(TestInvoker.java:822)\n\tat org.testng.internal.TestInvoker.invokeTestMethods(TestInvoker.java:147)\n\tat org.testng.internal.TestMethodWorker.invokeTestMethods(TestMethodWorker.java:146)\n\tat org.testng.internal.TestMethodWorker.run(TestMethodWorker.java:128)\n\tat java.base/java.util.concurrent.ThreadPoolExecutor.runWorker(ThreadPoolExecutor.java:1130)\n\tat java.base/java.util.concurrent.ThreadPoolExecutor$Worker.run(ThreadPoolExecutor.java:630)\n\tat java.base/java.lang.Thread.run(Thread.java:832)\n",
    "steps" : [ {
      "name" : "I open home page",
      "time" : {
        "start" : 1650619342611,
        "stop" : 1650619352779,
        "duration" : 10168
      },
      "status" : "passed",
      "steps" : [ ],
      "attachments" : [ ],
      "parameters" : [ ],
      "stepsCount" : 0,
      "attachmentsCount" : 0,
      "shouldDisplayMessage" : false,
      "hasContent" : false
    }, {
      "name" : "I can see automationpractice.com website",
      "time" : {
        "start" : 1650619352779,
        "stop" : 1650619352783,
        "duration" : 4
      },
      "status" : "passed",
      "steps" : [ ],
      "attachments" : [ ],
      "parameters" : [ ],
      "stepsCount" : 0,
      "attachmentsCount" : 0,
      "shouldDisplayMessage" : false,
      "hasContent" : false
    }, {
      "name" : "I click on Sign in button",
      "time" : {
        "start" : 1650619352783,
        "stop" : 1650619364990,
        "duration" : 12207
      },
      "status" : "passed",
      "steps" : [ ],
      "attachments" : [ ],
      "parameters" : [ ],
      "stepsCount" : 0,
      "attachmentsCount" : 0,
      "shouldDisplayMessage" : false,
      "hasContent" : false
    }, {
      "name" : "I can see registration page form",
      "time" : {
        "start" : 1650619364991,
        "stop" : 1650619365060,
        "duration" : 69
      },
      "status" : "passed",
      "steps" : [ ],
      "attachments" : [ ],
      "parameters" : [ ],
      "stepsCount" : 0,
      "attachmentsCount" : 0,
      "shouldDisplayMessage" : false,
      "hasContent" : false
    }, {
      "name" : "I write an email address",
      "time" : {
        "start" : 1650619365060,
        "stop" : 1650619365219,
        "duration" : 159
      },
      "status" : "passed",
      "steps" : [ ],
      "attachments" : [ ],
      "parameters" : [ ],
      "stepsCount" : 0,
      "attachmentsCount" : 0,
      "shouldDisplayMessage" : false,
      "hasContent" : false
    }, {
      "name" : "I click on Create An Account button",
      "time" : {
        "start" : 1650619365219,
        "stop" : 1650619365300,
        "duration" : 81
      },
      "status" : "passed",
      "steps" : [ ],
      "attachments" : [ ],
      "parameters" : [ ],
      "stepsCount" : 0,
      "attachmentsCount" : 0,
      "shouldDisplayMessage" : false,
      "hasContent" : false
    }, {
      "name" : "I choose gender",
      "time" : {
        "start" : 1650619365300,
        "stop" : 1650619380393,
        "duration" : 15093
      },
      "status" : "broken",
      "statusMessage" : "Expected condition failed: waiting for element to be clickable: [[ChromeDriver: chrome on LINUX (3f5ef3c33b690ba938cb802e68266469)] -> xpath: //input[@id='id_gender2']] (tried for 15 second(s) with 500 milliseconds interval)\nBuild info: version: '3.141.59', revision: 'e82be7d358', time: '2018-11-14T08:17:03'\nSystem info: host: 'travis-job-e770cd6f-cd04-489d-bc02-12674a5b12e1', ip: '127.0.0.1', os.name: 'Linux', os.arch: 'amd64', os.version: '5.4.0-1068-gcp', java.version: '14.0.2'\nDriver info: org.openqa.selenium.chrome.ChromeDriver\nCapabilities {acceptInsecureCerts: false, browserName: chrome, browserVersion: 100.0.4896.127, chrome: {chromedriverVersion: 100.0.4896.60 (6a5d10861ce8..., userDataDir: /tmp/.com.google.Chrome.4cf4t8}, goog:chromeOptions: {debuggerAddress: localhost:44293}, javascriptEnabled: true, networkConnectionEnabled: false, pageLoadStrategy: normal, platform: LINUX, platformName: LINUX, proxy: Proxy(), setWindowRect: true, strictFileInteractability: false, timeouts: {implicit: 0, pageLoad: 300000, script: 30000}, unhandledPromptBehavior: dismiss and notify, webauthn:extension:credBlob: true, webauthn:extension:largeBlob: true, webauthn:virtualAuthenticators: true}\nSession ID: 3f5ef3c33b690ba938cb802e68266469",
      "statusTrace" : "org.openqa.selenium.TimeoutException: Expected condition failed: waiting for element to be clickable: [[ChromeDriver: chrome on LINUX (3f5ef3c33b690ba938cb802e68266469)] -> xpath: //input[@id='id_gender2']] (tried for 15 second(s) with 500 milliseconds interval)\nBuild info: version: '3.141.59', revision: 'e82be7d358', time: '2018-11-14T08:17:03'\nSystem info: host: 'travis-job-e770cd6f-cd04-489d-bc02-12674a5b12e1', ip: '127.0.0.1', os.name: 'Linux', os.arch: 'amd64', os.version: '5.4.0-1068-gcp', java.version: '14.0.2'\nDriver info: org.openqa.selenium.chrome.ChromeDriver\nCapabilities {acceptInsecureCerts: false, browserName: chrome, browserVersion: 100.0.4896.127, chrome: {chromedriverVersion: 100.0.4896.60 (6a5d10861ce8..., userDataDir: /tmp/.com.google.Chrome.4cf4t8}, goog:chromeOptions: {debuggerAddress: localhost:44293}, javascriptEnabled: true, networkConnectionEnabled: false, pageLoadStrategy: normal, platform: LINUX, platformName: LINUX, proxy: Proxy(), setWindowRect: true, strictFileInteractability: false, timeouts: {implicit: 0, pageLoad: 300000, script: 30000}, unhandledPromptBehavior: dismiss and notify, webauthn:extension:credBlob: true, webauthn:extension:largeBlob: true, webauthn:virtualAuthenticators: true}\nSession ID: 3f5ef3c33b690ba938cb802e68266469\n\tat org.openqa.selenium.support.ui.WebDriverWait.timeoutException(WebDriverWait.java:95)\n\tat org.openqa.selenium.support.ui.FluentWait.until(FluentWait.java:272)\n\tat com.buildSettings.TestCommons.waitForElementToBeClickable(TestCommons.java:32)\n\tat com.buildSettings.TestCommons.customClick(TestCommons.java:136)\n\tat com.steps.RegistrationPageSteps.iChooseGender(RegistrationPageSteps.java:192)\n\tat tests.WebAPP.Registration_Tests.test_2(Registration_Tests.java:79)\n\tat java.base/jdk.internal.reflect.NativeMethodAccessorImpl.invoke0(Native Method)\n\tat java.base/jdk.internal.reflect.NativeMethodAccessorImpl.invoke(NativeMethodAccessorImpl.java:62)\n\tat java.base/jdk.internal.reflect.DelegatingMethodAccessorImpl.invoke(DelegatingMethodAccessorImpl.java:43)\n\tat java.base/java.lang.reflect.Method.invoke(Method.java:564)\n\tat org.testng.internal.MethodInvocationHelper.invokeMethod(MethodInvocationHelper.java:132)\n\tat org.testng.internal.TestInvoker.invokeMethod(TestInvoker.java:599)\n\tat org.testng.internal.TestInvoker.retryFailed(TestInvoker.java:214)\n\tat org.testng.internal.MethodRunner.runInSequence(MethodRunner.java:58)\n\tat org.testng.internal.TestInvoker$MethodInvocationAgent.invoke(TestInvoker.java:822)\n\tat org.testng.internal.TestInvoker.invokeTestMethods(TestInvoker.java:147)\n\tat org.testng.internal.TestMethodWorker.invokeTestMethods(TestMethodWorker.java:146)\n\tat org.testng.internal.TestMethodWorker.run(TestMethodWorker.java:128)\n\tat java.base/java.util.concurrent.ThreadPoolExecutor.runWorker(ThreadPoolExecutor.java:1130)\n\tat java.base/java.util.concurrent.ThreadPoolExecutor$Worker.run(ThreadPoolExecutor.java:630)\n\tat java.base/java.lang.Thread.run(Thread.java:832)\n",
      "steps" : [ ],
      "attachments" : [ ],
      "parameters" : [ ],
      "stepsCount" : 0,
      "attachmentsCount" : 0,
      "shouldDisplayMessage" : true,
      "hasContent" : true
    } ],
    "attachments" : [ {
      "uid" : "fd6a16f136c5ffdb",
      "name" : "Scenario FAIL screenshot",
      "source" : "fd6a16f136c5ffdb.png",
      "type" : "image/png",
      "size" : 84664
    }, {
      "uid" : "9520bc5a4a3c9c19",
      "name" : "TestNG test FAIL logs",
      "source" : "9520bc5a4a3c9c19.txt",
      "type" : "text/plain",
      "size" : 3846
    } ],
    "parameters" : [ ],
    "stepsCount" : 7,
    "attachmentsCount" : 2,
    "shouldDisplayMessage" : false,
    "hasContent" : true
  },
  "afterStages" : [ {
    "name" : "Teardown Test Class",
    "time" : {
      "start" : 1650619380597,
      "stop" : 1650619380663,
      "duration" : 66
    },
    "description" : "Teardown Test Class",
    "status" : "passed",
    "steps" : [ ],
    "attachments" : [ ],
    "parameters" : [ ],
    "stepsCount" : 0,
    "attachmentsCount" : 0,
    "shouldDisplayMessage" : false,
    "hasContent" : false
  }, {
    "name" : "Teardown Test Suite",
    "time" : {
      "start" : 1650619671578,
      "stop" : 1650619672534,
      "duration" : 956
    },
    "description" : "Teardown Test Suite",
    "status" : "passed",
    "steps" : [ ],
    "attachments" : [ ],
    "parameters" : [ ],
    "stepsCount" : 0,
    "attachmentsCount" : 0,
    "shouldDisplayMessage" : false,
    "hasContent" : false
  } ],
  "labels" : [ {
    "name" : "package",
    "value" : "tests.WebAPP.Registration_Tests"
  }, {
    "name" : "testClass",
    "value" : "tests.WebAPP.Registration_Tests"
  }, {
    "name" : "testMethod",
    "value" : "test_2"
  }, {
    "name" : "parentSuite",
    "value" : "Automationpractice.com WEB - Kamil Nowocin"
  }, {
    "name" : "suite",
    "value" : "Automated tests for WEB client"
  }, {
    "name" : "subSuite",
    "value" : "tests.WebAPP.Registration_Tests"
  }, {
    "name" : "host",
    "value" : "travis-job-e770cd6f-cd04-489d-bc02-12674a5b12e1"
  }, {
    "name" : "thread",
    "value" : "4541@travis-job-e770cd6f-cd04-489d-bc02-12674a5b12e1.TestNG-test=Automated tests for WEB client-2(24)"
  }, {
    "name" : "framework",
    "value" : "testng"
  }, {
    "name" : "language",
    "value" : "java"
  }, {
    "name" : "story",
    "value" : "POSITIVE FLOW"
  }, {
    "name" : "owner",
    "value" : "Kamil Nowocin"
  }, {
    "name" : "feature",
    "value" : "REGISTRATION TESTS"
  }, {
    "name" : "epic",
    "value" : "Web App Tests"
  }, {
    "name" : "severity",
    "value" : "critical"
  }, {
    "name" : "resultFormat",
    "value" : "allure2"
  } ],
  "parameters" : [ ],
  "links" : [ {
    "name" : "STORY-333",
    "url" : "https://tracker.FAKE.com/jira/browse/AUTOMATION_PRACTICE/STORY-333",
    "type" : "tms"
  }, {
    "name" : "TAP-0014",
    "url" : "https://tracker.FAKE.com/jira/browse/AUTOMATION_PRACTICE/issue/TAP-0014",
    "type" : "issue"
  } ],
  "hidden" : false,
  "retry" : false,
  "extra" : {
    "severity" : "critical",
    "owner" : "Kamil Nowocin",
    "retries" : [ {
      "uid" : "a8e23cb165f7fd7",
      "status" : "skipped",
      "statusDetails" : "Expected condition failed: waiting for element to be clickable: [[ChromeDriver: chrome on LINUX (9ea8bcba5f15f893b34cc451d080618d)] -> xpath: //input[@id='id_gender1']] (tried for 15 second(s) with 500 milliseconds interval)\nBuild info: version: '3.141.59', revision: 'e82be7d358', time: '2018-11-14T08:17:03'\nSystem info: host: 'travis-job-e770cd6f-cd04-489d-bc02-12674a5b12e1', ip: '127.0.0.1', os.name: 'Linux', os.arch: 'amd64', os.version: '5.4.0-1068-gcp', java.version: '14.0.2'\nDriver info: org.openqa.selenium.chrome.ChromeDriver\nCapabilities {acceptInsecureCerts: false, browserName: chrome, browserVersion: 100.0.4896.127, chrome: {chromedriverVersion: 100.0.4896.60 (6a5d10861ce8..., userDataDir: /tmp/.com.google.Chrome.AtKEKG}, goog:chromeOptions: {debuggerAddress: localhost:41761}, javascriptEnabled: true, networkConnectionEnabled: false, pageLoadStrategy: normal, platform: LINUX, platformName: LINUX, proxy: Proxy(), setWindowRect: true, strictFileInteractability: false, timeouts: {implicit: 0, pageLoad: 300000, script: 30000}, unhandledPromptBehavior: dismiss and notify, webauthn:extension:credBlob: true, webauthn:extension:largeBlob: true, webauthn:virtualAuthenticators: true}\nSession ID: 9ea8bcba5f15f893b34cc451d080618d",
      "time" : {
        "start" : 1650619283923,
        "stop" : 1650619330426,
        "duration" : 46503
      }
    } ],
    "categories" : [ {
      "name" : "Test defects",
      "matchedStatuses" : [ ],
      "flaky" : false
    } ],
    "history" : {
      "statistic" : {
        "failed" : 3,
        "broken" : 25,
        "skipped" : 31,
        "passed" : 343,
        "unknown" : 0,
        "total" : 402
      },
      "items" : [ {
        "uid" : "e792534c27532802",
        "reportUrl" : "https://app.travis-ci.com/kamil-nowocin/Test_Automation-automationpractice/builds/249462194/#testresult/e792534c27532802",
        "status" : "broken",
        "statusDetails" : "Expected condition failed: waiting for element to be clickable: [[ChromeDriver: chrome on LINUX (821488c384a7c5c72be1859ca6545f92)] -> xpath: //input[@id='id_gender2']] (tried for 15 second(s) with 500 milliseconds interval)\nBuild info: version: '3.141.59', revision: 'e82be7d358', time: '2018-11-14T08:17:03'\nSystem info: host: 'travis-job-bb8e82a5-07ed-4b0e-8110-9139d8232328', ip: '127.0.0.1', os.name: 'Linux', os.arch: 'amd64', os.version: '5.4.0-1068-gcp', java.version: '14.0.2'\nDriver info: org.openqa.selenium.chrome.ChromeDriver\nCapabilities {acceptInsecureCerts: false, browserName: chrome, browserVersion: 100.0.4896.127, chrome: {chromedriverVersion: 100.0.4896.60 (6a5d10861ce8..., userDataDir: /tmp/.com.google.Chrome.LgQnsI}, goog:chromeOptions: {debuggerAddress: localhost:40587}, javascriptEnabled: true, networkConnectionEnabled: false, pageLoadStrategy: normal, platform: LINUX, platformName: LINUX, proxy: Proxy(), setWindowRect: true, strictFileInteractability: false, timeouts: {implicit: 0, pageLoad: 300000, script: 30000}, unhandledPromptBehavior: dismiss and notify, webauthn:extension:credBlob: true, webauthn:extension:largeBlob: true, webauthn:virtualAuthenticators: true}\nSession ID: 821488c384a7c5c72be1859ca6545f92",
        "time" : {
          "start" : 1650014523816,
          "stop" : 1650014548041,
          "duration" : 24225
        }
      }, {
        "uid" : "9941cdeb718caf26",
        "reportUrl" : "https://app.travis-ci.com/kamil-nowocin/Test_Automation-automationpractice/builds/249127487/#testresult/9941cdeb718caf26",
        "status" : "broken",
        "statusDetails" : "no such element: Unable to locate element: {\"method\":\"xpath\",\"selector\":\"//div[@id='uniform-days']//span\"}\n  (Session info: chrome=100.0.4896.75)\nFor documentation on this error, please visit: https://www.seleniumhq.org/exceptions/no_such_element.html\nBuild info: version: '3.141.59', revision: 'e82be7d358', time: '2018-11-14T08:17:03'\nSystem info: host: 'travis-job-6a0ccf01-4740-4435-baf5-b746dbd2af1e', ip: '127.0.0.1', os.name: 'Linux', os.arch: 'amd64', os.version: '5.4.0-1068-gcp', java.version: '14.0.2'\nDriver info: org.openqa.selenium.chrome.ChromeDriver\nCapabilities {acceptInsecureCerts: false, browserName: chrome, browserVersion: 100.0.4896.75, chrome: {chromedriverVersion: 100.0.4896.60 (6a5d10861ce8..., userDataDir: /tmp/.com.google.Chrome.LICAIj}, goog:chromeOptions: {debuggerAddress: localhost:35179}, javascriptEnabled: true, networkConnectionEnabled: false, pageLoadStrategy: normal, platform: LINUX, platformName: LINUX, proxy: Proxy(), setWindowRect: true, strictFileInteractability: false, timeouts: {implicit: 0, pageLoad: 300000, script: 30000}, unhandledPromptBehavior: dismiss and notify, webauthn:extension:credBlob: true, webauthn:extension:largeBlob: true, webauthn:virtualAuthenticators: true}\nSession ID: 93a6a5d501beeeb04834626421bb914f\n*** Element info: {Using=xpath, value=//div[@id='uniform-days']//span}",
        "time" : {
          "start" : 1649409868364,
          "stop" : 1649409907946,
          "duration" : 39582
        }
      }, {
        "uid" : "dd2142e058c6fe1d",
        "reportUrl" : "https://app.travis-ci.com/kamil-nowocin/Test_Automation-automationpractice/builds/248784009/#testresult/dd2142e058c6fe1d",
        "status" : "passed",
        "time" : {
          "start" : 1648804864148,
          "stop" : 1648804896393,
          "duration" : 32245
        }
      }, {
        "uid" : "4ed1bb5f2d346c55",
        "reportUrl" : "https://app.travis-ci.com/kamil-nowocin/Test_Automation-automationpractice/builds/248427856/#testresult/4ed1bb5f2d346c55",
        "status" : "failed",
        "statusDetails" : "Ups, something went really bad! Even Michael Scofield couldn't have predicted that error! :) expected [http://automationpractice.com/index.php] but found [http://automationpractice.com/]",
        "time" : {
          "start" : 1648200074538,
          "stop" : 1648200074934,
          "duration" : 396
        }
      }, {
        "uid" : "a02d0e82c99171ef",
        "reportUrl" : "https://app.travis-ci.com/kamil-nowocin/Test_Automation-automationpractice/builds/248092754/#testresult/a02d0e82c99171ef",
        "status" : "skipped",
        "statusDetails" : "Method Registration_Tests.test_2()[pri:1, instance:tests.WebAPP.Registration_Tests@2f5af60d] depends on not successfully finished methods",
        "time" : {
          "start" : 1647595290639,
          "stop" : 1647595290640,
          "duration" : 1
        }
      }, {
        "uid" : "cb8fa40c278b887d",
        "reportUrl" : "https://app.travis-ci.com/kamil-nowocin/Test_Automation-automationpractice/builds/247748235/#testresult/cb8fa40c278b887d",
        "status" : "skipped",
        "statusDetails" : "Method Registration_Tests.test_2()[pri:1, instance:tests.WebAPP.Registration_Tests@73dd36d8] depends on not successfully finished methods",
        "time" : {
          "start" : 1646990373392,
          "stop" : 1646990373394,
          "duration" : 2
        }
      }, {
        "uid" : "a1678cf38c63f97e",
        "reportUrl" : "https://app.travis-ci.com/kamil-nowocin/Test_Automation-automationpractice/builds/247400089/#testresult/a1678cf38c63f97e",
        "status" : "passed",
        "time" : {
          "start" : 1646385457938,
          "stop" : 1646385488605,
          "duration" : 30667
        }
      }, {
        "uid" : "8cdc67ff6ee25107",
        "reportUrl" : "https://app.travis-ci.com/kamil-nowocin/Test_Automation-automationpractice/builds/247052515/#testresult/8cdc67ff6ee25107",
        "status" : "skipped",
        "statusDetails" : "Method Registration_Tests.test_2()[pri:1, instance:tests.WebAPP.Registration_Tests@120a0862] depends on not successfully finished methods",
        "time" : {
          "start" : 1645780926768,
          "stop" : 1645780926769,
          "duration" : 1
        }
      }, {
        "uid" : "37353145ffb17918",
        "reportUrl" : "https://app.travis-ci.com/kamil-nowocin/Test_Automation-automationpractice/builds/246687955/#testresult/37353145ffb17918",
        "status" : "passed",
        "time" : {
          "start" : 1645175866471,
          "stop" : 1645175881249,
          "duration" : 14778
        }
      }, {
        "uid" : "1b000fd6d46ce6e8",
        "reportUrl" : "https://app.travis-ci.com/kamil-nowocin/Test_Automation-automationpractice/builds/246291444/#testresult/1b000fd6d46ce6e8",
        "status" : "passed",
        "time" : {
          "start" : 1644570974758,
          "stop" : 1644570995674,
          "duration" : 20916
        }
      }, {
        "uid" : "5cc3dd521415e963",
        "reportUrl" : "https://app.travis-ci.com/kamil-nowocin/Test_Automation-automationpractice/builds/245914980/#testresult/5cc3dd521415e963",
        "status" : "broken",
        "statusDetails" : "Expected condition failed: waiting for element to be clickable: [[ChromeDriver: chrome on LINUX (54e436d5b16decbef4dcb5fc035dff99)] -> xpath: //input[@id='id_gender1']] (tried for 15 second(s) with 500 milliseconds interval)\nBuild info: version: '3.141.59', revision: 'e82be7d358', time: '2018-11-14T08:17:03'\nSystem info: host: 'travis-job-9235a1e1-e04f-49d9-83bc-ac9cfab29b36', ip: '127.0.0.1', os.name: 'Linux', os.arch: 'amd64', os.version: '5.4.0-1062-gcp', java.version: '14.0.2'\nDriver info: org.openqa.selenium.chrome.ChromeDriver\nCapabilities {acceptInsecureCerts: false, browserName: chrome, browserVersion: 98.0.4758.80, chrome: {chromedriverVersion: 98.0.4758.80 (7f0488e8ba0d8..., userDataDir: /tmp/.com.google.Chrome.jeHvOQ}, goog:chromeOptions: {debuggerAddress: localhost:33053}, javascriptEnabled: true, networkConnectionEnabled: false, pageLoadStrategy: normal, platform: LINUX, platformName: LINUX, proxy: Proxy(), setWindowRect: true, strictFileInteractability: false, timeouts: {implicit: 0, pageLoad: 300000, script: 30000}, unhandledPromptBehavior: dismiss and notify, webauthn:extension:credBlob: true, webauthn:extension:largeBlob: true, webauthn:virtualAuthenticators: true}\nSession ID: 54e436d5b16decbef4dcb5fc035dff99",
        "time" : {
          "start" : 1643966332845,
          "stop" : 1643966367253,
          "duration" : 34408
        }
      }, {
        "uid" : "ecec25e0d2dfbe19",
        "reportUrl" : "https://app.travis-ci.com/kamil-nowocin/Test_Automation-automationpractice/builds/245554025/#testresult/ecec25e0d2dfbe19",
        "status" : "skipped",
        "statusDetails" : "Method Registration_Tests.test_2()[pri:1, instance:tests.WebAPP.Registration_Tests@2ea13e23] depends on not successfully finished methods",
        "time" : {
          "start" : 1643361247808,
          "stop" : 1643361247808,
          "duration" : 0
        }
      }, {
        "uid" : "18e6153ba19e1635",
        "reportUrl" : "https://app.travis-ci.com/kamil-nowocin/Test_Automation-automationpractice/builds/245173334/#testresult/18e6153ba19e1635",
        "status" : "skipped",
        "statusDetails" : "Method Registration_Tests.test_2()[pri:1, instance:tests.WebAPP.Registration_Tests@73dd36d8] depends on not successfully finished methods",
        "time" : {
          "start" : 1642756411195,
          "stop" : 1642756411195,
          "duration" : 0
        }
      }, {
        "uid" : "f7fe3c990590a0ab",
        "reportUrl" : "https://app.travis-ci.com/kamil-nowocin/Test_Automation-automationpractice/builds/244811527/#testresult/f7fe3c990590a0ab",
        "status" : "broken",
        "statusDetails" : "Expected condition failed: waiting for element to be clickable: [[ChromeDriver: chrome on LINUX (5357beb5755896fae17e0072506fc092)] -> xpath: //input[@id='id_gender1']] (tried for 15 second(s) with 500 milliseconds interval)\nBuild info: version: '3.141.59', revision: 'e82be7d358', time: '2018-11-14T08:17:03'\nSystem info: host: 'travis-job-0f2a2af2-c261-4654-b0a2-e077ac609b96', ip: '127.0.0.1', os.name: 'Linux', os.arch: 'amd64', os.version: '5.4.0-1058-gcp', java.version: '14.0.2'\nDriver info: org.openqa.selenium.chrome.ChromeDriver\nCapabilities {acceptInsecureCerts: false, browserName: chrome, browserVersion: 97.0.4692.71, chrome: {chromedriverVersion: 97.0.4692.71 (adefa7837d02a..., userDataDir: /tmp/.com.google.Chrome.qPyalM}, goog:chromeOptions: {debuggerAddress: localhost:40549}, javascriptEnabled: true, networkConnectionEnabled: false, pageLoadStrategy: normal, platform: LINUX, platformName: LINUX, proxy: Proxy(), setWindowRect: true, strictFileInteractability: false, timeouts: {implicit: 0, pageLoad: 300000, script: 30000}, unhandledPromptBehavior: dismiss and notify, webauthn:extension:credBlob: true, webauthn:extension:largeBlob: true, webauthn:virtualAuthenticators: true}\nSession ID: 5357beb5755896fae17e0072506fc092",
        "time" : {
          "start" : 1642151690086,
          "stop" : 1642151710080,
          "duration" : 19994
        }
      }, {
        "uid" : "114477d91586d5e3",
        "reportUrl" : "https://app.travis-ci.com/kamil-nowocin/Test_Automation-automationpractice/builds/244440957/#testresult/114477d91586d5e3",
        "status" : "broken",
        "statusDetails" : "Expected condition failed: waiting for element to be clickable: [[ChromeDriver: chrome on LINUX (729231c3d56ec560c5aa4ec55fc93124)] -> xpath: //input[@id='id_gender2']] (tried for 15 second(s) with 500 milliseconds interval)\nBuild info: version: '3.141.59', revision: 'e82be7d358', time: '2018-11-14T08:17:03'\nSystem info: host: 'travis-job-943996e6-8068-438f-a946-f470dc5db98d', ip: '127.0.0.1', os.name: 'Linux', os.arch: 'amd64', os.version: '5.4.0-1058-gcp', java.version: '14.0.2'\nDriver info: org.openqa.selenium.chrome.ChromeDriver\nCapabilities {acceptInsecureCerts: false, browserName: chrome, browserVersion: 97.0.4692.71, chrome: {chromedriverVersion: 97.0.4692.71 (adefa7837d02a..., userDataDir: /tmp/.com.google.Chrome.DGIvOI}, goog:chromeOptions: {debuggerAddress: localhost:41665}, javascriptEnabled: true, networkConnectionEnabled: false, pageLoadStrategy: normal, platform: LINUX, platformName: LINUX, proxy: Proxy(), setWindowRect: true, strictFileInteractability: false, timeouts: {implicit: 0, pageLoad: 300000, script: 30000}, unhandledPromptBehavior: dismiss and notify, webauthn:extension:credBlob: true, webauthn:extension:largeBlob: true, webauthn:virtualAuthenticators: true}\nSession ID: 729231c3d56ec560c5aa4ec55fc93124",
        "time" : {
          "start" : 1641547152922,
          "stop" : 1641547197497,
          "duration" : 44575
        }
      }, {
        "uid" : "d812bee7cd80786c",
        "reportUrl" : "https://app.travis-ci.com/kamil-nowocin/Test_Automation-automationpractice/builds/244147706/#testresult/d812bee7cd80786c",
        "status" : "broken",
        "statusDetails" : "Expected condition failed: waiting for visibility of Proxy element for: DefaultElementLocator 'By.xpath: //form[@id='create-account_form']' (tried for 15 second(s) with 500 milliseconds interval)",
        "time" : {
          "start" : 1640942359956,
          "stop" : 1640942404149,
          "duration" : 44193
        }
      }, {
        "uid" : "eaba50bf4421e086",
        "reportUrl" : "https://app.travis-ci.com/kamil-nowocin/Test_Automation-automationpractice/builds/243964521/#testresult/eaba50bf4421e086",
        "status" : "broken",
        "statusDetails" : "Expected condition failed: waiting for element to be clickable: [[ChromeDriver: chrome on LINUX (72087cddea9af5df4727245323f6c036)] -> xpath: //input[@id='id_gender1']] (tried for 15 second(s) with 500 milliseconds interval)\nBuild info: version: '3.141.59', revision: 'e82be7d358', time: '2018-11-14T08:17:03'\nSystem info: host: 'travis-job-f8976b12-3f28-45e0-bfa4-3405196d1293', ip: '127.0.0.1', os.name: 'Linux', os.arch: 'amd64', os.version: '5.4.0-1058-gcp', java.version: '14.0.2'\nDriver info: org.openqa.selenium.chrome.ChromeDriver\nCapabilities {acceptInsecureCerts: false, browserName: chrome, browserVersion: 96.0.4664.110, chrome: {chromedriverVersion: 96.0.4664.45 (76e4c1bb2ab46..., userDataDir: /tmp/.com.google.Chrome.HUQFsb}, goog:chromeOptions: {debuggerAddress: localhost:40981}, javascriptEnabled: true, networkConnectionEnabled: false, pageLoadStrategy: normal, platform: LINUX, platformName: LINUX, proxy: Proxy(), setWindowRect: true, strictFileInteractability: false, timeouts: {implicit: 0, pageLoad: 300000, script: 30000}, unhandledPromptBehavior: dismiss and notify, webauthn:extension:credBlob: true, webauthn:extension:largeBlob: true, webauthn:virtualAuthenticators: true}\nSession ID: 72087cddea9af5df4727245323f6c036",
        "time" : {
          "start" : 1640337437039,
          "stop" : 1640337483594,
          "duration" : 46555
        }
      }, {
        "uid" : "30a974959eb6ff2d",
        "reportUrl" : "https://app.travis-ci.com/kamil-nowocin/Test_Automation-automationpractice/builds/243640386/#testresult/30a974959eb6ff2d",
        "status" : "passed",
        "time" : {
          "start" : 1639732379763,
          "stop" : 1639732398467,
          "duration" : 18704
        }
      }, {
        "uid" : "4216209e14ef67dd",
        "reportUrl" : "https://app.travis-ci.com/kamil-nowocin/Test_Automation-automationpractice/builds/243245152/#testresult/4216209e14ef67dd",
        "status" : "broken",
        "statusDetails" : "Expected condition failed: waiting for element to be clickable: Proxy element for: DefaultElementLocator 'By.xpath: //a[@class='login']' (tried for 15 second(s) with 500 milliseconds interval)",
        "time" : {
          "start" : 1639127773092,
          "stop" : 1639127794041,
          "duration" : 20949
        }
      }, {
        "uid" : "4cd4302860a96cf1",
        "reportUrl" : "https://app.travis-ci.com/kamil-nowocin/Test_Automation-automationpractice/builds/242857562/#testresult/4cd4302860a96cf1",
        "status" : "broken",
        "statusDetails" : "Expected condition failed: waiting for element to be clickable: Proxy element for: DefaultElementLocator 'By.xpath: //a[@class='login']' (tried for 15 second(s) with 500 milliseconds interval)",
        "time" : {
          "start" : 1638522887422,
          "stop" : 1638522921347,
          "duration" : 33925
        }
      } ]
    },
    "tags" : [ ]
  },
  "source" : "fb321362437e4528.json",
  "parameterValues" : [ ]
}